18/11/2015 18:49:09 (Std) 	+-+-+-+-+-+-+-+-+-+-+-+-+-+-+-+-+-+-+-+-+-+-+-+-+-+-+-+-+-+-+-+-+-+-+-+-+-+-+-+
18/11/2015 18:49:09 (Std) 	+                     Crazy Eddie's GUI System - Event log                    +
18/11/2015 18:49:09 (Std) 	+                          (http://www.cegui.org.uk/)                         +
18/11/2015 18:49:09 (Std) 	+-+-+-+-+-+-+-+-+-+-+-+-+-+-+-+-+-+-+-+-+-+-+-+-+-+-+-+-+-+-+-+-+-+-+-+-+-+-+-+

18/11/2015 18:49:09 (Std) 	CEGUI::Logger singleton created. (0x2addf20)
18/11/2015 18:49:09 (Std) 	
18/11/2015 18:49:09 (Std) 	********************************************************************************
18/11/2015 18:49:09 (Std) 	* Important:                                                                   *
18/11/2015 18:49:09 (Std) 	*     To get support at the CEGUI forums, you must post _at least_ the section *
18/11/2015 18:49:09 (Std) 	*     of this log file indicated below.  Failure to do this will result in no  *
18/11/2015 18:49:09 (Std) 	*     support being given; please do not waste our time.                       *
18/11/2015 18:49:09 (Std) 	********************************************************************************
18/11/2015 18:49:09 (Std) 	********************************************************************************
18/11/2015 18:49:09 (Std) 	* -------- START OF ESSENTIAL SECTION TO BE POSTED ON THE FORUM       -------- *
18/11/2015 18:49:09 (Std) 	********************************************************************************
18/11/2015 18:49:09 (Std) 	---- Version: 0.8.4 (Build: Nov 15 2015 GNU/Linux g++ 4.8.4 64 bit) ----
18/11/2015 18:49:09 (Std) 	---- Renderer module is: CEGUI::OgreRenderer - Official OGRE based 2nd generation renderer module. ----
18/11/2015 18:49:09 (Std) 	---- XML Parser module is: CEGUI::ExpatParser - Official expat based parser module for CEGUI ----
18/11/2015 18:49:09 (Std) 	---- Image Codec module is: OgreImageCodec - Integrated ImageCodec using the Ogre engine. ----
18/11/2015 18:49:09 (Std) 	---- Scripting module is: None ----
18/11/2015 18:49:09 (Std) 	********************************************************************************
18/11/2015 18:49:09 (Std) 	* -------- END OF ESSENTIAL SECTION TO BE POSTED ON THE FORUM         -------- *
18/11/2015 18:49:09 (Std) 	********************************************************************************
18/11/2015 18:49:09 (Std) 	
18/11/2015 18:49:09 (Std) 	---- Begining CEGUI System initialisation ----
18/11/2015 18:49:09 (Std) 	[CEGUI::ImageManager] Singleton created (0x2adf400)
18/11/2015 18:49:09 (Std) 	[CEGUI::ImageManager] Registered Image type: BasicImage
18/11/2015 18:49:09 (Std) 	CEGUI::FontManager singleton created. (0x2add5a0)
18/11/2015 18:49:09 (Std) 	CEGUI::WindowFactoryManager singleton created
18/11/2015 18:49:09 (Std) 	CEGUI::WindowManager singleton created (0x2adfc70)
18/11/2015 18:49:09 (Std) 	CEGUI::SchemeManager singleton created. (0x2adfd00)
18/11/2015 18:49:09 (Std) 	CEGUI::GlobalEventSet singleton created. (0x2adfe30)
18/11/2015 18:49:09 (Std) 	CEGUI::AnimationManager singleton created (0x2adfe80)
18/11/2015 18:49:09 (Std) 	CEGUI::WidgetLookManager singleton created. (0x2ade380)
18/11/2015 18:49:09 (Std) 	CEGUI::WindowRendererManager singleton created (0x2ae2d90)
18/11/2015 18:49:09 (Std) 	CEGUI::RenderEffectManager singleton created (0x2adec00)
18/11/2015 18:49:09 (Std) 	Created WindowFactory for 'DefaultWindow' windows.
18/11/2015 18:49:09 (Std) 	WindowFactory for 'DefaultWindow' windows added. (0x2ae45d0)
18/11/2015 18:49:09 (Std) 	Created WindowFactory for 'DragContainer' windows.
18/11/2015 18:49:09 (Std) 	WindowFactory for 'DragContainer' windows added. (0x2ae4690)
18/11/2015 18:49:09 (Std) 	Created WindowFactory for 'ScrolledContainer' windows.
18/11/2015 18:49:09 (Std) 	WindowFactory for 'ScrolledContainer' windows added. (0x2ae4860)
18/11/2015 18:49:09 (Std) 	Created WindowFactory for 'ClippedContainer' windows.
18/11/2015 18:49:09 (Std) 	WindowFactory for 'ClippedContainer' windows added. (0x2ae4a30)
18/11/2015 18:49:09 (Std) 	Created WindowFactory for 'CEGUI/PushButton' windows.
18/11/2015 18:49:09 (Std) 	WindowFactory for 'CEGUI/PushButton' windows added. (0x2ae4cf0)
18/11/2015 18:49:09 (Std) 	Created WindowFactory for 'CEGUI/RadioButton' windows.
18/11/2015 18:49:09 (Std) 	WindowFactory for 'CEGUI/RadioButton' windows added. (0x2ae4e90)
18/11/2015 18:49:09 (Std) 	Created WindowFactory for 'CEGUI/Combobox' windows.
18/11/2015 18:49:09 (Std) 	WindowFactory for 'CEGUI/Combobox' windows added. (0x2ae5030)
18/11/2015 18:49:09 (Std) 	Created WindowFactory for 'CEGUI/ComboDropList' windows.
18/11/2015 18:49:09 (Std) 	WindowFactory for 'CEGUI/ComboDropList' windows added. (0x2ae51d0)
18/11/2015 18:49:09 (Std) 	Created WindowFactory for 'CEGUI/Editbox' windows.
18/11/2015 18:49:09 (Std) 	WindowFactory for 'CEGUI/Editbox' windows added. (0x2ae5290)
18/11/2015 18:49:09 (Std) 	Created WindowFactory for 'CEGUI/FrameWindow' windows.
18/11/2015 18:49:09 (Std) 	WindowFactory for 'CEGUI/FrameWindow' windows added. (0x2ae5600)
18/11/2015 18:49:09 (Std) 	Created WindowFactory for 'CEGUI/ItemEntry' windows.
18/11/2015 18:49:09 (Std) 	WindowFactory for 'CEGUI/ItemEntry' windows added. (0x2ae57a0)
18/11/2015 18:49:09 (Std) 	Created WindowFactory for 'CEGUI/Listbox' windows.
18/11/2015 18:49:09 (Std) 	WindowFactory for 'CEGUI/Listbox' windows added. (0x2ae5940)
18/11/2015 18:49:09 (Std) 	Created WindowFactory for 'CEGUI/ListHeader' windows.
18/11/2015 18:49:09 (Std) 	WindowFactory for 'CEGUI/ListHeader' windows added. (0x2ae5ae0)
18/11/2015 18:49:09 (Std) 	Created WindowFactory for 'CEGUI/ListHeaderSegment' windows.
18/11/2015 18:49:09 (Std) 	WindowFactory for 'CEGUI/ListHeaderSegment' windows added. (0x2ae5c80)
18/11/2015 18:49:09 (Std) 	Created WindowFactory for 'CEGUI/Menubar' windows.
18/11/2015 18:49:09 (Std) 	WindowFactory for 'CEGUI/Menubar' windows added. (0x2ae5e20)
18/11/2015 18:49:09 (Std) 	Created WindowFactory for 'CEGUI/PopupMenu' windows.
18/11/2015 18:49:09 (Std) 	WindowFactory for 'CEGUI/PopupMenu' windows added. (0x2ae5fc0)
18/11/2015 18:49:09 (Std) 	Created WindowFactory for 'CEGUI/MenuItem' windows.
18/11/2015 18:49:09 (Std) 	WindowFactory for 'CEGUI/MenuItem' windows added. (0x2ae6160)
18/11/2015 18:49:09 (Std) 	Created WindowFactory for 'CEGUI/MultiColumnList' windows.
18/11/2015 18:49:09 (Std) 	WindowFactory for 'CEGUI/MultiColumnList' windows added. (0x2ae6410)
18/11/2015 18:49:09 (Std) 	Created WindowFactory for 'CEGUI/MultiLineEditbox' windows.
18/11/2015 18:49:09 (Std) 	WindowFactory for 'CEGUI/MultiLineEditbox' windows added. (0x2ae65b0)
18/11/2015 18:49:09 (Std) 	Created WindowFactory for 'CEGUI/ProgressBar' windows.
18/11/2015 18:49:09 (Std) 	WindowFactory for 'CEGUI/ProgressBar' windows added. (0x2ae6750)
18/11/2015 18:49:09 (Std) 	Created WindowFactory for 'CEGUI/ScrollablePane' windows.
18/11/2015 18:49:09 (Std) 	WindowFactory for 'CEGUI/ScrollablePane' windows added. (0x2ae68f0)
18/11/2015 18:49:09 (Std) 	Created WindowFactory for 'CEGUI/Scrollbar' windows.
18/11/2015 18:49:09 (Std) 	WindowFactory for 'CEGUI/Scrollbar' windows added. (0x2ae6a90)
18/11/2015 18:49:09 (Std) 	Created WindowFactory for 'CEGUI/Slider' windows.
18/11/2015 18:49:09 (Std) 	WindowFactory for 'CEGUI/Slider' windows added. (0x2ae6c30)
18/11/2015 18:49:09 (Std) 	Created WindowFactory for 'CEGUI/Spinner' windows.
18/11/2015 18:49:09 (Std) 	WindowFactory for 'CEGUI/Spinner' windows added. (0x2ae6dd0)
18/11/2015 18:49:09 (Std) 	Created WindowFactory for 'CEGUI/TabButton' windows.
18/11/2015 18:49:09 (Std) 	WindowFactory for 'CEGUI/TabButton' windows added. (0x2ae6f70)
18/11/2015 18:49:09 (Std) 	Created WindowFactory for 'CEGUI/TabControl' windows.
18/11/2015 18:49:09 (Std) 	WindowFactory for 'CEGUI/TabControl' windows added. (0x2ae7110)
18/11/2015 18:49:09 (Std) 	Created WindowFactory for 'CEGUI/Thumb' windows.
18/11/2015 18:49:09 (Std) 	WindowFactory for 'CEGUI/Thumb' windows added. (0x2ae72b0)
18/11/2015 18:49:09 (Std) 	Created WindowFactory for 'CEGUI/Titlebar' windows.
18/11/2015 18:49:09 (Std) 	WindowFactory for 'CEGUI/Titlebar' windows added. (0x2ae7450)
18/11/2015 18:49:09 (Std) 	Created WindowFactory for 'CEGUI/ToggleButton' windows.
18/11/2015 18:49:09 (Std) 	WindowFactory for 'CEGUI/ToggleButton' windows added. (0x2ae75f0)
18/11/2015 18:49:09 (Std) 	Created WindowFactory for 'CEGUI/Tooltip' windows.
18/11/2015 18:49:09 (Std) 	WindowFactory for 'CEGUI/Tooltip' windows added. (0x2ae7790)
18/11/2015 18:49:09 (Std) 	Created WindowFactory for 'CEGUI/ItemListbox' windows.
18/11/2015 18:49:09 (Std) 	WindowFactory for 'CEGUI/ItemListbox' windows added. (0x2ae7930)
18/11/2015 18:49:09 (Std) 	Created WindowFactory for 'CEGUI/GroupBox' windows.
18/11/2015 18:49:09 (Std) 	WindowFactory for 'CEGUI/GroupBox' windows added. (0x2ae7ad0)
18/11/2015 18:49:09 (Std) 	Created WindowFactory for 'CEGUI/Tree' windows.
18/11/2015 18:49:09 (Std) 	WindowFactory for 'CEGUI/Tree' windows added. (0x2ae7c70)
18/11/2015 18:49:09 (Std) 	Created WindowFactory for 'LayoutCell' windows.
18/11/2015 18:49:09 (Std) 	WindowFactory for 'LayoutCell' windows added. (0x2ae6300)
18/11/2015 18:49:09 (Std) 	Created WindowFactory for 'HorizontalLayoutContainer' windows.
18/11/2015 18:49:09 (Std) 	WindowFactory for 'HorizontalLayoutContainer' windows added. (0x2ae8100)
18/11/2015 18:49:09 (Std) 	Created WindowFactory for 'VerticalLayoutContainer' windows.
18/11/2015 18:49:09 (Std) 	WindowFactory for 'VerticalLayoutContainer' windows added. (0x2ae82a0)
18/11/2015 18:49:09 (Std) 	Created WindowFactory for 'GridLayoutContainer' windows.
18/11/2015 18:49:09 (Std) 	WindowFactory for 'GridLayoutContainer' windows added. (0x2ae8440)
18/11/2015 18:49:09 (Std) 	CEGUI::System singleton created. (0x2addcd0)
18/11/2015 18:49:09 (Std) 	---- CEGUI System initialisation completed ----
18/11/2015 18:49:09 (Std) 	
18/11/2015 18:49:09 (Error)	The C locale for LC_NUMERIC and/or LC_ALL is not set to "C". However, CEGUI is only ensured to parse strings and numbers correctly under the condition that the locale is set to "C". This is required, for example, when parsing files or converting from a (property-) value to a String (or vice-versa). If your code or one of your libraries change the locale (typically, by using the function "setlocale"), please set the locale back to the default everytime before a relevant call to CEGUI is issued to ensure that the parsing will be functional and correct. If you know what you are doing and there are no issues whatsoever, you may ignore this error message.
18/11/2015 18:49:09 (Std) 	Started creation of Scheme from XML specification:
18/11/2015 18:49:09 (Std) 	---- CEGUI GUIScheme name: VanillaSkin
18/11/2015 18:49:09 (Error)	The C locale for LC_NUMERIC and/or LC_ALL is not set to "C". However, CEGUI is only ensured to parse strings and numbers correctly under the condition that the locale is set to "C". This is required, for example, when parsing files or converting from a (property-) value to a String (or vice-versa). If your code or one of your libraries change the locale (typically, by using the function "setlocale"), please set the locale back to the default everytime before a relevant call to CEGUI is issued to ensure that the parsing will be functional and correct. If you know what you are doing and there are no issues whatsoever, you may ignore this error message.
18/11/2015 18:49:09 (Std) 	[ImageManager] Started creation of Imageset from XML specification:
18/11/2015 18:49:09 (Std) 	[ImageManager] ---- CEGUI Imageset name: Vanilla-Images
18/11/2015 18:49:09 (Std) 	[ImageManager] ---- Source texture file: vanilla.png
18/11/2015 18:49:09 (Std) 	[ImageManager] ---- Source texture resource group: (Default)
18/11/2015 18:49:09 (Std) 	[OgreRenderer] Created texture: Vanilla-Images
18/11/2015 18:49:09 (Std) 	[ImageManager] Created image: 'Vanilla-Images/GenericBrush' (0x2aefe00) of type: BasicImage
18/11/2015 18:49:09 (Std) 	[ImageManager] Created image: 'Vanilla-Images/FrameTopLeft' (0x2ae9090) of type: BasicImage
18/11/2015 18:49:09 (Std) 	[ImageManager] Created image: 'Vanilla-Images/FrameTopRight' (0x2af01c0) of type: BasicImage
18/11/2015 18:49:09 (Std) 	[ImageManager] Created image: 'Vanilla-Images/FrameBottomLeft' (0x2af03d0) of type: BasicImage
18/11/2015 18:49:09 (Std) 	[ImageManager] Created image: 'Vanilla-Images/FrameBottomRight' (0x2af05e0) of type: BasicImage
18/11/2015 18:49:09 (Std) 	[ImageManager] Created image: 'Vanilla-Images/FrameLeft' (0x2af07f0) of type: BasicImage
18/11/2015 18:49:09 (Std) 	[ImageManager] Created image: 'Vanilla-Images/FrameRight' (0x2af0a00) of type: BasicImage
18/11/2015 18:49:09 (Std) 	[ImageManager] Created image: 'Vanilla-Images/FrameTop' (0x2af0c10) of type: BasicImage
18/11/2015 18:49:09 (Std) 	[ImageManager] Created image: 'Vanilla-Images/FrameBottom' (0x2af0f70) of type: BasicImage
18/11/2015 18:49:09 (Std) 	[ImageManager] Created image: 'Vanilla-Images/ScrollUpArrow' (0x2af1090) of type: BasicImage
18/11/2015 18:49:09 (Std) 	[ImageManager] Created image: 'Vanilla-Images/ScrollDownArrow' (0x2af12a0) of type: BasicImage
18/11/2015 18:49:09 (Std) 	[ImageManager] Created image: 'Vanilla-Images/VertScrollContainer' (0x2af1640) of type: BasicImage
18/11/2015 18:49:09 (Std) 	[ImageManager] Created image: 'Vanilla-Images/ScrollLeftArrow' (0x2aefc70) of type: BasicImage
18/11/2015 18:49:09 (Std) 	[ImageManager] Created image: 'Vanilla-Images/ScrollRightArrow' (0x2af1b20) of type: BasicImage
18/11/2015 18:49:09 (Std) 	[ImageManager] Created image: 'Vanilla-Images/HorzScrollContainer' (0x2af1ec0) of type: BasicImage
18/11/2015 18:49:09 (Std) 	[ImageManager] Created image: 'Vanilla-Images/ScrollbarThumb' (0x2af21c0) of type: BasicImage
18/11/2015 18:49:09 (Std) 	[ImageManager] Created image: 'Vanilla-Images/ShadowBrush' (0x2af23d0) of type: BasicImage
18/11/2015 18:49:09 (Std) 	[ImageManager] Created image: 'Vanilla-Images/MouseArrow' (0x2af25e0) of type: BasicImage
18/11/2015 18:49:09 (Std) 	[ImageManager] Created image: 'Vanilla-Images/CheckboxNormal' (0x2af27f0) of type: BasicImage
18/11/2015 18:49:09 (Std) 	[ImageManager] Created image: 'Vanilla-Images/CheckboxHover' (0x2af2a00) of type: BasicImage
18/11/2015 18:49:09 (Std) 	[ImageManager] Created image: 'Vanilla-Images/CheckboxMark' (0x2aef180) of type: BasicImage
18/11/2015 18:49:09 (Std) 	[ImageManager] Created image: 'Vanilla-Images/RadioButtonNormal' (0x2aefa60) of type: BasicImage
18/11/2015 18:49:09 (Std) 	[ImageManager] Created image: 'Vanilla-Images/RadioButtonHover' (0x2aef6b0) of type: BasicImage
18/11/2015 18:49:09 (Std) 	[ImageManager] Created image: 'Vanilla-Images/RadioButtonMark' (0x2aee450) of type: BasicImage
18/11/2015 18:49:09 (Std) 	[ImageManager] Created image: 'Vanilla-Images/SliderScrollUpArrow' (0x2afa4a0) of type: BasicImage
18/11/2015 18:49:09 (Std) 	[ImageManager] Created image: 'Vanilla-Images/SliderScrollDownArrow' (0x2afa890) of type: BasicImage
18/11/2015 18:49:09 (Std) 	[ImageManager] Created image: 'Vanilla-Images/SliderScrollLeftArrow' (0x2afabe0) of type: BasicImage
18/11/2015 18:49:09 (Std) 	[ImageManager] Created image: 'Vanilla-Images/SliderScrollRightArrow' (0x2afaf30) of type: BasicImage
18/11/2015 18:49:09 (Std) 	[ImageManager] Created image: 'Vanilla-Images/VerticalImageSliderThumb' (0x2afb410) of type: BasicImage
18/11/2015 18:49:09 (Std) 	[ImageManager] Created image: 'Vanilla-Images/HorizontalImageSliderThumb' (0x2aee2c0) of type: BasicImage
18/11/2015 18:49:09 (Std) 	[ImageManager] Created image: 'Vanilla-Images/VerticalImageSliderContainer' (0x2afbcc0) of type: BasicImage
18/11/2015 18:49:09 (Std) 	[ImageManager] Created image: 'Vanilla-Images/HorizontalImageSliderContainer' (0x2afc110) of type: BasicImage
18/11/2015 18:49:09 (Std) 	[ImageManager] Created image: 'Vanilla-Images/DefaultScrollImage' (0x2af2f30) of type: BasicImage
18/11/2015 18:49:09 (Std) 	[ImageManager] Created image: 'Vanilla-Images/VerticalImageSliderTopEnd' (0x2afc6e0) of type: BasicImage
18/11/2015 18:49:09 (Std) 	[ImageManager] Created image: 'Vanilla-Images/VerticalImageSliderBottomEnd' (0x2afca50) of type: BasicImage
18/11/2015 18:49:09 (Std) 	[ImageManager] Created image: 'Vanilla-Images/HorizontalImageSliderLeftEnd' (0x2afcea0) of type: BasicImage
18/11/2015 18:49:09 (Std) 	[ImageManager] Created image: 'Vanilla-Images/HorizontalImageSliderRightEnd' (0x2afd230) of type: BasicImage
18/11/2015 18:49:09 (Std) 	[ImageManager] Created image: 'Vanilla-Images/ColourPickerCursor' (0x2afd5c0) of type: BasicImage
18/11/2015 18:49:09 (Std) 	[ImageManager] Created image: 'Vanilla-Images/TooltipBottomEdge' (0x2afd980) of type: BasicImage
18/11/2015 18:49:09 (Std) 	[ImageManager] Created image: 'Vanilla-Images/TooltipBottomLeft' (0x2afdd40) of type: BasicImage
18/11/2015 18:49:09 (Std) 	[ImageManager] Created image: 'Vanilla-Images/TooltipTopEdge' (0x2afe070) of type: BasicImage
18/11/2015 18:49:09 (Std) 	[ImageManager] Created image: 'Vanilla-Images/TooltipTopRight' (0x2afe280) of type: BasicImage
18/11/2015 18:49:09 (Std) 	[ImageManager] Created image: 'Vanilla-Images/TooltipRightEdge' (0x2afe490) of type: BasicImage
18/11/2015 18:49:09 (Std) 	[ImageManager] Created image: 'Vanilla-Images/TooltipTopLeft' (0x2afe6a0) of type: BasicImage
18/11/2015 18:49:09 (Std) 	[ImageManager] Created image: 'Vanilla-Images/TooltipLeftEdge' (0x2afe8b0) of type: BasicImage
18/11/2015 18:49:09 (Std) 	[ImageManager] Created image: 'Vanilla-Images/TooltipMiddle' (0x2afeac0) of type: BasicImage
18/11/2015 18:49:09 (Std) 	[ImageManager] Created image: 'Vanilla-Images/TooltipBottomRight' (0x2afecd0) of type: BasicImage
18/11/2015 18:49:09 (Std) 	[ImageManager] Created image: 'Vanilla-Images/DropDownButtonNormal' (0x2aff000) of type: BasicImage
18/11/2015 18:49:09 (Std) 	[ImageManager] Created image: 'Vanilla-Images/DropDownButtonHover' (0x2aff3f0) of type: BasicImage
18/11/2015 18:49:09 (Std) 	[ImageManager] Created image: 'Vanilla-Images/DropDownButtonPushed' (0x2aff740) of type: BasicImage
18/11/2015 18:49:09 (Error)	The C locale for LC_NUMERIC and/or LC_ALL is not set to "C". However, CEGUI is only ensured to parse strings and numbers correctly under the condition that the locale is set to "C". This is required, for example, when parsing files or converting from a (property-) value to a String (or vice-versa). If your code or one of your libraries change the locale (typically, by using the function "setlocale"), please set the locale back to the default everytime before a relevant call to CEGUI is issued to ensure that the parsing will be functional and correct. If you know what you are doing and there are no issues whatsoever, you may ignore this error message.
18/11/2015 18:49:09 (Std) 	===== Falagard 'root' element: look and feel parsing begins =====
18/11/2015 18:49:09 (Std) 	===== Look and feel parsing completed =====
18/11/2015 18:49:09 (Std) 	No window renderer factories specified for module 'CEGUICoreWindowRendererSet' - adding all available factories...
18/11/2015 18:49:09 (Std) 	Created WindowRendererFactory for 'Core/Button' WindowRenderers.
18/11/2015 18:49:09 (Std) 	WindowRendererFactory 'Core/Button' added. (0x2af2e50)
18/11/2015 18:49:09 (Std) 	Created WindowRendererFactory for 'Core/Default' WindowRenderers.
18/11/2015 18:49:09 (Std) 	WindowRendererFactory 'Core/Default' added. (0x2aef470)
18/11/2015 18:49:09 (Std) 	Created WindowRendererFactory for 'Core/Editbox' WindowRenderers.
18/11/2015 18:49:09 (Std) 	WindowRendererFactory 'Core/Editbox' added. (0x2bc4d90)
18/11/2015 18:49:09 (Std) 	Created WindowRendererFactory for 'Core/FrameWindow' WindowRenderers.
18/11/2015 18:49:09 (Std) 	WindowRendererFactory 'Core/FrameWindow' added. (0x2bc4f30)
18/11/2015 18:49:09 (Std) 	Created WindowRendererFactory for 'Core/ItemEntry' WindowRenderers.
18/11/2015 18:49:09 (Std) 	WindowRendererFactory 'Core/ItemEntry' added. (0x2be5b90)
18/11/2015 18:49:09 (Std) 	Created WindowRendererFactory for 'Core/ListHeader' WindowRenderers.
18/11/2015 18:49:09 (Std) 	WindowRendererFactory 'Core/ListHeader' added. (0x2be5d30)
18/11/2015 18:49:09 (Std) 	Created WindowRendererFactory for 'Core/ListHeaderSegment' WindowRenderers.
18/11/2015 18:49:09 (Std) 	WindowRendererFactory 'Core/ListHeaderSegment' added. (0x2b4f370)
18/11/2015 18:49:09 (Std) 	Created WindowRendererFactory for 'Core/Listbox' WindowRenderers.
18/11/2015 18:49:09 (Std) 	WindowRendererFactory 'Core/Listbox' added. (0x2b4f510)
18/11/2015 18:49:09 (Std) 	Created WindowRendererFactory for 'Core/Menubar' WindowRenderers.
18/11/2015 18:49:09 (Std) 	WindowRendererFactory 'Core/Menubar' added. (0x2b4f6b0)
18/11/2015 18:49:09 (Std) 	Created WindowRendererFactory for 'Core/MenuItem' WindowRenderers.
18/11/2015 18:49:09 (Std) 	WindowRendererFactory 'Core/MenuItem' added. (0x2b4f850)
18/11/2015 18:49:09 (Std) 	Created WindowRendererFactory for 'Core/MultiColumnList' WindowRenderers.
18/11/2015 18:49:09 (Std) 	WindowRendererFactory 'Core/MultiColumnList' added. (0x2bc3ca0)
18/11/2015 18:49:09 (Std) 	Created WindowRendererFactory for 'Core/MultiLineEditbox' WindowRenderers.
18/11/2015 18:49:09 (Std) 	WindowRendererFactory 'Core/MultiLineEditbox' added. (0x2bc3e40)
18/11/2015 18:49:09 (Std) 	Created WindowRendererFactory for 'Core/PopupMenu' WindowRenderers.
18/11/2015 18:49:09 (Std) 	WindowRendererFactory 'Core/PopupMenu' added. (0x2bc3fe0)
18/11/2015 18:49:09 (Std) 	Created WindowRendererFactory for 'Core/ProgressBar' WindowRenderers.
18/11/2015 18:49:09 (Std) 	WindowRendererFactory 'Core/ProgressBar' added. (0x2bc4180)
18/11/2015 18:49:09 (Std) 	Created WindowRendererFactory for 'Core/ScrollablePane' WindowRenderers.
18/11/2015 18:49:09 (Std) 	WindowRendererFactory 'Core/ScrollablePane' added. (0x2be4dd0)
18/11/2015 18:49:09 (Std) 	Created WindowRendererFactory for 'Core/Scrollbar' WindowRenderers.
18/11/2015 18:49:09 (Std) 	WindowRendererFactory 'Core/Scrollbar' added. (0x2be4f70)
18/11/2015 18:49:09 (Std) 	Created WindowRendererFactory for 'Core/Slider' WindowRenderers.
18/11/2015 18:49:09 (Std) 	WindowRendererFactory 'Core/Slider' added. (0x2be5110)
18/11/2015 18:49:09 (Std) 	Created WindowRendererFactory for 'Core/Static' WindowRenderers.
18/11/2015 18:49:09 (Std) 	WindowRendererFactory 'Core/Static' added. (0x2be53c0)
18/11/2015 18:49:09 (Std) 	Created WindowRendererFactory for 'Core/StaticImage' WindowRenderers.
18/11/2015 18:49:09 (Std) 	WindowRendererFactory 'Core/StaticImage' added. (0x2be5560)
18/11/2015 18:49:09 (Std) 	Created WindowRendererFactory for 'Core/StaticText' WindowRenderers.
18/11/2015 18:49:09 (Std) 	WindowRendererFactory 'Core/StaticText' added. (0x2bda680)
18/11/2015 18:49:09 (Std) 	Created WindowRendererFactory for 'Core/TabButton' WindowRenderers.
18/11/2015 18:49:09 (Std) 	WindowRendererFactory 'Core/TabButton' added. (0x2bda820)
18/11/2015 18:49:09 (Std) 	Created WindowRendererFactory for 'Core/TabControl' WindowRenderers.
18/11/2015 18:49:09 (Std) 	WindowRendererFactory 'Core/TabControl' added. (0x2bda9c0)
18/11/2015 18:49:09 (Std) 	Created WindowRendererFactory for 'Core/Titlebar' WindowRenderers.
18/11/2015 18:49:09 (Std) 	WindowRendererFactory 'Core/Titlebar' added. (0x2bdab60)
18/11/2015 18:49:09 (Std) 	Created WindowRendererFactory for 'Core/ToggleButton' WindowRenderers.
18/11/2015 18:49:09 (Std) 	WindowRendererFactory 'Core/ToggleButton' added. (0x2bdad00)
18/11/2015 18:49:09 (Std) 	Created WindowRendererFactory for 'Core/Tooltip' WindowRenderers.
18/11/2015 18:49:09 (Std) 	WindowRendererFactory 'Core/Tooltip' added. (0x2bd8560)
18/11/2015 18:49:09 (Std) 	Created WindowRendererFactory for 'Core/ItemListbox' WindowRenderers.
18/11/2015 18:49:09 (Std) 	WindowRendererFactory 'Core/ItemListbox' added. (0x2bd8700)
18/11/2015 18:49:09 (Std) 	Created WindowRendererFactory for 'Core/Tree' WindowRenderers.
18/11/2015 18:49:09 (Std) 	WindowRendererFactory 'Core/Tree' added. (0x2bd88a0)
18/11/2015 18:49:09 (Std) 	Creating falagard mapping for type 'Vanilla/Label' using base type 'DefaultWindow', window renderer 'Core/Default' Look'N'Feel 'Vanilla/Label' and RenderEffect ''. (0x7ffc062fb920)
18/11/2015 18:49:09 (Std) 	Creating falagard mapping for type 'Vanilla/Titlebar' using base type 'CEGUI/Titlebar', window renderer 'Core/Titlebar' Look'N'Feel 'Vanilla/Titlebar' and RenderEffect ''. (0x7ffc062fb920)
18/11/2015 18:49:09 (Std) 	Creating falagard mapping for type 'Vanilla/Button' using base type 'CEGUI/PushButton', window renderer 'Core/Button' Look'N'Feel 'Vanilla/Button' and RenderEffect ''. (0x7ffc062fb920)
18/11/2015 18:49:09 (Std) 	Creating falagard mapping for type 'Vanilla/FrameWindow' using base type 'CEGUI/FrameWindow', window renderer 'Core/FrameWindow' Look'N'Feel 'Vanilla/FrameWindow' and RenderEffect ''. (0x7ffc062fb920)
18/11/2015 18:49:09 (Std) 	Creating falagard mapping for type 'Vanilla/Editbox' using base type 'CEGUI/Editbox', window renderer 'Core/Editbox' Look'N'Feel 'Vanilla/Editbox' and RenderEffect ''. (0x7ffc062fb920)
18/11/2015 18:49:09 (Std) 	Creating falagard mapping for type 'Vanilla/VerticalScrollbarThumb' using base type 'CEGUI/Thumb', window renderer 'Core/Button' Look'N'Feel 'Vanilla/VerticalScrollbarThumb' and RenderEffect ''. (0x7ffc062fb920)
18/11/2015 18:49:09 (Std) 	Creating falagard mapping for type 'Vanilla/VerticalScrollbar' using base type 'CEGUI/Scrollbar', window renderer 'Core/Scrollbar' Look'N'Feel 'Vanilla/VerticalScrollbar' and RenderEffect ''. (0x7ffc062fb920)
18/11/2015 18:49:09 (Std) 	Creating falagard mapping for type 'Vanilla/HorizontalScrollbarThumb' using base type 'CEGUI/Thumb', window renderer 'Core/Button' Look'N'Feel 'Vanilla/HorizontalScrollbarThumb' and RenderEffect ''. (0x7ffc062fb920)
18/11/2015 18:49:09 (Std) 	Creating falagard mapping for type 'Vanilla/HorizontalScrollbar' using base type 'CEGUI/Scrollbar', window renderer 'Core/Scrollbar' Look'N'Feel 'Vanilla/HorizontalScrollbar' and RenderEffect ''. (0x7ffc062fb920)
18/11/2015 18:49:09 (Std) 	Creating falagard mapping for type 'Vanilla/StaticImage' using base type 'DefaultWindow', window renderer 'Core/StaticImage' Look'N'Feel 'Vanilla/StaticImage' and RenderEffect ''. (0x7ffc062fb920)
18/11/2015 18:49:09 (Std) 	Creating falagard mapping for type 'Vanilla/StaticText' using base type 'DefaultWindow', window renderer 'Core/StaticText' Look'N'Feel 'Vanilla/StaticText' and RenderEffect ''. (0x7ffc062fb920)
18/11/2015 18:49:09 (Std) 	Creating falagard mapping for type 'Vanilla/Listbox' using base type 'CEGUI/Listbox', window renderer 'Core/Listbox' Look'N'Feel 'Vanilla/Listbox' and RenderEffect ''. (0x7ffc062fb920)
18/11/2015 18:49:09 (Std) 	Creating falagard mapping for type 'Vanilla/MultiLineEditbox' using base type 'CEGUI/MultiLineEditbox', window renderer 'Core/MultiLineEditbox' Look'N'Feel 'Vanilla/MultiLineEditbox' and RenderEffect ''. (0x7ffc062fb920)
18/11/2015 18:49:09 (Std) 	Creating falagard mapping for type 'Vanilla/ComboDropList' using base type 'CEGUI/ComboDropList', window renderer 'Core/Listbox' Look'N'Feel 'Vanilla/ComboDropList' and RenderEffect ''. (0x7ffc062fb920)
18/11/2015 18:49:09 (Std) 	Creating falagard mapping for type 'Vanilla/Combobox' using base type 'CEGUI/Combobox', window renderer 'Core/Default' Look'N'Feel 'Vanilla/Combobox' and RenderEffect ''. (0x7ffc062fb920)
18/11/2015 18:49:09 (Std) 	Creating falagard mapping for type 'Vanilla/ProgressBar' using base type 'CEGUI/ProgressBar', window renderer 'Core/ProgressBar' Look'N'Feel 'Vanilla/ProgressBar' and RenderEffect ''. (0x7ffc062fb920)
18/11/2015 18:49:09 (Std) 	Creating falagard mapping for type 'Vanilla/Checkbox' using base type 'CEGUI/ToggleButton', window renderer 'Core/ToggleButton' Look'N'Feel 'Vanilla/Checkbox' and RenderEffect ''. (0x7ffc062fb920)
18/11/2015 18:49:09 (Std) 	Creating falagard mapping for type 'Vanilla/RadioButton' using base type 'CEGUI/RadioButton', window renderer 'Core/ToggleButton' Look'N'Feel 'Vanilla/RadioButton' and RenderEffect ''. (0x7ffc062fb920)
18/11/2015 18:49:09 (Std) 	Creating falagard mapping for type 'Vanilla/Tooltip' using base type 'CEGUI/Tooltip', window renderer 'Core/Tooltip' Look'N'Feel 'Vanilla/Tooltip' and RenderEffect ''. (0x7ffc062fb920)
18/11/2015 18:49:09 (Error)	The C locale for LC_NUMERIC and/or LC_ALL is not set to "C". However, CEGUI is only ensured to parse strings and numbers correctly under the condition that the locale is set to "C". This is required, for example, when parsing files or converting from a (property-) value to a String (or vice-versa). If your code or one of your libraries change the locale (typically, by using the function "setlocale"), please set the locale back to the default everytime before a relevant call to CEGUI is issued to ensure that the parsing will be functional and correct. If you know what you are doing and there are no issues whatsoever, you may ignore this error message.
18/11/2015 18:49:09 (Std) 	Started creation of Scheme from XML specification:
18/11/2015 18:49:09 (Std) 	---- CEGUI GUIScheme name: OgreTray
18/11/2015 18:49:09 (Error)	The C locale for LC_NUMERIC and/or LC_ALL is not set to "C". However, CEGUI is only ensured to parse strings and numbers correctly under the condition that the locale is set to "C". This is required, for example, when parsing files or converting from a (property-) value to a String (or vice-versa). If your code or one of your libraries change the locale (typically, by using the function "setlocale"), please set the locale back to the default everytime before a relevant call to CEGUI is issued to ensure that the parsing will be functional and correct. If you know what you are doing and there are no issues whatsoever, you may ignore this error message.
18/11/2015 18:49:09 (Std) 	[ImageManager] Started creation of Imageset from XML specification:
18/11/2015 18:49:09 (Std) 	[ImageManager] ---- CEGUI Imageset name: OgreTrayImages
18/11/2015 18:49:09 (Std) 	[ImageManager] ---- Source texture file: OgreTrayImages.png
18/11/2015 18:49:09 (Std) 	[ImageManager] ---- Source texture resource group: (Default)
18/11/2015 18:49:09 (Std) 	[OgreRenderer] Created texture: OgreTrayImages
18/11/2015 18:49:09 (Std) 	[ImageManager] Created image: 'OgreTrayImages/Pulse' (0x2b5efa0) of type: BasicImage
18/11/2015 18:49:09 (Std) 	[ImageManager] Created image: 'OgreTrayImages/Shade' (0x2b610b0) of type: BasicImage
18/11/2015 18:49:09 (Std) 	[ImageManager] Created image: 'OgreTrayImages/TrayB' (0x2b612c0) of type: BasicImage
18/11/2015 18:49:09 (Std) 	[ImageManager] Created image: 'OgreTrayImages/TrayL' (0x2b614d0) of type: BasicImage
18/11/2015 18:49:09 (Std) 	[ImageManager] Created image: 'OgreTrayImages/TrayM' (0x2b616e0) of type: BasicImage
18/11/2015 18:49:09 (Std) 	[ImageManager] Created image: 'OgreTrayImages/TrayR' (0x2b618f0) of type: BasicImage
18/11/2015 18:49:09 (Std) 	[ImageManager] Created image: 'OgreTrayImages/TrayT' (0x2b61b00) of type: BasicImage
18/11/2015 18:49:09 (Std) 	[ImageManager] Created image: 'OgreTrayImages/FrameB' (0x2b61d10) of type: BasicImage
18/11/2015 18:49:09 (Std) 	[ImageManager] Created image: 'OgreTrayImages/FrameL' (0x2b61f20) of type: BasicImage
18/11/2015 18:49:09 (Std) 	[ImageManager] Created image: 'OgreTrayImages/FrameM' (0x2b62130) of type: BasicImage
18/11/2015 18:49:09 (Std) 	[ImageManager] Created image: 'OgreTrayImages/FrameR' (0x2b62340) of type: BasicImage
18/11/2015 18:49:09 (Std) 	[ImageManager] Created image: 'OgreTrayImages/FrameT' (0x2b62550) of type: BasicImage
18/11/2015 18:49:09 (Std) 	[ImageManager] Created image: 'OgreTrayImages/Handle' (0x2b62760) of type: BasicImage
18/11/2015 18:49:09 (Std) 	[ImageManager] Created image: 'OgreTrayImages/TrayBL' (0x2b62970) of type: BasicImage
18/11/2015 18:49:09 (Std) 	[ImageManager] Created image: 'OgreTrayImages/TrayBR' (0x2b62b80) of type: BasicImage
18/11/2015 18:49:09 (Std) 	[ImageManager] Created image: 'OgreTrayImages/TrayTL' (0x2b62d90) of type: BasicImage
18/11/2015 18:49:09 (Std) 	[ImageManager] Created image: 'OgreTrayImages/TrayTR' (0x2b62fa0) of type: BasicImage
18/11/2015 18:49:09 (Std) 	[ImageManager] Created image: 'OgreTrayImages/FrameBL' (0x2b631b0) of type: BasicImage
18/11/2015 18:49:09 (Std) 	[ImageManager] Created image: 'OgreTrayImages/FrameBR' (0x2b633c0) of type: BasicImage
18/11/2015 18:49:09 (Std) 	[ImageManager] Created image: 'OgreTrayImages/FrameTL' (0x2b635d0) of type: BasicImage
18/11/2015 18:49:09 (Std) 	[ImageManager] Created image: 'OgreTrayImages/FrameTR' (0x2b637e0) of type: BasicImage
18/11/2015 18:49:09 (Std) 	[ImageManager] Created image: 'OgreTrayImages/CaptionL' (0x2b639f0) of type: BasicImage
18/11/2015 18:49:09 (Std) 	[ImageManager] Created image: 'OgreTrayImages/CaptionM' (0x2b63c00) of type: BasicImage
18/11/2015 18:49:09 (Std) 	[ImageManager] Created image: 'OgreTrayImages/CaptionR' (0x2b63e10) of type: BasicImage
18/11/2015 18:49:09 (Std) 	[ImageManager] Created image: 'OgreTrayImages/OgreLogo' (0x2b64020) of type: BasicImage
18/11/2015 18:49:09 (Std) 	[ImageManager] Created image: 'OgreTrayImages/TextBoxB' (0x2b64230) of type: BasicImage
18/11/2015 18:49:09 (Std) 	[ImageManager] Created image: 'OgreTrayImages/TextBoxL' (0x2b64440) of type: BasicImage
18/11/2015 18:49:09 (Std) 	[ImageManager] Created image: 'OgreTrayImages/TextBoxM' (0x2b64650) of type: BasicImage
18/11/2015 18:49:09 (Std) 	[ImageManager] Created image: 'OgreTrayImages/TextBoxR' (0x2b64860) of type: BasicImage
18/11/2015 18:49:09 (Std) 	[ImageManager] Created image: 'OgreTrayImages/TextBoxT' (0x2b64a70) of type: BasicImage
18/11/2015 18:49:09 (Std) 	[ImageManager] Created image: 'OgreTrayImages/BandsFull' (0x2b64c80) of type: BasicImage
18/11/2015 18:49:09 (Std) 	[ImageManager] Created image: 'OgreTrayImages/ButtonUpB' (0x2b64e90) of type: BasicImage
18/11/2015 18:49:09 (Std) 	[ImageManager] Created image: 'OgreTrayImages/ButtonUpL' (0x2b650a0) of type: BasicImage
18/11/2015 18:49:09 (Std) 	[ImageManager] Created image: 'OgreTrayImages/ButtonUpM' (0x2b652b0) of type: BasicImage
18/11/2015 18:49:09 (Std) 	[ImageManager] Created image: 'OgreTrayImages/ButtonUpR' (0x2b654c0) of type: BasicImage
18/11/2015 18:49:09 (Std) 	[ImageManager] Created image: 'OgreTrayImages/ButtonUpT' (0x2b656d0) of type: BasicImage
18/11/2015 18:49:09 (Std) 	[ImageManager] Created image: 'OgreTrayImages/MiniTrayB' (0x2b658e0) of type: BasicImage
18/11/2015 18:49:09 (Std) 	[ImageManager] Created image: 'OgreTrayImages/MiniTrayL' (0x2b65af0) of type: BasicImage
18/11/2015 18:49:09 (Std) 	[ImageManager] Created image: 'OgreTrayImages/MiniTrayM' (0x2b65d00) of type: BasicImage
18/11/2015 18:49:09 (Std) 	[ImageManager] Created image: 'OgreTrayImages/MiniTrayR' (0x2b65f10) of type: BasicImage
18/11/2015 18:49:09 (Std) 	[ImageManager] Created image: 'OgreTrayImages/MiniTrayT' (0x2b66120) of type: BasicImage
18/11/2015 18:49:09 (Std) 	[ImageManager] Created image: 'OgreTrayImages/TextBoxBL' (0x2b66330) of type: BasicImage
18/11/2015 18:49:09 (Std) 	[ImageManager] Created image: 'OgreTrayImages/TextBoxBR' (0x2b66540) of type: BasicImage
18/11/2015 18:49:09 (Std) 	[ImageManager] Created image: 'OgreTrayImages/TextBoxTL' (0x2b66750) of type: BasicImage
18/11/2015 18:49:09 (Std) 	[ImageManager] Created image: 'OgreTrayImages/TextBoxTR' (0x2b66960) of type: BasicImage
18/11/2015 18:49:09 (Std) 	[ImageManager] Created image: 'OgreTrayImages/ButtonUpBL' (0x2b66b70) of type: BasicImage
18/11/2015 18:49:09 (Std) 	[ImageManager] Created image: 'OgreTrayImages/ButtonUpBR' (0x2b66d80) of type: BasicImage
18/11/2015 18:49:09 (Std) 	[ImageManager] Created image: 'OgreTrayImages/ButtonUpTL' (0x2b66f90) of type: BasicImage
18/11/2015 18:49:09 (Std) 	[ImageManager] Created image: 'OgreTrayImages/ButtonUpTR' (0x2b671a0) of type: BasicImage
18/11/2015 18:49:09 (Std) 	[ImageManager] Created image: 'OgreTrayImages/HorzTrackL' (0x2b673b0) of type: BasicImage
18/11/2015 18:49:09 (Std) 	[ImageManager] Created image: 'OgreTrayImages/HorzTrackM' (0x2b675c0) of type: BasicImage
18/11/2015 18:49:09 (Std) 	[ImageManager] Created image: 'OgreTrayImages/HorzTrackR' (0x2b677d0) of type: BasicImage
18/11/2015 18:49:09 (Std) 	[ImageManager] Created image: 'OgreTrayImages/MiniTrayBL' (0x2b679e0) of type: BasicImage
18/11/2015 18:49:09 (Std) 	[ImageManager] Created image: 'OgreTrayImages/MiniTrayBR' (0x2b67bf0) of type: BasicImage
18/11/2015 18:49:09 (Std) 	[ImageManager] Created image: 'OgreTrayImages/MiniTrayTL' (0x2b67e00) of type: BasicImage
18/11/2015 18:49:09 (Std) 	[ImageManager] Created image: 'OgreTrayImages/MiniTrayTR' (0x2b68010) of type: BasicImage
18/11/2015 18:49:09 (Std) 	[ImageManager] Created image: 'OgreTrayImages/MouseArrow' (0x2b68220) of type: BasicImage
18/11/2015 18:49:09 (Std) 	[ImageManager] Created image: 'OgreTrayImages/SeparatorL' (0x2b68430) of type: BasicImage
18/11/2015 18:49:09 (Std) 	[ImageManager] Created image: 'OgreTrayImages/SeparatorM' (0x2b68640) of type: BasicImage
18/11/2015 18:49:09 (Std) 	[ImageManager] Created image: 'OgreTrayImages/SeparatorR' (0x2b68850) of type: BasicImage
18/11/2015 18:49:09 (Std) 	[ImageManager] Created image: 'OgreTrayImages/VertTrackB' (0x2b68a60) of type: BasicImage
18/11/2015 18:49:09 (Std) 	[ImageManager] Created image: 'OgreTrayImages/VertTrackM' (0x2b68c70) of type: BasicImage
18/11/2015 18:49:09 (Std) 	[ImageManager] Created image: 'OgreTrayImages/VertTrackT' (0x2b68e80) of type: BasicImage
18/11/2015 18:49:09 (Std) 	[ImageManager] Created image: 'OgreTrayImages/ButtonDownB' (0x2b69090) of type: BasicImage
18/11/2015 18:49:09 (Std) 	[ImageManager] Created image: 'OgreTrayImages/ButtonDownL' (0x2b692a0) of type: BasicImage
18/11/2015 18:49:09 (Std) 	[ImageManager] Created image: 'OgreTrayImages/ButtonDownM' (0x2b694b0) of type: BasicImage
18/11/2015 18:49:09 (Std) 	[ImageManager] Created image: 'OgreTrayImages/ButtonDownR' (0x2b696c0) of type: BasicImage
18/11/2015 18:49:09 (Std) 	[ImageManager] Created image: 'OgreTrayImages/ButtonDownT' (0x2b698d0) of type: BasicImage
18/11/2015 18:49:09 (Std) 	[ImageManager] Created image: 'OgreTrayImages/ButtonOverB' (0x2b69ae0) of type: BasicImage
18/11/2015 18:49:09 (Std) 	[ImageManager] Created image: 'OgreTrayImages/ButtonOverL' (0x2b69cf0) of type: BasicImage
18/11/2015 18:49:09 (Std) 	[ImageManager] Created image: 'OgreTrayImages/ButtonOverM' (0x2b69f00) of type: BasicImage
18/11/2015 18:49:09 (Std) 	[ImageManager] Created image: 'OgreTrayImages/ButtonOverR' (0x2b6a110) of type: BasicImage
18/11/2015 18:49:09 (Std) 	[ImageManager] Created image: 'OgreTrayImages/ButtonOverT' (0x2b6a320) of type: BasicImage
18/11/2015 18:49:09 (Std) 	[ImageManager] Created image: 'OgreTrayImages/ButtonDownBL' (0x2b6a530) of type: BasicImage
18/11/2015 18:49:09 (Std) 	[ImageManager] Created image: 'OgreTrayImages/ButtonDownBR' (0x2b6a740) of type: BasicImage
18/11/2015 18:49:09 (Std) 	[ImageManager] Created image: 'OgreTrayImages/ButtonDownTL' (0x2b6a950) of type: BasicImage
18/11/2015 18:49:09 (Std) 	[ImageManager] Created image: 'OgreTrayImages/ButtonDownTR' (0x2b6ab60) of type: BasicImage
18/11/2015 18:49:09 (Std) 	[ImageManager] Created image: 'OgreTrayImages/ButtonOverBL' (0x2b6ad70) of type: BasicImage
18/11/2015 18:49:09 (Std) 	[ImageManager] Created image: 'OgreTrayImages/ButtonOverBR' (0x2b6af80) of type: BasicImage
18/11/2015 18:49:09 (Std) 	[ImageManager] Created image: 'OgreTrayImages/ButtonOverTL' (0x2b6b190) of type: BasicImage
18/11/2015 18:49:09 (Std) 	[ImageManager] Created image: 'OgreTrayImages/ButtonOverTR' (0x2b6b3a0) of type: BasicImage
18/11/2015 18:49:09 (Std) 	[ImageManager] Created image: 'OgreTrayImages/GenericBrush' (0x2b6b5b0) of type: BasicImage
18/11/2015 18:49:09 (Std) 	[ImageManager] Created image: 'OgreTrayImages/MiniTextBoxB' (0x2b6b7c0) of type: BasicImage
18/11/2015 18:49:09 (Std) 	[ImageManager] Created image: 'OgreTrayImages/MiniTextBoxL' (0x2b6b9d0) of type: BasicImage
18/11/2015 18:49:09 (Std) 	[ImageManager] Created image: 'OgreTrayImages/MiniTextBoxM' (0x2b6bbe0) of type: BasicImage
18/11/2015 18:49:09 (Std) 	[ImageManager] Created image: 'OgreTrayImages/MiniTextBoxR' (0x2b6bdf0) of type: BasicImage
18/11/2015 18:49:09 (Std) 	[ImageManager] Created image: 'OgreTrayImages/MiniTextBoxT' (0x2b5e640) of type: BasicImage
18/11/2015 18:49:09 (Std) 	[ImageManager] Created image: 'OgreTrayImages/MiniTextBoxBL' (0x2b6c320) of type: BasicImage
18/11/2015 18:49:09 (Std) 	[ImageManager] Created image: 'OgreTrayImages/MiniTextBoxBR' (0x2b5d4d0) of type: BasicImage
18/11/2015 18:49:09 (Std) 	[ImageManager] Created image: 'OgreTrayImages/MiniTextBoxTL' (0x2b5ed00) of type: BasicImage
18/11/2015 18:49:09 (Std) 	[ImageManager] Created image: 'OgreTrayImages/MiniTextBoxTR' (0x2b7a6f0) of type: BasicImage
18/11/2015 18:49:09 (Std) 	[ImageManager] Created image: 'OgreTrayImages/MiniTextBoxOverB' (0x2b7a900) of type: BasicImage
18/11/2015 18:49:09 (Std) 	[ImageManager] Created image: 'OgreTrayImages/MiniTextBoxOverL' (0x2b7ab10) of type: BasicImage
18/11/2015 18:49:09 (Std) 	[ImageManager] Created image: 'OgreTrayImages/MiniTextBoxOverM' (0x2b7ad20) of type: BasicImage
18/11/2015 18:49:09 (Std) 	[ImageManager] Created image: 'OgreTrayImages/MiniTextBoxOverR' (0x2b7af30) of type: BasicImage
18/11/2015 18:49:09 (Std) 	[ImageManager] Created image: 'OgreTrayImages/MiniTextBoxOverT' (0x2b7b140) of type: BasicImage
18/11/2015 18:49:09 (Std) 	[ImageManager] Created image: 'OgreTrayImages/MiniTextBoxOverBL' (0x2b7b350) of type: BasicImage
18/11/2015 18:49:09 (Std) 	[ImageManager] Created image: 'OgreTrayImages/MiniTextBoxOverBR' (0x2b7b560) of type: BasicImage
18/11/2015 18:49:09 (Std) 	[ImageManager] Created image: 'OgreTrayImages/MiniTextBoxOverTL' (0x2b7b770) of type: BasicImage
18/11/2015 18:49:09 (Std) 	[ImageManager] Created image: 'OgreTrayImages/MiniTextBoxOverTR' (0x2b7ba10) of type: BasicImage
18/11/2015 18:49:09 (Error)	The C locale for LC_NUMERIC and/or LC_ALL is not set to "C". However, CEGUI is only ensured to parse strings and numbers correctly under the condition that the locale is set to "C". This is required, for example, when parsing files or converting from a (property-) value to a String (or vice-versa). If your code or one of your libraries change the locale (typically, by using the function "setlocale"), please set the locale back to the default everytime before a relevant call to CEGUI is issued to ensure that the parsing will be functional and correct. If you know what you are doing and there are no issues whatsoever, you may ignore this error message.
18/11/2015 18:49:09 (Error)	The C locale for LC_NUMERIC and/or LC_ALL is not set to "C". However, CEGUI is only ensured to parse strings and numbers correctly under the condition that the locale is set to "C". This is required, for example, when parsing files or converting from a (property-) value to a String (or vice-versa). If your code or one of your libraries change the locale (typically, by using the function "setlocale"), please set the locale back to the default everytime before a relevant call to CEGUI is issued to ensure that the parsing will be functional and correct. If you know what you are doing and there are no issues whatsoever, you may ignore this error message.
18/11/2015 18:49:09 (Std) 	===== Falagard 'root' element: look and feel parsing begins =====
18/11/2015 18:49:09 (Std) 	===== Look and feel parsing completed =====
18/11/2015 18:49:09 (Std) 	No window renderer factories specified for module 'CEGUICoreWindowRendererSet' - adding all available factories...
18/11/2015 18:49:09 (Std) 	Creating falagard mapping for type 'OgreTray/Label' using base type 'DefaultWindow', window renderer 'Core/Default' Look'N'Feel 'OgreTray/Label' and RenderEffect ''. (0x7ffc062fb920)
18/11/2015 18:49:09 (Std) 	Creating falagard mapping for type 'OgreTray/Button' using base type 'CEGUI/PushButton', window renderer 'Core/Button' Look'N'Feel 'OgreTray/PushButton' and RenderEffect ''. (0x7ffc062fb920)
18/11/2015 18:49:09 (Std) 	Creating falagard mapping for type 'OgreTray/Titlebar' using base type 'CEGUI/Titlebar', window renderer 'Core/Titlebar' Look'N'Feel 'OgreTray/Titlebar' and RenderEffect ''. (0x7ffc062fb920)
18/11/2015 18:49:09 (Std) 	Creating falagard mapping for type 'OgreTray/FrameWindow' using base type 'CEGUI/FrameWindow', window renderer 'Core/FrameWindow' Look'N'Feel 'OgreTray/FrameWindow' and RenderEffect ''. (0x7ffc062fb920)
18/11/2015 18:49:09 (Std) 	Creating falagard mapping for type 'OgreTray/Thumb' using base type 'CEGUI/Thumb', window renderer 'Core/Button' Look'N'Feel 'OgreTray/Thumb' and RenderEffect ''. (0x7ffc062fb920)
18/11/2015 18:49:09 (Std) 	Creating falagard mapping for type 'OgreTray/VerticalScrollbar' using base type 'CEGUI/Scrollbar', window renderer 'Core/Scrollbar' Look'N'Feel 'OgreTray/VerticalScrollbar' and RenderEffect ''. (0x7ffc062fb920)
18/11/2015 18:49:09 (Std) 	Creating falagard mapping for type 'OgreTray/HorizontalScrollbar' using base type 'CEGUI/Scrollbar', window renderer 'Core/Scrollbar' Look'N'Feel 'OgreTray/HorizontalScrollbar' and RenderEffect ''. (0x7ffc062fb920)
18/11/2015 18:49:09 (Std) 	Creating falagard mapping for type 'OgreTray/StaticText' using base type 'DefaultWindow', window renderer 'Core/StaticText' Look'N'Feel 'OgreTray/StaticText' and RenderEffect ''. (0x7ffc062fb920)
18/11/2015 18:49:09 (Std) 	Creating falagard mapping for type 'OgreTray/Title' using base type 'DefaultWindow', window renderer 'Core/Default' Look'N'Feel 'OgreTray/MiniTray' and RenderEffect ''. (0x7ffc062fb920)
18/11/2015 18:49:09 (Std) 	Creating falagard mapping for type 'OgreTray/CaptionedStaticText' using base type 'DefaultWindow', window renderer 'Core/StaticText' Look'N'Feel 'OgreTray/CaptionedStaticText' and RenderEffect ''. (0x7ffc062fb920)
18/11/2015 18:49:09 (Std) 	Creating falagard mapping for type 'OgreTray/ProgressBar' using base type 'CEGUI/ProgressBar', window renderer 'Core/ProgressBar' Look'N'Feel 'OgreTray/ProgressBar' and RenderEffect ''. (0x7ffc062fb920)
18/11/2015 18:49:09 (Std) 	Creating falagard mapping for type 'OgreTray/Editbox' using base type 'CEGUI/Editbox', window renderer 'Core/Editbox' Look'N'Feel 'OgreTray/Editbox' and RenderEffect ''. (0x7ffc062fb920)
18/11/2015 18:49:09 (Std) 	Creating falagard mapping for type 'OgreTray/MultiLineEditbox' using base type 'CEGUI/MultiLineEditbox', window renderer 'Core/MultiLineEditbox' Look'N'Feel 'OgreTray/MultiLineEditbox' and RenderEffect ''. (0x7ffc062fb920)
18/11/2015 18:49:09 (Std) 	Creating falagard mapping for type 'OgreTray/Listbox' using base type 'CEGUI/Listbox', window renderer 'Core/Listbox' Look'N'Feel 'OgreTray/Listbox' and RenderEffect ''. (0x7ffc062fb920)
18/11/2015 18:49:09 (Std) 	Creating falagard mapping for type 'OgreTray/ComboDropList' using base type 'CEGUI/ComboDropList', window renderer 'Core/Listbox' Look'N'Feel 'OgreTray/Listbox' and RenderEffect ''. (0x7ffc062fb920)
18/11/2015 18:49:09 (Std) 	Creating falagard mapping for type 'OgreTray/Combobox' using base type 'CEGUI/Combobox', window renderer 'Core/Default' Look'N'Feel 'OgreTray/Combobox' and RenderEffect ''. (0x7ffc062fb920)
18/11/2015 18:49:09 (Std) 	Creating falagard mapping for type 'OgreTray/DropDownMenu' using base type 'CEGUI/Combobox', window renderer 'Core/Default' Look'N'Feel 'OgreTray/DropDownMenu' and RenderEffect ''. (0x7ffc062fb920)
18/11/2015 18:49:09 (Std) 	Creating falagard mapping for type 'OgreTray/Group' using base type 'DefaultWindow', window renderer 'Core/Default' Look'N'Feel 'OgreTray/Group' and RenderEffect ''. (0x7ffc062fb920)
18/11/2015 18:49:09 (Std) 	Creating falagard mapping for type 'OgreTray/Checkbox' using base type 'CEGUI/ToggleButton', window renderer 'Core/ToggleButton' Look'N'Feel 'OgreTray/Checkbox' and RenderEffect ''. (0x7ffc062fb920)
18/11/2015 18:49:09 (Std) 	Creating falagard mapping for type 'OgreTray/RadioButton' using base type 'CEGUI/RadioButton', window renderer 'Core/ToggleButton' Look'N'Feel 'OgreTray/RadioButton' and RenderEffect ''. (0x7ffc062fb920)
18/11/2015 18:49:09 (Std) 	Creating falagard mapping for type 'OgreTray/Slider' using base type 'CEGUI/Slider', window renderer 'Core/Slider' Look'N'Feel 'OgreTray/Slider' and RenderEffect ''. (0x7ffc062fb920)
18/11/2015 18:49:09 (Std) 	Creating falagard mapping for type 'OgreTray/StaticImage' using base type 'DefaultWindow', window renderer 'Core/StaticImage' Look'N'Feel 'OgreTray/StaticImage' and RenderEffect ''. (0x7ffc062fb920)
18/11/2015 18:49:09 (Std) 	Creating falagard mapping for type 'OgreTray/AltStaticImage' using base type 'DefaultWindow', window renderer 'Core/Default' Look'N'Feel 'OgreTray/AltStaticImage' and RenderEffect ''. (0x7ffc062fb920)
18/11/2015 18:49:09 (Std) 	Creating falagard mapping for type 'OgreTray/Tooltip' using base type 'CEGUI/Tooltip', window renderer 'Core/Tooltip' Look'N'Feel 'OgreTray/Tooltip' and RenderEffect ''. (0x7ffc062fb920)
18/11/2015 18:49:09 (Std) 	Creating falagard mapping for type 'OgreTray/ItemListbox' using base type 'CEGUI/ItemListbox', window renderer 'Core/ItemListbox' Look'N'Feel 'OgreTray/ItemListbox' and RenderEffect ''. (0x7ffc062fb920)
18/11/2015 18:49:09 (Std) 	Creating falagard mapping for type 'OgreTray/ListboxItem' using base type 'CEGUI/ItemEntry', window renderer 'Core/ItemEntry' Look'N'Feel 'OgreTray/ListboxItem' and RenderEffect ''. (0x7ffc062fb920)
18/11/2015 18:49:09 (Std) 	Creating falagard mapping for type 'OgreTray/Spinner' using base type 'CEGUI/Spinner', window renderer 'Core/Default' Look'N'Feel 'OgreTray/Spinner' and RenderEffect ''. (0x7ffc062fb920)
18/11/2015 18:49:09 (Std) 	Creating falagard mapping for type 'OgreTray/ScrollablePane' using base type 'CEGUI/ScrollablePane', window renderer 'Core/ScrollablePane' Look'N'Feel 'OgreTray/ScrollablePane' and RenderEffect ''. (0x7ffc062fb920)
18/11/2015 18:49:09 (Std) 	Creating falagard mapping for type 'OgreTray/ListHeaderSegment' using base type 'CEGUI/ListHeaderSegment', window renderer 'Core/ListHeaderSegment' Look'N'Feel 'OgreTray/ListHeaderSegment' and RenderEffect ''. (0x7ffc062fb920)
18/11/2015 18:49:09 (Std) 	Creating falagard mapping for type 'OgreTray/ListHeader' using base type 'CEGUI/ListHeader', window renderer 'Core/ListHeader' Look'N'Feel 'OgreTray/ListHeader' and RenderEffect ''. (0x7ffc062fb920)
18/11/2015 18:49:09 (Std) 	Creating falagard mapping for type 'OgreTray/MultiColumnList' using base type 'CEGUI/MultiColumnList', window renderer 'Core/MultiColumnList' Look'N'Feel 'OgreTray/MultiColumnList' and RenderEffect ''. (0x7ffc062fb920)
18/11/2015 18:49:09 (Std) 	Creating falagard mapping for type 'OgreTray/MenuItem' using base type 'CEGUI/MenuItem', window renderer 'Core/MenuItem' Look'N'Feel 'OgreTray/MenuItem' and RenderEffect ''. (0x7ffc062fb920)
18/11/2015 18:49:09 (Std) 	Creating falagard mapping for type 'OgreTray/Menubar' using base type 'CEGUI/Menubar', window renderer 'Core/Menubar' Look'N'Feel 'OgreTray/Menubar' and RenderEffect ''. (0x7ffc062fb920)
18/11/2015 18:49:09 (Std) 	Creating falagard mapping for type 'OgreTray/PopupMenu' using base type 'CEGUI/PopupMenu', window renderer 'Core/PopupMenu' Look'N'Feel 'OgreTray/PopupMenu' and RenderEffect ''. (0x7ffc062fb920)
18/11/2015 18:49:09 (Std) 	Creating falagard mapping for type 'OgreTray/TabButton' using base type 'CEGUI/TabButton', window renderer 'Core/TabButton' Look'N'Feel 'OgreTray/TabButton' and RenderEffect ''. (0x7ffc062fb920)
18/11/2015 18:49:09 (Std) 	Creating falagard mapping for type 'OgreTray/TabButtonPane' using base type 'DefaultWindow', window renderer 'Core/Default' Look'N'Feel 'OgreTray/TabButtonPane' and RenderEffect ''. (0x7ffc062fb920)
18/11/2015 18:49:09 (Std) 	Creating falagard mapping for type 'OgreTray/TabContentPane' using base type 'DefaultWindow', window renderer 'Core/Default' Look'N'Feel 'OgreTray/TabContentPane' and RenderEffect ''. (0x7ffc062fb920)
18/11/2015 18:49:09 (Std) 	Creating falagard mapping for type 'OgreTray/TabControl' using base type 'CEGUI/TabControl', window renderer 'Core/TabControl' Look'N'Feel 'OgreTray/TabControl' and RenderEffect ''. (0x7ffc062fb920)
18/11/2015 18:49:09 (Std) 	Creating falagard mapping for type 'OgreTray/BG' using base type 'DefaultWindow', window renderer 'Core/Default' Look'N'Feel 'OgreTray/BGTest' and RenderEffect ''. (0x7ffc062fb920)
18/11/2015 18:49:09 (Error)	The C locale for LC_NUMERIC and/or LC_ALL is not set to "C". However, CEGUI is only ensured to parse strings and numbers correctly under the condition that the locale is set to "C". This is required, for example, when parsing files or converting from a (property-) value to a String (or vice-versa). If your code or one of your libraries change the locale (typically, by using the function "setlocale"), please set the locale back to the default everytime before a relevant call to CEGUI is issued to ensure that the parsing will be functional and correct. If you know what you are doing and there are no issues whatsoever, you may ignore this error message.
18/11/2015 18:49:09 (Std) 	Started creation of Scheme from XML specification:
18/11/2015 18:49:09 (Std) 	---- CEGUI GUIScheme name: TaharezLook
18/11/2015 18:49:09 (Error)	The C locale for LC_NUMERIC and/or LC_ALL is not set to "C". However, CEGUI is only ensured to parse strings and numbers correctly under the condition that the locale is set to "C". This is required, for example, when parsing files or converting from a (property-) value to a String (or vice-versa). If your code or one of your libraries change the locale (typically, by using the function "setlocale"), please set the locale back to the default everytime before a relevant call to CEGUI is issued to ensure that the parsing will be functional and correct. If you know what you are doing and there are no issues whatsoever, you may ignore this error message.
18/11/2015 18:49:09 (Std) 	[ImageManager] Started creation of Imageset from XML specification:
18/11/2015 18:49:09 (Std) 	[ImageManager] ---- CEGUI Imageset name: TaharezLook
18/11/2015 18:49:09 (Std) 	[ImageManager] ---- Source texture file: TaharezLook.png
18/11/2015 18:49:09 (Std) 	[ImageManager] ---- Source texture resource group: (Default)
18/11/2015 18:49:09 (Std) 	[OgreRenderer] Created texture: TaharezLook
18/11/2015 18:49:09 (Std) 	[ImageManager] Created image: 'TaharezLook/ClientBrush' (0x2d30b30) of type: BasicImage
18/11/2015 18:49:09 (Std) 	[ImageManager] Created image: 'TaharezLook/GenericBrush' (0x2aeea30) of type: BasicImage
18/11/2015 18:49:09 (Std) 	[ImageManager] Created image: 'TaharezLook/WindowLeftEdge' (0x2d31380) of type: BasicImage
18/11/2015 18:49:09 (Std) 	[ImageManager] Created image: 'TaharezLook/WindowRightEdge' (0x2dd6e80) of type: BasicImage
18/11/2015 18:49:09 (Std) 	[ImageManager] Created image: 'TaharezLook/WindowTopEdge' (0x2d304f0) of type: BasicImage
18/11/2015 18:49:09 (Std) 	[ImageManager] Created image: 'TaharezLook/WindowBottomEdge' (0x2d301d0) of type: BasicImage
18/11/2015 18:49:09 (Std) 	[ImageManager] Created image: 'TaharezLook/WindowTopLeft' (0x2d31680) of type: BasicImage
18/11/2015 18:49:09 (Std) 	[ImageManager] Created image: 'TaharezLook/WindowTopRight' (0x2d31890) of type: BasicImage
18/11/2015 18:49:09 (Std) 	[ImageManager] Created image: 'TaharezLook/WindowBottomLeft' (0x2d31aa0) of type: BasicImage
18/11/2015 18:49:09 (Std) 	[ImageManager] Created image: 'TaharezLook/WindowBottomRight' (0x2d31cb0) of type: BasicImage
18/11/2015 18:49:09 (Std) 	[ImageManager] Created image: 'TaharezLook/ButtonLeftNormal' (0x2d31ec0) of type: BasicImage
18/11/2015 18:49:09 (Std) 	[ImageManager] Created image: 'TaharezLook/ButtonMiddleNormal' (0x2d320d0) of type: BasicImage
18/11/2015 18:49:09 (Std) 	[ImageManager] Created image: 'TaharezLook/ButtonRightNormal' (0x2d322e0) of type: BasicImage
18/11/2015 18:49:09 (Std) 	[ImageManager] Created image: 'TaharezLook/ButtonLeftPushed' (0x2d324f0) of type: BasicImage
18/11/2015 18:49:09 (Std) 	[ImageManager] Created image: 'TaharezLook/ButtonMiddlePushed' (0x2d32700) of type: BasicImage
18/11/2015 18:49:09 (Std) 	[ImageManager] Created image: 'TaharezLook/ButtonRightPushed' (0x2d32910) of type: BasicImage
18/11/2015 18:49:09 (Std) 	[ImageManager] Created image: 'TaharezLook/ButtonLeftHighlight' (0x2d32b20) of type: BasicImage
18/11/2015 18:49:09 (Std) 	[ImageManager] Created image: 'TaharezLook/ButtonMiddleHighlight' (0x2d32d30) of type: BasicImage
18/11/2015 18:49:09 (Std) 	[ImageManager] Created image: 'TaharezLook/ButtonRightHighlight' (0x2d330f0) of type: BasicImage
18/11/2015 18:49:09 (Std) 	[ImageManager] Created image: 'TaharezLook/CheckboxNormal' (0x2d334b0) of type: BasicImage
18/11/2015 18:49:09 (Std) 	[ImageManager] Created image: 'TaharezLook/CheckboxHover' (0x2d336c0) of type: BasicImage
18/11/2015 18:49:09 (Std) 	[ImageManager] Created image: 'TaharezLook/CheckboxMark' (0x2d338d0) of type: BasicImage
18/11/2015 18:49:09 (Std) 	[ImageManager] Created image: 'TaharezLook/RadioButtonNormal' (0x2d33ae0) of type: BasicImage
18/11/2015 18:49:09 (Std) 	[ImageManager] Created image: 'TaharezLook/RadioButtonHover' (0x2d33cf0) of type: BasicImage
18/11/2015 18:49:09 (Std) 	[ImageManager] Created image: 'TaharezLook/RadioButtonMark' (0x2d30ed0) of type: BasicImage
18/11/2015 18:49:09 (Std) 	[ImageManager] Created image: 'TaharezLook/TitlebarLeft' (0x2d34090) of type: BasicImage
18/11/2015 18:49:09 (Std) 	[ImageManager] Created image: 'TaharezLook/TitlebarMiddle' (0x2ccf2c0) of type: BasicImage
18/11/2015 18:49:09 (Std) 	[ImageManager] Created image: 'TaharezLook/TitlebarRight' (0x2ccf4d0) of type: BasicImage
18/11/2015 18:49:09 (Std) 	[ImageManager] Created image: 'TaharezLook/NewTitlebarLeft' (0x2ccf6e0) of type: BasicImage
18/11/2015 18:49:09 (Std) 	[ImageManager] Created image: 'TaharezLook/NewTitlebarMiddle' (0x2ccf8f0) of type: BasicImage
18/11/2015 18:49:09 (Std) 	[ImageManager] Created image: 'TaharezLook/NewTitlebarRight' (0x2ccfb00) of type: BasicImage
18/11/2015 18:49:09 (Std) 	[ImageManager] Created image: 'TaharezLook/SysAreaMiddle' (0x2ccfd10) of type: BasicImage
18/11/2015 18:49:09 (Std) 	[ImageManager] Created image: 'TaharezLook/SysAreaRight' (0x2ccff20) of type: BasicImage
18/11/2015 18:49:09 (Std) 	[ImageManager] Created image: 'TaharezLook/StaticLeft' (0x2cd0130) of type: BasicImage
18/11/2015 18:49:09 (Std) 	[ImageManager] Created image: 'TaharezLook/StaticRight' (0x2cd0340) of type: BasicImage
18/11/2015 18:49:09 (Std) 	[ImageManager] Created image: 'TaharezLook/StaticTop' (0x2cd0550) of type: BasicImage
18/11/2015 18:49:09 (Std) 	[ImageManager] Created image: 'TaharezLook/StaticBottom' (0x2cd0760) of type: BasicImage
18/11/2015 18:49:09 (Std) 	[ImageManager] Created image: 'TaharezLook/StaticTopLeft' (0x2cd0970) of type: BasicImage
18/11/2015 18:49:09 (Std) 	[ImageManager] Created image: 'TaharezLook/StaticTopRight' (0x2cd0b80) of type: BasicImage
18/11/2015 18:49:09 (Std) 	[ImageManager] Created image: 'TaharezLook/StaticBottomLeft' (0x2cd0d90) of type: BasicImage
18/11/2015 18:49:09 (Std) 	[ImageManager] Created image: 'TaharezLook/StaticBottomRight' (0x2cd0fa0) of type: BasicImage
18/11/2015 18:49:09 (Std) 	[ImageManager] Created image: 'TaharezLook/StaticBackdrop' (0x2cd11b0) of type: BasicImage
18/11/2015 18:49:09 (Std) 	[ImageManager] Created image: 'TaharezLook/ProgressBarLeft' (0x2cd13c0) of type: BasicImage
18/11/2015 18:49:09 (Std) 	[ImageManager] Created image: 'TaharezLook/ProgressBarMiddle' (0x2cd15d0) of type: BasicImage
18/11/2015 18:49:09 (Std) 	[ImageManager] Created image: 'TaharezLook/ProgressBarRight' (0x2cd17e0) of type: BasicImage
18/11/2015 18:49:09 (Std) 	[ImageManager] Created image: 'TaharezLook/ProgressBarDimSegment' (0x2cd19f0) of type: BasicImage
18/11/2015 18:49:09 (Std) 	[ImageManager] Created image: 'TaharezLook/ProgressBarLitSegment' (0x2cd1d20) of type: BasicImage
18/11/2015 18:49:09 (Std) 	[ImageManager] Created image: 'TaharezLook/EditBoxLeft' (0x2cd2050) of type: BasicImage
18/11/2015 18:49:09 (Std) 	[ImageManager] Created image: 'TaharezLook/EditBoxMiddle' (0x2cd2260) of type: BasicImage
18/11/2015 18:49:09 (Std) 	[ImageManager] Created image: 'TaharezLook/EditBoxRight' (0x2cd2470) of type: BasicImage
18/11/2015 18:49:09 (Std) 	[ImageManager] Created image: 'TaharezLook/EditBoxCaret' (0x2cd2680) of type: BasicImage
18/11/2015 18:49:09 (Std) 	[ImageManager] Created image: 'TaharezLook/SpinnerUpNormal' (0x2cd2890) of type: BasicImage
18/11/2015 18:49:09 (Std) 	[ImageManager] Created image: 'TaharezLook/SpinnerDownNormal' (0x2cd2aa0) of type: BasicImage
18/11/2015 18:49:09 (Std) 	[ImageManager] Created image: 'TaharezLook/SpinnerUpHover' (0x2cd2cb0) of type: BasicImage
18/11/2015 18:49:09 (Std) 	[ImageManager] Created image: 'TaharezLook/SpinnerDownHover' (0x2cd2ec0) of type: BasicImage
18/11/2015 18:49:09 (Std) 	[ImageManager] Created image: 'TaharezLook/TextSelectionBrush' (0x2cd30d0) of type: BasicImage
18/11/2015 18:49:09 (Std) 	[ImageManager] Created image: 'TaharezLook/VertScrollTop' (0x2cd32e0) of type: BasicImage
18/11/2015 18:49:09 (Std) 	[ImageManager] Created image: 'TaharezLook/VertScrollMiddle' (0x2cd34f0) of type: BasicImage
18/11/2015 18:49:09 (Std) 	[ImageManager] Created image: 'TaharezLook/VertScrollBottom' (0x2d30700) of type: BasicImage
18/11/2015 18:49:09 (Std) 	[ImageManager] Created image: 'TaharezLook/VertScrollBarSegment' (0x2d31180) of type: BasicImage
18/11/2015 18:49:09 (Std) 	[ImageManager] Created image: 'TaharezLook/VertScrollThumbNormal' (0x2ce9690) of type: BasicImage
18/11/2015 18:49:09 (Std) 	[ImageManager] Created image: 'TaharezLook/VertScrollThumbHover' (0x2ce99c0) of type: BasicImage
18/11/2015 18:49:09 (Std) 	[ImageManager] Created image: 'TaharezLook/VertScrollUpNormal' (0x2ce9cf0) of type: BasicImage
18/11/2015 18:49:09 (Std) 	[ImageManager] Created image: 'TaharezLook/VertScrollDownNormal' (0x2ce9f00) of type: BasicImage
18/11/2015 18:49:09 (Std) 	[ImageManager] Created image: 'TaharezLook/VertScrollUpHover' (0x2cea230) of type: BasicImage
18/11/2015 18:49:09 (Std) 	[ImageManager] Created image: 'TaharezLook/VertScrollDownHover' (0x2cea440) of type: BasicImage
18/11/2015 18:49:09 (Std) 	[ImageManager] Created image: 'TaharezLook/MiniVertScrollBarSegment' (0x2cea650) of type: BasicImage
18/11/2015 18:49:09 (Std) 	[ImageManager] Created image: 'TaharezLook/MiniVertScrollThumbNormal' (0x2ceaa40) of type: BasicImage
18/11/2015 18:49:09 (Std) 	[ImageManager] Created image: 'TaharezLook/MiniVertScrollThumbTopNormal' (0x2ceae30) of type: BasicImage
18/11/2015 18:49:09 (Std) 	[ImageManager] Created image: 'TaharezLook/MiniVertScrollThumbMiddleNormal' (0x2ceb040) of type: BasicImage
18/11/2015 18:49:09 (Std) 	[ImageManager] Created image: 'TaharezLook/MiniVertScrollThumbBottomNormal' (0x2ceb490) of type: BasicImage
18/11/2015 18:49:09 (Std) 	[ImageManager] Created image: 'TaharezLook/MiniVertScrollThumbTopHover' (0x2ceb8e0) of type: BasicImage
18/11/2015 18:49:09 (Std) 	[ImageManager] Created image: 'TaharezLook/MiniVertScrollThumbMiddleHover' (0x2cebc50) of type: BasicImage
18/11/2015 18:49:09 (Std) 	[ImageManager] Created image: 'TaharezLook/MiniVertScrollThumbBottomHover' (0x2cec0a0) of type: BasicImage
18/11/2015 18:49:09 (Std) 	[ImageManager] Created image: 'TaharezLook/MiniVertScrollThumbHover' (0x2cec430) of type: BasicImage
18/11/2015 18:49:09 (Std) 	[ImageManager] Created image: 'TaharezLook/MiniVertScrollUpNormal' (0x2cec820) of type: BasicImage
18/11/2015 18:49:09 (Std) 	[ImageManager] Created image: 'TaharezLook/MiniVertScrollDownNormal' (0x2cecb70) of type: BasicImage
18/11/2015 18:49:09 (Std) 	[ImageManager] Created image: 'TaharezLook/MiniVertScrollUpHover' (0x2cecec0) of type: BasicImage
18/11/2015 18:49:09 (Std) 	[ImageManager] Created image: 'TaharezLook/MiniVertScrollDownHover' (0x2ced1f0) of type: BasicImage
18/11/2015 18:49:09 (Std) 	[ImageManager] Created image: 'TaharezLook/VertSliderBody' (0x2ced540) of type: BasicImage
18/11/2015 18:49:09 (Std) 	[ImageManager] Created image: 'TaharezLook/VertSliderThumbNormal' (0x2ced750) of type: BasicImage
18/11/2015 18:49:09 (Std) 	[ImageManager] Created image: 'TaharezLook/VertSliderThumbHover' (0x2ceda80) of type: BasicImage
18/11/2015 18:49:09 (Std) 	[ImageManager] Created image: 'TaharezLook/MiniHorzScrollBarSegment' (0x2ceddb0) of type: BasicImage
18/11/2015 18:49:09 (Std) 	[ImageManager] Created image: 'TaharezLook/MiniHorzScrollThumbNormal' (0x2cee100) of type: BasicImage
18/11/2015 18:49:09 (Std) 	[ImageManager] Created image: 'TaharezLook/MiniHorzScrollThumbLeftNormal' (0x2cee450) of type: BasicImage
18/11/2015 18:49:09 (Std) 	[ImageManager] Created image: 'TaharezLook/MiniHorzScrollThumbMiddleNormal' (0x2cee7c0) of type: BasicImage
18/11/2015 18:49:09 (Std) 	[ImageManager] Created image: 'TaharezLook/MiniHorzScrollThumbRightNormal' (0x2ceeb50) of type: BasicImage
18/11/2015 18:49:09 (Std) 	[ImageManager] Created image: 'TaharezLook/MiniHorzScrollThumbHover' (0x2ceeee0) of type: BasicImage
18/11/2015 18:49:09 (Std) 	[ImageManager] Created image: 'TaharezLook/MiniHorzScrollThumbLeftHover' (0x2cef230) of type: BasicImage
18/11/2015 18:49:09 (Std) 	[ImageManager] Created image: 'TaharezLook/MiniHorzScrollThumbMiddleHover' (0x2cef5a0) of type: BasicImage
18/11/2015 18:49:09 (Std) 	[ImageManager] Created image: 'TaharezLook/MiniHorzScrollThumbRightHover' (0x2cef930) of type: BasicImage
18/11/2015 18:49:09 (Std) 	[ImageManager] Created image: 'TaharezLook/MiniHorzScrollLeftNormal' (0x2cd3890) of type: BasicImage
18/11/2015 18:49:09 (Std) 	[ImageManager] Created image: 'TaharezLook/MiniHorzScrollRightNormal' (0x2cc1e70) of type: BasicImage
18/11/2015 18:49:09 (Std) 	[ImageManager] Created image: 'TaharezLook/MiniHorzScrollLeftHover' (0x2cc2260) of type: BasicImage
18/11/2015 18:49:09 (Std) 	[ImageManager] Created image: 'TaharezLook/MiniHorzScrollRightHover' (0x2cc25b0) of type: BasicImage
18/11/2015 18:49:09 (Std) 	[ImageManager] Created image: 'TaharezLook/ListboxLeft' (0x2cc2900) of type: BasicImage
18/11/2015 18:49:09 (Std) 	[ImageManager] Created image: 'TaharezLook/ListboxRight' (0x2cc2b10) of type: BasicImage
18/11/2015 18:49:09 (Std) 	[ImageManager] Created image: 'TaharezLook/ListboxTop' (0x2cc2d20) of type: BasicImage
18/11/2015 18:49:09 (Std) 	[ImageManager] Created image: 'TaharezLook/ListboxBottom' (0x2cc2f30) of type: BasicImage
18/11/2015 18:49:09 (Std) 	[ImageManager] Created image: 'TaharezLook/ListboxTopLeft' (0x2cc3140) of type: BasicImage
18/11/2015 18:49:09 (Std) 	[ImageManager] Created image: 'TaharezLook/ListboxTopRight' (0x2cc3350) of type: BasicImage
18/11/2015 18:49:09 (Std) 	[ImageManager] Created image: 'TaharezLook/ListboxBottomLeft' (0x2cc3560) of type: BasicImage
18/11/2015 18:49:09 (Std) 	[ImageManager] Created image: 'TaharezLook/ListboxBottomRight' (0x2cc3770) of type: BasicImage
18/11/2015 18:49:09 (Std) 	[ImageManager] Created image: 'TaharezLook/ListboxBackdrop' (0x2cc3980) of type: BasicImage
18/11/2015 18:49:09 (Std) 	[ImageManager] Created image: 'TaharezLook/ListboxSelectionBrush' (0x2cc3b90) of type: BasicImage
18/11/2015 18:49:09 (Std) 	[ImageManager] Created image: 'TaharezLook/ComboboxEditLeft' (0x2cc3ec0) of type: BasicImage
18/11/2015 18:49:09 (Std) 	[ImageManager] Created image: 'TaharezLook/ComboboxEditMiddle' (0x2cc40d0) of type: BasicImage
18/11/2015 18:49:09 (Std) 	[ImageManager] Created image: 'TaharezLook/ComboboxListButtonNormal' (0x2cc42e0) of type: BasicImage
18/11/2015 18:49:09 (Std) 	[ImageManager] Created image: 'TaharezLook/ComboboxListButtonHover' (0x2cc4630) of type: BasicImage
18/11/2015 18:49:09 (Std) 	[ImageManager] Created image: 'TaharezLook/ComboboxListLeft' (0x2cc4980) of type: BasicImage
18/11/2015 18:49:09 (Std) 	[ImageManager] Created image: 'TaharezLook/ComboboxListRight' (0x2cc4b90) of type: BasicImage
18/11/2015 18:49:09 (Std) 	[ImageManager] Created image: 'TaharezLook/ComboboxListTop' (0x2cc4da0) of type: BasicImage
18/11/2015 18:49:09 (Std) 	[ImageManager] Created image: 'TaharezLook/ComboboxListBottom' (0x2cc4fb0) of type: BasicImage
18/11/2015 18:49:09 (Std) 	[ImageManager] Created image: 'TaharezLook/ComboboxListTopLeft' (0x2cc51c0) of type: BasicImage
18/11/2015 18:49:09 (Std) 	[ImageManager] Created image: 'TaharezLook/ComboboxListTopRight' (0x2cc53d0) of type: BasicImage
18/11/2015 18:49:09 (Std) 	[ImageManager] Created image: 'TaharezLook/ComboboxListBottomLeft' (0x2cc5700) of type: BasicImage
18/11/2015 18:49:09 (Std) 	[ImageManager] Created image: 'TaharezLook/ComboboxListBottomRight' (0x2cc5a50) of type: BasicImage
18/11/2015 18:49:09 (Std) 	[ImageManager] Created image: 'TaharezLook/ComboboxListBackdrop' (0x2cc5da0) of type: BasicImage
18/11/2015 18:49:09 (Std) 	[ImageManager] Created image: 'TaharezLook/ComboboxSelectionBrush' (0x2cc60d0) of type: BasicImage
18/11/2015 18:49:09 (Std) 	[ImageManager] Created image: 'TaharezLook/ComboboxDividerLeft' (0x2cc6420) of type: BasicImage
18/11/2015 18:49:09 (Std) 	[ImageManager] Created image: 'TaharezLook/ComboboxDividerMiddle' (0x2cc6630) of type: BasicImage
18/11/2015 18:49:09 (Std) 	[ImageManager] Created image: 'TaharezLook/ComboboxDividerRight' (0x2cc6960) of type: BasicImage
18/11/2015 18:49:09 (Std) 	[ImageManager] Created image: 'TaharezLook/HeaderBarBackdropNormal' (0x2cc6c90) of type: BasicImage
18/11/2015 18:49:09 (Std) 	[ImageManager] Created image: 'TaharezLook/HeaderBarBackdropHover' (0x2cc6fe0) of type: BasicImage
18/11/2015 18:49:09 (Std) 	[ImageManager] Created image: 'TaharezLook/HeaderBarSplitterNormal' (0x2cc7330) of type: BasicImage
18/11/2015 18:49:09 (Std) 	[ImageManager] Created image: 'TaharezLook/HeaderBarSplitterHover' (0x2cc7680) of type: BasicImage
18/11/2015 18:49:09 (Std) 	[ImageManager] Created image: 'TaharezLook/HeaderBarSortUp' (0x2cc79d0) of type: BasicImage
18/11/2015 18:49:09 (Std) 	[ImageManager] Created image: 'TaharezLook/HeaderBarSortDown' (0x2cc7be0) of type: BasicImage
18/11/2015 18:49:09 (Std) 	[ImageManager] Created image: 'TaharezLook/MultiListLeft' (0x2cc7df0) of type: BasicImage
18/11/2015 18:49:09 (Std) 	[ImageManager] Created image: 'TaharezLook/MultiListRight' (0x2cc8000) of type: BasicImage
18/11/2015 18:49:09 (Std) 	[ImageManager] Created image: 'TaharezLook/MultiListTop' (0x2cc8210) of type: BasicImage
18/11/2015 18:49:09 (Std) 	[ImageManager] Created image: 'TaharezLook/MultiListBottom' (0x2cc8420) of type: BasicImage
18/11/2015 18:49:09 (Std) 	[ImageManager] Created image: 'TaharezLook/MultiListTopLeft' (0x2cc8630) of type: BasicImage
18/11/2015 18:49:09 (Std) 	[ImageManager] Created image: 'TaharezLook/MultiListTopRight' (0x2cc8840) of type: BasicImage
18/11/2015 18:49:09 (Std) 	[ImageManager] Created image: 'TaharezLook/MultiListBottomLeft' (0x2cc8a50) of type: BasicImage
18/11/2015 18:49:09 (Std) 	[ImageManager] Created image: 'TaharezLook/MultiListBottomRight' (0x2cc8c60) of type: BasicImage
18/11/2015 18:49:09 (Std) 	[ImageManager] Created image: 'TaharezLook/MultiListBackdrop' (0x2cc8f90) of type: BasicImage
18/11/2015 18:49:09 (Std) 	[ImageManager] Created image: 'TaharezLook/MultiListSelectionBrush' (0x2cc91a0) of type: BasicImage
18/11/2015 18:49:09 (Std) 	[ImageManager] Created image: 'TaharezLook/AltProgressLeft' (0x2cc94f0) of type: BasicImage
18/11/2015 18:49:09 (Std) 	[ImageManager] Created image: 'TaharezLook/AltProgressMiddle' (0x2cc9700) of type: BasicImage
18/11/2015 18:49:09 (Std) 	[ImageManager] Created image: 'TaharezLook/AltProgressRight' (0x2cc9910) of type: BasicImage
18/11/2015 18:49:09 (Std) 	[ImageManager] Created image: 'TaharezLook/AltProgressQuarter' (0x2cc9b20) of type: BasicImage
18/11/2015 18:49:09 (Std) 	[ImageManager] Created image: 'TaharezLook/AltProgressHalf' (0x2cc9d30) of type: BasicImage
18/11/2015 18:49:09 (Std) 	[ImageManager] Created image: 'TaharezLook/AltProgressLight1' (0x2df9950) of type: BasicImage
18/11/2015 18:49:09 (Std) 	[ImageManager] Created image: 'TaharezLook/AltProgressLight2' (0x2df9b60) of type: BasicImage
18/11/2015 18:49:09 (Std) 	[ImageManager] Created image: 'TaharezLook/AltProgressLight3' (0x2df9d70) of type: BasicImage
18/11/2015 18:49:09 (Std) 	[ImageManager] Created image: 'TaharezLook/AltProgressLight4' (0x2df9f80) of type: BasicImage
18/11/2015 18:49:09 (Std) 	[ImageManager] Created image: 'TaharezLook/AltProgressLight5' (0x2dfa190) of type: BasicImage
18/11/2015 18:49:09 (Std) 	[ImageManager] Created image: 'TaharezLook/AltProgressLight6' (0x2dfa3a0) of type: BasicImage
18/11/2015 18:49:09 (Std) 	[ImageManager] Created image: 'TaharezLook/AltProgressLight7' (0x2dfa5b0) of type: BasicImage
18/11/2015 18:49:09 (Std) 	[ImageManager] Created image: 'TaharezLook/AltProgressLight8' (0x2dfa7c0) of type: BasicImage
18/11/2015 18:49:09 (Std) 	[ImageManager] Created image: 'TaharezLook/AltProgressLight9' (0x2dfa9d0) of type: BasicImage
18/11/2015 18:49:09 (Std) 	[ImageManager] Created image: 'TaharezLook/AltProgressLight10' (0x2dfabe0) of type: BasicImage
18/11/2015 18:49:09 (Std) 	[ImageManager] Created image: 'TaharezLook/CloseButtonNormal' (0x2dfadf0) of type: BasicImage
18/11/2015 18:49:09 (Std) 	[ImageManager] Created image: 'TaharezLook/CloseButtonHover' (0x2dfb000) of type: BasicImage
18/11/2015 18:49:09 (Std) 	[ImageManager] Created image: 'TaharezLook/CloseButtonPressed' (0x2dfb210) of type: BasicImage
18/11/2015 18:49:09 (Std) 	[ImageManager] Created image: 'TaharezLook/NewCloseButtonNormal' (0x2dfb420) of type: BasicImage
18/11/2015 18:49:09 (Std) 	[ImageManager] Created image: 'TaharezLook/NewCloseButtonHover' (0x2dfb630) of type: BasicImage
18/11/2015 18:49:09 (Std) 	[ImageManager] Created image: 'TaharezLook/NewCloseButtonPressed' (0x2dfb840) of type: BasicImage
18/11/2015 18:49:09 (Std) 	[ImageManager] Created image: 'TaharezLook/MultiLineEditboxLeft' (0x2dfba50) of type: BasicImage
18/11/2015 18:49:09 (Std) 	[ImageManager] Created image: 'TaharezLook/MultiLineEditboxRight' (0x2dfbc60) of type: BasicImage
18/11/2015 18:49:09 (Std) 	[ImageManager] Created image: 'TaharezLook/MultiLineEditboxTop' (0x2dfbe70) of type: BasicImage
18/11/2015 18:49:09 (Std) 	[ImageManager] Created image: 'TaharezLook/MultiLineEditboxBottom' (0x2dfc080) of type: BasicImage
18/11/2015 18:49:09 (Std) 	[ImageManager] Created image: 'TaharezLook/MultiLineEditboxTopLeft' (0x2dfc330) of type: BasicImage
18/11/2015 18:49:09 (Std) 	[ImageManager] Created image: 'TaharezLook/MultiLineEditboxTopRight' (0x2dfc680) of type: BasicImage
18/11/2015 18:49:09 (Std) 	[ImageManager] Created image: 'TaharezLook/MultiLineEditboxBottomLeft' (0x2dfcb60) of type: BasicImage
18/11/2015 18:49:09 (Std) 	[ImageManager] Created image: 'TaharezLook/MultiLineEditboxBottomRight' (0x2dfced0) of type: BasicImage
18/11/2015 18:49:09 (Std) 	[ImageManager] Created image: 'TaharezLook/MultiLineEditboxBackdrop' (0x2dfd240) of type: BasicImage
18/11/2015 18:49:09 (Std) 	[ImageManager] Created image: 'TaharezLook/MultiLineEditboxSelectionBrush' (0x2dfd5e0) of type: BasicImage
18/11/2015 18:49:09 (Std) 	[ImageManager] Created image: 'TaharezLook/MouseTarget' (0x2dfdee0) of type: BasicImage
18/11/2015 18:49:09 (Std) 	[ImageManager] Created image: 'TaharezLook/MouseArrow' (0x2aeae30) of type: BasicImage
18/11/2015 18:49:09 (Std) 	[ImageManager] Created image: 'TaharezLook/MouseMoveCursor' (0x2dfe410) of type: BasicImage
18/11/2015 18:49:09 (Std) 	[ImageManager] Created image: 'TaharezLook/MouseNoSoCursor' (0x2dfe620) of type: BasicImage
18/11/2015 18:49:09 (Std) 	[ImageManager] Created image: 'TaharezLook/MouseEsWeCursor' (0x2dfe830) of type: BasicImage
18/11/2015 18:49:09 (Std) 	[ImageManager] Created image: 'TaharezLook/MouseNeSwCursor' (0x2dfea40) of type: BasicImage
18/11/2015 18:49:09 (Std) 	[ImageManager] Created image: 'TaharezLook/MouseNwSeCursor' (0x2dfec50) of type: BasicImage
18/11/2015 18:49:09 (Std) 	[ImageManager] Created image: 'TaharezLook/MouseTextBar' (0x2dfee60) of type: BasicImage
18/11/2015 18:49:09 (Std) 	[ImageManager] Created image: 'TaharezLook/TabHorizontalFiller' (0x2dfe0f0) of type: BasicImage
18/11/2015 18:49:09 (Std) 	[ImageManager] Created image: 'TaharezLook/TabContentPaneUpperLeft' (0x2dfdb20) of type: BasicImage
18/11/2015 18:49:09 (Std) 	[ImageManager] Created image: 'TaharezLook/TabContentPaneUpper' (0x2dff070) of type: BasicImage
18/11/2015 18:49:09 (Std) 	[ImageManager] Created image: 'TaharezLook/TabContentPaneUpperRight' (0x2dff190) of type: BasicImage
18/11/2015 18:49:09 (Std) 	[ImageManager] Created image: 'TaharezLook/TabContentPaneLeft' (0x2dff440) of type: BasicImage
18/11/2015 18:49:09 (Std) 	[ImageManager] Created image: 'TaharezLook/TabContentPaneRight' (0x2dff650) of type: BasicImage
18/11/2015 18:49:09 (Std) 	[ImageManager] Created image: 'TaharezLook/TabContentPaneLower' (0x2dff860) of type: BasicImage
18/11/2015 18:49:09 (Std) 	[ImageManager] Created image: 'TaharezLook/TabContentPaneLowerLeft' (0x2dffa70) of type: BasicImage
18/11/2015 18:49:09 (Std) 	[ImageManager] Created image: 'TaharezLook/TabContentPaneLowerRight' (0x2dffdc0) of type: BasicImage
18/11/2015 18:49:09 (Std) 	[ImageManager] Created image: 'TaharezLook/TabContentPaneMiddle' (0x2e00110) of type: BasicImage
18/11/2015 18:49:09 (Std) 	[ImageManager] Created image: 'TaharezLook/TabButtonScrollLeftNormal' (0x2e004b0) of type: BasicImage
18/11/2015 18:49:09 (Std) 	[ImageManager] Created image: 'TaharezLook/TabButtonScrollRightNormal' (0x2e00990) of type: BasicImage
18/11/2015 18:49:09 (Std) 	[ImageManager] Created image: 'TaharezLook/TabButtonScrollLeftHover' (0x2cefca0) of type: BasicImage
18/11/2015 18:49:09 (Std) 	[ImageManager] Created image: 'TaharezLook/TabButtonScrollRightHover' (0x2e00ea0) of type: BasicImage
18/11/2015 18:49:09 (Std) 	[ImageManager] Created image: 'TaharezLook/TabButtonLeftNormal' (0x2e011f0) of type: BasicImage
18/11/2015 18:49:09 (Std) 	[ImageManager] Created image: 'TaharezLook/TabButtonRightNormal' (0x2e01400) of type: BasicImage
18/11/2015 18:49:09 (Std) 	[ImageManager] Created image: 'TaharezLook/TabButtonUpperNormal' (0x2e01610) of type: BasicImage
18/11/2015 18:49:09 (Std) 	[ImageManager] Created image: 'TaharezLook/TabButtonLowerNormal' (0x2e01940) of type: BasicImage
18/11/2015 18:49:09 (Std) 	[ImageManager] Created image: 'TaharezLook/TabButtonUpperLeftNormal' (0x2e01e00) of type: BasicImage
18/11/2015 18:49:09 (Std) 	[ImageManager] Created image: 'TaharezLook/TabButtonUpperLeft2Normal' (0x2e021f0) of type: BasicImage
18/11/2015 18:49:09 (Std) 	[ImageManager] Created image: 'TaharezLook/TabButtonUpperRightNormal' (0x2e02540) of type: BasicImage
18/11/2015 18:49:09 (Std) 	[ImageManager] Created image: 'TaharezLook/TabButtonLowerLeftNormal' (0x2e02890) of type: BasicImage
18/11/2015 18:49:09 (Std) 	[ImageManager] Created image: 'TaharezLook/TabButtonLowerRightNormal' (0x2e02be0) of type: BasicImage
18/11/2015 18:49:09 (Std) 	[ImageManager] Created image: 'TaharezLook/TabButtonLowerRight2Normal' (0x2e030c0) of type: BasicImage
18/11/2015 18:49:09 (Std) 	[ImageManager] Created image: 'TaharezLook/TabButtonMiddleNormal' (0x2dd9e30) of type: BasicImage
18/11/2015 18:49:09 (Std) 	[ImageManager] Created image: 'TaharezLook/TabButtonLeftSelected' (0x2e035d0) of type: BasicImage
18/11/2015 18:49:09 (Std) 	[ImageManager] Created image: 'TaharezLook/TabButtonRightSelected' (0x2e037e0) of type: BasicImage
18/11/2015 18:49:09 (Std) 	[ImageManager] Created image: 'TaharezLook/TabButtonUpperSelected' (0x2e03bd0) of type: BasicImage
18/11/2015 18:49:09 (Std) 	[ImageManager] Created image: 'TaharezLook/TabButtonLowerSelected' (0x2e03f20) of type: BasicImage
18/11/2015 18:49:09 (Std) 	[ImageManager] Created image: 'TaharezLook/TabButtonUpperLeftSelected' (0x2e04400) of type: BasicImage
18/11/2015 18:49:09 (Std) 	[ImageManager] Created image: 'TaharezLook/TabButtonUpperRightSelected' (0x2e04820) of type: BasicImage
18/11/2015 18:49:09 (Std) 	[ImageManager] Created image: 'TaharezLook/TabButtonLowerLeftSelected' (0x2e04b90) of type: BasicImage
18/11/2015 18:49:09 (Std) 	[ImageManager] Created image: 'TaharezLook/TabButtonLowerRightSelected' (0x2e04f00) of type: BasicImage
18/11/2015 18:49:09 (Std) 	[ImageManager] Created image: 'TaharezLook/TabButtonMiddleSelected' (0x2e05270) of type: BasicImage
18/11/2015 18:49:09 (Std) 	[ImageManager] Created image: 'TaharezLook/TooltipTopLeft' (0x2e05480) of type: BasicImage
18/11/2015 18:49:09 (Std) 	[ImageManager] Created image: 'TaharezLook/TooltipTopRight' (0x2e05690) of type: BasicImage
18/11/2015 18:49:09 (Std) 	[ImageManager] Created image: 'TaharezLook/TooltipBottomLeft' (0x2e058a0) of type: BasicImage
18/11/2015 18:49:09 (Std) 	[ImageManager] Created image: 'TaharezLook/TooltipBottomRight' (0x2e05ab0) of type: BasicImage
18/11/2015 18:49:09 (Std) 	[ImageManager] Created image: 'TaharezLook/TooltipLeftEdge' (0x2e05cc0) of type: BasicImage
18/11/2015 18:49:09 (Std) 	[ImageManager] Created image: 'TaharezLook/TooltipRightEdge' (0x2e05ed0) of type: BasicImage
18/11/2015 18:49:09 (Std) 	[ImageManager] Created image: 'TaharezLook/TooltipTopEdge' (0x2e060e0) of type: BasicImage
18/11/2015 18:49:09 (Std) 	[ImageManager] Created image: 'TaharezLook/TooltipBottomEdge' (0x2e062f0) of type: BasicImage
18/11/2015 18:49:09 (Std) 	[ImageManager] Created image: 'TaharezLook/TooltipMiddle' (0x2e06500) of type: BasicImage
18/11/2015 18:49:09 (Std) 	[ImageManager] Created image: 'TaharezLook/MenuTopLeft' (0x2e06710) of type: BasicImage
18/11/2015 18:49:09 (Std) 	[ImageManager] Created image: 'TaharezLook/MenuTopRight' (0x2e06920) of type: BasicImage
18/11/2015 18:49:09 (Std) 	[ImageManager] Created image: 'TaharezLook/MenuBottomLeft' (0x2e06b30) of type: BasicImage
18/11/2015 18:49:09 (Std) 	[ImageManager] Created image: 'TaharezLook/MenuBottomRight' (0x2e06d40) of type: BasicImage
18/11/2015 18:49:09 (Std) 	[ImageManager] Created image: 'TaharezLook/MenuLeft' (0x2e06f50) of type: BasicImage
18/11/2015 18:49:09 (Std) 	[ImageManager] Created image: 'TaharezLook/MenuRight' (0x2e07160) of type: BasicImage
18/11/2015 18:49:09 (Std) 	[ImageManager] Created image: 'TaharezLook/MenuTop' (0x2e07370) of type: BasicImage
18/11/2015 18:49:09 (Std) 	[ImageManager] Created image: 'TaharezLook/MenuBottom' (0x2e07580) of type: BasicImage
18/11/2015 18:49:09 (Std) 	[ImageManager] Created image: 'TaharezLook/MenuMiddle' (0x2e07790) of type: BasicImage
18/11/2015 18:49:09 (Std) 	[ImageManager] Created image: 'TaharezLook/PopupMenuFrameTopLeft' (0x2e079a0) of type: BasicImage
18/11/2015 18:49:09 (Std) 	[ImageManager] Created image: 'TaharezLook/PopupMenuFrameTopRight' (0x2e07bb0) of type: BasicImage
18/11/2015 18:49:09 (Std) 	[ImageManager] Created image: 'TaharezLook/PopupMenuFrameBottomLeft' (0x2e07fa0) of type: BasicImage
18/11/2015 18:49:09 (Std) 	[ImageManager] Created image: 'TaharezLook/PopupMenuFrameBottomRight' (0x2e082f0) of type: BasicImage
18/11/2015 18:49:09 (Std) 	[ImageManager] Created image: 'TaharezLook/PopupMenuFrameLeft' (0x2e08640) of type: BasicImage
18/11/2015 18:49:09 (Std) 	[ImageManager] Created image: 'TaharezLook/PopupMenuFrameRight' (0x2e08850) of type: BasicImage
18/11/2015 18:49:09 (Std) 	[ImageManager] Created image: 'TaharezLook/PopupMenuFrameTop' (0x2e08a60) of type: BasicImage
18/11/2015 18:49:09 (Std) 	[ImageManager] Created image: 'TaharezLook/PopupMenuFrameBottom' (0x2e08c70) of type: BasicImage
18/11/2015 18:49:09 (Std) 	[ImageManager] Created image: 'TaharezLook/PopupMenuMiddle' (0x2e08e80) of type: BasicImage
18/11/2015 18:49:09 (Std) 	[ImageManager] Created image: 'TaharezLook/PopupMenuArrowRight' (0x2e09090) of type: BasicImage
18/11/2015 18:49:09 (Std) 	[ImageManager] Created image: 'TaharezLook/PopupMenuArrowLeft' (0x2e092a0) of type: BasicImage
18/11/2015 18:49:09 (Std) 	[ImageManager] Created image: 'TaharezLook/TreeListClosed' (0x2e094b0) of type: BasicImage
18/11/2015 18:49:09 (Std) 	[ImageManager] Created image: 'TaharezLook/TreeListOpened' (0x2e096c0) of type: BasicImage
18/11/2015 18:49:09 (Std) 	[ImageManager] Created image: 'TaharezLook/UpArrow' (0x2e098d0) of type: BasicImage
18/11/2015 18:49:09 (Error)	The C locale for LC_NUMERIC and/or LC_ALL is not set to "C". However, CEGUI is only ensured to parse strings and numbers correctly under the condition that the locale is set to "C". This is required, for example, when parsing files or converting from a (property-) value to a String (or vice-versa). If your code or one of your libraries change the locale (typically, by using the function "setlocale"), please set the locale back to the default everytime before a relevant call to CEGUI is issued to ensure that the parsing will be functional and correct. If you know what you are doing and there are no issues whatsoever, you may ignore this error message.
18/11/2015 18:49:09 (Std) 	---- Returning existing instance of Font named 'DejaVuSans-12'.
18/11/2015 18:49:09 (Error)	The C locale for LC_NUMERIC and/or LC_ALL is not set to "C". However, CEGUI is only ensured to parse strings and numbers correctly under the condition that the locale is set to "C". This is required, for example, when parsing files or converting from a (property-) value to a String (or vice-versa). If your code or one of your libraries change the locale (typically, by using the function "setlocale"), please set the locale back to the default everytime before a relevant call to CEGUI is issued to ensure that the parsing will be functional and correct. If you know what you are doing and there are no issues whatsoever, you may ignore this error message.
18/11/2015 18:49:09 (Std) 	===== Falagard 'root' element: look and feel parsing begins =====
18/11/2015 18:49:09 (Std) 	===== Look and feel parsing completed =====
18/11/2015 18:49:09 (Std) 	No window renderer factories specified for module 'CEGUICoreWindowRendererSet' - adding all available factories...
18/11/2015 18:49:09 (Std) 	Creating falagard mapping for type 'TaharezLook/Label' using base type 'DefaultWindow', window renderer 'Core/Default' Look'N'Feel 'TaharezLook/Label' and RenderEffect ''. (0x7ffc062fb920)
18/11/2015 18:49:09 (Std) 	Creating falagard mapping for type 'TaharezLook/Button' using base type 'CEGUI/PushButton', window renderer 'Core/Button' Look'N'Feel 'TaharezLook/Button' and RenderEffect ''. (0x7ffc062fb920)
18/11/2015 18:49:09 (Std) 	Creating falagard mapping for type 'TaharezLook/Checkbox' using base type 'CEGUI/ToggleButton', window renderer 'Core/ToggleButton' Look'N'Feel 'TaharezLook/Checkbox' and RenderEffect ''. (0x7ffc062fb920)
18/11/2015 18:49:09 (Std) 	Creating falagard mapping for type 'TaharezLook/ImageButton' using base type 'CEGUI/PushButton', window renderer 'Core/Button' Look'N'Feel 'TaharezLook/ImageButton' and RenderEffect ''. (0x7ffc062fb920)
18/11/2015 18:49:09 (Std) 	Creating falagard mapping for type 'TaharezLook/RadioButton' using base type 'CEGUI/RadioButton', window renderer 'Core/ToggleButton' Look'N'Feel 'TaharezLook/RadioButton' and RenderEffect ''. (0x7ffc062fb920)
18/11/2015 18:49:09 (Std) 	Creating falagard mapping for type 'TaharezLook/FrameWindow' using base type 'CEGUI/FrameWindow', window renderer 'Core/FrameWindow' Look'N'Feel 'TaharezLook/FrameWindow' and RenderEffect ''. (0x7ffc062fb920)
18/11/2015 18:49:09 (Std) 	Creating falagard mapping for type 'TaharezLook/Titlebar' using base type 'CEGUI/Titlebar', window renderer 'Core/Titlebar' Look'N'Feel 'TaharezLook/Titlebar' and RenderEffect ''. (0x7ffc062fb920)
18/11/2015 18:49:09 (Std) 	Creating falagard mapping for type 'TaharezLook/Editbox' using base type 'CEGUI/Editbox', window renderer 'Core/Editbox' Look'N'Feel 'TaharezLook/Editbox' and RenderEffect ''. (0x7ffc062fb920)
18/11/2015 18:49:09 (Std) 	Creating falagard mapping for type 'TaharezLook/MultiLineEditbox' using base type 'CEGUI/MultiLineEditbox', window renderer 'Core/MultiLineEditbox' Look'N'Feel 'TaharezLook/MultiLineEditbox' and RenderEffect ''. (0x7ffc062fb920)
18/11/2015 18:49:09 (Std) 	Creating falagard mapping for type 'TaharezLook/Menubar' using base type 'CEGUI/Menubar', window renderer 'Core/Menubar' Look'N'Feel 'TaharezLook/Menubar' and RenderEffect ''. (0x7ffc062fb920)
18/11/2015 18:49:09 (Std) 	Creating falagard mapping for type 'TaharezLook/PopupMenu' using base type 'CEGUI/PopupMenu', window renderer 'Core/PopupMenu' Look'N'Feel 'TaharezLook/PopupMenu' and RenderEffect ''. (0x7ffc062fb920)
18/11/2015 18:49:09 (Std) 	Creating falagard mapping for type 'TaharezLook/MenuItem' using base type 'CEGUI/MenuItem', window renderer 'Core/MenuItem' Look'N'Feel 'TaharezLook/MenuItem' and RenderEffect ''. (0x7ffc062fb920)
18/11/2015 18:49:09 (Std) 	Creating falagard mapping for type 'TaharezLook/AlternateProgressBar' using base type 'CEGUI/ProgressBar', window renderer 'Core/ProgressBar' Look'N'Feel 'TaharezLook/AltProgressBar' and RenderEffect ''. (0x7ffc062fb920)
18/11/2015 18:49:09 (Std) 	Creating falagard mapping for type 'TaharezLook/ProgressBar' using base type 'CEGUI/ProgressBar', window renderer 'Core/ProgressBar' Look'N'Feel 'TaharezLook/ProgressBar' and RenderEffect ''. (0x7ffc062fb920)
18/11/2015 18:49:09 (Std) 	Creating falagard mapping for type 'TaharezLook/VUMeter' using base type 'CEGUI/ProgressBar', window renderer 'Core/ProgressBar' Look'N'Feel 'TaharezLook/VUMeter' and RenderEffect ''. (0x7ffc062fb920)
18/11/2015 18:49:09 (Std) 	Creating falagard mapping for type 'TaharezLook/VerticalScrollbar' using base type 'CEGUI/Scrollbar', window renderer 'Core/Scrollbar' Look'N'Feel 'TaharezLook/VerticalScrollbar' and RenderEffect ''. (0x7ffc062fb920)
18/11/2015 18:49:09 (Std) 	Creating falagard mapping for type 'TaharezLook/HorizontalScrollbar' using base type 'CEGUI/Scrollbar', window renderer 'Core/Scrollbar' Look'N'Feel 'TaharezLook/HorizontalScrollbar' and RenderEffect ''. (0x7ffc062fb920)
18/11/2015 18:49:09 (Std) 	Creating falagard mapping for type 'TaharezLook/VerticalScrollbarThumb' using base type 'CEGUI/Thumb', window renderer 'Core/Button' Look'N'Feel 'TaharezLook/VerticalScrollbarThumb' and RenderEffect ''. (0x7ffc062fb920)
18/11/2015 18:49:09 (Std) 	Creating falagard mapping for type 'TaharezLook/HorizontalScrollbarThumb' using base type 'CEGUI/Thumb', window renderer 'Core/Button' Look'N'Feel 'TaharezLook/HorizontalScrollbarThumb' and RenderEffect ''. (0x7ffc062fb920)
18/11/2015 18:49:09 (Std) 	Creating falagard mapping for type 'TaharezLook/LargeVerticalScrollbar' using base type 'CEGUI/Scrollbar', window renderer 'Core/Scrollbar' Look'N'Feel 'TaharezLook/LargeVerticalScrollbar' and RenderEffect ''. (0x7ffc062fb920)
18/11/2015 18:49:09 (Std) 	Creating falagard mapping for type 'TaharezLook/LargeVerticalScrollbarThumb' using base type 'CEGUI/Thumb', window renderer 'Core/Button' Look'N'Feel 'TaharezLook/LargeVerticalScrollbarThumb' and RenderEffect ''. (0x7ffc062fb920)
18/11/2015 18:49:09 (Std) 	Creating falagard mapping for type 'TaharezLook/TabButton' using base type 'CEGUI/TabButton', window renderer 'Core/TabButton' Look'N'Feel 'TaharezLook/TabButton' and RenderEffect ''. (0x7ffc062fb920)
18/11/2015 18:49:09 (Std) 	Creating falagard mapping for type 'TaharezLook/TabControl' using base type 'CEGUI/TabControl', window renderer 'Core/TabControl' Look'N'Feel 'TaharezLook/TabControl' and RenderEffect ''. (0x7ffc062fb920)
18/11/2015 18:49:09 (Std) 	Creating falagard mapping for type 'TaharezLook/TabContentPane' using base type 'DefaultWindow', window renderer 'Core/Default' Look'N'Feel 'TaharezLook/TabContentPane' and RenderEffect ''. (0x7ffc062fb920)
18/11/2015 18:49:09 (Std) 	Creating falagard mapping for type 'TaharezLook/TabButtonPane' using base type 'DefaultWindow', window renderer 'Core/Default' Look'N'Feel 'TaharezLook/TabButtonPane' and RenderEffect ''. (0x7ffc062fb920)
18/11/2015 18:49:09 (Std) 	Creating falagard mapping for type 'TaharezLook/ComboDropList' using base type 'CEGUI/ComboDropList', window renderer 'Core/Listbox' Look'N'Feel 'TaharezLook/ComboDropList' and RenderEffect ''. (0x7ffc062fb920)
18/11/2015 18:49:09 (Std) 	Creating falagard mapping for type 'TaharezLook/ComboEditbox' using base type 'CEGUI/Editbox', window renderer 'Core/Editbox' Look'N'Feel 'TaharezLook/ComboEditbox' and RenderEffect ''. (0x7ffc062fb920)
18/11/2015 18:49:09 (Std) 	Creating falagard mapping for type 'TaharezLook/Combobox' using base type 'CEGUI/Combobox', window renderer 'Core/Default' Look'N'Feel 'TaharezLook/Combobox' and RenderEffect ''. (0x7ffc062fb920)
18/11/2015 18:49:09 (Std) 	Creating falagard mapping for type 'TaharezLook/Listbox' using base type 'CEGUI/Listbox', window renderer 'Core/Listbox' Look'N'Feel 'TaharezLook/Listbox' and RenderEffect ''. (0x7ffc062fb920)
18/11/2015 18:49:09 (Std) 	Creating falagard mapping for type 'TaharezLook/ListHeader' using base type 'CEGUI/ListHeader', window renderer 'Core/ListHeader' Look'N'Feel 'TaharezLook/ListHeader' and RenderEffect ''. (0x7ffc062fb920)
18/11/2015 18:49:09 (Std) 	Creating falagard mapping for type 'TaharezLook/ListHeaderSegment' using base type 'CEGUI/ListHeaderSegment', window renderer 'Core/ListHeaderSegment' Look'N'Feel 'TaharezLook/ListHeaderSegment' and RenderEffect ''. (0x7ffc062fb920)
18/11/2015 18:49:09 (Std) 	Creating falagard mapping for type 'TaharezLook/MultiColumnList' using base type 'CEGUI/MultiColumnList', window renderer 'Core/MultiColumnList' Look'N'Feel 'TaharezLook/MultiColumnList' and RenderEffect ''. (0x7ffc062fb920)
18/11/2015 18:49:09 (Std) 	Creating falagard mapping for type 'TaharezLook/Slider' using base type 'CEGUI/Slider', window renderer 'Core/Slider' Look'N'Feel 'TaharezLook/Slider' and RenderEffect ''. (0x7ffc062fb920)
18/11/2015 18:49:09 (Std) 	Creating falagard mapping for type 'TaharezLook/SliderThumb' using base type 'CEGUI/Thumb', window renderer 'Core/Button' Look'N'Feel 'TaharezLook/SliderThumb' and RenderEffect ''. (0x7ffc062fb920)
18/11/2015 18:49:09 (Std) 	Creating falagard mapping for type 'TaharezLook/ScrollablePane' using base type 'CEGUI/ScrollablePane', window renderer 'Core/ScrollablePane' Look'N'Feel 'TaharezLook/ScrollablePane' and RenderEffect ''. (0x7ffc062fb920)
18/11/2015 18:49:09 (Std) 	Creating falagard mapping for type 'TaharezLook/Spinner' using base type 'CEGUI/Spinner', window renderer 'Core/Default' Look'N'Feel 'TaharezLook/Spinner' and RenderEffect ''. (0x7ffc062fb920)
18/11/2015 18:49:09 (Std) 	Creating falagard mapping for type 'TaharezLook/Tooltip' using base type 'CEGUI/Tooltip', window renderer 'Core/Tooltip' Look'N'Feel 'TaharezLook/Tooltip' and RenderEffect ''. (0x7ffc062fb920)
18/11/2015 18:49:09 (Std) 	Creating falagard mapping for type 'TaharezLook/StaticImage' using base type 'DefaultWindow', window renderer 'Core/StaticImage' Look'N'Feel 'TaharezLook/StaticImage' and RenderEffect ''. (0x7ffc062fb920)
18/11/2015 18:49:09 (Std) 	Creating falagard mapping for type 'TaharezLook/StaticText' using base type 'DefaultWindow', window renderer 'Core/StaticText' Look'N'Feel 'TaharezLook/StaticText' and RenderEffect ''. (0x7ffc062fb920)
18/11/2015 18:49:09 (Std) 	Creating falagard mapping for type 'TaharezLook/ItemListbox' using base type 'CEGUI/ItemListbox', window renderer 'Core/ItemListbox' Look'N'Feel 'TaharezLook/ItemListbox' and RenderEffect ''. (0x7ffc062fb920)
18/11/2015 18:49:09 (Std) 	Creating falagard mapping for type 'TaharezLook/ListboxItem' using base type 'CEGUI/ItemEntry', window renderer 'Core/ItemEntry' Look'N'Feel 'TaharezLook/ListboxItem' and RenderEffect ''. (0x7ffc062fb920)
18/11/2015 18:49:09 (Std) 	Creating falagard mapping for type 'TaharezLook/GroupBox' using base type 'DefaultWindow', window renderer 'Core/Default' Look'N'Feel 'TaharezLook/GroupBox' and RenderEffect ''. (0x7ffc062fb920)
18/11/2015 18:49:09 (Std) 	Creating falagard mapping for type 'TaharezLook/Tree' using base type 'CEGUI/Tree', window renderer 'Core/Tree' Look'N'Feel 'TaharezLook/Tree' and RenderEffect ''. (0x7ffc062fb920)
18/11/2015 18:49:09 (Error)	The C locale for LC_NUMERIC and/or LC_ALL is not set to "C". However, CEGUI is only ensured to parse strings and numbers correctly under the condition that the locale is set to "C". This is required, for example, when parsing files or converting from a (property-) value to a String (or vice-versa). If your code or one of your libraries change the locale (typically, by using the function "setlocale"), please set the locale back to the default everytime before a relevant call to CEGUI is issued to ensure that the parsing will be functional and correct. If you know what you are doing and there are no issues whatsoever, you may ignore this error message.
18/11/2015 18:49:09 (Std) 	[OgreRenderer] Created texture: DejaVuSans-12_auto_glyph_images_32
18/11/2015 18:49:09 (Std) 	---- Successfully completed loading of GUI layout from 'MenuInicial.layout' ----
