27/11/2015 01:38:06 (Std) 	+-+-+-+-+-+-+-+-+-+-+-+-+-+-+-+-+-+-+-+-+-+-+-+-+-+-+-+-+-+-+-+-+-+-+-+-+-+-+-+
27/11/2015 01:38:06 (Std) 	+                     Crazy Eddie's GUI System - Event log                    +
27/11/2015 01:38:06 (Std) 	+                          (http://www.cegui.org.uk/)                         +
27/11/2015 01:38:06 (Std) 	+-+-+-+-+-+-+-+-+-+-+-+-+-+-+-+-+-+-+-+-+-+-+-+-+-+-+-+-+-+-+-+-+-+-+-+-+-+-+-+

27/11/2015 01:38:06 (Std) 	CEGUI::Logger singleton created. (0x273c750)
27/11/2015 01:38:06 (Std) 	
27/11/2015 01:38:06 (Std) 	********************************************************************************
27/11/2015 01:38:06 (Std) 	* Important:                                                                   *
27/11/2015 01:38:06 (Std) 	*     To get support at the CEGUI forums, you must post _at least_ the section *
27/11/2015 01:38:06 (Std) 	*     of this log file indicated below.  Failure to do this will result in no  *
27/11/2015 01:38:06 (Std) 	*     support being given; please do not waste our time.                       *
27/11/2015 01:38:06 (Std) 	********************************************************************************
27/11/2015 01:38:06 (Std) 	********************************************************************************
27/11/2015 01:38:06 (Std) 	* -------- START OF ESSENTIAL SECTION TO BE POSTED ON THE FORUM       -------- *
27/11/2015 01:38:06 (Std) 	********************************************************************************
27/11/2015 01:38:06 (Std) 	---- Version: 0.8.4 (Build: Nov 22 2015 GNU/Linux g++ 4.8.4 64 bit) ----
27/11/2015 01:38:06 (Std) 	---- Renderer module is: CEGUI::OgreRenderer - Official OGRE based 2nd generation renderer module. ----
27/11/2015 01:38:06 (Std) 	---- XML Parser module is: CEGUI::ExpatParser - Official expat based parser module for CEGUI ----
27/11/2015 01:38:06 (Std) 	---- Image Codec module is: OgreImageCodec - Integrated ImageCodec using the Ogre engine. ----
27/11/2015 01:38:06 (Std) 	---- Scripting module is: None ----
27/11/2015 01:38:06 (Std) 	********************************************************************************
27/11/2015 01:38:06 (Std) 	* -------- END OF ESSENTIAL SECTION TO BE POSTED ON THE FORUM         -------- *
27/11/2015 01:38:06 (Std) 	********************************************************************************
27/11/2015 01:38:06 (Std) 	
27/11/2015 01:38:06 (Std) 	---- Begining CEGUI System initialisation ----
27/11/2015 01:38:06 (Std) 	[CEGUI::ImageManager] Singleton created (0x273dc60)
27/11/2015 01:38:06 (Std) 	[CEGUI::ImageManager] Registered Image type: BasicImage
27/11/2015 01:38:06 (Std) 	CEGUI::FontManager singleton created. (0x273bdd0)
27/11/2015 01:38:06 (Std) 	CEGUI::WindowFactoryManager singleton created
27/11/2015 01:38:06 (Std) 	CEGUI::WindowManager singleton created (0x273e4a0)
27/11/2015 01:38:06 (Std) 	CEGUI::SchemeManager singleton created. (0x273e530)
27/11/2015 01:38:06 (Std) 	CEGUI::GlobalEventSet singleton created. (0x273d840)
27/11/2015 01:38:06 (Std) 	CEGUI::AnimationManager singleton created (0x273e660)
27/11/2015 01:38:06 (Std) 	CEGUI::WidgetLookManager singleton created. (0x273c380)
27/11/2015 01:38:06 (Std) 	CEGUI::WindowRendererManager singleton created (0x273e9a0)
27/11/2015 01:38:06 (Std) 	CEGUI::RenderEffectManager singleton created (0x273cbb0)
27/11/2015 01:38:06 (Std) 	Created WindowFactory for 'DefaultWindow' windows.
27/11/2015 01:38:06 (Std) 	WindowFactory for 'DefaultWindow' windows added. (0x2743010)
27/11/2015 01:38:06 (Std) 	Created WindowFactory for 'DragContainer' windows.
27/11/2015 01:38:06 (Std) 	WindowFactory for 'DragContainer' windows added. (0x27431b0)
27/11/2015 01:38:06 (Std) 	Created WindowFactory for 'ScrolledContainer' windows.
27/11/2015 01:38:06 (Std) 	WindowFactory for 'ScrolledContainer' windows added. (0x2743350)
27/11/2015 01:38:06 (Std) 	Created WindowFactory for 'ClippedContainer' windows.
27/11/2015 01:38:06 (Std) 	WindowFactory for 'ClippedContainer' windows added. (0x27434f0)
27/11/2015 01:38:06 (Std) 	Created WindowFactory for 'CEGUI/PushButton' windows.
27/11/2015 01:38:06 (Std) 	WindowFactory for 'CEGUI/PushButton' windows added. (0x2743690)
27/11/2015 01:38:06 (Std) 	Created WindowFactory for 'CEGUI/RadioButton' windows.
27/11/2015 01:38:06 (Std) 	WindowFactory for 'CEGUI/RadioButton' windows added. (0x2743830)
27/11/2015 01:38:06 (Std) 	Created WindowFactory for 'CEGUI/Combobox' windows.
27/11/2015 01:38:06 (Std) 	WindowFactory for 'CEGUI/Combobox' windows added. (0x27439d0)
27/11/2015 01:38:06 (Std) 	Created WindowFactory for 'CEGUI/ComboDropList' windows.
27/11/2015 01:38:06 (Std) 	WindowFactory for 'CEGUI/ComboDropList' windows added. (0x2743b70)
27/11/2015 01:38:06 (Std) 	Created WindowFactory for 'CEGUI/Editbox' windows.
27/11/2015 01:38:06 (Std) 	WindowFactory for 'CEGUI/Editbox' windows added. (0x2743d10)
27/11/2015 01:38:06 (Std) 	Created WindowFactory for 'CEGUI/FrameWindow' windows.
27/11/2015 01:38:06 (Std) 	WindowFactory for 'CEGUI/FrameWindow' windows added. (0x2743eb0)
27/11/2015 01:38:06 (Std) 	Created WindowFactory for 'CEGUI/ItemEntry' windows.
27/11/2015 01:38:06 (Std) 	WindowFactory for 'CEGUI/ItemEntry' windows added. (0x2744050)
27/11/2015 01:38:06 (Std) 	Created WindowFactory for 'CEGUI/Listbox' windows.
27/11/2015 01:38:06 (Std) 	WindowFactory for 'CEGUI/Listbox' windows added. (0x27441f0)
27/11/2015 01:38:06 (Std) 	Created WindowFactory for 'CEGUI/ListHeader' windows.
27/11/2015 01:38:06 (Std) 	WindowFactory for 'CEGUI/ListHeader' windows added. (0x2744390)
27/11/2015 01:38:06 (Std) 	Created WindowFactory for 'CEGUI/ListHeaderSegment' windows.
27/11/2015 01:38:06 (Std) 	WindowFactory for 'CEGUI/ListHeaderSegment' windows added. (0x2744530)
27/11/2015 01:38:06 (Std) 	Created WindowFactory for 'CEGUI/Menubar' windows.
27/11/2015 01:38:06 (Std) 	WindowFactory for 'CEGUI/Menubar' windows added. (0x27446d0)
27/11/2015 01:38:06 (Std) 	Created WindowFactory for 'CEGUI/PopupMenu' windows.
27/11/2015 01:38:06 (Std) 	WindowFactory for 'CEGUI/PopupMenu' windows added. (0x2744870)
27/11/2015 01:38:06 (Std) 	Created WindowFactory for 'CEGUI/MenuItem' windows.
27/11/2015 01:38:06 (Std) 	WindowFactory for 'CEGUI/MenuItem' windows added. (0x2744a10)
27/11/2015 01:38:06 (Std) 	Created WindowFactory for 'CEGUI/MultiColumnList' windows.
27/11/2015 01:38:06 (Std) 	WindowFactory for 'CEGUI/MultiColumnList' windows added. (0x2744cc0)
27/11/2015 01:38:06 (Std) 	Created WindowFactory for 'CEGUI/MultiLineEditbox' windows.
27/11/2015 01:38:06 (Std) 	WindowFactory for 'CEGUI/MultiLineEditbox' windows added. (0x2744e60)
27/11/2015 01:38:06 (Std) 	Created WindowFactory for 'CEGUI/ProgressBar' windows.
27/11/2015 01:38:06 (Std) 	WindowFactory for 'CEGUI/ProgressBar' windows added. (0x2745000)
27/11/2015 01:38:06 (Std) 	Created WindowFactory for 'CEGUI/ScrollablePane' windows.
27/11/2015 01:38:06 (Std) 	WindowFactory for 'CEGUI/ScrollablePane' windows added. (0x27451a0)
27/11/2015 01:38:06 (Std) 	Created WindowFactory for 'CEGUI/Scrollbar' windows.
27/11/2015 01:38:06 (Std) 	WindowFactory for 'CEGUI/Scrollbar' windows added. (0x2745340)
27/11/2015 01:38:06 (Std) 	Created WindowFactory for 'CEGUI/Slider' windows.
27/11/2015 01:38:06 (Std) 	WindowFactory for 'CEGUI/Slider' windows added. (0x27454e0)
27/11/2015 01:38:06 (Std) 	Created WindowFactory for 'CEGUI/Spinner' windows.
27/11/2015 01:38:06 (Std) 	WindowFactory for 'CEGUI/Spinner' windows added. (0x2745680)
27/11/2015 01:38:06 (Std) 	Created WindowFactory for 'CEGUI/TabButton' windows.
27/11/2015 01:38:06 (Std) 	WindowFactory for 'CEGUI/TabButton' windows added. (0x2745820)
27/11/2015 01:38:06 (Std) 	Created WindowFactory for 'CEGUI/TabControl' windows.
27/11/2015 01:38:06 (Std) 	WindowFactory for 'CEGUI/TabControl' windows added. (0x27459c0)
27/11/2015 01:38:06 (Std) 	Created WindowFactory for 'CEGUI/Thumb' windows.
27/11/2015 01:38:06 (Std) 	WindowFactory for 'CEGUI/Thumb' windows added. (0x2745b60)
27/11/2015 01:38:06 (Std) 	Created WindowFactory for 'CEGUI/Titlebar' windows.
27/11/2015 01:38:06 (Std) 	WindowFactory for 'CEGUI/Titlebar' windows added. (0x2745d00)
27/11/2015 01:38:06 (Std) 	Created WindowFactory for 'CEGUI/ToggleButton' windows.
27/11/2015 01:38:06 (Std) 	WindowFactory for 'CEGUI/ToggleButton' windows added. (0x2745ea0)
27/11/2015 01:38:06 (Std) 	Created WindowFactory for 'CEGUI/Tooltip' windows.
27/11/2015 01:38:06 (Std) 	WindowFactory for 'CEGUI/Tooltip' windows added. (0x2746040)
27/11/2015 01:38:06 (Std) 	Created WindowFactory for 'CEGUI/ItemListbox' windows.
27/11/2015 01:38:06 (Std) 	WindowFactory for 'CEGUI/ItemListbox' windows added. (0x27461e0)
27/11/2015 01:38:06 (Std) 	Created WindowFactory for 'CEGUI/GroupBox' windows.
27/11/2015 01:38:06 (Std) 	WindowFactory for 'CEGUI/GroupBox' windows added. (0x2746380)
27/11/2015 01:38:06 (Std) 	Created WindowFactory for 'CEGUI/Tree' windows.
27/11/2015 01:38:06 (Std) 	WindowFactory for 'CEGUI/Tree' windows added. (0x2746520)
27/11/2015 01:38:06 (Std) 	Created WindowFactory for 'LayoutCell' windows.
27/11/2015 01:38:06 (Std) 	WindowFactory for 'LayoutCell' windows added. (0x2744bb0)
27/11/2015 01:38:06 (Std) 	Created WindowFactory for 'HorizontalLayoutContainer' windows.
27/11/2015 01:38:06 (Std) 	WindowFactory for 'HorizontalLayoutContainer' windows added. (0x27469b0)
27/11/2015 01:38:06 (Std) 	Created WindowFactory for 'VerticalLayoutContainer' windows.
27/11/2015 01:38:06 (Std) 	WindowFactory for 'VerticalLayoutContainer' windows added. (0x2746b50)
27/11/2015 01:38:06 (Std) 	Created WindowFactory for 'GridLayoutContainer' windows.
27/11/2015 01:38:06 (Std) 	WindowFactory for 'GridLayoutContainer' windows added. (0x2746cf0)
27/11/2015 01:38:06 (Std) 	CEGUI::System singleton created. (0x273c500)
27/11/2015 01:38:06 (Std) 	---- CEGUI System initialisation completed ----
27/11/2015 01:38:06 (Std) 	
27/11/2015 01:38:06 (Std) 	Started creation of Scheme from XML specification:
27/11/2015 01:38:06 (Std) 	---- CEGUI GUIScheme name: VanillaSkin
27/11/2015 01:38:06 (Std) 	[ImageManager] Started creation of Imageset from XML specification:
27/11/2015 01:38:06 (Std) 	[ImageManager] ---- CEGUI Imageset name: Vanilla-Images
27/11/2015 01:38:06 (Std) 	[ImageManager] ---- Source texture file: vanilla.png
27/11/2015 01:38:06 (Std) 	[ImageManager] ---- Source texture resource group: (Default)
27/11/2015 01:38:06 (Std) 	[OgreRenderer] Created texture: Vanilla-Images
27/11/2015 01:38:06 (Std) 	[ImageManager] Created image: 'Vanilla-Images/GenericBrush' (0x27478d0) of type: BasicImage
27/11/2015 01:38:06 (Std) 	[ImageManager] Created image: 'Vanilla-Images/FrameTopLeft' (0x2747c50) of type: BasicImage
27/11/2015 01:38:06 (Std) 	[ImageManager] Created image: 'Vanilla-Images/FrameTopRight' (0x2747e60) of type: BasicImage
27/11/2015 01:38:06 (Std) 	[ImageManager] Created image: 'Vanilla-Images/FrameBottomLeft' (0x2748070) of type: BasicImage
27/11/2015 01:38:06 (Std) 	[ImageManager] Created image: 'Vanilla-Images/FrameBottomRight' (0x2748280) of type: BasicImage
27/11/2015 01:38:06 (Std) 	[ImageManager] Created image: 'Vanilla-Images/FrameLeft' (0x2748490) of type: BasicImage
27/11/2015 01:38:06 (Std) 	[ImageManager] Created image: 'Vanilla-Images/FrameRight' (0x27486a0) of type: BasicImage
27/11/2015 01:38:06 (Std) 	[ImageManager] Created image: 'Vanilla-Images/FrameTop' (0x27488b0) of type: BasicImage
27/11/2015 01:38:06 (Std) 	[ImageManager] Created image: 'Vanilla-Images/FrameBottom' (0x2748c10) of type: BasicImage
27/11/2015 01:38:06 (Std) 	[ImageManager] Created image: 'Vanilla-Images/ScrollUpArrow' (0x2748d30) of type: BasicImage
27/11/2015 01:38:06 (Std) 	[ImageManager] Created image: 'Vanilla-Images/ScrollDownArrow' (0x2748f40) of type: BasicImage
27/11/2015 01:38:06 (Std) 	[ImageManager] Created image: 'Vanilla-Images/VertScrollContainer' (0x2747420) of type: BasicImage
27/11/2015 01:38:06 (Std) 	[ImageManager] Created image: 'Vanilla-Images/ScrollLeftArrow' (0x2749600) of type: BasicImage
27/11/2015 01:38:06 (Std) 	[ImageManager] Created image: 'Vanilla-Images/ScrollRightArrow' (0x275e0a0) of type: BasicImage
27/11/2015 01:38:06 (Std) 	[ImageManager] Created image: 'Vanilla-Images/HorzScrollContainer' (0x275e2b0) of type: BasicImage
27/11/2015 01:38:06 (Std) 	[ImageManager] Created image: 'Vanilla-Images/ScrollbarThumb' (0x275e600) of type: BasicImage
27/11/2015 01:38:06 (Std) 	[ImageManager] Created image: 'Vanilla-Images/ShadowBrush' (0x275e810) of type: BasicImage
27/11/2015 01:38:06 (Std) 	[ImageManager] Created image: 'Vanilla-Images/MouseArrow' (0x275ea20) of type: BasicImage
27/11/2015 01:38:06 (Std) 	[ImageManager] Created image: 'Vanilla-Images/CheckboxNormal' (0x275ec30) of type: BasicImage
27/11/2015 01:38:06 (Std) 	[ImageManager] Created image: 'Vanilla-Images/CheckboxHover' (0x275ee40) of type: BasicImage
27/11/2015 01:38:06 (Std) 	[ImageManager] Created image: 'Vanilla-Images/CheckboxMark' (0x275f050) of type: BasicImage
27/11/2015 01:38:06 (Std) 	[ImageManager] Created image: 'Vanilla-Images/RadioButtonNormal' (0x275f580) of type: BasicImage
27/11/2015 01:38:06 (Std) 	[ImageManager] Created image: 'Vanilla-Images/RadioButtonHover' (0x27594d0) of type: BasicImage
27/11/2015 01:38:06 (Std) 	[ImageManager] Created image: 'Vanilla-Images/RadioButtonMark' (0x275f940) of type: BasicImage
27/11/2015 01:38:06 (Std) 	[ImageManager] Created image: 'Vanilla-Images/SliderScrollUpArrow' (0x275fb50) of type: BasicImage
27/11/2015 01:38:06 (Std) 	[ImageManager] Created image: 'Vanilla-Images/SliderScrollDownArrow' (0x275ff40) of type: BasicImage
27/11/2015 01:38:06 (Std) 	[ImageManager] Created image: 'Vanilla-Images/SliderScrollLeftArrow' (0x2760290) of type: BasicImage
27/11/2015 01:38:06 (Std) 	[ImageManager] Created image: 'Vanilla-Images/SliderScrollRightArrow' (0x27605e0) of type: BasicImage
27/11/2015 01:38:06 (Std) 	[ImageManager] Created image: 'Vanilla-Images/VerticalImageSliderThumb' (0x2760ac0) of type: BasicImage
27/11/2015 01:38:06 (Std) 	[ImageManager] Created image: 'Vanilla-Images/HorizontalImageSliderThumb' (0x2760ee0) of type: BasicImage
27/11/2015 01:38:06 (Std) 	[ImageManager] Created image: 'Vanilla-Images/VerticalImageSliderContainer' (0x2746f70) of type: BasicImage
27/11/2015 01:38:06 (Std) 	[ImageManager] Created image: 'Vanilla-Images/HorizontalImageSliderContainer' (0x274b170) of type: BasicImage
27/11/2015 01:38:06 (Std) 	[ImageManager] Created image: 'Vanilla-Images/DefaultScrollImage' (0x274b5c0) of type: BasicImage
27/11/2015 01:38:06 (Std) 	[ImageManager] Created image: 'Vanilla-Images/VerticalImageSliderTopEnd' (0x2761620) of type: BasicImage
27/11/2015 01:38:06 (Std) 	[ImageManager] Created image: 'Vanilla-Images/VerticalImageSliderBottomEnd' (0x274bb10) of type: BasicImage
27/11/2015 01:38:06 (Std) 	[ImageManager] Created image: 'Vanilla-Images/HorizontalImageSliderLeftEnd' (0x2749470) of type: BasicImage
27/11/2015 01:38:06 (Std) 	[ImageManager] Created image: 'Vanilla-Images/HorizontalImageSliderRightEnd' (0x274c1d0) of type: BasicImage
27/11/2015 01:38:06 (Std) 	[ImageManager] Created image: 'Vanilla-Images/ColourPickerCursor' (0x274c560) of type: BasicImage
27/11/2015 01:38:06 (Std) 	[ImageManager] Created image: 'Vanilla-Images/TooltipBottomEdge' (0x274c920) of type: BasicImage
27/11/2015 01:38:06 (Std) 	[ImageManager] Created image: 'Vanilla-Images/TooltipBottomLeft' (0x274cc50) of type: BasicImage
27/11/2015 01:38:06 (Std) 	[ImageManager] Created image: 'Vanilla-Images/TooltipTopEdge' (0x274cf80) of type: BasicImage
27/11/2015 01:38:06 (Std) 	[ImageManager] Created image: 'Vanilla-Images/TooltipTopRight' (0x274d190) of type: BasicImage
27/11/2015 01:38:06 (Std) 	[ImageManager] Created image: 'Vanilla-Images/TooltipRightEdge' (0x274d3a0) of type: BasicImage
27/11/2015 01:38:06 (Std) 	[ImageManager] Created image: 'Vanilla-Images/TooltipTopLeft' (0x274d5b0) of type: BasicImage
27/11/2015 01:38:06 (Std) 	[ImageManager] Created image: 'Vanilla-Images/TooltipLeftEdge' (0x274d7c0) of type: BasicImage
27/11/2015 01:38:06 (Std) 	[ImageManager] Created image: 'Vanilla-Images/TooltipMiddle' (0x274d9d0) of type: BasicImage
27/11/2015 01:38:06 (Std) 	[ImageManager] Created image: 'Vanilla-Images/TooltipBottomRight' (0x274dbe0) of type: BasicImage
27/11/2015 01:38:06 (Std) 	[ImageManager] Created image: 'Vanilla-Images/DropDownButtonNormal' (0x274df10) of type: BasicImage
27/11/2015 01:38:06 (Std) 	[ImageManager] Created image: 'Vanilla-Images/DropDownButtonHover' (0x274e260) of type: BasicImage
27/11/2015 01:38:06 (Std) 	[ImageManager] Created image: 'Vanilla-Images/DropDownButtonPushed' (0x274e5b0) of type: BasicImage
27/11/2015 01:38:06 (Std) 	===== Falagard 'root' element: look and feel parsing begins =====
27/11/2015 01:38:06 (Std) 	===== Look and feel parsing completed =====
27/11/2015 01:38:06 (Std) 	No window renderer factories specified for module 'CEGUICoreWindowRendererSet' - adding all available factories...
27/11/2015 01:38:06 (Std) 	Created WindowRendererFactory for 'Core/Button' WindowRenderers.
27/11/2015 01:38:06 (Std) 	WindowRendererFactory 'Core/Button' added. (0x284a400)
27/11/2015 01:38:06 (Std) 	Created WindowRendererFactory for 'Core/Default' WindowRenderers.
27/11/2015 01:38:06 (Std) 	WindowRendererFactory 'Core/Default' added. (0x274eb50)
27/11/2015 01:38:06 (Std) 	Created WindowRendererFactory for 'Core/Editbox' WindowRenderers.
27/11/2015 01:38:06 (Std) 	WindowRendererFactory 'Core/Editbox' added. (0x274ec10)
27/11/2015 01:38:06 (Std) 	Created WindowRendererFactory for 'Core/FrameWindow' WindowRenderers.
27/11/2015 01:38:06 (Std) 	WindowRendererFactory 'Core/FrameWindow' added. (0x274ae40)
27/11/2015 01:38:06 (Std) 	Created WindowRendererFactory for 'Core/ItemEntry' WindowRenderers.
27/11/2015 01:38:06 (Std) 	WindowRendererFactory 'Core/ItemEntry' added. (0x2819c90)
27/11/2015 01:38:06 (Std) 	Created WindowRendererFactory for 'Core/ListHeader' WindowRenderers.
27/11/2015 01:38:06 (Std) 	WindowRendererFactory 'Core/ListHeader' added. (0x275a160)
27/11/2015 01:38:06 (Std) 	Created WindowRendererFactory for 'Core/ListHeaderSegment' WindowRenderers.
27/11/2015 01:38:06 (Std) 	WindowRendererFactory 'Core/ListHeaderSegment' added. (0x275a300)
27/11/2015 01:38:06 (Std) 	Created WindowRendererFactory for 'Core/Listbox' WindowRenderers.
27/11/2015 01:38:06 (Std) 	WindowRendererFactory 'Core/Listbox' added. (0x275f340)
27/11/2015 01:38:06 (Std) 	Created WindowRendererFactory for 'Core/Menubar' WindowRenderers.
27/11/2015 01:38:06 (Std) 	WindowRendererFactory 'Core/Menubar' added. (0x2761300)
27/11/2015 01:38:06 (Std) 	Created WindowRendererFactory for 'Core/MenuItem' WindowRenderers.
27/11/2015 01:38:06 (Std) 	WindowRendererFactory 'Core/MenuItem' added. (0x27614a0)
27/11/2015 01:38:06 (Std) 	Created WindowRendererFactory for 'Core/MultiColumnList' WindowRenderers.
27/11/2015 01:38:06 (Std) 	WindowRendererFactory 'Core/MultiColumnList' added. (0x2761560)
27/11/2015 01:38:06 (Std) 	Created WindowRendererFactory for 'Core/MultiLineEditbox' WindowRenderers.
27/11/2015 01:38:06 (Std) 	WindowRendererFactory 'Core/MultiLineEditbox' added. (0x2749310)
27/11/2015 01:38:06 (Std) 	Created WindowRendererFactory for 'Core/PopupMenu' WindowRenderers.
27/11/2015 01:38:06 (Std) 	WindowRendererFactory 'Core/PopupMenu' added. (0x280dd40)
27/11/2015 01:38:06 (Std) 	Created WindowRendererFactory for 'Core/ProgressBar' WindowRenderers.
27/11/2015 01:38:06 (Std) 	WindowRendererFactory 'Core/ProgressBar' added. (0x280dee0)
27/11/2015 01:38:06 (Std) 	Created WindowRendererFactory for 'Core/ScrollablePane' WindowRenderers.
27/11/2015 01:38:06 (Std) 	WindowRendererFactory 'Core/ScrollablePane' added. (0x280dfa0)
27/11/2015 01:38:06 (Std) 	Created WindowRendererFactory for 'Core/Scrollbar' WindowRenderers.
27/11/2015 01:38:06 (Std) 	WindowRendererFactory 'Core/Scrollbar' added. (0x2824940)
27/11/2015 01:38:06 (Std) 	Created WindowRendererFactory for 'Core/Slider' WindowRenderers.
27/11/2015 01:38:06 (Std) 	WindowRendererFactory 'Core/Slider' added. (0x2824ae0)
27/11/2015 01:38:06 (Std) 	Created WindowRendererFactory for 'Core/Static' WindowRenderers.
27/11/2015 01:38:06 (Std) 	WindowRendererFactory 'Core/Static' added. (0x2824d90)
27/11/2015 01:38:06 (Std) 	Created WindowRendererFactory for 'Core/StaticImage' WindowRenderers.
27/11/2015 01:38:06 (Std) 	WindowRendererFactory 'Core/StaticImage' added. (0x28450c0)
27/11/2015 01:38:06 (Std) 	Created WindowRendererFactory for 'Core/StaticText' WindowRenderers.
27/11/2015 01:38:06 (Std) 	WindowRendererFactory 'Core/StaticText' added. (0x2845260)
27/11/2015 01:38:06 (Std) 	Created WindowRendererFactory for 'Core/TabButton' WindowRenderers.
27/11/2015 01:38:06 (Std) 	WindowRendererFactory 'Core/TabButton' added. (0x2845400)
27/11/2015 01:38:06 (Std) 	Created WindowRendererFactory for 'Core/TabControl' WindowRenderers.
27/11/2015 01:38:06 (Std) 	WindowRendererFactory 'Core/TabControl' added. (0x28455a0)
27/11/2015 01:38:06 (Std) 	Created WindowRendererFactory for 'Core/Titlebar' WindowRenderers.
27/11/2015 01:38:06 (Std) 	WindowRendererFactory 'Core/Titlebar' added. (0x2845740)
27/11/2015 01:38:06 (Std) 	Created WindowRendererFactory for 'Core/ToggleButton' WindowRenderers.
27/11/2015 01:38:06 (Std) 	WindowRendererFactory 'Core/ToggleButton' added. (0x28458e0)
27/11/2015 01:38:06 (Std) 	Created WindowRendererFactory for 'Core/Tooltip' WindowRenderers.
27/11/2015 01:38:06 (Std) 	WindowRendererFactory 'Core/Tooltip' added. (0x2758a20)
27/11/2015 01:38:06 (Std) 	Created WindowRendererFactory for 'Core/ItemListbox' WindowRenderers.
27/11/2015 01:38:06 (Std) 	WindowRendererFactory 'Core/ItemListbox' added. (0x2758bc0)
27/11/2015 01:38:06 (Std) 	Created WindowRendererFactory for 'Core/Tree' WindowRenderers.
27/11/2015 01:38:06 (Std) 	WindowRendererFactory 'Core/Tree' added. (0x2758d60)
27/11/2015 01:38:06 (Std) 	Creating falagard mapping for type 'Vanilla/Label' using base type 'DefaultWindow', window renderer 'Core/Default' Look'N'Feel 'Vanilla/Label' and RenderEffect ''. (0x7ffdd3ba51d0)
27/11/2015 01:38:06 (Std) 	Creating falagard mapping for type 'Vanilla/Titlebar' using base type 'CEGUI/Titlebar', window renderer 'Core/Titlebar' Look'N'Feel 'Vanilla/Titlebar' and RenderEffect ''. (0x7ffdd3ba51d0)
27/11/2015 01:38:06 (Std) 	Creating falagard mapping for type 'Vanilla/Button' using base type 'CEGUI/PushButton', window renderer 'Core/Button' Look'N'Feel 'Vanilla/Button' and RenderEffect ''. (0x7ffdd3ba51d0)
27/11/2015 01:38:06 (Std) 	Creating falagard mapping for type 'Vanilla/FrameWindow' using base type 'CEGUI/FrameWindow', window renderer 'Core/FrameWindow' Look'N'Feel 'Vanilla/FrameWindow' and RenderEffect ''. (0x7ffdd3ba51d0)
27/11/2015 01:38:06 (Std) 	Creating falagard mapping for type 'Vanilla/Editbox' using base type 'CEGUI/Editbox', window renderer 'Core/Editbox' Look'N'Feel 'Vanilla/Editbox' and RenderEffect ''. (0x7ffdd3ba51d0)
27/11/2015 01:38:06 (Std) 	Creating falagard mapping for type 'Vanilla/VerticalScrollbarThumb' using base type 'CEGUI/Thumb', window renderer 'Core/Button' Look'N'Feel 'Vanilla/VerticalScrollbarThumb' and RenderEffect ''. (0x7ffdd3ba51d0)
27/11/2015 01:38:06 (Std) 	Creating falagard mapping for type 'Vanilla/VerticalScrollbar' using base type 'CEGUI/Scrollbar', window renderer 'Core/Scrollbar' Look'N'Feel 'Vanilla/VerticalScrollbar' and RenderEffect ''. (0x7ffdd3ba51d0)
27/11/2015 01:38:06 (Std) 	Creating falagard mapping for type 'Vanilla/HorizontalScrollbarThumb' using base type 'CEGUI/Thumb', window renderer 'Core/Button' Look'N'Feel 'Vanilla/HorizontalScrollbarThumb' and RenderEffect ''. (0x7ffdd3ba51d0)
27/11/2015 01:38:06 (Std) 	Creating falagard mapping for type 'Vanilla/HorizontalScrollbar' using base type 'CEGUI/Scrollbar', window renderer 'Core/Scrollbar' Look'N'Feel 'Vanilla/HorizontalScrollbar' and RenderEffect ''. (0x7ffdd3ba51d0)
27/11/2015 01:38:06 (Std) 	Creating falagard mapping for type 'Vanilla/StaticImage' using base type 'DefaultWindow', window renderer 'Core/StaticImage' Look'N'Feel 'Vanilla/StaticImage' and RenderEffect ''. (0x7ffdd3ba51d0)
27/11/2015 01:38:06 (Std) 	Creating falagard mapping for type 'Vanilla/StaticText' using base type 'DefaultWindow', window renderer 'Core/StaticText' Look'N'Feel 'Vanilla/StaticText' and RenderEffect ''. (0x7ffdd3ba51d0)
27/11/2015 01:38:06 (Std) 	Creating falagard mapping for type 'Vanilla/Listbox' using base type 'CEGUI/Listbox', window renderer 'Core/Listbox' Look'N'Feel 'Vanilla/Listbox' and RenderEffect ''. (0x7ffdd3ba51d0)
27/11/2015 01:38:06 (Std) 	Creating falagard mapping for type 'Vanilla/MultiLineEditbox' using base type 'CEGUI/MultiLineEditbox', window renderer 'Core/MultiLineEditbox' Look'N'Feel 'Vanilla/MultiLineEditbox' and RenderEffect ''. (0x7ffdd3ba51d0)
27/11/2015 01:38:06 (Std) 	Creating falagard mapping for type 'Vanilla/ComboDropList' using base type 'CEGUI/ComboDropList', window renderer 'Core/Listbox' Look'N'Feel 'Vanilla/ComboDropList' and RenderEffect ''. (0x7ffdd3ba51d0)
27/11/2015 01:38:06 (Std) 	Creating falagard mapping for type 'Vanilla/Combobox' using base type 'CEGUI/Combobox', window renderer 'Core/Default' Look'N'Feel 'Vanilla/Combobox' and RenderEffect ''. (0x7ffdd3ba51d0)
27/11/2015 01:38:06 (Std) 	Creating falagard mapping for type 'Vanilla/ProgressBar' using base type 'CEGUI/ProgressBar', window renderer 'Core/ProgressBar' Look'N'Feel 'Vanilla/ProgressBar' and RenderEffect ''. (0x7ffdd3ba51d0)
27/11/2015 01:38:06 (Std) 	Creating falagard mapping for type 'Vanilla/Checkbox' using base type 'CEGUI/ToggleButton', window renderer 'Core/ToggleButton' Look'N'Feel 'Vanilla/Checkbox' and RenderEffect ''. (0x7ffdd3ba51d0)
27/11/2015 01:38:06 (Std) 	Creating falagard mapping for type 'Vanilla/RadioButton' using base type 'CEGUI/RadioButton', window renderer 'Core/ToggleButton' Look'N'Feel 'Vanilla/RadioButton' and RenderEffect ''. (0x7ffdd3ba51d0)
27/11/2015 01:38:06 (Std) 	Creating falagard mapping for type 'Vanilla/Tooltip' using base type 'CEGUI/Tooltip', window renderer 'Core/Tooltip' Look'N'Feel 'Vanilla/Tooltip' and RenderEffect ''. (0x7ffdd3ba51d0)
27/11/2015 01:38:06 (Std) 	Started creation of Scheme from XML specification:
27/11/2015 01:38:06 (Std) 	---- CEGUI GUIScheme name: OgreTray
27/11/2015 01:38:06 (Std) 	[ImageManager] Started creation of Imageset from XML specification:
27/11/2015 01:38:06 (Std) 	[ImageManager] ---- CEGUI Imageset name: OgreTrayImages
27/11/2015 01:38:06 (Std) 	[ImageManager] ---- Source texture file: OgreTrayImages.png
27/11/2015 01:38:06 (Std) 	[ImageManager] ---- Source texture resource group: (Default)
27/11/2015 01:38:06 (Std) 	[OgreRenderer] Created texture: OgreTrayImages
27/11/2015 01:38:06 (Std) 	[ImageManager] Created image: 'OgreTrayImages/Pulse' (0x27c05a0) of type: BasicImage
27/11/2015 01:38:06 (Std) 	[ImageManager] Created image: 'OgreTrayImages/Shade' (0x27c07b0) of type: BasicImage
27/11/2015 01:38:06 (Std) 	[ImageManager] Created image: 'OgreTrayImages/TrayB' (0x27c09c0) of type: BasicImage
27/11/2015 01:38:06 (Std) 	[ImageManager] Created image: 'OgreTrayImages/TrayL' (0x27c0bd0) of type: BasicImage
27/11/2015 01:38:06 (Std) 	[ImageManager] Created image: 'OgreTrayImages/TrayM' (0x27c0de0) of type: BasicImage
27/11/2015 01:38:06 (Std) 	[ImageManager] Created image: 'OgreTrayImages/TrayR' (0x27c0ff0) of type: BasicImage
27/11/2015 01:38:06 (Std) 	[ImageManager] Created image: 'OgreTrayImages/TrayT' (0x27c1200) of type: BasicImage
27/11/2015 01:38:06 (Std) 	[ImageManager] Created image: 'OgreTrayImages/FrameB' (0x27c1410) of type: BasicImage
27/11/2015 01:38:06 (Std) 	[ImageManager] Created image: 'OgreTrayImages/FrameL' (0x27c1620) of type: BasicImage
27/11/2015 01:38:06 (Std) 	[ImageManager] Created image: 'OgreTrayImages/FrameM' (0x27c1830) of type: BasicImage
27/11/2015 01:38:06 (Std) 	[ImageManager] Created image: 'OgreTrayImages/FrameR' (0x27c1a40) of type: BasicImage
27/11/2015 01:38:06 (Std) 	[ImageManager] Created image: 'OgreTrayImages/FrameT' (0x27c1c50) of type: BasicImage
27/11/2015 01:38:06 (Std) 	[ImageManager] Created image: 'OgreTrayImages/Handle' (0x27c1e60) of type: BasicImage
27/11/2015 01:38:06 (Std) 	[ImageManager] Created image: 'OgreTrayImages/TrayBL' (0x27c2070) of type: BasicImage
27/11/2015 01:38:06 (Std) 	[ImageManager] Created image: 'OgreTrayImages/TrayBR' (0x27c2280) of type: BasicImage
27/11/2015 01:38:06 (Std) 	[ImageManager] Created image: 'OgreTrayImages/TrayTL' (0x27c2490) of type: BasicImage
27/11/2015 01:38:06 (Std) 	[ImageManager] Created image: 'OgreTrayImages/TrayTR' (0x27c26a0) of type: BasicImage
27/11/2015 01:38:06 (Std) 	[ImageManager] Created image: 'OgreTrayImages/FrameBL' (0x27c28b0) of type: BasicImage
27/11/2015 01:38:06 (Std) 	[ImageManager] Created image: 'OgreTrayImages/FrameBR' (0x27c2ac0) of type: BasicImage
27/11/2015 01:38:06 (Std) 	[ImageManager] Created image: 'OgreTrayImages/FrameTL' (0x27c2cd0) of type: BasicImage
27/11/2015 01:38:06 (Std) 	[ImageManager] Created image: 'OgreTrayImages/FrameTR' (0x27c2ee0) of type: BasicImage
27/11/2015 01:38:06 (Std) 	[ImageManager] Created image: 'OgreTrayImages/CaptionL' (0x27c30f0) of type: BasicImage
27/11/2015 01:38:06 (Std) 	[ImageManager] Created image: 'OgreTrayImages/CaptionM' (0x27c3300) of type: BasicImage
27/11/2015 01:38:06 (Std) 	[ImageManager] Created image: 'OgreTrayImages/CaptionR' (0x27c3510) of type: BasicImage
27/11/2015 01:38:06 (Std) 	[ImageManager] Created image: 'OgreTrayImages/OgreLogo' (0x27c3720) of type: BasicImage
27/11/2015 01:38:06 (Std) 	[ImageManager] Created image: 'OgreTrayImages/TextBoxB' (0x27c3930) of type: BasicImage
27/11/2015 01:38:06 (Std) 	[ImageManager] Created image: 'OgreTrayImages/TextBoxL' (0x27c3b40) of type: BasicImage
27/11/2015 01:38:06 (Std) 	[ImageManager] Created image: 'OgreTrayImages/TextBoxM' (0x27c3d50) of type: BasicImage
27/11/2015 01:38:06 (Std) 	[ImageManager] Created image: 'OgreTrayImages/TextBoxR' (0x27c3f60) of type: BasicImage
27/11/2015 01:38:06 (Std) 	[ImageManager] Created image: 'OgreTrayImages/TextBoxT' (0x27c4170) of type: BasicImage
27/11/2015 01:38:06 (Std) 	[ImageManager] Created image: 'OgreTrayImages/BandsFull' (0x27c4380) of type: BasicImage
27/11/2015 01:38:06 (Std) 	[ImageManager] Created image: 'OgreTrayImages/ButtonUpB' (0x27c4590) of type: BasicImage
27/11/2015 01:38:06 (Std) 	[ImageManager] Created image: 'OgreTrayImages/ButtonUpL' (0x27c47a0) of type: BasicImage
27/11/2015 01:38:06 (Std) 	[ImageManager] Created image: 'OgreTrayImages/ButtonUpM' (0x27c49b0) of type: BasicImage
27/11/2015 01:38:06 (Std) 	[ImageManager] Created image: 'OgreTrayImages/ButtonUpR' (0x27c4bc0) of type: BasicImage
27/11/2015 01:38:06 (Std) 	[ImageManager] Created image: 'OgreTrayImages/ButtonUpT' (0x27c4dd0) of type: BasicImage
27/11/2015 01:38:06 (Std) 	[ImageManager] Created image: 'OgreTrayImages/MiniTrayB' (0x27c4fe0) of type: BasicImage
27/11/2015 01:38:06 (Std) 	[ImageManager] Created image: 'OgreTrayImages/MiniTrayL' (0x27c51f0) of type: BasicImage
27/11/2015 01:38:06 (Std) 	[ImageManager] Created image: 'OgreTrayImages/MiniTrayM' (0x27c5400) of type: BasicImage
27/11/2015 01:38:06 (Std) 	[ImageManager] Created image: 'OgreTrayImages/MiniTrayR' (0x27c5610) of type: BasicImage
27/11/2015 01:38:06 (Std) 	[ImageManager] Created image: 'OgreTrayImages/MiniTrayT' (0x27c5820) of type: BasicImage
27/11/2015 01:38:06 (Std) 	[ImageManager] Created image: 'OgreTrayImages/TextBoxBL' (0x27c5a30) of type: BasicImage
27/11/2015 01:38:06 (Std) 	[ImageManager] Created image: 'OgreTrayImages/TextBoxBR' (0x27c5c40) of type: BasicImage
27/11/2015 01:38:06 (Std) 	[ImageManager] Created image: 'OgreTrayImages/TextBoxTL' (0x27c5e50) of type: BasicImage
27/11/2015 01:38:06 (Std) 	[ImageManager] Created image: 'OgreTrayImages/TextBoxTR' (0x27c6060) of type: BasicImage
27/11/2015 01:38:06 (Std) 	[ImageManager] Created image: 'OgreTrayImages/ButtonUpBL' (0x27c6270) of type: BasicImage
27/11/2015 01:38:06 (Std) 	[ImageManager] Created image: 'OgreTrayImages/ButtonUpBR' (0x27c6480) of type: BasicImage
27/11/2015 01:38:06 (Std) 	[ImageManager] Created image: 'OgreTrayImages/ButtonUpTL' (0x27c6690) of type: BasicImage
27/11/2015 01:38:06 (Std) 	[ImageManager] Created image: 'OgreTrayImages/ButtonUpTR' (0x27c68a0) of type: BasicImage
27/11/2015 01:38:06 (Std) 	[ImageManager] Created image: 'OgreTrayImages/HorzTrackL' (0x27c6ab0) of type: BasicImage
27/11/2015 01:38:06 (Std) 	[ImageManager] Created image: 'OgreTrayImages/HorzTrackM' (0x27c6cc0) of type: BasicImage
27/11/2015 01:38:06 (Std) 	[ImageManager] Created image: 'OgreTrayImages/HorzTrackR' (0x27c6ed0) of type: BasicImage
27/11/2015 01:38:06 (Std) 	[ImageManager] Created image: 'OgreTrayImages/MiniTrayBL' (0x27c70e0) of type: BasicImage
27/11/2015 01:38:06 (Std) 	[ImageManager] Created image: 'OgreTrayImages/MiniTrayBR' (0x27c72f0) of type: BasicImage
27/11/2015 01:38:06 (Std) 	[ImageManager] Created image: 'OgreTrayImages/MiniTrayTL' (0x27c7500) of type: BasicImage
27/11/2015 01:38:06 (Std) 	[ImageManager] Created image: 'OgreTrayImages/MiniTrayTR' (0x27c7710) of type: BasicImage
27/11/2015 01:38:06 (Std) 	[ImageManager] Created image: 'OgreTrayImages/MouseArrow' (0x27c7920) of type: BasicImage
27/11/2015 01:38:06 (Std) 	[ImageManager] Created image: 'OgreTrayImages/SeparatorL' (0x27c7b30) of type: BasicImage
27/11/2015 01:38:06 (Std) 	[ImageManager] Created image: 'OgreTrayImages/SeparatorM' (0x27c7d40) of type: BasicImage
27/11/2015 01:38:06 (Std) 	[ImageManager] Created image: 'OgreTrayImages/SeparatorR' (0x27c7f50) of type: BasicImage
27/11/2015 01:38:06 (Std) 	[ImageManager] Created image: 'OgreTrayImages/VertTrackB' (0x27c8160) of type: BasicImage
27/11/2015 01:38:06 (Std) 	[ImageManager] Created image: 'OgreTrayImages/VertTrackM' (0x27c8370) of type: BasicImage
27/11/2015 01:38:06 (Std) 	[ImageManager] Created image: 'OgreTrayImages/VertTrackT' (0x27c8580) of type: BasicImage
27/11/2015 01:38:06 (Std) 	[ImageManager] Created image: 'OgreTrayImages/ButtonDownB' (0x27c8790) of type: BasicImage
27/11/2015 01:38:06 (Std) 	[ImageManager] Created image: 'OgreTrayImages/ButtonDownL' (0x27c89a0) of type: BasicImage
27/11/2015 01:38:06 (Std) 	[ImageManager] Created image: 'OgreTrayImages/ButtonDownM' (0x27c8bb0) of type: BasicImage
27/11/2015 01:38:06 (Std) 	[ImageManager] Created image: 'OgreTrayImages/ButtonDownR' (0x27c8dc0) of type: BasicImage
27/11/2015 01:38:06 (Std) 	[ImageManager] Created image: 'OgreTrayImages/ButtonDownT' (0x27c8fd0) of type: BasicImage
27/11/2015 01:38:06 (Std) 	[ImageManager] Created image: 'OgreTrayImages/ButtonOverB' (0x27c91e0) of type: BasicImage
27/11/2015 01:38:06 (Std) 	[ImageManager] Created image: 'OgreTrayImages/ButtonOverL' (0x27c93f0) of type: BasicImage
27/11/2015 01:38:06 (Std) 	[ImageManager] Created image: 'OgreTrayImages/ButtonOverM' (0x27c9600) of type: BasicImage
27/11/2015 01:38:06 (Std) 	[ImageManager] Created image: 'OgreTrayImages/ButtonOverR' (0x27c9810) of type: BasicImage
27/11/2015 01:38:06 (Std) 	[ImageManager] Created image: 'OgreTrayImages/ButtonOverT' (0x27c9a20) of type: BasicImage
27/11/2015 01:38:06 (Std) 	[ImageManager] Created image: 'OgreTrayImages/ButtonDownBL' (0x27c9c30) of type: BasicImage
27/11/2015 01:38:06 (Std) 	[ImageManager] Created image: 'OgreTrayImages/ButtonDownBR' (0x27c9e40) of type: BasicImage
27/11/2015 01:38:06 (Std) 	[ImageManager] Created image: 'OgreTrayImages/ButtonDownTL' (0x27ca050) of type: BasicImage
27/11/2015 01:38:06 (Std) 	[ImageManager] Created image: 'OgreTrayImages/ButtonDownTR' (0x27ca260) of type: BasicImage
27/11/2015 01:38:06 (Std) 	[ImageManager] Created image: 'OgreTrayImages/ButtonOverBL' (0x27ca470) of type: BasicImage
27/11/2015 01:38:06 (Std) 	[ImageManager] Created image: 'OgreTrayImages/ButtonOverBR' (0x27ca680) of type: BasicImage
27/11/2015 01:38:06 (Std) 	[ImageManager] Created image: 'OgreTrayImages/ButtonOverTL' (0x27ca890) of type: BasicImage
27/11/2015 01:38:06 (Std) 	[ImageManager] Created image: 'OgreTrayImages/ButtonOverTR' (0x27caaa0) of type: BasicImage
27/11/2015 01:38:06 (Std) 	[ImageManager] Created image: 'OgreTrayImages/GenericBrush' (0x27cacb0) of type: BasicImage
27/11/2015 01:38:06 (Std) 	[ImageManager] Created image: 'OgreTrayImages/MiniTextBoxB' (0x27caec0) of type: BasicImage
27/11/2015 01:38:06 (Std) 	[ImageManager] Created image: 'OgreTrayImages/MiniTextBoxL' (0x27cb0d0) of type: BasicImage
27/11/2015 01:38:06 (Std) 	[ImageManager] Created image: 'OgreTrayImages/MiniTextBoxM' (0x27cb2e0) of type: BasicImage
27/11/2015 01:38:06 (Std) 	[ImageManager] Created image: 'OgreTrayImages/MiniTextBoxR' (0x27bdc20) of type: BasicImage
27/11/2015 01:38:06 (Std) 	[ImageManager] Created image: 'OgreTrayImages/MiniTextBoxT' (0x27cb810) of type: BasicImage
27/11/2015 01:38:06 (Std) 	[ImageManager] Created image: 'OgreTrayImages/MiniTextBoxBL' (0x27bcab0) of type: BasicImage
27/11/2015 01:38:06 (Std) 	[ImageManager] Created image: 'OgreTrayImages/MiniTextBoxBR' (0x27be2e0) of type: BasicImage
27/11/2015 01:38:06 (Std) 	[ImageManager] Created image: 'OgreTrayImages/MiniTextBoxTL' (0x27cbed0) of type: BasicImage
27/11/2015 01:38:06 (Std) 	[ImageManager] Created image: 'OgreTrayImages/MiniTextBoxTR' (0x27d9d00) of type: BasicImage
27/11/2015 01:38:06 (Std) 	[ImageManager] Created image: 'OgreTrayImages/MiniTextBoxOverB' (0x27d9f10) of type: BasicImage
27/11/2015 01:38:06 (Std) 	[ImageManager] Created image: 'OgreTrayImages/MiniTextBoxOverL' (0x27da120) of type: BasicImage
27/11/2015 01:38:06 (Std) 	[ImageManager] Created image: 'OgreTrayImages/MiniTextBoxOverM' (0x27da330) of type: BasicImage
27/11/2015 01:38:06 (Std) 	[ImageManager] Created image: 'OgreTrayImages/MiniTextBoxOverR' (0x27da540) of type: BasicImage
27/11/2015 01:38:06 (Std) 	[ImageManager] Created image: 'OgreTrayImages/MiniTextBoxOverT' (0x27da750) of type: BasicImage
27/11/2015 01:38:06 (Std) 	[ImageManager] Created image: 'OgreTrayImages/MiniTextBoxOverBL' (0x27da960) of type: BasicImage
27/11/2015 01:38:06 (Std) 	[ImageManager] Created image: 'OgreTrayImages/MiniTextBoxOverBR' (0x27dac90) of type: BasicImage
27/11/2015 01:38:06 (Std) 	[ImageManager] Created image: 'OgreTrayImages/MiniTextBoxOverTL' (0x27dafc0) of type: BasicImage
27/11/2015 01:38:06 (Std) 	[ImageManager] Created image: 'OgreTrayImages/MiniTextBoxOverTR' (0x27db2f0) of type: BasicImage
27/11/2015 01:38:06 (Std) 	===== Falagard 'root' element: look and feel parsing begins =====
27/11/2015 01:38:06 (Std) 	===== Look and feel parsing completed =====
27/11/2015 01:38:06 (Std) 	No window renderer factories specified for module 'CEGUICoreWindowRendererSet' - adding all available factories...
27/11/2015 01:38:06 (Std) 	Creating falagard mapping for type 'OgreTray/Label' using base type 'DefaultWindow', window renderer 'Core/Default' Look'N'Feel 'OgreTray/Label' and RenderEffect ''. (0x7ffdd3ba51d0)
27/11/2015 01:38:06 (Std) 	Creating falagard mapping for type 'OgreTray/Button' using base type 'CEGUI/PushButton', window renderer 'Core/Button' Look'N'Feel 'OgreTray/PushButton' and RenderEffect ''. (0x7ffdd3ba51d0)
27/11/2015 01:38:06 (Std) 	Creating falagard mapping for type 'OgreTray/Titlebar' using base type 'CEGUI/Titlebar', window renderer 'Core/Titlebar' Look'N'Feel 'OgreTray/Titlebar' and RenderEffect ''. (0x7ffdd3ba51d0)
27/11/2015 01:38:06 (Std) 	Creating falagard mapping for type 'OgreTray/FrameWindow' using base type 'CEGUI/FrameWindow', window renderer 'Core/FrameWindow' Look'N'Feel 'OgreTray/FrameWindow' and RenderEffect ''. (0x7ffdd3ba51d0)
27/11/2015 01:38:06 (Std) 	Creating falagard mapping for type 'OgreTray/Thumb' using base type 'CEGUI/Thumb', window renderer 'Core/Button' Look'N'Feel 'OgreTray/Thumb' and RenderEffect ''. (0x7ffdd3ba51d0)
27/11/2015 01:38:06 (Std) 	Creating falagard mapping for type 'OgreTray/VerticalScrollbar' using base type 'CEGUI/Scrollbar', window renderer 'Core/Scrollbar' Look'N'Feel 'OgreTray/VerticalScrollbar' and RenderEffect ''. (0x7ffdd3ba51d0)
27/11/2015 01:38:06 (Std) 	Creating falagard mapping for type 'OgreTray/HorizontalScrollbar' using base type 'CEGUI/Scrollbar', window renderer 'Core/Scrollbar' Look'N'Feel 'OgreTray/HorizontalScrollbar' and RenderEffect ''. (0x7ffdd3ba51d0)
27/11/2015 01:38:06 (Std) 	Creating falagard mapping for type 'OgreTray/StaticText' using base type 'DefaultWindow', window renderer 'Core/StaticText' Look'N'Feel 'OgreTray/StaticText' and RenderEffect ''. (0x7ffdd3ba51d0)
27/11/2015 01:38:06 (Std) 	Creating falagard mapping for type 'OgreTray/Title' using base type 'DefaultWindow', window renderer 'Core/Default' Look'N'Feel 'OgreTray/MiniTray' and RenderEffect ''. (0x7ffdd3ba51d0)
27/11/2015 01:38:06 (Std) 	Creating falagard mapping for type 'OgreTray/CaptionedStaticText' using base type 'DefaultWindow', window renderer 'Core/StaticText' Look'N'Feel 'OgreTray/CaptionedStaticText' and RenderEffect ''. (0x7ffdd3ba51d0)
27/11/2015 01:38:06 (Std) 	Creating falagard mapping for type 'OgreTray/ProgressBar' using base type 'CEGUI/ProgressBar', window renderer 'Core/ProgressBar' Look'N'Feel 'OgreTray/ProgressBar' and RenderEffect ''. (0x7ffdd3ba51d0)
27/11/2015 01:38:06 (Std) 	Creating falagard mapping for type 'OgreTray/Editbox' using base type 'CEGUI/Editbox', window renderer 'Core/Editbox' Look'N'Feel 'OgreTray/Editbox' and RenderEffect ''. (0x7ffdd3ba51d0)
27/11/2015 01:38:06 (Std) 	Creating falagard mapping for type 'OgreTray/MultiLineEditbox' using base type 'CEGUI/MultiLineEditbox', window renderer 'Core/MultiLineEditbox' Look'N'Feel 'OgreTray/MultiLineEditbox' and RenderEffect ''. (0x7ffdd3ba51d0)
27/11/2015 01:38:06 (Std) 	Creating falagard mapping for type 'OgreTray/Listbox' using base type 'CEGUI/Listbox', window renderer 'Core/Listbox' Look'N'Feel 'OgreTray/Listbox' and RenderEffect ''. (0x7ffdd3ba51d0)
27/11/2015 01:38:06 (Std) 	Creating falagard mapping for type 'OgreTray/ComboDropList' using base type 'CEGUI/ComboDropList', window renderer 'Core/Listbox' Look'N'Feel 'OgreTray/Listbox' and RenderEffect ''. (0x7ffdd3ba51d0)
27/11/2015 01:38:06 (Std) 	Creating falagard mapping for type 'OgreTray/Combobox' using base type 'CEGUI/Combobox', window renderer 'Core/Default' Look'N'Feel 'OgreTray/Combobox' and RenderEffect ''. (0x7ffdd3ba51d0)
27/11/2015 01:38:06 (Std) 	Creating falagard mapping for type 'OgreTray/DropDownMenu' using base type 'CEGUI/Combobox', window renderer 'Core/Default' Look'N'Feel 'OgreTray/DropDownMenu' and RenderEffect ''. (0x7ffdd3ba51d0)
27/11/2015 01:38:06 (Std) 	Creating falagard mapping for type 'OgreTray/Group' using base type 'DefaultWindow', window renderer 'Core/Default' Look'N'Feel 'OgreTray/Group' and RenderEffect ''. (0x7ffdd3ba51d0)
27/11/2015 01:38:06 (Std) 	Creating falagard mapping for type 'OgreTray/Checkbox' using base type 'CEGUI/ToggleButton', window renderer 'Core/ToggleButton' Look'N'Feel 'OgreTray/Checkbox' and RenderEffect ''. (0x7ffdd3ba51d0)
27/11/2015 01:38:06 (Std) 	Creating falagard mapping for type 'OgreTray/RadioButton' using base type 'CEGUI/RadioButton', window renderer 'Core/ToggleButton' Look'N'Feel 'OgreTray/RadioButton' and RenderEffect ''. (0x7ffdd3ba51d0)
27/11/2015 01:38:06 (Std) 	Creating falagard mapping for type 'OgreTray/Slider' using base type 'CEGUI/Slider', window renderer 'Core/Slider' Look'N'Feel 'OgreTray/Slider' and RenderEffect ''. (0x7ffdd3ba51d0)
27/11/2015 01:38:06 (Std) 	Creating falagard mapping for type 'OgreTray/StaticImage' using base type 'DefaultWindow', window renderer 'Core/StaticImage' Look'N'Feel 'OgreTray/StaticImage' and RenderEffect ''. (0x7ffdd3ba51d0)
27/11/2015 01:38:06 (Std) 	Creating falagard mapping for type 'OgreTray/AltStaticImage' using base type 'DefaultWindow', window renderer 'Core/Default' Look'N'Feel 'OgreTray/AltStaticImage' and RenderEffect ''. (0x7ffdd3ba51d0)
27/11/2015 01:38:06 (Std) 	Creating falagard mapping for type 'OgreTray/Tooltip' using base type 'CEGUI/Tooltip', window renderer 'Core/Tooltip' Look'N'Feel 'OgreTray/Tooltip' and RenderEffect ''. (0x7ffdd3ba51d0)
27/11/2015 01:38:06 (Std) 	Creating falagard mapping for type 'OgreTray/ItemListbox' using base type 'CEGUI/ItemListbox', window renderer 'Core/ItemListbox' Look'N'Feel 'OgreTray/ItemListbox' and RenderEffect ''. (0x7ffdd3ba51d0)
27/11/2015 01:38:06 (Std) 	Creating falagard mapping for type 'OgreTray/ListboxItem' using base type 'CEGUI/ItemEntry', window renderer 'Core/ItemEntry' Look'N'Feel 'OgreTray/ListboxItem' and RenderEffect ''. (0x7ffdd3ba51d0)
27/11/2015 01:38:06 (Std) 	Creating falagard mapping for type 'OgreTray/Spinner' using base type 'CEGUI/Spinner', window renderer 'Core/Default' Look'N'Feel 'OgreTray/Spinner' and RenderEffect ''. (0x7ffdd3ba51d0)
27/11/2015 01:38:06 (Std) 	Creating falagard mapping for type 'OgreTray/ScrollablePane' using base type 'CEGUI/ScrollablePane', window renderer 'Core/ScrollablePane' Look'N'Feel 'OgreTray/ScrollablePane' and RenderEffect ''. (0x7ffdd3ba51d0)
27/11/2015 01:38:06 (Std) 	Creating falagard mapping for type 'OgreTray/ListHeaderSegment' using base type 'CEGUI/ListHeaderSegment', window renderer 'Core/ListHeaderSegment' Look'N'Feel 'OgreTray/ListHeaderSegment' and RenderEffect ''. (0x7ffdd3ba51d0)
27/11/2015 01:38:06 (Std) 	Creating falagard mapping for type 'OgreTray/ListHeader' using base type 'CEGUI/ListHeader', window renderer 'Core/ListHeader' Look'N'Feel 'OgreTray/ListHeader' and RenderEffect ''. (0x7ffdd3ba51d0)
27/11/2015 01:38:06 (Std) 	Creating falagard mapping for type 'OgreTray/MultiColumnList' using base type 'CEGUI/MultiColumnList', window renderer 'Core/MultiColumnList' Look'N'Feel 'OgreTray/MultiColumnList' and RenderEffect ''. (0x7ffdd3ba51d0)
27/11/2015 01:38:06 (Std) 	Creating falagard mapping for type 'OgreTray/MenuItem' using base type 'CEGUI/MenuItem', window renderer 'Core/MenuItem' Look'N'Feel 'OgreTray/MenuItem' and RenderEffect ''. (0x7ffdd3ba51d0)
27/11/2015 01:38:06 (Std) 	Creating falagard mapping for type 'OgreTray/Menubar' using base type 'CEGUI/Menubar', window renderer 'Core/Menubar' Look'N'Feel 'OgreTray/Menubar' and RenderEffect ''. (0x7ffdd3ba51d0)
27/11/2015 01:38:06 (Std) 	Creating falagard mapping for type 'OgreTray/PopupMenu' using base type 'CEGUI/PopupMenu', window renderer 'Core/PopupMenu' Look'N'Feel 'OgreTray/PopupMenu' and RenderEffect ''. (0x7ffdd3ba51d0)
27/11/2015 01:38:06 (Std) 	Creating falagard mapping for type 'OgreTray/TabButton' using base type 'CEGUI/TabButton', window renderer 'Core/TabButton' Look'N'Feel 'OgreTray/TabButton' and RenderEffect ''. (0x7ffdd3ba51d0)
27/11/2015 01:38:06 (Std) 	Creating falagard mapping for type 'OgreTray/TabButtonPane' using base type 'DefaultWindow', window renderer 'Core/Default' Look'N'Feel 'OgreTray/TabButtonPane' and RenderEffect ''. (0x7ffdd3ba51d0)
27/11/2015 01:38:06 (Std) 	Creating falagard mapping for type 'OgreTray/TabContentPane' using base type 'DefaultWindow', window renderer 'Core/Default' Look'N'Feel 'OgreTray/TabContentPane' and RenderEffect ''. (0x7ffdd3ba51d0)
27/11/2015 01:38:06 (Std) 	Creating falagard mapping for type 'OgreTray/TabControl' using base type 'CEGUI/TabControl', window renderer 'Core/TabControl' Look'N'Feel 'OgreTray/TabControl' and RenderEffect ''. (0x7ffdd3ba51d0)
27/11/2015 01:38:06 (Std) 	Creating falagard mapping for type 'OgreTray/BG' using base type 'DefaultWindow', window renderer 'Core/Default' Look'N'Feel 'OgreTray/BGTest' and RenderEffect ''. (0x7ffdd3ba51d0)
27/11/2015 01:38:06 (Std) 	Started creation of Scheme from XML specification:
27/11/2015 01:38:06 (Std) 	---- CEGUI GUIScheme name: TaharezLook
27/11/2015 01:38:06 (Std) 	[ImageManager] Started creation of Imageset from XML specification:
27/11/2015 01:38:06 (Std) 	[ImageManager] ---- CEGUI Imageset name: TaharezLook
27/11/2015 01:38:06 (Std) 	[ImageManager] ---- Source texture file: TaharezLook.png
27/11/2015 01:38:06 (Std) 	[ImageManager] ---- Source texture resource group: (Default)
27/11/2015 01:38:06 (Std) 	[OgreRenderer] Created texture: TaharezLook
27/11/2015 01:38:06 (Std) 	[ImageManager] Created image: 'TaharezLook/ClientBrush' (0x292faf0) of type: BasicImage
27/11/2015 01:38:06 (Std) 	[ImageManager] Created image: 'TaharezLook/GenericBrush' (0x292fc10) of type: BasicImage
27/11/2015 01:38:06 (Std) 	[ImageManager] Created image: 'TaharezLook/WindowLeftEdge' (0x2930460) of type: BasicImage
27/11/2015 01:38:06 (Std) 	[ImageManager] Created image: 'TaharezLook/WindowRightEdge' (0x2930670) of type: BasicImage
27/11/2015 01:38:06 (Std) 	[ImageManager] Created image: 'TaharezLook/WindowTopEdge' (0x292f4b0) of type: BasicImage
27/11/2015 01:38:06 (Std) 	[ImageManager] Created image: 'TaharezLook/WindowBottomEdge' (0x2930140) of type: BasicImage
27/11/2015 01:38:06 (Std) 	[ImageManager] Created image: 'TaharezLook/WindowTopLeft' (0x2930880) of type: BasicImage
27/11/2015 01:38:06 (Std) 	[ImageManager] Created image: 'TaharezLook/WindowTopRight' (0x2930a90) of type: BasicImage
27/11/2015 01:38:06 (Std) 	[ImageManager] Created image: 'TaharezLook/WindowBottomLeft' (0x2930ca0) of type: BasicImage
27/11/2015 01:38:06 (Std) 	[ImageManager] Created image: 'TaharezLook/WindowBottomRight' (0x2930eb0) of type: BasicImage
27/11/2015 01:38:06 (Std) 	[ImageManager] Created image: 'TaharezLook/ButtonLeftNormal' (0x29310c0) of type: BasicImage
27/11/2015 01:38:06 (Std) 	[ImageManager] Created image: 'TaharezLook/ButtonMiddleNormal' (0x29312d0) of type: BasicImage
27/11/2015 01:38:06 (Std) 	[ImageManager] Created image: 'TaharezLook/ButtonRightNormal' (0x29314e0) of type: BasicImage
27/11/2015 01:38:06 (Std) 	[ImageManager] Created image: 'TaharezLook/ButtonLeftPushed' (0x29316f0) of type: BasicImage
27/11/2015 01:38:06 (Std) 	[ImageManager] Created image: 'TaharezLook/ButtonMiddlePushed' (0x2931900) of type: BasicImage
27/11/2015 01:38:06 (Std) 	[ImageManager] Created image: 'TaharezLook/ButtonRightPushed' (0x2931b10) of type: BasicImage
27/11/2015 01:38:06 (Std) 	[ImageManager] Created image: 'TaharezLook/ButtonLeftHighlight' (0x2931d20) of type: BasicImage
27/11/2015 01:38:06 (Std) 	[ImageManager] Created image: 'TaharezLook/ButtonMiddleHighlight' (0x2931f30) of type: BasicImage
27/11/2015 01:38:06 (Std) 	[ImageManager] Created image: 'TaharezLook/ButtonRightHighlight' (0x2932260) of type: BasicImage
27/11/2015 01:38:06 (Std) 	[ImageManager] Created image: 'TaharezLook/CheckboxNormal' (0x2932590) of type: BasicImage
27/11/2015 01:38:06 (Std) 	[ImageManager] Created image: 'TaharezLook/CheckboxHover' (0x29327a0) of type: BasicImage
27/11/2015 01:38:06 (Std) 	[ImageManager] Created image: 'TaharezLook/CheckboxMark' (0x29329b0) of type: BasicImage
27/11/2015 01:38:06 (Std) 	[ImageManager] Created image: 'TaharezLook/RadioButtonNormal' (0x2932bc0) of type: BasicImage
27/11/2015 01:38:06 (Std) 	[ImageManager] Created image: 'TaharezLook/RadioButtonHover' (0x2932dd0) of type: BasicImage
27/11/2015 01:38:06 (Std) 	[ImageManager] Created image: 'TaharezLook/RadioButtonMark' (0x2932fe0) of type: BasicImage
27/11/2015 01:38:06 (Std) 	[ImageManager] Created image: 'TaharezLook/TitlebarLeft' (0x29331f0) of type: BasicImage
27/11/2015 01:38:06 (Std) 	[ImageManager] Created image: 'TaharezLook/TitlebarMiddle' (0x2933400) of type: BasicImage
27/11/2015 01:38:06 (Std) 	[ImageManager] Created image: 'TaharezLook/TitlebarRight' (0x2933610) of type: BasicImage
27/11/2015 01:38:06 (Std) 	[ImageManager] Created image: 'TaharezLook/NewTitlebarLeft' (0x292f190) of type: BasicImage
27/11/2015 01:38:06 (Std) 	[ImageManager] Created image: 'TaharezLook/NewTitlebarMiddle' (0x2921fd0) of type: BasicImage
27/11/2015 01:38:06 (Std) 	[ImageManager] Created image: 'TaharezLook/NewTitlebarRight' (0x29221e0) of type: BasicImage
27/11/2015 01:38:06 (Std) 	[ImageManager] Created image: 'TaharezLook/SysAreaMiddle' (0x29223f0) of type: BasicImage
27/11/2015 01:38:06 (Std) 	[ImageManager] Created image: 'TaharezLook/SysAreaRight' (0x2922600) of type: BasicImage
27/11/2015 01:38:06 (Std) 	[ImageManager] Created image: 'TaharezLook/StaticLeft' (0x2922810) of type: BasicImage
27/11/2015 01:38:06 (Std) 	[ImageManager] Created image: 'TaharezLook/StaticRight' (0x2922a20) of type: BasicImage
27/11/2015 01:38:06 (Std) 	[ImageManager] Created image: 'TaharezLook/StaticTop' (0x2922c30) of type: BasicImage
27/11/2015 01:38:06 (Std) 	[ImageManager] Created image: 'TaharezLook/StaticBottom' (0x2922e40) of type: BasicImage
27/11/2015 01:38:06 (Std) 	[ImageManager] Created image: 'TaharezLook/StaticTopLeft' (0x2923050) of type: BasicImage
27/11/2015 01:38:06 (Std) 	[ImageManager] Created image: 'TaharezLook/StaticTopRight' (0x2923260) of type: BasicImage
27/11/2015 01:38:06 (Std) 	[ImageManager] Created image: 'TaharezLook/StaticBottomLeft' (0x2923470) of type: BasicImage
27/11/2015 01:38:06 (Std) 	[ImageManager] Created image: 'TaharezLook/StaticBottomRight' (0x2923680) of type: BasicImage
27/11/2015 01:38:06 (Std) 	[ImageManager] Created image: 'TaharezLook/StaticBackdrop' (0x2923890) of type: BasicImage
27/11/2015 01:38:06 (Std) 	[ImageManager] Created image: 'TaharezLook/ProgressBarLeft' (0x2923aa0) of type: BasicImage
27/11/2015 01:38:06 (Std) 	[ImageManager] Created image: 'TaharezLook/ProgressBarMiddle' (0x2923cb0) of type: BasicImage
27/11/2015 01:38:06 (Std) 	[ImageManager] Created image: 'TaharezLook/ProgressBarRight' (0x2923ec0) of type: BasicImage
27/11/2015 01:38:06 (Std) 	[ImageManager] Created image: 'TaharezLook/ProgressBarDimSegment' (0x29240d0) of type: BasicImage
27/11/2015 01:38:06 (Std) 	[ImageManager] Created image: 'TaharezLook/ProgressBarLitSegment' (0x2924370) of type: BasicImage
27/11/2015 01:38:06 (Std) 	[ImageManager] Created image: 'TaharezLook/EditBoxLeft' (0x29246a0) of type: BasicImage
27/11/2015 01:38:06 (Std) 	[ImageManager] Created image: 'TaharezLook/EditBoxMiddle' (0x29248b0) of type: BasicImage
27/11/2015 01:38:06 (Std) 	[ImageManager] Created image: 'TaharezLook/EditBoxRight' (0x2924ac0) of type: BasicImage
27/11/2015 01:38:06 (Std) 	[ImageManager] Created image: 'TaharezLook/EditBoxCaret' (0x2924cd0) of type: BasicImage
27/11/2015 01:38:06 (Std) 	[ImageManager] Created image: 'TaharezLook/SpinnerUpNormal' (0x2924ee0) of type: BasicImage
27/11/2015 01:38:06 (Std) 	[ImageManager] Created image: 'TaharezLook/SpinnerDownNormal' (0x29250f0) of type: BasicImage
27/11/2015 01:38:06 (Std) 	[ImageManager] Created image: 'TaharezLook/SpinnerUpHover' (0x2925300) of type: BasicImage
27/11/2015 01:38:06 (Std) 	[ImageManager] Created image: 'TaharezLook/SpinnerDownHover' (0x2925510) of type: BasicImage
27/11/2015 01:38:06 (Std) 	[ImageManager] Created image: 'TaharezLook/TextSelectionBrush' (0x2925720) of type: BasicImage
27/11/2015 01:38:06 (Std) 	[ImageManager] Created image: 'TaharezLook/VertScrollTop' (0x2925930) of type: BasicImage
27/11/2015 01:38:06 (Std) 	[ImageManager] Created image: 'TaharezLook/VertScrollMiddle' (0x2925b40) of type: BasicImage
27/11/2015 01:38:06 (Std) 	[ImageManager] Created image: 'TaharezLook/VertScrollBottom' (0x2925d50) of type: BasicImage
27/11/2015 01:38:06 (Std) 	[ImageManager] Created image: 'TaharezLook/VertScrollBarSegment' (0x2925f60) of type: BasicImage
27/11/2015 01:38:06 (Std) 	[ImageManager] Created image: 'TaharezLook/VertScrollThumbNormal' (0x2926290) of type: BasicImage
27/11/2015 01:38:06 (Std) 	[ImageManager] Created image: 'TaharezLook/VertScrollThumbHover' (0x29265c0) of type: BasicImage
27/11/2015 01:38:06 (Std) 	[ImageManager] Created image: 'TaharezLook/VertScrollUpNormal' (0x29268f0) of type: BasicImage
27/11/2015 01:38:06 (Std) 	[ImageManager] Created image: 'TaharezLook/VertScrollDownNormal' (0x2926b00) of type: BasicImage
27/11/2015 01:38:06 (Std) 	[ImageManager] Created image: 'TaharezLook/VertScrollUpHover' (0x2926e30) of type: BasicImage
27/11/2015 01:38:06 (Std) 	[ImageManager] Created image: 'TaharezLook/VertScrollDownHover' (0x2927040) of type: BasicImage
27/11/2015 01:38:06 (Std) 	[ImageManager] Created image: 'TaharezLook/MiniVertScrollBarSegment' (0x2927250) of type: BasicImage
27/11/2015 01:38:06 (Std) 	[ImageManager] Created image: 'TaharezLook/MiniVertScrollThumbNormal' (0x2927640) of type: BasicImage
27/11/2015 01:38:06 (Std) 	[ImageManager] Created image: 'TaharezLook/MiniVertScrollThumbTopNormal' (0x2927a30) of type: BasicImage
27/11/2015 01:38:06 (Std) 	[ImageManager] Created image: 'TaharezLook/MiniVertScrollThumbMiddleNormal' (0x2927e50) of type: BasicImage
27/11/2015 01:38:06 (Std) 	[ImageManager] Created image: 'TaharezLook/MiniVertScrollThumbBottomNormal' (0x29282a0) of type: BasicImage
27/11/2015 01:38:06 (Std) 	[ImageManager] Created image: 'TaharezLook/MiniVertScrollThumbTopHover' (0x29286f0) of type: BasicImage
27/11/2015 01:38:06 (Std) 	[ImageManager] Created image: 'TaharezLook/MiniVertScrollThumbMiddleHover' (0x2928a60) of type: BasicImage
27/11/2015 01:38:06 (Std) 	[ImageManager] Created image: 'TaharezLook/MiniVertScrollThumbBottomHover' (0x2928eb0) of type: BasicImage
27/11/2015 01:38:06 (Std) 	[ImageManager] Created image: 'TaharezLook/MiniVertScrollThumbHover' (0x2929240) of type: BasicImage
27/11/2015 01:38:06 (Std) 	[ImageManager] Created image: 'TaharezLook/MiniVertScrollUpNormal' (0x2929630) of type: BasicImage
27/11/2015 01:38:06 (Std) 	[ImageManager] Created image: 'TaharezLook/MiniVertScrollDownNormal' (0x2929980) of type: BasicImage
27/11/2015 01:38:06 (Std) 	[ImageManager] Created image: 'TaharezLook/MiniVertScrollUpHover' (0x292f850) of type: BasicImage
27/11/2015 01:38:06 (Std) 	[ImageManager] Created image: 'TaharezLook/MiniVertScrollDownHover' (0x2929e60) of type: BasicImage
27/11/2015 01:38:06 (Std) 	[ImageManager] Created image: 'TaharezLook/VertSliderBody' (0x29497f0) of type: BasicImage
27/11/2015 01:38:06 (Std) 	[ImageManager] Created image: 'TaharezLook/VertSliderThumbNormal' (0x2949a00) of type: BasicImage
27/11/2015 01:38:06 (Std) 	[ImageManager] Created image: 'TaharezLook/VertSliderThumbHover' (0x2949d30) of type: BasicImage
27/11/2015 01:38:06 (Std) 	[ImageManager] Created image: 'TaharezLook/MiniHorzScrollBarSegment' (0x294a060) of type: BasicImage
27/11/2015 01:38:06 (Std) 	[ImageManager] Created image: 'TaharezLook/MiniHorzScrollThumbNormal' (0x294a450) of type: BasicImage
27/11/2015 01:38:06 (Std) 	[ImageManager] Created image: 'TaharezLook/MiniHorzScrollThumbLeftNormal' (0x294a7a0) of type: BasicImage
27/11/2015 01:38:06 (Std) 	[ImageManager] Created image: 'TaharezLook/MiniHorzScrollThumbMiddleNormal' (0x294abc0) of type: BasicImage
27/11/2015 01:38:06 (Std) 	[ImageManager] Created image: 'TaharezLook/MiniHorzScrollThumbRightNormal' (0x294af50) of type: BasicImage
27/11/2015 01:38:06 (Std) 	[ImageManager] Created image: 'TaharezLook/MiniHorzScrollThumbHover' (0x294b2e0) of type: BasicImage
27/11/2015 01:38:06 (Std) 	[ImageManager] Created image: 'TaharezLook/MiniHorzScrollThumbLeftHover' (0x294b630) of type: BasicImage
27/11/2015 01:38:06 (Std) 	[ImageManager] Created image: 'TaharezLook/MiniHorzScrollThumbMiddleHover' (0x294ba50) of type: BasicImage
27/11/2015 01:38:06 (Std) 	[ImageManager] Created image: 'TaharezLook/MiniHorzScrollThumbRightHover' (0x294bde0) of type: BasicImage
27/11/2015 01:38:06 (Std) 	[ImageManager] Created image: 'TaharezLook/MiniHorzScrollLeftNormal' (0x294c150) of type: BasicImage
27/11/2015 01:38:06 (Std) 	[ImageManager] Created image: 'TaharezLook/MiniHorzScrollRightNormal' (0x294c4a0) of type: BasicImage
27/11/2015 01:38:06 (Std) 	[ImageManager] Created image: 'TaharezLook/MiniHorzScrollLeftHover' (0x294c7f0) of type: BasicImage
27/11/2015 01:38:06 (Std) 	[ImageManager] Created image: 'TaharezLook/MiniHorzScrollRightHover' (0x294cb40) of type: BasicImage
27/11/2015 01:38:06 (Std) 	[ImageManager] Created image: 'TaharezLook/ListboxLeft' (0x294ce90) of type: BasicImage
27/11/2015 01:38:06 (Std) 	[ImageManager] Created image: 'TaharezLook/ListboxRight' (0x294d0a0) of type: BasicImage
27/11/2015 01:38:06 (Std) 	[ImageManager] Created image: 'TaharezLook/ListboxTop' (0x294d2b0) of type: BasicImage
27/11/2015 01:38:06 (Std) 	[ImageManager] Created image: 'TaharezLook/ListboxBottom' (0x294d4c0) of type: BasicImage
27/11/2015 01:38:06 (Std) 	[ImageManager] Created image: 'TaharezLook/ListboxTopLeft' (0x294d6d0) of type: BasicImage
27/11/2015 01:38:06 (Std) 	[ImageManager] Created image: 'TaharezLook/ListboxTopRight' (0x294d8e0) of type: BasicImage
27/11/2015 01:38:06 (Std) 	[ImageManager] Created image: 'TaharezLook/ListboxBottomLeft' (0x294daf0) of type: BasicImage
27/11/2015 01:38:06 (Std) 	[ImageManager] Created image: 'TaharezLook/ListboxBottomRight' (0x294dd00) of type: BasicImage
27/11/2015 01:38:06 (Std) 	[ImageManager] Created image: 'TaharezLook/ListboxBackdrop' (0x294df10) of type: BasicImage
27/11/2015 01:38:06 (Std) 	[ImageManager] Created image: 'TaharezLook/ListboxSelectionBrush' (0x294e120) of type: BasicImage
27/11/2015 01:38:06 (Std) 	[ImageManager] Created image: 'TaharezLook/ComboboxEditLeft' (0x294e450) of type: BasicImage
27/11/2015 01:38:06 (Std) 	[ImageManager] Created image: 'TaharezLook/ComboboxEditMiddle' (0x294e660) of type: BasicImage
27/11/2015 01:38:06 (Std) 	[ImageManager] Created image: 'TaharezLook/ComboboxListButtonNormal' (0x294e870) of type: BasicImage
27/11/2015 01:38:06 (Std) 	[ImageManager] Created image: 'TaharezLook/ComboboxListButtonHover' (0x294ebc0) of type: BasicImage
27/11/2015 01:38:06 (Std) 	[ImageManager] Created image: 'TaharezLook/ComboboxListLeft' (0x294ef10) of type: BasicImage
27/11/2015 01:38:06 (Std) 	[ImageManager] Created image: 'TaharezLook/ComboboxListRight' (0x294f120) of type: BasicImage
27/11/2015 01:38:06 (Std) 	[ImageManager] Created image: 'TaharezLook/ComboboxListTop' (0x294f330) of type: BasicImage
27/11/2015 01:38:06 (Std) 	[ImageManager] Created image: 'TaharezLook/ComboboxListBottom' (0x294f540) of type: BasicImage
27/11/2015 01:38:06 (Std) 	[ImageManager] Created image: 'TaharezLook/ComboboxListTopLeft' (0x294f750) of type: BasicImage
27/11/2015 01:38:06 (Std) 	[ImageManager] Created image: 'TaharezLook/ComboboxListTopRight' (0x294f960) of type: BasicImage
27/11/2015 01:38:06 (Std) 	[ImageManager] Created image: 'TaharezLook/ComboboxListBottomLeft' (0x294fc90) of type: BasicImage
27/11/2015 01:38:06 (Std) 	[ImageManager] Created image: 'TaharezLook/ComboboxListBottomRight' (0x294ffe0) of type: BasicImage
27/11/2015 01:38:06 (Std) 	[ImageManager] Created image: 'TaharezLook/ComboboxListBackdrop' (0x2950330) of type: BasicImage
27/11/2015 01:38:06 (Std) 	[ImageManager] Created image: 'TaharezLook/ComboboxSelectionBrush' (0x2950660) of type: BasicImage
27/11/2015 01:38:06 (Std) 	[ImageManager] Created image: 'TaharezLook/ComboboxDividerLeft' (0x29509b0) of type: BasicImage
27/11/2015 01:38:06 (Std) 	[ImageManager] Created image: 'TaharezLook/ComboboxDividerMiddle' (0x2950bc0) of type: BasicImage
27/11/2015 01:38:06 (Std) 	[ImageManager] Created image: 'TaharezLook/ComboboxDividerRight' (0x2950ef0) of type: BasicImage
27/11/2015 01:38:06 (Std) 	[ImageManager] Created image: 'TaharezLook/HeaderBarBackdropNormal' (0x2951220) of type: BasicImage
27/11/2015 01:38:06 (Std) 	[ImageManager] Created image: 'TaharezLook/HeaderBarBackdropHover' (0x2951570) of type: BasicImage
27/11/2015 01:38:06 (Std) 	[ImageManager] Created image: 'TaharezLook/HeaderBarSplitterNormal' (0x29518c0) of type: BasicImage
27/11/2015 01:38:06 (Std) 	[ImageManager] Created image: 'TaharezLook/HeaderBarSplitterHover' (0x2951c10) of type: BasicImage
27/11/2015 01:38:06 (Std) 	[ImageManager] Created image: 'TaharezLook/HeaderBarSortUp' (0x2951f60) of type: BasicImage
27/11/2015 01:38:06 (Std) 	[ImageManager] Created image: 'TaharezLook/HeaderBarSortDown' (0x2952170) of type: BasicImage
27/11/2015 01:38:06 (Std) 	[ImageManager] Created image: 'TaharezLook/MultiListLeft' (0x2952380) of type: BasicImage
27/11/2015 01:38:06 (Std) 	[ImageManager] Created image: 'TaharezLook/MultiListRight' (0x2952590) of type: BasicImage
27/11/2015 01:38:06 (Std) 	[ImageManager] Created image: 'TaharezLook/MultiListTop' (0x29527a0) of type: BasicImage
27/11/2015 01:38:06 (Std) 	[ImageManager] Created image: 'TaharezLook/MultiListBottom' (0x29529b0) of type: BasicImage
27/11/2015 01:38:06 (Std) 	[ImageManager] Created image: 'TaharezLook/MultiListTopLeft' (0x2952bc0) of type: BasicImage
27/11/2015 01:38:06 (Std) 	[ImageManager] Created image: 'TaharezLook/MultiListTopRight' (0x2952dd0) of type: BasicImage
27/11/2015 01:38:06 (Std) 	[ImageManager] Created image: 'TaharezLook/MultiListBottomLeft' (0x2952fe0) of type: BasicImage
27/11/2015 01:38:06 (Std) 	[ImageManager] Created image: 'TaharezLook/MultiListBottomRight' (0x29531f0) of type: BasicImage
27/11/2015 01:38:06 (Std) 	[ImageManager] Created image: 'TaharezLook/MultiListBackdrop' (0x2953520) of type: BasicImage
27/11/2015 01:38:06 (Std) 	[ImageManager] Created image: 'TaharezLook/MultiListSelectionBrush' (0x2953730) of type: BasicImage
27/11/2015 01:38:06 (Std) 	[ImageManager] Created image: 'TaharezLook/AltProgressLeft' (0x2953a80) of type: BasicImage
27/11/2015 01:38:06 (Std) 	[ImageManager] Created image: 'TaharezLook/AltProgressMiddle' (0x28e76b0) of type: BasicImage
27/11/2015 01:38:06 (Std) 	[ImageManager] Created image: 'TaharezLook/AltProgressRight' (0x28e78c0) of type: BasicImage
27/11/2015 01:38:06 (Std) 	[ImageManager] Created image: 'TaharezLook/AltProgressQuarter' (0x2b07c10) of type: BasicImage
27/11/2015 01:38:06 (Std) 	[ImageManager] Created image: 'TaharezLook/AltProgressHalf' (0x2b07e20) of type: BasicImage
27/11/2015 01:38:06 (Std) 	[ImageManager] Created image: 'TaharezLook/AltProgressLight1' (0x2b08030) of type: BasicImage
27/11/2015 01:38:06 (Std) 	[ImageManager] Created image: 'TaharezLook/AltProgressLight2' (0x2b08240) of type: BasicImage
27/11/2015 01:38:06 (Std) 	[ImageManager] Created image: 'TaharezLook/AltProgressLight3' (0x2b08450) of type: BasicImage
27/11/2015 01:38:06 (Std) 	[ImageManager] Created image: 'TaharezLook/AltProgressLight4' (0x2b08660) of type: BasicImage
27/11/2015 01:38:06 (Std) 	[ImageManager] Created image: 'TaharezLook/AltProgressLight5' (0x2b08870) of type: BasicImage
27/11/2015 01:38:06 (Std) 	[ImageManager] Created image: 'TaharezLook/AltProgressLight6' (0x2b08a80) of type: BasicImage
27/11/2015 01:38:06 (Std) 	[ImageManager] Created image: 'TaharezLook/AltProgressLight7' (0x2b08c90) of type: BasicImage
27/11/2015 01:38:06 (Std) 	[ImageManager] Created image: 'TaharezLook/AltProgressLight8' (0x2b08ea0) of type: BasicImage
27/11/2015 01:38:06 (Std) 	[ImageManager] Created image: 'TaharezLook/AltProgressLight9' (0x2b090b0) of type: BasicImage
27/11/2015 01:38:06 (Std) 	[ImageManager] Created image: 'TaharezLook/AltProgressLight10' (0x2b092c0) of type: BasicImage
27/11/2015 01:38:06 (Std) 	[ImageManager] Created image: 'TaharezLook/CloseButtonNormal' (0x2b094d0) of type: BasicImage
27/11/2015 01:38:06 (Std) 	[ImageManager] Created image: 'TaharezLook/CloseButtonHover' (0x2b096e0) of type: BasicImage
27/11/2015 01:38:06 (Std) 	[ImageManager] Created image: 'TaharezLook/CloseButtonPressed' (0x2b098f0) of type: BasicImage
27/11/2015 01:38:06 (Std) 	[ImageManager] Created image: 'TaharezLook/NewCloseButtonNormal' (0x2b09b00) of type: BasicImage
27/11/2015 01:38:06 (Std) 	[ImageManager] Created image: 'TaharezLook/NewCloseButtonHover' (0x2b09e30) of type: BasicImage
27/11/2015 01:38:06 (Std) 	[ImageManager] Created image: 'TaharezLook/NewCloseButtonPressed' (0x2b0a040) of type: BasicImage
27/11/2015 01:38:06 (Std) 	[ImageManager] Created image: 'TaharezLook/MultiLineEditboxLeft' (0x2b0a370) of type: BasicImage
27/11/2015 01:38:06 (Std) 	[ImageManager] Created image: 'TaharezLook/MultiLineEditboxRight' (0x2b0a6a0) of type: BasicImage
27/11/2015 01:38:06 (Std) 	[ImageManager] Created image: 'TaharezLook/MultiLineEditboxTop' (0x2b0a9d0) of type: BasicImage
27/11/2015 01:38:06 (Std) 	[ImageManager] Created image: 'TaharezLook/MultiLineEditboxBottom' (0x2b0abe0) of type: BasicImage
27/11/2015 01:38:06 (Std) 	[ImageManager] Created image: 'TaharezLook/MultiLineEditboxTopLeft' (0x2b0af30) of type: BasicImage
27/11/2015 01:38:06 (Std) 	[ImageManager] Created image: 'TaharezLook/MultiLineEditboxTopRight' (0x2b0b280) of type: BasicImage
27/11/2015 01:38:06 (Std) 	[ImageManager] Created image: 'TaharezLook/MultiLineEditboxBottomLeft' (0x2b0b5d0) of type: BasicImage
27/11/2015 01:38:06 (Std) 	[ImageManager] Created image: 'TaharezLook/MultiLineEditboxBottomRight' (0x2b0b940) of type: BasicImage
27/11/2015 01:38:06 (Std) 	[ImageManager] Created image: 'TaharezLook/MultiLineEditboxBackdrop' (0x2b0bcb0) of type: BasicImage
27/11/2015 01:38:06 (Std) 	[ImageManager] Created image: 'TaharezLook/MultiLineEditboxSelectionBrush' (0x2b0c000) of type: BasicImage
27/11/2015 01:38:06 (Std) 	[ImageManager] Created image: 'TaharezLook/MouseTarget' (0x2b0c9d0) of type: BasicImage
27/11/2015 01:38:06 (Std) 	[ImageManager] Created image: 'TaharezLook/MouseArrow' (0x2b0c390) of type: BasicImage
27/11/2015 01:38:06 (Std) 	[ImageManager] Created image: 'TaharezLook/MouseMoveCursor' (0x2b0cf00) of type: BasicImage
27/11/2015 01:38:06 (Std) 	[ImageManager] Created image: 'TaharezLook/MouseNoSoCursor' (0x2b0d110) of type: BasicImage
27/11/2015 01:38:06 (Std) 	[ImageManager] Created image: 'TaharezLook/MouseEsWeCursor' (0x2b0d320) of type: BasicImage
27/11/2015 01:38:06 (Std) 	[ImageManager] Created image: 'TaharezLook/MouseNeSwCursor' (0x2b0d530) of type: BasicImage
27/11/2015 01:38:06 (Std) 	[ImageManager] Created image: 'TaharezLook/MouseNwSeCursor' (0x2b0d740) of type: BasicImage
27/11/2015 01:38:06 (Std) 	[ImageManager] Created image: 'TaharezLook/MouseTextBar' (0x2b0d950) of type: BasicImage
27/11/2015 01:38:06 (Std) 	[ImageManager] Created image: 'TaharezLook/TabHorizontalFiller' (0x2953c90) of type: BasicImage
27/11/2015 01:38:06 (Std) 	[ImageManager] Created image: 'TaharezLook/TabContentPaneUpperLeft' (0x2953ea0) of type: BasicImage
27/11/2015 01:38:06 (Std) 	[ImageManager] Created image: 'TaharezLook/TabContentPaneUpper' (0x292ffb0) of type: BasicImage
27/11/2015 01:38:06 (Std) 	[ImageManager] Created image: 'TaharezLook/TabContentPaneUpperRight' (0x2b0db60) of type: BasicImage
27/11/2015 01:38:06 (Std) 	[ImageManager] Created image: 'TaharezLook/TabContentPaneLeft' (0x2b0df50) of type: BasicImage
27/11/2015 01:38:06 (Std) 	[ImageManager] Created image: 'TaharezLook/TabContentPaneRight' (0x2b0e160) of type: BasicImage
27/11/2015 01:38:06 (Std) 	[ImageManager] Created image: 'TaharezLook/TabContentPaneLower' (0x2b0e370) of type: BasicImage
27/11/2015 01:38:06 (Std) 	[ImageManager] Created image: 'TaharezLook/TabContentPaneLowerLeft' (0x2b0e580) of type: BasicImage
27/11/2015 01:38:06 (Std) 	[ImageManager] Created image: 'TaharezLook/TabContentPaneLowerRight' (0x2b0e8d0) of type: BasicImage
27/11/2015 01:38:06 (Std) 	[ImageManager] Created image: 'TaharezLook/TabContentPaneMiddle' (0x2b0ec20) of type: BasicImage
27/11/2015 01:38:06 (Std) 	[ImageManager] Created image: 'TaharezLook/TabButtonScrollLeftNormal' (0x2b0ef50) of type: BasicImage
27/11/2015 01:38:06 (Std) 	[ImageManager] Created image: 'TaharezLook/TabButtonScrollRightNormal' (0x2b0f2a0) of type: BasicImage
27/11/2015 01:38:06 (Std) 	[ImageManager] Created image: 'TaharezLook/TabButtonScrollLeftHover' (0x2b0f610) of type: BasicImage
27/11/2015 01:38:06 (Std) 	[ImageManager] Created image: 'TaharezLook/TabButtonScrollRightHover' (0x2b0f960) of type: BasicImage
27/11/2015 01:38:06 (Std) 	[ImageManager] Created image: 'TaharezLook/TabButtonLeftNormal' (0x2b0fcb0) of type: BasicImage
27/11/2015 01:38:06 (Std) 	[ImageManager] Created image: 'TaharezLook/TabButtonRightNormal' (0x2b0fec0) of type: BasicImage
27/11/2015 01:38:06 (Std) 	[ImageManager] Created image: 'TaharezLook/TabButtonUpperNormal' (0x2b101f0) of type: BasicImage
27/11/2015 01:38:06 (Std) 	[ImageManager] Created image: 'TaharezLook/TabButtonLowerNormal' (0x2b10520) of type: BasicImage
27/11/2015 01:38:06 (Std) 	[ImageManager] Created image: 'TaharezLook/TabButtonUpperLeftNormal' (0x2b10850) of type: BasicImage
27/11/2015 01:38:06 (Std) 	[ImageManager] Created image: 'TaharezLook/TabButtonUpperLeft2Normal' (0x2b10ba0) of type: BasicImage
27/11/2015 01:38:06 (Std) 	[ImageManager] Created image: 'TaharezLook/TabButtonUpperRightNormal' (0x2b10ef0) of type: BasicImage
27/11/2015 01:38:06 (Std) 	[ImageManager] Created image: 'TaharezLook/TabButtonLowerLeftNormal' (0x2b11240) of type: BasicImage
27/11/2015 01:38:06 (Std) 	[ImageManager] Created image: 'TaharezLook/TabButtonLowerRightNormal' (0x2b11590) of type: BasicImage
27/11/2015 01:38:06 (Std) 	[ImageManager] Created image: 'TaharezLook/TabButtonLowerRight2Normal' (0x2b118e0) of type: BasicImage
27/11/2015 01:38:06 (Std) 	[ImageManager] Created image: 'TaharezLook/TabButtonMiddleNormal' (0x2b11c50) of type: BasicImage
27/11/2015 01:38:06 (Std) 	[ImageManager] Created image: 'TaharezLook/TabButtonLeftSelected' (0x2b11f80) of type: BasicImage
27/11/2015 01:38:06 (Std) 	[ImageManager] Created image: 'TaharezLook/TabButtonRightSelected' (0x2b122b0) of type: BasicImage
27/11/2015 01:38:06 (Std) 	[ImageManager] Created image: 'TaharezLook/TabButtonUpperSelected' (0x2b12600) of type: BasicImage
27/11/2015 01:38:06 (Std) 	[ImageManager] Created image: 'TaharezLook/TabButtonLowerSelected' (0x2b12950) of type: BasicImage
27/11/2015 01:38:06 (Std) 	[ImageManager] Created image: 'TaharezLook/TabButtonUpperLeftSelected' (0x2b12ca0) of type: BasicImage
27/11/2015 01:38:06 (Std) 	[ImageManager] Created image: 'TaharezLook/TabButtonUpperRightSelected' (0x2b13010) of type: BasicImage
27/11/2015 01:38:06 (Std) 	[ImageManager] Created image: 'TaharezLook/TabButtonLowerLeftSelected' (0x2b13380) of type: BasicImage
27/11/2015 01:38:06 (Std) 	[ImageManager] Created image: 'TaharezLook/TabButtonLowerRightSelected' (0x2b136f0) of type: BasicImage
27/11/2015 01:38:06 (Std) 	[ImageManager] Created image: 'TaharezLook/TabButtonMiddleSelected' (0x2b13a60) of type: BasicImage
27/11/2015 01:38:06 (Std) 	[ImageManager] Created image: 'TaharezLook/TooltipTopLeft' (0x2b13db0) of type: BasicImage
27/11/2015 01:38:06 (Std) 	[ImageManager] Created image: 'TaharezLook/TooltipTopRight' (0x2b13fc0) of type: BasicImage
27/11/2015 01:38:06 (Std) 	[ImageManager] Created image: 'TaharezLook/TooltipBottomLeft' (0x2b141d0) of type: BasicImage
27/11/2015 01:38:06 (Std) 	[ImageManager] Created image: 'TaharezLook/TooltipBottomRight' (0x2b143e0) of type: BasicImage
27/11/2015 01:38:06 (Std) 	[ImageManager] Created image: 'TaharezLook/TooltipLeftEdge' (0x2b145f0) of type: BasicImage
27/11/2015 01:38:06 (Std) 	[ImageManager] Created image: 'TaharezLook/TooltipRightEdge' (0x2b14800) of type: BasicImage
27/11/2015 01:38:06 (Std) 	[ImageManager] Created image: 'TaharezLook/TooltipTopEdge' (0x2b14a10) of type: BasicImage
27/11/2015 01:38:06 (Std) 	[ImageManager] Created image: 'TaharezLook/TooltipBottomEdge' (0x2b14c20) of type: BasicImage
27/11/2015 01:38:06 (Std) 	[ImageManager] Created image: 'TaharezLook/TooltipMiddle' (0x2b14e30) of type: BasicImage
27/11/2015 01:38:06 (Std) 	[ImageManager] Created image: 'TaharezLook/MenuTopLeft' (0x2b15040) of type: BasicImage
27/11/2015 01:38:06 (Std) 	[ImageManager] Created image: 'TaharezLook/MenuTopRight' (0x2b15250) of type: BasicImage
27/11/2015 01:38:06 (Std) 	[ImageManager] Created image: 'TaharezLook/MenuBottomLeft' (0x2b15460) of type: BasicImage
27/11/2015 01:38:06 (Std) 	[ImageManager] Created image: 'TaharezLook/MenuBottomRight' (0x2b15670) of type: BasicImage
27/11/2015 01:38:06 (Std) 	[ImageManager] Created image: 'TaharezLook/MenuLeft' (0x2b15880) of type: BasicImage
27/11/2015 01:38:06 (Std) 	[ImageManager] Created image: 'TaharezLook/MenuRight' (0x2b15a90) of type: BasicImage
27/11/2015 01:38:06 (Std) 	[ImageManager] Created image: 'TaharezLook/MenuTop' (0x2b15ca0) of type: BasicImage
27/11/2015 01:38:06 (Std) 	[ImageManager] Created image: 'TaharezLook/MenuBottom' (0x2b15eb0) of type: BasicImage
27/11/2015 01:38:06 (Std) 	[ImageManager] Created image: 'TaharezLook/MenuMiddle' (0x2b160c0) of type: BasicImage
27/11/2015 01:38:06 (Std) 	[ImageManager] Created image: 'TaharezLook/PopupMenuFrameTopLeft' (0x2b162d0) of type: BasicImage
27/11/2015 01:38:06 (Std) 	[ImageManager] Created image: 'TaharezLook/PopupMenuFrameTopRight' (0x2b16600) of type: BasicImage
27/11/2015 01:38:06 (Std) 	[ImageManager] Created image: 'TaharezLook/PopupMenuFrameBottomLeft' (0x2b16950) of type: BasicImage
27/11/2015 01:38:06 (Std) 	[ImageManager] Created image: 'TaharezLook/PopupMenuFrameBottomRight' (0x2b16ca0) of type: BasicImage
27/11/2015 01:38:06 (Std) 	[ImageManager] Created image: 'TaharezLook/PopupMenuFrameLeft' (0x2b16ff0) of type: BasicImage
27/11/2015 01:38:06 (Std) 	[ImageManager] Created image: 'TaharezLook/PopupMenuFrameRight' (0x2b17200) of type: BasicImage
27/11/2015 01:38:06 (Std) 	[ImageManager] Created image: 'TaharezLook/PopupMenuFrameTop' (0x2b17410) of type: BasicImage
27/11/2015 01:38:06 (Std) 	[ImageManager] Created image: 'TaharezLook/PopupMenuFrameBottom' (0x2b17620) of type: BasicImage
27/11/2015 01:38:06 (Std) 	[ImageManager] Created image: 'TaharezLook/PopupMenuMiddle' (0x2b17950) of type: BasicImage
27/11/2015 01:38:06 (Std) 	[ImageManager] Created image: 'TaharezLook/PopupMenuArrowRight' (0x2b17b60) of type: BasicImage
27/11/2015 01:38:06 (Std) 	[ImageManager] Created image: 'TaharezLook/PopupMenuArrowLeft' (0x2b17d70) of type: BasicImage
27/11/2015 01:38:06 (Std) 	[ImageManager] Created image: 'TaharezLook/TreeListClosed' (0x2b17f80) of type: BasicImage
27/11/2015 01:38:06 (Std) 	[ImageManager] Created image: 'TaharezLook/TreeListOpened' (0x2b18190) of type: BasicImage
27/11/2015 01:38:06 (Std) 	[ImageManager] Created image: 'TaharezLook/UpArrow' (0x2b183a0) of type: BasicImage
27/11/2015 01:38:06 (Std) 	---- Returning existing instance of Font named 'DejaVuSans-12'.
27/11/2015 01:38:06 (Std) 	===== Falagard 'root' element: look and feel parsing begins =====
27/11/2015 01:38:06 (Std) 	===== Look and feel parsing completed =====
27/11/2015 01:38:06 (Std) 	No window renderer factories specified for module 'CEGUICoreWindowRendererSet' - adding all available factories...
27/11/2015 01:38:06 (Std) 	Creating falagard mapping for type 'TaharezLook/Label' using base type 'DefaultWindow', window renderer 'Core/Default' Look'N'Feel 'TaharezLook/Label' and RenderEffect ''. (0x7ffdd3ba51d0)
27/11/2015 01:38:06 (Std) 	Creating falagard mapping for type 'TaharezLook/Button' using base type 'CEGUI/PushButton', window renderer 'Core/Button' Look'N'Feel 'TaharezLook/Button' and RenderEffect ''. (0x7ffdd3ba51d0)
27/11/2015 01:38:06 (Std) 	Creating falagard mapping for type 'TaharezLook/Checkbox' using base type 'CEGUI/ToggleButton', window renderer 'Core/ToggleButton' Look'N'Feel 'TaharezLook/Checkbox' and RenderEffect ''. (0x7ffdd3ba51d0)
27/11/2015 01:38:06 (Std) 	Creating falagard mapping for type 'TaharezLook/ImageButton' using base type 'CEGUI/PushButton', window renderer 'Core/Button' Look'N'Feel 'TaharezLook/ImageButton' and RenderEffect ''. (0x7ffdd3ba51d0)
27/11/2015 01:38:06 (Std) 	Creating falagard mapping for type 'TaharezLook/RadioButton' using base type 'CEGUI/RadioButton', window renderer 'Core/ToggleButton' Look'N'Feel 'TaharezLook/RadioButton' and RenderEffect ''. (0x7ffdd3ba51d0)
27/11/2015 01:38:06 (Std) 	Creating falagard mapping for type 'TaharezLook/FrameWindow' using base type 'CEGUI/FrameWindow', window renderer 'Core/FrameWindow' Look'N'Feel 'TaharezLook/FrameWindow' and RenderEffect ''. (0x7ffdd3ba51d0)
27/11/2015 01:38:06 (Std) 	Creating falagard mapping for type 'TaharezLook/Titlebar' using base type 'CEGUI/Titlebar', window renderer 'Core/Titlebar' Look'N'Feel 'TaharezLook/Titlebar' and RenderEffect ''. (0x7ffdd3ba51d0)
27/11/2015 01:38:06 (Std) 	Creating falagard mapping for type 'TaharezLook/Editbox' using base type 'CEGUI/Editbox', window renderer 'Core/Editbox' Look'N'Feel 'TaharezLook/Editbox' and RenderEffect ''. (0x7ffdd3ba51d0)
27/11/2015 01:38:06 (Std) 	Creating falagard mapping for type 'TaharezLook/MultiLineEditbox' using base type 'CEGUI/MultiLineEditbox', window renderer 'Core/MultiLineEditbox' Look'N'Feel 'TaharezLook/MultiLineEditbox' and RenderEffect ''. (0x7ffdd3ba51d0)
27/11/2015 01:38:06 (Std) 	Creating falagard mapping for type 'TaharezLook/Menubar' using base type 'CEGUI/Menubar', window renderer 'Core/Menubar' Look'N'Feel 'TaharezLook/Menubar' and RenderEffect ''. (0x7ffdd3ba51d0)
27/11/2015 01:38:06 (Std) 	Creating falagard mapping for type 'TaharezLook/PopupMenu' using base type 'CEGUI/PopupMenu', window renderer 'Core/PopupMenu' Look'N'Feel 'TaharezLook/PopupMenu' and RenderEffect ''. (0x7ffdd3ba51d0)
27/11/2015 01:38:06 (Std) 	Creating falagard mapping for type 'TaharezLook/MenuItem' using base type 'CEGUI/MenuItem', window renderer 'Core/MenuItem' Look'N'Feel 'TaharezLook/MenuItem' and RenderEffect ''. (0x7ffdd3ba51d0)
27/11/2015 01:38:06 (Std) 	Creating falagard mapping for type 'TaharezLook/AlternateProgressBar' using base type 'CEGUI/ProgressBar', window renderer 'Core/ProgressBar' Look'N'Feel 'TaharezLook/AltProgressBar' and RenderEffect ''. (0x7ffdd3ba51d0)
27/11/2015 01:38:06 (Std) 	Creating falagard mapping for type 'TaharezLook/ProgressBar' using base type 'CEGUI/ProgressBar', window renderer 'Core/ProgressBar' Look'N'Feel 'TaharezLook/ProgressBar' and RenderEffect ''. (0x7ffdd3ba51d0)
27/11/2015 01:38:06 (Std) 	Creating falagard mapping for type 'TaharezLook/VUMeter' using base type 'CEGUI/ProgressBar', window renderer 'Core/ProgressBar' Look'N'Feel 'TaharezLook/VUMeter' and RenderEffect ''. (0x7ffdd3ba51d0)
27/11/2015 01:38:06 (Std) 	Creating falagard mapping for type 'TaharezLook/VerticalScrollbar' using base type 'CEGUI/Scrollbar', window renderer 'Core/Scrollbar' Look'N'Feel 'TaharezLook/VerticalScrollbar' and RenderEffect ''. (0x7ffdd3ba51d0)
27/11/2015 01:38:06 (Std) 	Creating falagard mapping for type 'TaharezLook/HorizontalScrollbar' using base type 'CEGUI/Scrollbar', window renderer 'Core/Scrollbar' Look'N'Feel 'TaharezLook/HorizontalScrollbar' and RenderEffect ''. (0x7ffdd3ba51d0)
27/11/2015 01:38:06 (Std) 	Creating falagard mapping for type 'TaharezLook/VerticalScrollbarThumb' using base type 'CEGUI/Thumb', window renderer 'Core/Button' Look'N'Feel 'TaharezLook/VerticalScrollbarThumb' and RenderEffect ''. (0x7ffdd3ba51d0)
27/11/2015 01:38:06 (Std) 	Creating falagard mapping for type 'TaharezLook/HorizontalScrollbarThumb' using base type 'CEGUI/Thumb', window renderer 'Core/Button' Look'N'Feel 'TaharezLook/HorizontalScrollbarThumb' and RenderEffect ''. (0x7ffdd3ba51d0)
27/11/2015 01:38:06 (Std) 	Creating falagard mapping for type 'TaharezLook/LargeVerticalScrollbar' using base type 'CEGUI/Scrollbar', window renderer 'Core/Scrollbar' Look'N'Feel 'TaharezLook/LargeVerticalScrollbar' and RenderEffect ''. (0x7ffdd3ba51d0)
27/11/2015 01:38:06 (Std) 	Creating falagard mapping for type 'TaharezLook/LargeVerticalScrollbarThumb' using base type 'CEGUI/Thumb', window renderer 'Core/Button' Look'N'Feel 'TaharezLook/LargeVerticalScrollbarThumb' and RenderEffect ''. (0x7ffdd3ba51d0)
27/11/2015 01:38:06 (Std) 	Creating falagard mapping for type 'TaharezLook/TabButton' using base type 'CEGUI/TabButton', window renderer 'Core/TabButton' Look'N'Feel 'TaharezLook/TabButton' and RenderEffect ''. (0x7ffdd3ba51d0)
27/11/2015 01:38:06 (Std) 	Creating falagard mapping for type 'TaharezLook/TabControl' using base type 'CEGUI/TabControl', window renderer 'Core/TabControl' Look'N'Feel 'TaharezLook/TabControl' and RenderEffect ''. (0x7ffdd3ba51d0)
27/11/2015 01:38:06 (Std) 	Creating falagard mapping for type 'TaharezLook/TabContentPane' using base type 'DefaultWindow', window renderer 'Core/Default' Look'N'Feel 'TaharezLook/TabContentPane' and RenderEffect ''. (0x7ffdd3ba51d0)
27/11/2015 01:38:06 (Std) 	Creating falagard mapping for type 'TaharezLook/TabButtonPane' using base type 'DefaultWindow', window renderer 'Core/Default' Look'N'Feel 'TaharezLook/TabButtonPane' and RenderEffect ''. (0x7ffdd3ba51d0)
27/11/2015 01:38:06 (Std) 	Creating falagard mapping for type 'TaharezLook/ComboDropList' using base type 'CEGUI/ComboDropList', window renderer 'Core/Listbox' Look'N'Feel 'TaharezLook/ComboDropList' and RenderEffect ''. (0x7ffdd3ba51d0)
27/11/2015 01:38:06 (Std) 	Creating falagard mapping for type 'TaharezLook/ComboEditbox' using base type 'CEGUI/Editbox', window renderer 'Core/Editbox' Look'N'Feel 'TaharezLook/ComboEditbox' and RenderEffect ''. (0x7ffdd3ba51d0)
27/11/2015 01:38:06 (Std) 	Creating falagard mapping for type 'TaharezLook/Combobox' using base type 'CEGUI/Combobox', window renderer 'Core/Default' Look'N'Feel 'TaharezLook/Combobox' and RenderEffect ''. (0x7ffdd3ba51d0)
27/11/2015 01:38:06 (Std) 	Creating falagard mapping for type 'TaharezLook/Listbox' using base type 'CEGUI/Listbox', window renderer 'Core/Listbox' Look'N'Feel 'TaharezLook/Listbox' and RenderEffect ''. (0x7ffdd3ba51d0)
27/11/2015 01:38:06 (Std) 	Creating falagard mapping for type 'TaharezLook/ListHeader' using base type 'CEGUI/ListHeader', window renderer 'Core/ListHeader' Look'N'Feel 'TaharezLook/ListHeader' and RenderEffect ''. (0x7ffdd3ba51d0)
27/11/2015 01:38:06 (Std) 	Creating falagard mapping for type 'TaharezLook/ListHeaderSegment' using base type 'CEGUI/ListHeaderSegment', window renderer 'Core/ListHeaderSegment' Look'N'Feel 'TaharezLook/ListHeaderSegment' and RenderEffect ''. (0x7ffdd3ba51d0)
27/11/2015 01:38:06 (Std) 	Creating falagard mapping for type 'TaharezLook/MultiColumnList' using base type 'CEGUI/MultiColumnList', window renderer 'Core/MultiColumnList' Look'N'Feel 'TaharezLook/MultiColumnList' and RenderEffect ''. (0x7ffdd3ba51d0)
27/11/2015 01:38:06 (Std) 	Creating falagard mapping for type 'TaharezLook/Slider' using base type 'CEGUI/Slider', window renderer 'Core/Slider' Look'N'Feel 'TaharezLook/Slider' and RenderEffect ''. (0x7ffdd3ba51d0)
27/11/2015 01:38:06 (Std) 	Creating falagard mapping for type 'TaharezLook/SliderThumb' using base type 'CEGUI/Thumb', window renderer 'Core/Button' Look'N'Feel 'TaharezLook/SliderThumb' and RenderEffect ''. (0x7ffdd3ba51d0)
27/11/2015 01:38:06 (Std) 	Creating falagard mapping for type 'TaharezLook/ScrollablePane' using base type 'CEGUI/ScrollablePane', window renderer 'Core/ScrollablePane' Look'N'Feel 'TaharezLook/ScrollablePane' and RenderEffect ''. (0x7ffdd3ba51d0)
27/11/2015 01:38:06 (Std) 	Creating falagard mapping for type 'TaharezLook/Spinner' using base type 'CEGUI/Spinner', window renderer 'Core/Default' Look'N'Feel 'TaharezLook/Spinner' and RenderEffect ''. (0x7ffdd3ba51d0)
27/11/2015 01:38:06 (Std) 	Creating falagard mapping for type 'TaharezLook/Tooltip' using base type 'CEGUI/Tooltip', window renderer 'Core/Tooltip' Look'N'Feel 'TaharezLook/Tooltip' and RenderEffect ''. (0x7ffdd3ba51d0)
27/11/2015 01:38:06 (Std) 	Creating falagard mapping for type 'TaharezLook/StaticImage' using base type 'DefaultWindow', window renderer 'Core/StaticImage' Look'N'Feel 'TaharezLook/StaticImage' and RenderEffect ''. (0x7ffdd3ba51d0)
27/11/2015 01:38:06 (Std) 	Creating falagard mapping for type 'TaharezLook/StaticText' using base type 'DefaultWindow', window renderer 'Core/StaticText' Look'N'Feel 'TaharezLook/StaticText' and RenderEffect ''. (0x7ffdd3ba51d0)
27/11/2015 01:38:06 (Std) 	Creating falagard mapping for type 'TaharezLook/ItemListbox' using base type 'CEGUI/ItemListbox', window renderer 'Core/ItemListbox' Look'N'Feel 'TaharezLook/ItemListbox' and RenderEffect ''. (0x7ffdd3ba51d0)
27/11/2015 01:38:06 (Std) 	Creating falagard mapping for type 'TaharezLook/ListboxItem' using base type 'CEGUI/ItemEntry', window renderer 'Core/ItemEntry' Look'N'Feel 'TaharezLook/ListboxItem' and RenderEffect ''. (0x7ffdd3ba51d0)
27/11/2015 01:38:06 (Std) 	Creating falagard mapping for type 'TaharezLook/GroupBox' using base type 'DefaultWindow', window renderer 'Core/Default' Look'N'Feel 'TaharezLook/GroupBox' and RenderEffect ''. (0x7ffdd3ba51d0)
27/11/2015 01:38:06 (Std) 	Creating falagard mapping for type 'TaharezLook/Tree' using base type 'CEGUI/Tree', window renderer 'Core/Tree' Look'N'Feel 'TaharezLook/Tree' and RenderEffect ''. (0x7ffdd3ba51d0)
