13/12/2015 19:24:03 (Std) 	+-+-+-+-+-+-+-+-+-+-+-+-+-+-+-+-+-+-+-+-+-+-+-+-+-+-+-+-+-+-+-+-+-+-+-+-+-+-+-+
13/12/2015 19:24:03 (Std) 	+                     Crazy Eddie's GUI System - Event log                    +
13/12/2015 19:24:03 (Std) 	+                          (http://www.cegui.org.uk/)                         +
13/12/2015 19:24:03 (Std) 	+-+-+-+-+-+-+-+-+-+-+-+-+-+-+-+-+-+-+-+-+-+-+-+-+-+-+-+-+-+-+-+-+-+-+-+-+-+-+-+

13/12/2015 19:24:03 (Std) 	CEGUI::Logger singleton created. (0x1a093b0)
13/12/2015 19:24:03 (Std) 	
13/12/2015 19:24:03 (Std) 	********************************************************************************
13/12/2015 19:24:03 (Std) 	* Important:                                                                   *
13/12/2015 19:24:03 (Std) 	*     To get support at the CEGUI forums, you must post _at least_ the section *
13/12/2015 19:24:03 (Std) 	*     of this log file indicated below.  Failure to do this will result in no  *
13/12/2015 19:24:03 (Std) 	*     support being given; please do not waste our time.                       *
13/12/2015 19:24:03 (Std) 	********************************************************************************
13/12/2015 19:24:03 (Std) 	********************************************************************************
13/12/2015 19:24:03 (Std) 	* -------- START OF ESSENTIAL SECTION TO BE POSTED ON THE FORUM       -------- *
13/12/2015 19:24:03 (Std) 	********************************************************************************
13/12/2015 19:24:03 (Std) 	---- Version: 0.8.4 (Build: Nov 22 2015 GNU/Linux g++ 4.8.4 64 bit) ----
13/12/2015 19:24:03 (Std) 	---- Renderer module is: CEGUI::OgreRenderer - Official OGRE based 2nd generation renderer module. ----
13/12/2015 19:24:03 (Std) 	---- XML Parser module is: CEGUI::ExpatParser - Official expat based parser module for CEGUI ----
13/12/2015 19:24:03 (Std) 	---- Image Codec module is: OgreImageCodec - Integrated ImageCodec using the Ogre engine. ----
13/12/2015 19:24:03 (Std) 	---- Scripting module is: None ----
13/12/2015 19:24:03 (Std) 	********************************************************************************
13/12/2015 19:24:03 (Std) 	* -------- END OF ESSENTIAL SECTION TO BE POSTED ON THE FORUM         -------- *
13/12/2015 19:24:03 (Std) 	********************************************************************************
13/12/2015 19:24:03 (Std) 	
13/12/2015 19:24:03 (Std) 	---- Begining CEGUI System initialisation ----
13/12/2015 19:24:03 (Std) 	[CEGUI::ImageManager] Singleton created (0x1a0a8c0)
13/12/2015 19:24:03 (Std) 	[CEGUI::ImageManager] Registered Image type: BasicImage
13/12/2015 19:24:03 (Std) 	CEGUI::FontManager singleton created. (0x1a08a30)
13/12/2015 19:24:03 (Std) 	CEGUI::WindowFactoryManager singleton created
13/12/2015 19:24:03 (Std) 	CEGUI::WindowManager singleton created (0x1a0b100)
13/12/2015 19:24:03 (Std) 	CEGUI::SchemeManager singleton created. (0x1a0b190)
13/12/2015 19:24:03 (Std) 	CEGUI::GlobalEventSet singleton created. (0x1a0a4a0)
13/12/2015 19:24:03 (Std) 	CEGUI::AnimationManager singleton created (0x1a0b2c0)
13/12/2015 19:24:03 (Std) 	CEGUI::WidgetLookManager singleton created. (0x1a08fe0)
13/12/2015 19:24:03 (Std) 	CEGUI::WindowRendererManager singleton created (0x1a0b600)
13/12/2015 19:24:03 (Std) 	CEGUI::RenderEffectManager singleton created (0x1a09810)
13/12/2015 19:24:03 (Std) 	Created WindowFactory for 'DefaultWindow' windows.
13/12/2015 19:24:03 (Std) 	WindowFactory for 'DefaultWindow' windows added. (0x1a0fc70)
13/12/2015 19:24:03 (Std) 	Created WindowFactory for 'DragContainer' windows.
13/12/2015 19:24:03 (Std) 	WindowFactory for 'DragContainer' windows added. (0x1a0fe10)
13/12/2015 19:24:03 (Std) 	Created WindowFactory for 'ScrolledContainer' windows.
13/12/2015 19:24:03 (Std) 	WindowFactory for 'ScrolledContainer' windows added. (0x1a0ffb0)
13/12/2015 19:24:03 (Std) 	Created WindowFactory for 'ClippedContainer' windows.
13/12/2015 19:24:03 (Std) 	WindowFactory for 'ClippedContainer' windows added. (0x1a10150)
13/12/2015 19:24:03 (Std) 	Created WindowFactory for 'CEGUI/PushButton' windows.
13/12/2015 19:24:03 (Std) 	WindowFactory for 'CEGUI/PushButton' windows added. (0x1a102f0)
13/12/2015 19:24:03 (Std) 	Created WindowFactory for 'CEGUI/RadioButton' windows.
13/12/2015 19:24:03 (Std) 	WindowFactory for 'CEGUI/RadioButton' windows added. (0x1a10490)
13/12/2015 19:24:03 (Std) 	Created WindowFactory for 'CEGUI/Combobox' windows.
13/12/2015 19:24:03 (Std) 	WindowFactory for 'CEGUI/Combobox' windows added. (0x1a10630)
13/12/2015 19:24:03 (Std) 	Created WindowFactory for 'CEGUI/ComboDropList' windows.
13/12/2015 19:24:03 (Std) 	WindowFactory for 'CEGUI/ComboDropList' windows added. (0x1a107d0)
13/12/2015 19:24:03 (Std) 	Created WindowFactory for 'CEGUI/Editbox' windows.
13/12/2015 19:24:03 (Std) 	WindowFactory for 'CEGUI/Editbox' windows added. (0x1a10970)
13/12/2015 19:24:03 (Std) 	Created WindowFactory for 'CEGUI/FrameWindow' windows.
13/12/2015 19:24:03 (Std) 	WindowFactory for 'CEGUI/FrameWindow' windows added. (0x1a10b10)
13/12/2015 19:24:03 (Std) 	Created WindowFactory for 'CEGUI/ItemEntry' windows.
13/12/2015 19:24:03 (Std) 	WindowFactory for 'CEGUI/ItemEntry' windows added. (0x1a10cb0)
13/12/2015 19:24:03 (Std) 	Created WindowFactory for 'CEGUI/Listbox' windows.
13/12/2015 19:24:03 (Std) 	WindowFactory for 'CEGUI/Listbox' windows added. (0x1a10e50)
13/12/2015 19:24:03 (Std) 	Created WindowFactory for 'CEGUI/ListHeader' windows.
13/12/2015 19:24:03 (Std) 	WindowFactory for 'CEGUI/ListHeader' windows added. (0x1a10ff0)
13/12/2015 19:24:03 (Std) 	Created WindowFactory for 'CEGUI/ListHeaderSegment' windows.
13/12/2015 19:24:03 (Std) 	WindowFactory for 'CEGUI/ListHeaderSegment' windows added. (0x1a11190)
13/12/2015 19:24:03 (Std) 	Created WindowFactory for 'CEGUI/Menubar' windows.
13/12/2015 19:24:03 (Std) 	WindowFactory for 'CEGUI/Menubar' windows added. (0x1a11330)
13/12/2015 19:24:03 (Std) 	Created WindowFactory for 'CEGUI/PopupMenu' windows.
13/12/2015 19:24:03 (Std) 	WindowFactory for 'CEGUI/PopupMenu' windows added. (0x1a114d0)
13/12/2015 19:24:03 (Std) 	Created WindowFactory for 'CEGUI/MenuItem' windows.
13/12/2015 19:24:03 (Std) 	WindowFactory for 'CEGUI/MenuItem' windows added. (0x1a11670)
13/12/2015 19:24:03 (Std) 	Created WindowFactory for 'CEGUI/MultiColumnList' windows.
13/12/2015 19:24:03 (Std) 	WindowFactory for 'CEGUI/MultiColumnList' windows added. (0x1a11920)
13/12/2015 19:24:03 (Std) 	Created WindowFactory for 'CEGUI/MultiLineEditbox' windows.
13/12/2015 19:24:03 (Std) 	WindowFactory for 'CEGUI/MultiLineEditbox' windows added. (0x1a11ac0)
13/12/2015 19:24:03 (Std) 	Created WindowFactory for 'CEGUI/ProgressBar' windows.
13/12/2015 19:24:03 (Std) 	WindowFactory for 'CEGUI/ProgressBar' windows added. (0x1a11c60)
13/12/2015 19:24:03 (Std) 	Created WindowFactory for 'CEGUI/ScrollablePane' windows.
13/12/2015 19:24:03 (Std) 	WindowFactory for 'CEGUI/ScrollablePane' windows added. (0x1a11e00)
13/12/2015 19:24:03 (Std) 	Created WindowFactory for 'CEGUI/Scrollbar' windows.
13/12/2015 19:24:03 (Std) 	WindowFactory for 'CEGUI/Scrollbar' windows added. (0x1a11fa0)
13/12/2015 19:24:03 (Std) 	Created WindowFactory for 'CEGUI/Slider' windows.
13/12/2015 19:24:03 (Std) 	WindowFactory for 'CEGUI/Slider' windows added. (0x1a12140)
13/12/2015 19:24:03 (Std) 	Created WindowFactory for 'CEGUI/Spinner' windows.
13/12/2015 19:24:03 (Std) 	WindowFactory for 'CEGUI/Spinner' windows added. (0x1a122e0)
13/12/2015 19:24:03 (Std) 	Created WindowFactory for 'CEGUI/TabButton' windows.
13/12/2015 19:24:03 (Std) 	WindowFactory for 'CEGUI/TabButton' windows added. (0x1a12480)
13/12/2015 19:24:03 (Std) 	Created WindowFactory for 'CEGUI/TabControl' windows.
13/12/2015 19:24:03 (Std) 	WindowFactory for 'CEGUI/TabControl' windows added. (0x1a12620)
13/12/2015 19:24:03 (Std) 	Created WindowFactory for 'CEGUI/Thumb' windows.
13/12/2015 19:24:03 (Std) 	WindowFactory for 'CEGUI/Thumb' windows added. (0x1a127c0)
13/12/2015 19:24:03 (Std) 	Created WindowFactory for 'CEGUI/Titlebar' windows.
13/12/2015 19:24:03 (Std) 	WindowFactory for 'CEGUI/Titlebar' windows added. (0x1a12960)
13/12/2015 19:24:03 (Std) 	Created WindowFactory for 'CEGUI/ToggleButton' windows.
13/12/2015 19:24:03 (Std) 	WindowFactory for 'CEGUI/ToggleButton' windows added. (0x1a12b00)
13/12/2015 19:24:03 (Std) 	Created WindowFactory for 'CEGUI/Tooltip' windows.
13/12/2015 19:24:03 (Std) 	WindowFactory for 'CEGUI/Tooltip' windows added. (0x1a12ca0)
13/12/2015 19:24:03 (Std) 	Created WindowFactory for 'CEGUI/ItemListbox' windows.
13/12/2015 19:24:03 (Std) 	WindowFactory for 'CEGUI/ItemListbox' windows added. (0x1a12e40)
13/12/2015 19:24:03 (Std) 	Created WindowFactory for 'CEGUI/GroupBox' windows.
13/12/2015 19:24:03 (Std) 	WindowFactory for 'CEGUI/GroupBox' windows added. (0x1a12fe0)
13/12/2015 19:24:03 (Std) 	Created WindowFactory for 'CEGUI/Tree' windows.
13/12/2015 19:24:03 (Std) 	WindowFactory for 'CEGUI/Tree' windows added. (0x1a13180)
13/12/2015 19:24:03 (Std) 	Created WindowFactory for 'LayoutCell' windows.
13/12/2015 19:24:03 (Std) 	WindowFactory for 'LayoutCell' windows added. (0x1a11810)
13/12/2015 19:24:03 (Std) 	Created WindowFactory for 'HorizontalLayoutContainer' windows.
13/12/2015 19:24:03 (Std) 	WindowFactory for 'HorizontalLayoutContainer' windows added. (0x1a13610)
13/12/2015 19:24:03 (Std) 	Created WindowFactory for 'VerticalLayoutContainer' windows.
13/12/2015 19:24:03 (Std) 	WindowFactory for 'VerticalLayoutContainer' windows added. (0x1a137b0)
13/12/2015 19:24:03 (Std) 	Created WindowFactory for 'GridLayoutContainer' windows.
13/12/2015 19:24:03 (Std) 	WindowFactory for 'GridLayoutContainer' windows added. (0x1a13950)
13/12/2015 19:24:03 (Std) 	CEGUI::System singleton created. (0x1a09160)
13/12/2015 19:24:03 (Std) 	---- CEGUI System initialisation completed ----
13/12/2015 19:24:03 (Std) 	
13/12/2015 19:24:03 (Std) 	Started creation of Scheme from XML specification:
13/12/2015 19:24:03 (Std) 	---- CEGUI GUIScheme name: VanillaSkin
13/12/2015 19:24:03 (Std) 	[ImageManager] Started creation of Imageset from XML specification:
13/12/2015 19:24:03 (Std) 	[ImageManager] ---- CEGUI Imageset name: Vanilla-Images
13/12/2015 19:24:03 (Std) 	[ImageManager] ---- Source texture file: vanilla.png
13/12/2015 19:24:03 (Std) 	[ImageManager] ---- Source texture resource group: (Default)
13/12/2015 19:24:03 (Std) 	[OgreRenderer] Created texture: Vanilla-Images
13/12/2015 19:24:03 (Std) 	[ImageManager] Created image: 'Vanilla-Images/GenericBrush' (0x1a268a0) of type: BasicImage
13/12/2015 19:24:03 (Std) 	[ImageManager] Created image: 'Vanilla-Images/FrameTopLeft' (0x1a260d0) of type: BasicImage
13/12/2015 19:24:03 (Std) 	[ImageManager] Created image: 'Vanilla-Images/FrameTopRight' (0x1a28970) of type: BasicImage
13/12/2015 19:24:03 (Std) 	[ImageManager] Created image: 'Vanilla-Images/FrameBottomLeft' (0x1a27190) of type: BasicImage
13/12/2015 19:24:03 (Std) 	[ImageManager] Created image: 'Vanilla-Images/FrameBottomRight' (0x1a25f40) of type: BasicImage
13/12/2015 19:24:03 (Std) 	[ImageManager] Created image: 'Vanilla-Images/FrameLeft' (0x1a29960) of type: BasicImage
13/12/2015 19:24:03 (Std) 	[ImageManager] Created image: 'Vanilla-Images/FrameRight' (0x1a29b70) of type: BasicImage
13/12/2015 19:24:03 (Std) 	[ImageManager] Created image: 'Vanilla-Images/FrameTop' (0x1a29d80) of type: BasicImage
13/12/2015 19:24:03 (Std) 	[ImageManager] Created image: 'Vanilla-Images/FrameBottom' (0x1a29f90) of type: BasicImage
13/12/2015 19:24:03 (Std) 	[ImageManager] Created image: 'Vanilla-Images/ScrollUpArrow' (0x1a2a1a0) of type: BasicImage
13/12/2015 19:24:03 (Std) 	[ImageManager] Created image: 'Vanilla-Images/ScrollDownArrow' (0x1a2a3b0) of type: BasicImage
13/12/2015 19:24:03 (Std) 	[ImageManager] Created image: 'Vanilla-Images/VertScrollContainer' (0x1a2a750) of type: BasicImage
13/12/2015 19:24:03 (Std) 	[ImageManager] Created image: 'Vanilla-Images/ScrollLeftArrow' (0x1a2aa50) of type: BasicImage
13/12/2015 19:24:03 (Std) 	[ImageManager] Created image: 'Vanilla-Images/ScrollRightArrow' (0x1a2ac60) of type: BasicImage
13/12/2015 19:24:03 (Std) 	[ImageManager] Created image: 'Vanilla-Images/HorzScrollContainer' (0x1a2ae70) of type: BasicImage
13/12/2015 19:24:03 (Std) 	[ImageManager] Created image: 'Vanilla-Images/ScrollbarThumb' (0x1a2b260) of type: BasicImage
13/12/2015 19:24:03 (Std) 	[ImageManager] Created image: 'Vanilla-Images/ShadowBrush' (0x1a2b470) of type: BasicImage
13/12/2015 19:24:03 (Std) 	[ImageManager] Created image: 'Vanilla-Images/MouseArrow' (0x1a2b680) of type: BasicImage
13/12/2015 19:24:03 (Std) 	[ImageManager] Created image: 'Vanilla-Images/CheckboxNormal' (0x1a2b890) of type: BasicImage
13/12/2015 19:24:03 (Std) 	[ImageManager] Created image: 'Vanilla-Images/CheckboxHover' (0x1a2baa0) of type: BasicImage
13/12/2015 19:24:03 (Std) 	[ImageManager] Created image: 'Vanilla-Images/CheckboxMark' (0x1a2bcb0) of type: BasicImage
13/12/2015 19:24:03 (Std) 	[ImageManager] Created image: 'Vanilla-Images/RadioButtonNormal' (0x1a2c050) of type: BasicImage
13/12/2015 19:24:03 (Std) 	[ImageManager] Created image: 'Vanilla-Images/RadioButtonHover' (0x1a26600) of type: BasicImage
13/12/2015 19:24:03 (Std) 	[ImageManager] Created image: 'Vanilla-Images/RadioButtonMark' (0x1a2c410) of type: BasicImage
13/12/2015 19:24:03 (Std) 	[ImageManager] Created image: 'Vanilla-Images/SliderScrollUpArrow' (0x1a2c620) of type: BasicImage
13/12/2015 19:24:03 (Std) 	[ImageManager] Created image: 'Vanilla-Images/SliderScrollDownArrow' (0x1a2c970) of type: BasicImage
13/12/2015 19:24:03 (Std) 	[ImageManager] Created image: 'Vanilla-Images/SliderScrollLeftArrow' (0x1a26e70) of type: BasicImage
13/12/2015 19:24:03 (Std) 	[ImageManager] Created image: 'Vanilla-Images/SliderScrollRightArrow' (0x1a17dd0) of type: BasicImage
13/12/2015 19:24:03 (Std) 	[ImageManager] Created image: 'Vanilla-Images/VerticalImageSliderThumb' (0x1a18440) of type: BasicImage
13/12/2015 19:24:03 (Std) 	[ImageManager] Created image: 'Vanilla-Images/HorizontalImageSliderThumb' (0x1a2ce50) of type: BasicImage
13/12/2015 19:24:03 (Std) 	[ImageManager] Created image: 'Vanilla-Images/VerticalImageSliderContainer' (0x1a18a00) of type: BasicImage
13/12/2015 19:24:03 (Std) 	[ImageManager] Created image: 'Vanilla-Images/HorizontalImageSliderContainer' (0x1a18e50) of type: BasicImage
13/12/2015 19:24:03 (Std) 	[ImageManager] Created image: 'Vanilla-Images/DefaultScrollImage' (0x1a287e0) of type: BasicImage
13/12/2015 19:24:03 (Std) 	[ImageManager] Created image: 'Vanilla-Images/VerticalImageSliderTopEnd' (0x1a19420) of type: BasicImage
13/12/2015 19:24:03 (Std) 	[ImageManager] Created image: 'Vanilla-Images/VerticalImageSliderBottomEnd' (0x1a19840) of type: BasicImage
13/12/2015 19:24:03 (Std) 	[ImageManager] Created image: 'Vanilla-Images/HorizontalImageSliderLeftEnd' (0x1a19c90) of type: BasicImage
13/12/2015 19:24:03 (Std) 	[ImageManager] Created image: 'Vanilla-Images/HorizontalImageSliderRightEnd' (0x1a1a020) of type: BasicImage
13/12/2015 19:24:03 (Std) 	[ImageManager] Created image: 'Vanilla-Images/ColourPickerCursor' (0x1a1a3b0) of type: BasicImage
13/12/2015 19:24:03 (Std) 	[ImageManager] Created image: 'Vanilla-Images/TooltipBottomEdge' (0x1a1a770) of type: BasicImage
13/12/2015 19:24:03 (Std) 	[ImageManager] Created image: 'Vanilla-Images/TooltipBottomLeft' (0x1a1aaa0) of type: BasicImage
13/12/2015 19:24:03 (Std) 	[ImageManager] Created image: 'Vanilla-Images/TooltipTopEdge' (0x1a1add0) of type: BasicImage
13/12/2015 19:24:03 (Std) 	[ImageManager] Created image: 'Vanilla-Images/TooltipTopRight' (0x1a1afe0) of type: BasicImage
13/12/2015 19:24:03 (Std) 	[ImageManager] Created image: 'Vanilla-Images/TooltipRightEdge' (0x1a1b1f0) of type: BasicImage
13/12/2015 19:24:03 (Std) 	[ImageManager] Created image: 'Vanilla-Images/TooltipTopLeft' (0x1a1b400) of type: BasicImage
13/12/2015 19:24:03 (Std) 	[ImageManager] Created image: 'Vanilla-Images/TooltipLeftEdge' (0x1a1b610) of type: BasicImage
13/12/2015 19:24:03 (Std) 	[ImageManager] Created image: 'Vanilla-Images/TooltipMiddle' (0x1a1b820) of type: BasicImage
13/12/2015 19:24:03 (Std) 	[ImageManager] Created image: 'Vanilla-Images/TooltipBottomRight' (0x1a1ba30) of type: BasicImage
13/12/2015 19:24:03 (Std) 	[ImageManager] Created image: 'Vanilla-Images/DropDownButtonNormal' (0x1a1bd60) of type: BasicImage
13/12/2015 19:24:03 (Std) 	[ImageManager] Created image: 'Vanilla-Images/DropDownButtonHover' (0x1a1c150) of type: BasicImage
13/12/2015 19:24:03 (Std) 	[ImageManager] Created image: 'Vanilla-Images/DropDownButtonPushed' (0x1a1c4a0) of type: BasicImage
13/12/2015 19:24:03 (Std) 	===== Falagard 'root' element: look and feel parsing begins =====
13/12/2015 19:24:03 (Std) 	===== Look and feel parsing completed =====
13/12/2015 19:24:03 (Std) 	No window renderer factories specified for module 'CEGUICoreWindowRendererSet' - adding all available factories...
13/12/2015 19:24:03 (Std) 	Created WindowRendererFactory for 'Core/Button' WindowRenderers.
13/12/2015 19:24:03 (Std) 	WindowRendererFactory 'Core/Button' added. (0x1a28b80)
13/12/2015 19:24:03 (Std) 	Created WindowRendererFactory for 'Core/Default' WindowRenderers.
13/12/2015 19:24:03 (Std) 	WindowRendererFactory 'Core/Default' added. (0x1a28d20)
13/12/2015 19:24:03 (Std) 	Created WindowRendererFactory for 'Core/Editbox' WindowRenderers.
13/12/2015 19:24:03 (Std) 	WindowRendererFactory 'Core/Editbox' added. (0x1a28de0)
13/12/2015 19:24:03 (Std) 	Created WindowRendererFactory for 'Core/FrameWindow' WindowRenderers.
13/12/2015 19:24:03 (Std) 	WindowRendererFactory 'Core/FrameWindow' added. (0x1a264a0)
13/12/2015 19:24:03 (Std) 	Created WindowRendererFactory for 'Core/ItemEntry' WindowRenderers.
13/12/2015 19:24:03 (Std) 	WindowRendererFactory 'Core/ItemEntry' added. (0x1a6f2c0)
13/12/2015 19:24:03 (Std) 	Created WindowRendererFactory for 'Core/ListHeader' WindowRenderers.
13/12/2015 19:24:03 (Std) 	WindowRendererFactory 'Core/ListHeader' added. (0x1a6f460)
13/12/2015 19:24:03 (Std) 	Created WindowRendererFactory for 'Core/ListHeaderSegment' WindowRenderers.
13/12/2015 19:24:03 (Std) 	WindowRendererFactory 'Core/ListHeaderSegment' added. (0x1b15c40)
13/12/2015 19:24:03 (Std) 	Created WindowRendererFactory for 'Core/Listbox' WindowRenderers.
13/12/2015 19:24:03 (Std) 	WindowRendererFactory 'Core/Listbox' added. (0x1b15de0)
13/12/2015 19:24:03 (Std) 	Created WindowRendererFactory for 'Core/Menubar' WindowRenderers.
13/12/2015 19:24:03 (Std) 	WindowRendererFactory 'Core/Menubar' added. (0x1ae0070)
13/12/2015 19:24:03 (Std) 	Created WindowRendererFactory for 'Core/MenuItem' WindowRenderers.
13/12/2015 19:24:03 (Std) 	WindowRendererFactory 'Core/MenuItem' added. (0x1ae0210)
13/12/2015 19:24:03 (Std) 	Created WindowRendererFactory for 'Core/MultiColumnList' WindowRenderers.
13/12/2015 19:24:03 (Std) 	WindowRendererFactory 'Core/MultiColumnList' added. (0x1adc9b0)
13/12/2015 19:24:03 (Std) 	Created WindowRendererFactory for 'Core/MultiLineEditbox' WindowRenderers.
13/12/2015 19:24:03 (Std) 	WindowRendererFactory 'Core/MultiLineEditbox' added. (0x1adcb50)
13/12/2015 19:24:03 (Std) 	Created WindowRendererFactory for 'Core/PopupMenu' WindowRenderers.
13/12/2015 19:24:03 (Std) 	WindowRendererFactory 'Core/PopupMenu' added. (0x1adccf0)
13/12/2015 19:24:03 (Std) 	Created WindowRendererFactory for 'Core/ProgressBar' WindowRenderers.
13/12/2015 19:24:03 (Std) 	WindowRendererFactory 'Core/ProgressBar' added. (0x1b11ad0)
13/12/2015 19:24:03 (Std) 	Created WindowRendererFactory for 'Core/ScrollablePane' WindowRenderers.
13/12/2015 19:24:03 (Std) 	WindowRendererFactory 'Core/ScrollablePane' added. (0x1b11c70)
13/12/2015 19:24:03 (Std) 	Created WindowRendererFactory for 'Core/Scrollbar' WindowRenderers.
13/12/2015 19:24:03 (Std) 	WindowRendererFactory 'Core/Scrollbar' added. (0x1b15200)
13/12/2015 19:24:03 (Std) 	Created WindowRendererFactory for 'Core/Slider' WindowRenderers.
13/12/2015 19:24:03 (Std) 	WindowRendererFactory 'Core/Slider' added. (0x1b153a0)
13/12/2015 19:24:03 (Std) 	Created WindowRendererFactory for 'Core/Static' WindowRenderers.
13/12/2015 19:24:03 (Std) 	WindowRendererFactory 'Core/Static' added. (0x1b15650)
13/12/2015 19:24:03 (Std) 	Created WindowRendererFactory for 'Core/StaticImage' WindowRenderers.
13/12/2015 19:24:03 (Std) 	WindowRendererFactory 'Core/StaticImage' added. (0x1b157f0)
13/12/2015 19:24:03 (Std) 	Created WindowRendererFactory for 'Core/StaticText' WindowRenderers.
13/12/2015 19:24:03 (Std) 	WindowRendererFactory 'Core/StaticText' added. (0x1b15990)
13/12/2015 19:24:03 (Std) 	Created WindowRendererFactory for 'Core/TabButton' WindowRenderers.
13/12/2015 19:24:03 (Std) 	WindowRendererFactory 'Core/TabButton' added. (0x1b15a50)
13/12/2015 19:24:03 (Std) 	Created WindowRendererFactory for 'Core/TabControl' WindowRenderers.
13/12/2015 19:24:03 (Std) 	WindowRendererFactory 'Core/TabControl' added. (0x1b125b0)
13/12/2015 19:24:03 (Std) 	Created WindowRendererFactory for 'Core/Titlebar' WindowRenderers.
13/12/2015 19:24:03 (Std) 	WindowRendererFactory 'Core/Titlebar' added. (0x1b12750)
13/12/2015 19:24:03 (Std) 	Created WindowRendererFactory for 'Core/ToggleButton' WindowRenderers.
13/12/2015 19:24:03 (Std) 	WindowRendererFactory 'Core/ToggleButton' added. (0x1b128f0)
13/12/2015 19:24:03 (Std) 	Created WindowRendererFactory for 'Core/Tooltip' WindowRenderers.
13/12/2015 19:24:03 (Std) 	WindowRendererFactory 'Core/Tooltip' added. (0x1b12a90)
13/12/2015 19:24:03 (Std) 	Created WindowRendererFactory for 'Core/ItemListbox' WindowRenderers.
13/12/2015 19:24:03 (Std) 	WindowRendererFactory 'Core/ItemListbox' added. (0x1b12c30)
13/12/2015 19:24:03 (Std) 	Created WindowRendererFactory for 'Core/Tree' WindowRenderers.
13/12/2015 19:24:03 (Std) 	WindowRendererFactory 'Core/Tree' added. (0x1b12cf0)
13/12/2015 19:24:03 (Std) 	Creating falagard mapping for type 'Vanilla/Label' using base type 'DefaultWindow', window renderer 'Core/Default' Look'N'Feel 'Vanilla/Label' and RenderEffect ''. (0x7fff97b9f8d0)
13/12/2015 19:24:03 (Std) 	Creating falagard mapping for type 'Vanilla/Titlebar' using base type 'CEGUI/Titlebar', window renderer 'Core/Titlebar' Look'N'Feel 'Vanilla/Titlebar' and RenderEffect ''. (0x7fff97b9f8d0)
13/12/2015 19:24:03 (Std) 	Creating falagard mapping for type 'Vanilla/Button' using base type 'CEGUI/PushButton', window renderer 'Core/Button' Look'N'Feel 'Vanilla/Button' and RenderEffect ''. (0x7fff97b9f8d0)
13/12/2015 19:24:03 (Std) 	Creating falagard mapping for type 'Vanilla/FrameWindow' using base type 'CEGUI/FrameWindow', window renderer 'Core/FrameWindow' Look'N'Feel 'Vanilla/FrameWindow' and RenderEffect ''. (0x7fff97b9f8d0)
13/12/2015 19:24:03 (Std) 	Creating falagard mapping for type 'Vanilla/Editbox' using base type 'CEGUI/Editbox', window renderer 'Core/Editbox' Look'N'Feel 'Vanilla/Editbox' and RenderEffect ''. (0x7fff97b9f8d0)
13/12/2015 19:24:03 (Std) 	Creating falagard mapping for type 'Vanilla/VerticalScrollbarThumb' using base type 'CEGUI/Thumb', window renderer 'Core/Button' Look'N'Feel 'Vanilla/VerticalScrollbarThumb' and RenderEffect ''. (0x7fff97b9f8d0)
13/12/2015 19:24:03 (Std) 	Creating falagard mapping for type 'Vanilla/VerticalScrollbar' using base type 'CEGUI/Scrollbar', window renderer 'Core/Scrollbar' Look'N'Feel 'Vanilla/VerticalScrollbar' and RenderEffect ''. (0x7fff97b9f8d0)
13/12/2015 19:24:03 (Std) 	Creating falagard mapping for type 'Vanilla/HorizontalScrollbarThumb' using base type 'CEGUI/Thumb', window renderer 'Core/Button' Look'N'Feel 'Vanilla/HorizontalScrollbarThumb' and RenderEffect ''. (0x7fff97b9f8d0)
13/12/2015 19:24:03 (Std) 	Creating falagard mapping for type 'Vanilla/HorizontalScrollbar' using base type 'CEGUI/Scrollbar', window renderer 'Core/Scrollbar' Look'N'Feel 'Vanilla/HorizontalScrollbar' and RenderEffect ''. (0x7fff97b9f8d0)
13/12/2015 19:24:03 (Std) 	Creating falagard mapping for type 'Vanilla/StaticImage' using base type 'DefaultWindow', window renderer 'Core/StaticImage' Look'N'Feel 'Vanilla/StaticImage' and RenderEffect ''. (0x7fff97b9f8d0)
13/12/2015 19:24:03 (Std) 	Creating falagard mapping for type 'Vanilla/StaticText' using base type 'DefaultWindow', window renderer 'Core/StaticText' Look'N'Feel 'Vanilla/StaticText' and RenderEffect ''. (0x7fff97b9f8d0)
13/12/2015 19:24:03 (Std) 	Creating falagard mapping for type 'Vanilla/Listbox' using base type 'CEGUI/Listbox', window renderer 'Core/Listbox' Look'N'Feel 'Vanilla/Listbox' and RenderEffect ''. (0x7fff97b9f8d0)
13/12/2015 19:24:03 (Std) 	Creating falagard mapping for type 'Vanilla/MultiLineEditbox' using base type 'CEGUI/MultiLineEditbox', window renderer 'Core/MultiLineEditbox' Look'N'Feel 'Vanilla/MultiLineEditbox' and RenderEffect ''. (0x7fff97b9f8d0)
13/12/2015 19:24:03 (Std) 	Creating falagard mapping for type 'Vanilla/ComboDropList' using base type 'CEGUI/ComboDropList', window renderer 'Core/Listbox' Look'N'Feel 'Vanilla/ComboDropList' and RenderEffect ''. (0x7fff97b9f8d0)
13/12/2015 19:24:03 (Std) 	Creating falagard mapping for type 'Vanilla/Combobox' using base type 'CEGUI/Combobox', window renderer 'Core/Default' Look'N'Feel 'Vanilla/Combobox' and RenderEffect ''. (0x7fff97b9f8d0)
13/12/2015 19:24:03 (Std) 	Creating falagard mapping for type 'Vanilla/ProgressBar' using base type 'CEGUI/ProgressBar', window renderer 'Core/ProgressBar' Look'N'Feel 'Vanilla/ProgressBar' and RenderEffect ''. (0x7fff97b9f8d0)
13/12/2015 19:24:03 (Std) 	Creating falagard mapping for type 'Vanilla/Checkbox' using base type 'CEGUI/ToggleButton', window renderer 'Core/ToggleButton' Look'N'Feel 'Vanilla/Checkbox' and RenderEffect ''. (0x7fff97b9f8d0)
13/12/2015 19:24:03 (Std) 	Creating falagard mapping for type 'Vanilla/RadioButton' using base type 'CEGUI/RadioButton', window renderer 'Core/ToggleButton' Look'N'Feel 'Vanilla/RadioButton' and RenderEffect ''. (0x7fff97b9f8d0)
13/12/2015 19:24:03 (Std) 	Creating falagard mapping for type 'Vanilla/Tooltip' using base type 'CEGUI/Tooltip', window renderer 'Core/Tooltip' Look'N'Feel 'Vanilla/Tooltip' and RenderEffect ''. (0x7fff97b9f8d0)
13/12/2015 19:24:03 (Std) 	Started creation of Scheme from XML specification:
13/12/2015 19:24:03 (Std) 	---- CEGUI GUIScheme name: OgreTray
13/12/2015 19:24:03 (Std) 	[ImageManager] Started creation of Imageset from XML specification:
13/12/2015 19:24:03 (Std) 	[ImageManager] ---- CEGUI Imageset name: OgreTrayImages
13/12/2015 19:24:03 (Std) 	[ImageManager] ---- Source texture file: OgreTrayImages.png
13/12/2015 19:24:03 (Std) 	[ImageManager] ---- Source texture resource group: (Default)
13/12/2015 19:24:03 (Std) 	[OgreRenderer] Created texture: OgreTrayImages
13/12/2015 19:24:03 (Std) 	[ImageManager] Created image: 'OgreTrayImages/Pulse' (0x1a89f90) of type: BasicImage
13/12/2015 19:24:03 (Std) 	[ImageManager] Created image: 'OgreTrayImages/Shade' (0x1a89e00) of type: BasicImage
13/12/2015 19:24:03 (Std) 	[ImageManager] Created image: 'OgreTrayImages/TrayB' (0x1a8c290) of type: BasicImage
13/12/2015 19:24:03 (Std) 	[ImageManager] Created image: 'OgreTrayImages/TrayL' (0x1a8c4a0) of type: BasicImage
13/12/2015 19:24:03 (Std) 	[ImageManager] Created image: 'OgreTrayImages/TrayM' (0x1a8c6b0) of type: BasicImage
13/12/2015 19:24:03 (Std) 	[ImageManager] Created image: 'OgreTrayImages/TrayR' (0x1a8c8c0) of type: BasicImage
13/12/2015 19:24:03 (Std) 	[ImageManager] Created image: 'OgreTrayImages/TrayT' (0x1a8cad0) of type: BasicImage
13/12/2015 19:24:03 (Std) 	[ImageManager] Created image: 'OgreTrayImages/FrameB' (0x1a8cce0) of type: BasicImage
13/12/2015 19:24:03 (Std) 	[ImageManager] Created image: 'OgreTrayImages/FrameL' (0x1a8cef0) of type: BasicImage
13/12/2015 19:24:03 (Std) 	[ImageManager] Created image: 'OgreTrayImages/FrameM' (0x1a8d100) of type: BasicImage
13/12/2015 19:24:03 (Std) 	[ImageManager] Created image: 'OgreTrayImages/FrameR' (0x1a8d310) of type: BasicImage
13/12/2015 19:24:03 (Std) 	[ImageManager] Created image: 'OgreTrayImages/FrameT' (0x1a8d520) of type: BasicImage
13/12/2015 19:24:03 (Std) 	[ImageManager] Created image: 'OgreTrayImages/Handle' (0x1a8d730) of type: BasicImage
13/12/2015 19:24:03 (Std) 	[ImageManager] Created image: 'OgreTrayImages/TrayBL' (0x1a8d940) of type: BasicImage
13/12/2015 19:24:03 (Std) 	[ImageManager] Created image: 'OgreTrayImages/TrayBR' (0x1a8db50) of type: BasicImage
13/12/2015 19:24:03 (Std) 	[ImageManager] Created image: 'OgreTrayImages/TrayTL' (0x1a8dd60) of type: BasicImage
13/12/2015 19:24:03 (Std) 	[ImageManager] Created image: 'OgreTrayImages/TrayTR' (0x1a8df70) of type: BasicImage
13/12/2015 19:24:03 (Std) 	[ImageManager] Created image: 'OgreTrayImages/FrameBL' (0x1a8e180) of type: BasicImage
13/12/2015 19:24:03 (Std) 	[ImageManager] Created image: 'OgreTrayImages/FrameBR' (0x1a8e390) of type: BasicImage
13/12/2015 19:24:03 (Std) 	[ImageManager] Created image: 'OgreTrayImages/FrameTL' (0x1a8e5a0) of type: BasicImage
13/12/2015 19:24:03 (Std) 	[ImageManager] Created image: 'OgreTrayImages/FrameTR' (0x1a8e7b0) of type: BasicImage
13/12/2015 19:24:03 (Std) 	[ImageManager] Created image: 'OgreTrayImages/CaptionL' (0x1a8e9c0) of type: BasicImage
13/12/2015 19:24:03 (Std) 	[ImageManager] Created image: 'OgreTrayImages/CaptionM' (0x1a8ebd0) of type: BasicImage
13/12/2015 19:24:03 (Std) 	[ImageManager] Created image: 'OgreTrayImages/CaptionR' (0x1a8ede0) of type: BasicImage
13/12/2015 19:24:03 (Std) 	[ImageManager] Created image: 'OgreTrayImages/OgreLogo' (0x1a8eff0) of type: BasicImage
13/12/2015 19:24:03 (Std) 	[ImageManager] Created image: 'OgreTrayImages/TextBoxB' (0x1a8f200) of type: BasicImage
13/12/2015 19:24:03 (Std) 	[ImageManager] Created image: 'OgreTrayImages/TextBoxL' (0x1a8f410) of type: BasicImage
13/12/2015 19:24:03 (Std) 	[ImageManager] Created image: 'OgreTrayImages/TextBoxM' (0x1a8f620) of type: BasicImage
13/12/2015 19:24:03 (Std) 	[ImageManager] Created image: 'OgreTrayImages/TextBoxR' (0x1a8f830) of type: BasicImage
13/12/2015 19:24:03 (Std) 	[ImageManager] Created image: 'OgreTrayImages/TextBoxT' (0x1a8fa40) of type: BasicImage
13/12/2015 19:24:03 (Std) 	[ImageManager] Created image: 'OgreTrayImages/BandsFull' (0x1a8fc50) of type: BasicImage
13/12/2015 19:24:03 (Std) 	[ImageManager] Created image: 'OgreTrayImages/ButtonUpB' (0x1a8fe60) of type: BasicImage
13/12/2015 19:24:03 (Std) 	[ImageManager] Created image: 'OgreTrayImages/ButtonUpL' (0x1a90070) of type: BasicImage
13/12/2015 19:24:03 (Std) 	[ImageManager] Created image: 'OgreTrayImages/ButtonUpM' (0x1a90280) of type: BasicImage
13/12/2015 19:24:03 (Std) 	[ImageManager] Created image: 'OgreTrayImages/ButtonUpR' (0x1a90490) of type: BasicImage
13/12/2015 19:24:03 (Std) 	[ImageManager] Created image: 'OgreTrayImages/ButtonUpT' (0x1a906a0) of type: BasicImage
13/12/2015 19:24:03 (Std) 	[ImageManager] Created image: 'OgreTrayImages/MiniTrayB' (0x1a908b0) of type: BasicImage
13/12/2015 19:24:03 (Std) 	[ImageManager] Created image: 'OgreTrayImages/MiniTrayL' (0x1a90ac0) of type: BasicImage
13/12/2015 19:24:03 (Std) 	[ImageManager] Created image: 'OgreTrayImages/MiniTrayM' (0x1a90cd0) of type: BasicImage
13/12/2015 19:24:03 (Std) 	[ImageManager] Created image: 'OgreTrayImages/MiniTrayR' (0x1a90ee0) of type: BasicImage
13/12/2015 19:24:03 (Std) 	[ImageManager] Created image: 'OgreTrayImages/MiniTrayT' (0x1a910f0) of type: BasicImage
13/12/2015 19:24:03 (Std) 	[ImageManager] Created image: 'OgreTrayImages/TextBoxBL' (0x1a91300) of type: BasicImage
13/12/2015 19:24:03 (Std) 	[ImageManager] Created image: 'OgreTrayImages/TextBoxBR' (0x1a91510) of type: BasicImage
13/12/2015 19:24:03 (Std) 	[ImageManager] Created image: 'OgreTrayImages/TextBoxTL' (0x1a91720) of type: BasicImage
13/12/2015 19:24:03 (Std) 	[ImageManager] Created image: 'OgreTrayImages/TextBoxTR' (0x1a91930) of type: BasicImage
13/12/2015 19:24:03 (Std) 	[ImageManager] Created image: 'OgreTrayImages/ButtonUpBL' (0x1a91b40) of type: BasicImage
13/12/2015 19:24:03 (Std) 	[ImageManager] Created image: 'OgreTrayImages/ButtonUpBR' (0x1a91d50) of type: BasicImage
13/12/2015 19:24:03 (Std) 	[ImageManager] Created image: 'OgreTrayImages/ButtonUpTL' (0x1a91f60) of type: BasicImage
13/12/2015 19:24:03 (Std) 	[ImageManager] Created image: 'OgreTrayImages/ButtonUpTR' (0x1a92170) of type: BasicImage
13/12/2015 19:24:03 (Std) 	[ImageManager] Created image: 'OgreTrayImages/HorzTrackL' (0x1a92380) of type: BasicImage
13/12/2015 19:24:03 (Std) 	[ImageManager] Created image: 'OgreTrayImages/HorzTrackM' (0x1a92590) of type: BasicImage
13/12/2015 19:24:03 (Std) 	[ImageManager] Created image: 'OgreTrayImages/HorzTrackR' (0x1a927a0) of type: BasicImage
13/12/2015 19:24:03 (Std) 	[ImageManager] Created image: 'OgreTrayImages/MiniTrayBL' (0x1a929b0) of type: BasicImage
13/12/2015 19:24:03 (Std) 	[ImageManager] Created image: 'OgreTrayImages/MiniTrayBR' (0x1a92bc0) of type: BasicImage
13/12/2015 19:24:03 (Std) 	[ImageManager] Created image: 'OgreTrayImages/MiniTrayTL' (0x1a92dd0) of type: BasicImage
13/12/2015 19:24:03 (Std) 	[ImageManager] Created image: 'OgreTrayImages/MiniTrayTR' (0x1a92fe0) of type: BasicImage
13/12/2015 19:24:03 (Std) 	[ImageManager] Created image: 'OgreTrayImages/MouseArrow' (0x1a931f0) of type: BasicImage
13/12/2015 19:24:03 (Std) 	[ImageManager] Created image: 'OgreTrayImages/SeparatorL' (0x1a93400) of type: BasicImage
13/12/2015 19:24:03 (Std) 	[ImageManager] Created image: 'OgreTrayImages/SeparatorM' (0x1a93610) of type: BasicImage
13/12/2015 19:24:03 (Std) 	[ImageManager] Created image: 'OgreTrayImages/SeparatorR' (0x1a93820) of type: BasicImage
13/12/2015 19:24:03 (Std) 	[ImageManager] Created image: 'OgreTrayImages/VertTrackB' (0x1a93a30) of type: BasicImage
13/12/2015 19:24:03 (Std) 	[ImageManager] Created image: 'OgreTrayImages/VertTrackM' (0x1a93c40) of type: BasicImage
13/12/2015 19:24:03 (Std) 	[ImageManager] Created image: 'OgreTrayImages/VertTrackT' (0x1a93e50) of type: BasicImage
13/12/2015 19:24:03 (Std) 	[ImageManager] Created image: 'OgreTrayImages/ButtonDownB' (0x1a94060) of type: BasicImage
13/12/2015 19:24:03 (Std) 	[ImageManager] Created image: 'OgreTrayImages/ButtonDownL' (0x1a94270) of type: BasicImage
13/12/2015 19:24:03 (Std) 	[ImageManager] Created image: 'OgreTrayImages/ButtonDownM' (0x1a94480) of type: BasicImage
13/12/2015 19:24:03 (Std) 	[ImageManager] Created image: 'OgreTrayImages/ButtonDownR' (0x1a94690) of type: BasicImage
13/12/2015 19:24:03 (Std) 	[ImageManager] Created image: 'OgreTrayImages/ButtonDownT' (0x1a948a0) of type: BasicImage
13/12/2015 19:24:03 (Std) 	[ImageManager] Created image: 'OgreTrayImages/ButtonOverB' (0x1a94ab0) of type: BasicImage
13/12/2015 19:24:03 (Std) 	[ImageManager] Created image: 'OgreTrayImages/ButtonOverL' (0x1a94cc0) of type: BasicImage
13/12/2015 19:24:03 (Std) 	[ImageManager] Created image: 'OgreTrayImages/ButtonOverM' (0x1a94ed0) of type: BasicImage
13/12/2015 19:24:03 (Std) 	[ImageManager] Created image: 'OgreTrayImages/ButtonOverR' (0x1a950e0) of type: BasicImage
13/12/2015 19:24:03 (Std) 	[ImageManager] Created image: 'OgreTrayImages/ButtonOverT' (0x1a952f0) of type: BasicImage
13/12/2015 19:24:03 (Std) 	[ImageManager] Created image: 'OgreTrayImages/ButtonDownBL' (0x1a95500) of type: BasicImage
13/12/2015 19:24:03 (Std) 	[ImageManager] Created image: 'OgreTrayImages/ButtonDownBR' (0x1a95710) of type: BasicImage
13/12/2015 19:24:03 (Std) 	[ImageManager] Created image: 'OgreTrayImages/ButtonDownTL' (0x1a95920) of type: BasicImage
13/12/2015 19:24:03 (Std) 	[ImageManager] Created image: 'OgreTrayImages/ButtonDownTR' (0x1a95b30) of type: BasicImage
13/12/2015 19:24:03 (Std) 	[ImageManager] Created image: 'OgreTrayImages/ButtonOverBL' (0x1a95d40) of type: BasicImage
13/12/2015 19:24:03 (Std) 	[ImageManager] Created image: 'OgreTrayImages/ButtonOverBR' (0x1a95f50) of type: BasicImage
13/12/2015 19:24:03 (Std) 	[ImageManager] Created image: 'OgreTrayImages/ButtonOverTL' (0x1a96160) of type: BasicImage
13/12/2015 19:24:03 (Std) 	[ImageManager] Created image: 'OgreTrayImages/ButtonOverTR' (0x1a96370) of type: BasicImage
13/12/2015 19:24:03 (Std) 	[ImageManager] Created image: 'OgreTrayImages/GenericBrush' (0x1a96580) of type: BasicImage
13/12/2015 19:24:03 (Std) 	[ImageManager] Created image: 'OgreTrayImages/MiniTextBoxB' (0x1a96790) of type: BasicImage
13/12/2015 19:24:03 (Std) 	[ImageManager] Created image: 'OgreTrayImages/MiniTextBoxL' (0x1a969a0) of type: BasicImage
13/12/2015 19:24:03 (Std) 	[ImageManager] Created image: 'OgreTrayImages/MiniTextBoxM' (0x1a96bb0) of type: BasicImage
13/12/2015 19:24:03 (Std) 	[ImageManager] Created image: 'OgreTrayImages/MiniTextBoxR' (0x1a96dc0) of type: BasicImage
13/12/2015 19:24:03 (Std) 	[ImageManager] Created image: 'OgreTrayImages/MiniTextBoxT' (0x1a96fd0) of type: BasicImage
13/12/2015 19:24:03 (Std) 	[ImageManager] Created image: 'OgreTrayImages/MiniTextBoxBL' (0x1a971e0) of type: BasicImage
13/12/2015 19:24:03 (Std) 	[ImageManager] Created image: 'OgreTrayImages/MiniTextBoxBR' (0x1a973f0) of type: BasicImage
13/12/2015 19:24:03 (Std) 	[ImageManager] Created image: 'OgreTrayImages/MiniTextBoxTL' (0x1a894a0) of type: BasicImage
13/12/2015 19:24:03 (Std) 	[ImageManager] Created image: 'OgreTrayImages/MiniTextBoxTR' (0x1a97920) of type: BasicImage
13/12/2015 19:24:03 (Std) 	[ImageManager] Created image: 'OgreTrayImages/MiniTextBoxOverB' (0x1a89840) of type: BasicImage
13/12/2015 19:24:03 (Std) 	[ImageManager] Created image: 'OgreTrayImages/MiniTextBoxOverL' (0x1a886b0) of type: BasicImage
13/12/2015 19:24:03 (Std) 	[ImageManager] Created image: 'OgreTrayImages/MiniTextBoxOverM' (0x1aa5c70) of type: BasicImage
13/12/2015 19:24:03 (Std) 	[ImageManager] Created image: 'OgreTrayImages/MiniTextBoxOverR' (0x1aa5e80) of type: BasicImage
13/12/2015 19:24:03 (Std) 	[ImageManager] Created image: 'OgreTrayImages/MiniTextBoxOverT' (0x1aa6090) of type: BasicImage
13/12/2015 19:24:03 (Std) 	[ImageManager] Created image: 'OgreTrayImages/MiniTextBoxOverBL' (0x1aa62a0) of type: BasicImage
13/12/2015 19:24:03 (Std) 	[ImageManager] Created image: 'OgreTrayImages/MiniTextBoxOverBR' (0x1aa6540) of type: BasicImage
13/12/2015 19:24:03 (Std) 	[ImageManager] Created image: 'OgreTrayImages/MiniTextBoxOverTL' (0x1aa6870) of type: BasicImage
13/12/2015 19:24:03 (Std) 	[ImageManager] Created image: 'OgreTrayImages/MiniTextBoxOverTR' (0x1aa6ba0) of type: BasicImage
13/12/2015 19:24:03 (Std) 	===== Falagard 'root' element: look and feel parsing begins =====
13/12/2015 19:24:03 (Std) 	===== Look and feel parsing completed =====
13/12/2015 19:24:03 (Std) 	No window renderer factories specified for module 'CEGUICoreWindowRendererSet' - adding all available factories...
13/12/2015 19:24:03 (Std) 	Creating falagard mapping for type 'OgreTray/Label' using base type 'DefaultWindow', window renderer 'Core/Default' Look'N'Feel 'OgreTray/Label' and RenderEffect ''. (0x7fff97b9f8d0)
13/12/2015 19:24:03 (Std) 	Creating falagard mapping for type 'OgreTray/Button' using base type 'CEGUI/PushButton', window renderer 'Core/Button' Look'N'Feel 'OgreTray/PushButton' and RenderEffect ''. (0x7fff97b9f8d0)
13/12/2015 19:24:03 (Std) 	Creating falagard mapping for type 'OgreTray/Titlebar' using base type 'CEGUI/Titlebar', window renderer 'Core/Titlebar' Look'N'Feel 'OgreTray/Titlebar' and RenderEffect ''. (0x7fff97b9f8d0)
13/12/2015 19:24:03 (Std) 	Creating falagard mapping for type 'OgreTray/FrameWindow' using base type 'CEGUI/FrameWindow', window renderer 'Core/FrameWindow' Look'N'Feel 'OgreTray/FrameWindow' and RenderEffect ''. (0x7fff97b9f8d0)
13/12/2015 19:24:03 (Std) 	Creating falagard mapping for type 'OgreTray/Thumb' using base type 'CEGUI/Thumb', window renderer 'Core/Button' Look'N'Feel 'OgreTray/Thumb' and RenderEffect ''. (0x7fff97b9f8d0)
13/12/2015 19:24:03 (Std) 	Creating falagard mapping for type 'OgreTray/VerticalScrollbar' using base type 'CEGUI/Scrollbar', window renderer 'Core/Scrollbar' Look'N'Feel 'OgreTray/VerticalScrollbar' and RenderEffect ''. (0x7fff97b9f8d0)
13/12/2015 19:24:03 (Std) 	Creating falagard mapping for type 'OgreTray/HorizontalScrollbar' using base type 'CEGUI/Scrollbar', window renderer 'Core/Scrollbar' Look'N'Feel 'OgreTray/HorizontalScrollbar' and RenderEffect ''. (0x7fff97b9f8d0)
13/12/2015 19:24:03 (Std) 	Creating falagard mapping for type 'OgreTray/StaticText' using base type 'DefaultWindow', window renderer 'Core/StaticText' Look'N'Feel 'OgreTray/StaticText' and RenderEffect ''. (0x7fff97b9f8d0)
13/12/2015 19:24:03 (Std) 	Creating falagard mapping for type 'OgreTray/Title' using base type 'DefaultWindow', window renderer 'Core/Default' Look'N'Feel 'OgreTray/MiniTray' and RenderEffect ''. (0x7fff97b9f8d0)
13/12/2015 19:24:03 (Std) 	Creating falagard mapping for type 'OgreTray/CaptionedStaticText' using base type 'DefaultWindow', window renderer 'Core/StaticText' Look'N'Feel 'OgreTray/CaptionedStaticText' and RenderEffect ''. (0x7fff97b9f8d0)
13/12/2015 19:24:03 (Std) 	Creating falagard mapping for type 'OgreTray/ProgressBar' using base type 'CEGUI/ProgressBar', window renderer 'Core/ProgressBar' Look'N'Feel 'OgreTray/ProgressBar' and RenderEffect ''. (0x7fff97b9f8d0)
13/12/2015 19:24:03 (Std) 	Creating falagard mapping for type 'OgreTray/Editbox' using base type 'CEGUI/Editbox', window renderer 'Core/Editbox' Look'N'Feel 'OgreTray/Editbox' and RenderEffect ''. (0x7fff97b9f8d0)
13/12/2015 19:24:03 (Std) 	Creating falagard mapping for type 'OgreTray/MultiLineEditbox' using base type 'CEGUI/MultiLineEditbox', window renderer 'Core/MultiLineEditbox' Look'N'Feel 'OgreTray/MultiLineEditbox' and RenderEffect ''. (0x7fff97b9f8d0)
13/12/2015 19:24:03 (Std) 	Creating falagard mapping for type 'OgreTray/Listbox' using base type 'CEGUI/Listbox', window renderer 'Core/Listbox' Look'N'Feel 'OgreTray/Listbox' and RenderEffect ''. (0x7fff97b9f8d0)
13/12/2015 19:24:03 (Std) 	Creating falagard mapping for type 'OgreTray/ComboDropList' using base type 'CEGUI/ComboDropList', window renderer 'Core/Listbox' Look'N'Feel 'OgreTray/Listbox' and RenderEffect ''. (0x7fff97b9f8d0)
13/12/2015 19:24:03 (Std) 	Creating falagard mapping for type 'OgreTray/Combobox' using base type 'CEGUI/Combobox', window renderer 'Core/Default' Look'N'Feel 'OgreTray/Combobox' and RenderEffect ''. (0x7fff97b9f8d0)
13/12/2015 19:24:03 (Std) 	Creating falagard mapping for type 'OgreTray/DropDownMenu' using base type 'CEGUI/Combobox', window renderer 'Core/Default' Look'N'Feel 'OgreTray/DropDownMenu' and RenderEffect ''. (0x7fff97b9f8d0)
13/12/2015 19:24:03 (Std) 	Creating falagard mapping for type 'OgreTray/Group' using base type 'DefaultWindow', window renderer 'Core/Default' Look'N'Feel 'OgreTray/Group' and RenderEffect ''. (0x7fff97b9f8d0)
13/12/2015 19:24:03 (Std) 	Creating falagard mapping for type 'OgreTray/Checkbox' using base type 'CEGUI/ToggleButton', window renderer 'Core/ToggleButton' Look'N'Feel 'OgreTray/Checkbox' and RenderEffect ''. (0x7fff97b9f8d0)
13/12/2015 19:24:03 (Std) 	Creating falagard mapping for type 'OgreTray/RadioButton' using base type 'CEGUI/RadioButton', window renderer 'Core/ToggleButton' Look'N'Feel 'OgreTray/RadioButton' and RenderEffect ''. (0x7fff97b9f8d0)
13/12/2015 19:24:03 (Std) 	Creating falagard mapping for type 'OgreTray/Slider' using base type 'CEGUI/Slider', window renderer 'Core/Slider' Look'N'Feel 'OgreTray/Slider' and RenderEffect ''. (0x7fff97b9f8d0)
13/12/2015 19:24:03 (Std) 	Creating falagard mapping for type 'OgreTray/StaticImage' using base type 'DefaultWindow', window renderer 'Core/StaticImage' Look'N'Feel 'OgreTray/StaticImage' and RenderEffect ''. (0x7fff97b9f8d0)
13/12/2015 19:24:03 (Std) 	Creating falagard mapping for type 'OgreTray/AltStaticImage' using base type 'DefaultWindow', window renderer 'Core/Default' Look'N'Feel 'OgreTray/AltStaticImage' and RenderEffect ''. (0x7fff97b9f8d0)
13/12/2015 19:24:03 (Std) 	Creating falagard mapping for type 'OgreTray/Tooltip' using base type 'CEGUI/Tooltip', window renderer 'Core/Tooltip' Look'N'Feel 'OgreTray/Tooltip' and RenderEffect ''. (0x7fff97b9f8d0)
13/12/2015 19:24:03 (Std) 	Creating falagard mapping for type 'OgreTray/ItemListbox' using base type 'CEGUI/ItemListbox', window renderer 'Core/ItemListbox' Look'N'Feel 'OgreTray/ItemListbox' and RenderEffect ''. (0x7fff97b9f8d0)
13/12/2015 19:24:03 (Std) 	Creating falagard mapping for type 'OgreTray/ListboxItem' using base type 'CEGUI/ItemEntry', window renderer 'Core/ItemEntry' Look'N'Feel 'OgreTray/ListboxItem' and RenderEffect ''. (0x7fff97b9f8d0)
13/12/2015 19:24:03 (Std) 	Creating falagard mapping for type 'OgreTray/Spinner' using base type 'CEGUI/Spinner', window renderer 'Core/Default' Look'N'Feel 'OgreTray/Spinner' and RenderEffect ''. (0x7fff97b9f8d0)
13/12/2015 19:24:03 (Std) 	Creating falagard mapping for type 'OgreTray/ScrollablePane' using base type 'CEGUI/ScrollablePane', window renderer 'Core/ScrollablePane' Look'N'Feel 'OgreTray/ScrollablePane' and RenderEffect ''. (0x7fff97b9f8d0)
13/12/2015 19:24:03 (Std) 	Creating falagard mapping for type 'OgreTray/ListHeaderSegment' using base type 'CEGUI/ListHeaderSegment', window renderer 'Core/ListHeaderSegment' Look'N'Feel 'OgreTray/ListHeaderSegment' and RenderEffect ''. (0x7fff97b9f8d0)
13/12/2015 19:24:03 (Std) 	Creating falagard mapping for type 'OgreTray/ListHeader' using base type 'CEGUI/ListHeader', window renderer 'Core/ListHeader' Look'N'Feel 'OgreTray/ListHeader' and RenderEffect ''. (0x7fff97b9f8d0)
13/12/2015 19:24:03 (Std) 	Creating falagard mapping for type 'OgreTray/MultiColumnList' using base type 'CEGUI/MultiColumnList', window renderer 'Core/MultiColumnList' Look'N'Feel 'OgreTray/MultiColumnList' and RenderEffect ''. (0x7fff97b9f8d0)
13/12/2015 19:24:03 (Std) 	Creating falagard mapping for type 'OgreTray/MenuItem' using base type 'CEGUI/MenuItem', window renderer 'Core/MenuItem' Look'N'Feel 'OgreTray/MenuItem' and RenderEffect ''. (0x7fff97b9f8d0)
13/12/2015 19:24:03 (Std) 	Creating falagard mapping for type 'OgreTray/Menubar' using base type 'CEGUI/Menubar', window renderer 'Core/Menubar' Look'N'Feel 'OgreTray/Menubar' and RenderEffect ''. (0x7fff97b9f8d0)
13/12/2015 19:24:03 (Std) 	Creating falagard mapping for type 'OgreTray/PopupMenu' using base type 'CEGUI/PopupMenu', window renderer 'Core/PopupMenu' Look'N'Feel 'OgreTray/PopupMenu' and RenderEffect ''. (0x7fff97b9f8d0)
13/12/2015 19:24:03 (Std) 	Creating falagard mapping for type 'OgreTray/TabButton' using base type 'CEGUI/TabButton', window renderer 'Core/TabButton' Look'N'Feel 'OgreTray/TabButton' and RenderEffect ''. (0x7fff97b9f8d0)
13/12/2015 19:24:03 (Std) 	Creating falagard mapping for type 'OgreTray/TabButtonPane' using base type 'DefaultWindow', window renderer 'Core/Default' Look'N'Feel 'OgreTray/TabButtonPane' and RenderEffect ''. (0x7fff97b9f8d0)
13/12/2015 19:24:03 (Std) 	Creating falagard mapping for type 'OgreTray/TabContentPane' using base type 'DefaultWindow', window renderer 'Core/Default' Look'N'Feel 'OgreTray/TabContentPane' and RenderEffect ''. (0x7fff97b9f8d0)
13/12/2015 19:24:03 (Std) 	Creating falagard mapping for type 'OgreTray/TabControl' using base type 'CEGUI/TabControl', window renderer 'Core/TabControl' Look'N'Feel 'OgreTray/TabControl' and RenderEffect ''. (0x7fff97b9f8d0)
13/12/2015 19:24:03 (Std) 	Creating falagard mapping for type 'OgreTray/BG' using base type 'DefaultWindow', window renderer 'Core/Default' Look'N'Feel 'OgreTray/BGTest' and RenderEffect ''. (0x7fff97b9f8d0)
13/12/2015 19:24:03 (Std) 	Started creation of Scheme from XML specification:
13/12/2015 19:24:03 (Std) 	---- CEGUI GUIScheme name: TaharezLook
13/12/2015 19:24:03 (Std) 	[ImageManager] Started creation of Imageset from XML specification:
13/12/2015 19:24:03 (Std) 	[ImageManager] ---- CEGUI Imageset name: TaharezLook
13/12/2015 19:24:03 (Std) 	[ImageManager] ---- Source texture file: TaharezLook.png
13/12/2015 19:24:03 (Std) 	[ImageManager] ---- Source texture resource group: (Default)
13/12/2015 19:24:03 (Std) 	[OgreRenderer] Created texture: TaharezLook
13/12/2015 19:24:03 (Std) 	[ImageManager] Created image: 'TaharezLook/ClientBrush' (0x1bfce70) of type: BasicImage
13/12/2015 19:24:03 (Std) 	[ImageManager] Created image: 'TaharezLook/GenericBrush' (0x1bfd080) of type: BasicImage
13/12/2015 19:24:03 (Std) 	[ImageManager] Created image: 'TaharezLook/WindowLeftEdge' (0x1bfd8d0) of type: BasicImage
13/12/2015 19:24:03 (Std) 	[ImageManager] Created image: 'TaharezLook/WindowRightEdge' (0x1bfdae0) of type: BasicImage
13/12/2015 19:24:03 (Std) 	[ImageManager] Created image: 'TaharezLook/WindowTopEdge' (0x1bfd290) of type: BasicImage
13/12/2015 19:24:03 (Std) 	[ImageManager] Created image: 'TaharezLook/WindowBottomEdge' (0x1bfd4a0) of type: BasicImage
13/12/2015 19:24:03 (Std) 	[ImageManager] Created image: 'TaharezLook/WindowTopLeft' (0x1a97cc0) of type: BasicImage
13/12/2015 19:24:03 (Std) 	[ImageManager] Created image: 'TaharezLook/WindowTopRight' (0x1bfdcf0) of type: BasicImage
13/12/2015 19:24:03 (Std) 	[ImageManager] Created image: 'TaharezLook/WindowBottomLeft' (0x1bfdf00) of type: BasicImage
13/12/2015 19:24:03 (Std) 	[ImageManager] Created image: 'TaharezLook/WindowBottomRight' (0x1bfe110) of type: BasicImage
13/12/2015 19:24:03 (Std) 	[ImageManager] Created image: 'TaharezLook/ButtonLeftNormal' (0x1bfe320) of type: BasicImage
13/12/2015 19:24:03 (Std) 	[ImageManager] Created image: 'TaharezLook/ButtonMiddleNormal' (0x1bfe530) of type: BasicImage
13/12/2015 19:24:03 (Std) 	[ImageManager] Created image: 'TaharezLook/ButtonRightNormal' (0x1bfe740) of type: BasicImage
13/12/2015 19:24:03 (Std) 	[ImageManager] Created image: 'TaharezLook/ButtonLeftPushed' (0x1bfe950) of type: BasicImage
13/12/2015 19:24:03 (Std) 	[ImageManager] Created image: 'TaharezLook/ButtonMiddlePushed' (0x1bfeb60) of type: BasicImage
13/12/2015 19:24:03 (Std) 	[ImageManager] Created image: 'TaharezLook/ButtonRightPushed' (0x1bfed70) of type: BasicImage
13/12/2015 19:24:03 (Std) 	[ImageManager] Created image: 'TaharezLook/ButtonLeftHighlight' (0x1bfef80) of type: BasicImage
13/12/2015 19:24:03 (Std) 	[ImageManager] Created image: 'TaharezLook/ButtonMiddleHighlight' (0x1bff190) of type: BasicImage
13/12/2015 19:24:03 (Std) 	[ImageManager] Created image: 'TaharezLook/ButtonRightHighlight' (0x1bff3a0) of type: BasicImage
13/12/2015 19:24:03 (Std) 	[ImageManager] Created image: 'TaharezLook/CheckboxNormal' (0x1bff640) of type: BasicImage
13/12/2015 19:24:03 (Std) 	[ImageManager] Created image: 'TaharezLook/CheckboxHover' (0x1bff850) of type: BasicImage
13/12/2015 19:24:03 (Std) 	[ImageManager] Created image: 'TaharezLook/CheckboxMark' (0x1bffa60) of type: BasicImage
13/12/2015 19:24:03 (Std) 	[ImageManager] Created image: 'TaharezLook/RadioButtonNormal' (0x1bffc70) of type: BasicImage
13/12/2015 19:24:03 (Std) 	[ImageManager] Created image: 'TaharezLook/RadioButtonHover' (0x1bffe80) of type: BasicImage
13/12/2015 19:24:03 (Std) 	[ImageManager] Created image: 'TaharezLook/RadioButtonMark' (0x1c00090) of type: BasicImage
13/12/2015 19:24:03 (Std) 	[ImageManager] Created image: 'TaharezLook/TitlebarLeft' (0x1c002a0) of type: BasicImage
13/12/2015 19:24:03 (Std) 	[ImageManager] Created image: 'TaharezLook/TitlebarMiddle' (0x1c004b0) of type: BasicImage
13/12/2015 19:24:03 (Std) 	[ImageManager] Created image: 'TaharezLook/TitlebarRight' (0x1c006c0) of type: BasicImage
13/12/2015 19:24:03 (Std) 	[ImageManager] Created image: 'TaharezLook/NewTitlebarLeft' (0x1c008d0) of type: BasicImage
13/12/2015 19:24:03 (Std) 	[ImageManager] Created image: 'TaharezLook/NewTitlebarMiddle' (0x1c00ae0) of type: BasicImage
13/12/2015 19:24:03 (Std) 	[ImageManager] Created image: 'TaharezLook/NewTitlebarRight' (0x1daf3e0) of type: BasicImage
13/12/2015 19:24:03 (Std) 	[ImageManager] Created image: 'TaharezLook/SysAreaMiddle' (0x1c00e80) of type: BasicImage
13/12/2015 19:24:03 (Std) 	[ImageManager] Created image: 'TaharezLook/SysAreaRight' (0x1bef560) of type: BasicImage
13/12/2015 19:24:03 (Std) 	[ImageManager] Created image: 'TaharezLook/StaticLeft' (0x1bef770) of type: BasicImage
13/12/2015 19:24:03 (Std) 	[ImageManager] Created image: 'TaharezLook/StaticRight' (0x1bef980) of type: BasicImage
13/12/2015 19:24:03 (Std) 	[ImageManager] Created image: 'TaharezLook/StaticTop' (0x1befb90) of type: BasicImage
13/12/2015 19:24:03 (Std) 	[ImageManager] Created image: 'TaharezLook/StaticBottom' (0x1befda0) of type: BasicImage
13/12/2015 19:24:03 (Std) 	[ImageManager] Created image: 'TaharezLook/StaticTopLeft' (0x1beffb0) of type: BasicImage
13/12/2015 19:24:03 (Std) 	[ImageManager] Created image: 'TaharezLook/StaticTopRight' (0x1bf01c0) of type: BasicImage
13/12/2015 19:24:03 (Std) 	[ImageManager] Created image: 'TaharezLook/StaticBottomLeft' (0x1bf03d0) of type: BasicImage
13/12/2015 19:24:03 (Std) 	[ImageManager] Created image: 'TaharezLook/StaticBottomRight' (0x1bf05e0) of type: BasicImage
13/12/2015 19:24:03 (Std) 	[ImageManager] Created image: 'TaharezLook/StaticBackdrop' (0x1bf07f0) of type: BasicImage
13/12/2015 19:24:03 (Std) 	[ImageManager] Created image: 'TaharezLook/ProgressBarLeft' (0x1bf0a00) of type: BasicImage
13/12/2015 19:24:03 (Std) 	[ImageManager] Created image: 'TaharezLook/ProgressBarMiddle' (0x1bf0c10) of type: BasicImage
13/12/2015 19:24:03 (Std) 	[ImageManager] Created image: 'TaharezLook/ProgressBarRight' (0x1bf0e20) of type: BasicImage
13/12/2015 19:24:03 (Std) 	[ImageManager] Created image: 'TaharezLook/ProgressBarDimSegment' (0x1bf1030) of type: BasicImage
13/12/2015 19:24:03 (Std) 	[ImageManager] Created image: 'TaharezLook/ProgressBarLitSegment' (0x1bf1360) of type: BasicImage
13/12/2015 19:24:03 (Std) 	[ImageManager] Created image: 'TaharezLook/EditBoxLeft' (0x1bf1690) of type: BasicImage
13/12/2015 19:24:03 (Std) 	[ImageManager] Created image: 'TaharezLook/EditBoxMiddle' (0x1bf18a0) of type: BasicImage
13/12/2015 19:24:03 (Std) 	[ImageManager] Created image: 'TaharezLook/EditBoxRight' (0x1bf1ab0) of type: BasicImage
13/12/2015 19:24:03 (Std) 	[ImageManager] Created image: 'TaharezLook/EditBoxCaret' (0x1bf1cc0) of type: BasicImage
13/12/2015 19:24:03 (Std) 	[ImageManager] Created image: 'TaharezLook/SpinnerUpNormal' (0x1bf1ed0) of type: BasicImage
13/12/2015 19:24:03 (Std) 	[ImageManager] Created image: 'TaharezLook/SpinnerDownNormal' (0x1bf20e0) of type: BasicImage
13/12/2015 19:24:03 (Std) 	[ImageManager] Created image: 'TaharezLook/SpinnerUpHover' (0x1bf22f0) of type: BasicImage
13/12/2015 19:24:03 (Std) 	[ImageManager] Created image: 'TaharezLook/SpinnerDownHover' (0x1bf2500) of type: BasicImage
13/12/2015 19:24:03 (Std) 	[ImageManager] Created image: 'TaharezLook/TextSelectionBrush' (0x1bf2710) of type: BasicImage
13/12/2015 19:24:03 (Std) 	[ImageManager] Created image: 'TaharezLook/VertScrollTop' (0x1bf2920) of type: BasicImage
13/12/2015 19:24:03 (Std) 	[ImageManager] Created image: 'TaharezLook/VertScrollMiddle' (0x1bf2b30) of type: BasicImage
13/12/2015 19:24:03 (Std) 	[ImageManager] Created image: 'TaharezLook/VertScrollBottom' (0x1bf2d40) of type: BasicImage
13/12/2015 19:24:03 (Std) 	[ImageManager] Created image: 'TaharezLook/VertScrollBarSegment' (0x1bf2f50) of type: BasicImage
13/12/2015 19:24:03 (Std) 	[ImageManager] Created image: 'TaharezLook/VertScrollThumbNormal' (0x1bf3280) of type: BasicImage
13/12/2015 19:24:03 (Std) 	[ImageManager] Created image: 'TaharezLook/VertScrollThumbHover' (0x1bf35b0) of type: BasicImage
13/12/2015 19:24:03 (Std) 	[ImageManager] Created image: 'TaharezLook/VertScrollUpNormal' (0x1bf38e0) of type: BasicImage
13/12/2015 19:24:03 (Std) 	[ImageManager] Created image: 'TaharezLook/VertScrollDownNormal' (0x1bf3af0) of type: BasicImage
13/12/2015 19:24:03 (Std) 	[ImageManager] Created image: 'TaharezLook/VertScrollUpHover' (0x1bf3e20) of type: BasicImage
13/12/2015 19:24:03 (Std) 	[ImageManager] Created image: 'TaharezLook/VertScrollDownHover' (0x1bf4030) of type: BasicImage
13/12/2015 19:24:03 (Std) 	[ImageManager] Created image: 'TaharezLook/MiniVertScrollBarSegment' (0x1bf4240) of type: BasicImage
13/12/2015 19:24:03 (Std) 	[ImageManager] Created image: 'TaharezLook/MiniVertScrollThumbNormal' (0x1bf4630) of type: BasicImage
13/12/2015 19:24:03 (Std) 	[ImageManager] Created image: 'TaharezLook/MiniVertScrollThumbTopNormal' (0x1bf4a20) of type: BasicImage
13/12/2015 19:24:03 (Std) 	[ImageManager] Created image: 'TaharezLook/MiniVertScrollThumbMiddleNormal' (0x1bf4e40) of type: BasicImage
13/12/2015 19:24:03 (Std) 	[ImageManager] Created image: 'TaharezLook/MiniVertScrollThumbBottomNormal' (0x1bf5290) of type: BasicImage
13/12/2015 19:24:03 (Std) 	[ImageManager] Created image: 'TaharezLook/MiniVertScrollThumbTopHover' (0x1bf5620) of type: BasicImage
13/12/2015 19:24:03 (Std) 	[ImageManager] Created image: 'TaharezLook/MiniVertScrollThumbMiddleHover' (0x1bf5990) of type: BasicImage
13/12/2015 19:24:03 (Std) 	[ImageManager] Created image: 'TaharezLook/MiniVertScrollThumbBottomHover' (0x1bf5d20) of type: BasicImage
13/12/2015 19:24:03 (Std) 	[ImageManager] Created image: 'TaharezLook/MiniVertScrollThumbHover' (0x1bf60b0) of type: BasicImage
13/12/2015 19:24:03 (Std) 	[ImageManager] Created image: 'TaharezLook/MiniVertScrollUpNormal' (0x1bf6400) of type: BasicImage
13/12/2015 19:24:03 (Std) 	[ImageManager] Created image: 'TaharezLook/MiniVertScrollDownNormal' (0x1bf6750) of type: BasicImage
13/12/2015 19:24:03 (Std) 	[ImageManager] Created image: 'TaharezLook/MiniVertScrollUpHover' (0x1bf6aa0) of type: BasicImage
13/12/2015 19:24:03 (Std) 	[ImageManager] Created image: 'TaharezLook/MiniVertScrollDownHover' (0x1bf6dd0) of type: BasicImage
13/12/2015 19:24:03 (Std) 	[ImageManager] Created image: 'TaharezLook/VertSliderBody' (0x1dd2d60) of type: BasicImage
13/12/2015 19:24:03 (Std) 	[ImageManager] Created image: 'TaharezLook/VertSliderThumbNormal' (0x1dd2f70) of type: BasicImage
13/12/2015 19:24:03 (Std) 	[ImageManager] Created image: 'TaharezLook/VertSliderThumbHover' (0x1c16e10) of type: BasicImage
13/12/2015 19:24:03 (Std) 	[ImageManager] Created image: 'TaharezLook/MiniHorzScrollBarSegment' (0x1c171d0) of type: BasicImage
13/12/2015 19:24:03 (Std) 	[ImageManager] Created image: 'TaharezLook/MiniHorzScrollThumbNormal' (0x1c17520) of type: BasicImage
13/12/2015 19:24:03 (Std) 	[ImageManager] Created image: 'TaharezLook/MiniHorzScrollThumbLeftNormal' (0x1c17870) of type: BasicImage
13/12/2015 19:24:03 (Std) 	[ImageManager] Created image: 'TaharezLook/MiniHorzScrollThumbMiddleNormal' (0x1c17be0) of type: BasicImage
13/12/2015 19:24:03 (Std) 	[ImageManager] Created image: 'TaharezLook/MiniHorzScrollThumbRightNormal' (0x1c17f70) of type: BasicImage
13/12/2015 19:24:03 (Std) 	[ImageManager] Created image: 'TaharezLook/MiniHorzScrollThumbHover' (0x1c18300) of type: BasicImage
13/12/2015 19:24:03 (Std) 	[ImageManager] Created image: 'TaharezLook/MiniHorzScrollThumbLeftHover' (0x1c18650) of type: BasicImage
13/12/2015 19:24:03 (Std) 	[ImageManager] Created image: 'TaharezLook/MiniHorzScrollThumbMiddleHover' (0x1c189c0) of type: BasicImage
13/12/2015 19:24:03 (Std) 	[ImageManager] Created image: 'TaharezLook/MiniHorzScrollThumbRightHover' (0x1c18d50) of type: BasicImage
13/12/2015 19:24:03 (Std) 	[ImageManager] Created image: 'TaharezLook/MiniHorzScrollLeftNormal' (0x1c190c0) of type: BasicImage
13/12/2015 19:24:03 (Std) 	[ImageManager] Created image: 'TaharezLook/MiniHorzScrollRightNormal' (0x1c19410) of type: BasicImage
13/12/2015 19:24:03 (Std) 	[ImageManager] Created image: 'TaharezLook/MiniHorzScrollLeftHover' (0x1c19760) of type: BasicImage
13/12/2015 19:24:03 (Std) 	[ImageManager] Created image: 'TaharezLook/MiniHorzScrollRightHover' (0x1c19ab0) of type: BasicImage
13/12/2015 19:24:03 (Std) 	[ImageManager] Created image: 'TaharezLook/ListboxLeft' (0x1c19e00) of type: BasicImage
13/12/2015 19:24:03 (Std) 	[ImageManager] Created image: 'TaharezLook/ListboxRight' (0x1c1a010) of type: BasicImage
13/12/2015 19:24:03 (Std) 	[ImageManager] Created image: 'TaharezLook/ListboxTop' (0x1c1a220) of type: BasicImage
13/12/2015 19:24:03 (Std) 	[ImageManager] Created image: 'TaharezLook/ListboxBottom' (0x1c1a430) of type: BasicImage
13/12/2015 19:24:03 (Std) 	[ImageManager] Created image: 'TaharezLook/ListboxTopLeft' (0x1c1a640) of type: BasicImage
13/12/2015 19:24:03 (Std) 	[ImageManager] Created image: 'TaharezLook/ListboxTopRight' (0x1c1a850) of type: BasicImage
13/12/2015 19:24:03 (Std) 	[ImageManager] Created image: 'TaharezLook/ListboxBottomLeft' (0x1c1aa60) of type: BasicImage
13/12/2015 19:24:03 (Std) 	[ImageManager] Created image: 'TaharezLook/ListboxBottomRight' (0x1c1ac70) of type: BasicImage
13/12/2015 19:24:03 (Std) 	[ImageManager] Created image: 'TaharezLook/ListboxBackdrop' (0x1c1ae80) of type: BasicImage
13/12/2015 19:24:03 (Std) 	[ImageManager] Created image: 'TaharezLook/ListboxSelectionBrush' (0x1c1b090) of type: BasicImage
13/12/2015 19:24:03 (Std) 	[ImageManager] Created image: 'TaharezLook/ComboboxEditLeft' (0x1c1b3c0) of type: BasicImage
13/12/2015 19:24:03 (Std) 	[ImageManager] Created image: 'TaharezLook/ComboboxEditMiddle' (0x1c1b5d0) of type: BasicImage
13/12/2015 19:24:03 (Std) 	[ImageManager] Created image: 'TaharezLook/ComboboxListButtonNormal' (0x1c1b7e0) of type: BasicImage
13/12/2015 19:24:03 (Std) 	[ImageManager] Created image: 'TaharezLook/ComboboxListButtonHover' (0x1c1bb30) of type: BasicImage
13/12/2015 19:24:03 (Std) 	[ImageManager] Created image: 'TaharezLook/ComboboxListLeft' (0x1c1be80) of type: BasicImage
13/12/2015 19:24:03 (Std) 	[ImageManager] Created image: 'TaharezLook/ComboboxListRight' (0x1c1c090) of type: BasicImage
13/12/2015 19:24:03 (Std) 	[ImageManager] Created image: 'TaharezLook/ComboboxListTop' (0x1c1c2a0) of type: BasicImage
13/12/2015 19:24:03 (Std) 	[ImageManager] Created image: 'TaharezLook/ComboboxListBottom' (0x1c1c4b0) of type: BasicImage
13/12/2015 19:24:03 (Std) 	[ImageManager] Created image: 'TaharezLook/ComboboxListTopLeft' (0x1c1c6c0) of type: BasicImage
13/12/2015 19:24:03 (Std) 	[ImageManager] Created image: 'TaharezLook/ComboboxListTopRight' (0x1c1c8d0) of type: BasicImage
13/12/2015 19:24:03 (Std) 	[ImageManager] Created image: 'TaharezLook/ComboboxListBottomLeft' (0x1c1cc00) of type: BasicImage
13/12/2015 19:24:03 (Std) 	[ImageManager] Created image: 'TaharezLook/ComboboxListBottomRight' (0x1c1cf50) of type: BasicImage
13/12/2015 19:24:03 (Std) 	[ImageManager] Created image: 'TaharezLook/ComboboxListBackdrop' (0x1c1d2a0) of type: BasicImage
13/12/2015 19:24:03 (Std) 	[ImageManager] Created image: 'TaharezLook/ComboboxSelectionBrush' (0x1c1d5d0) of type: BasicImage
13/12/2015 19:24:03 (Std) 	[ImageManager] Created image: 'TaharezLook/ComboboxDividerLeft' (0x1c1d920) of type: BasicImage
13/12/2015 19:24:03 (Std) 	[ImageManager] Created image: 'TaharezLook/ComboboxDividerMiddle' (0x1c1db30) of type: BasicImage
13/12/2015 19:24:03 (Std) 	[ImageManager] Created image: 'TaharezLook/ComboboxDividerRight' (0x1c1de60) of type: BasicImage
13/12/2015 19:24:03 (Std) 	[ImageManager] Created image: 'TaharezLook/HeaderBarBackdropNormal' (0x1c1e190) of type: BasicImage
13/12/2015 19:24:03 (Std) 	[ImageManager] Created image: 'TaharezLook/HeaderBarBackdropHover' (0x1c1e4e0) of type: BasicImage
13/12/2015 19:24:03 (Std) 	[ImageManager] Created image: 'TaharezLook/HeaderBarSplitterNormal' (0x1c1e830) of type: BasicImage
13/12/2015 19:24:03 (Std) 	[ImageManager] Created image: 'TaharezLook/HeaderBarSplitterHover' (0x1c1eb80) of type: BasicImage
13/12/2015 19:24:03 (Std) 	[ImageManager] Created image: 'TaharezLook/HeaderBarSortUp' (0x1c1eed0) of type: BasicImage
13/12/2015 19:24:03 (Std) 	[ImageManager] Created image: 'TaharezLook/HeaderBarSortDown' (0x1c1f0e0) of type: BasicImage
13/12/2015 19:24:03 (Std) 	[ImageManager] Created image: 'TaharezLook/MultiListLeft' (0x1c1f2f0) of type: BasicImage
13/12/2015 19:24:03 (Std) 	[ImageManager] Created image: 'TaharezLook/MultiListRight' (0x1c1f500) of type: BasicImage
13/12/2015 19:24:03 (Std) 	[ImageManager] Created image: 'TaharezLook/MultiListTop' (0x1c1f710) of type: BasicImage
13/12/2015 19:24:03 (Std) 	[ImageManager] Created image: 'TaharezLook/MultiListBottom' (0x1c1f920) of type: BasicImage
13/12/2015 19:24:03 (Std) 	[ImageManager] Created image: 'TaharezLook/MultiListTopLeft' (0x1c1fb30) of type: BasicImage
13/12/2015 19:24:03 (Std) 	[ImageManager] Created image: 'TaharezLook/MultiListTopRight' (0x1c1fd40) of type: BasicImage
13/12/2015 19:24:03 (Std) 	[ImageManager] Created image: 'TaharezLook/MultiListBottomLeft' (0x1c1ff50) of type: BasicImage
13/12/2015 19:24:03 (Std) 	[ImageManager] Created image: 'TaharezLook/MultiListBottomRight' (0x1c20160) of type: BasicImage
13/12/2015 19:24:03 (Std) 	[ImageManager] Created image: 'TaharezLook/MultiListBackdrop' (0x1c20490) of type: BasicImage
13/12/2015 19:24:03 (Std) 	[ImageManager] Created image: 'TaharezLook/MultiListSelectionBrush' (0x1c206a0) of type: BasicImage
13/12/2015 19:24:03 (Std) 	[ImageManager] Created image: 'TaharezLook/AltProgressLeft' (0x1c209f0) of type: BasicImage
13/12/2015 19:24:03 (Std) 	[ImageManager] Created image: 'TaharezLook/AltProgressMiddle' (0x1c20c00) of type: BasicImage
13/12/2015 19:24:03 (Std) 	[ImageManager] Created image: 'TaharezLook/AltProgressRight' (0x1bf72b0) of type: BasicImage
13/12/2015 19:24:03 (Std) 	[ImageManager] Created image: 'TaharezLook/AltProgressQuarter' (0x1dd5280) of type: BasicImage
13/12/2015 19:24:03 (Std) 	[ImageManager] Created image: 'TaharezLook/AltProgressHalf' (0x1dd5490) of type: BasicImage
13/12/2015 19:24:03 (Std) 	[ImageManager] Created image: 'TaharezLook/AltProgressLight1' (0x1dd56a0) of type: BasicImage
13/12/2015 19:24:03 (Std) 	[ImageManager] Created image: 'TaharezLook/AltProgressLight2' (0x1dd58b0) of type: BasicImage
13/12/2015 19:24:03 (Std) 	[ImageManager] Created image: 'TaharezLook/AltProgressLight3' (0x1dd5ac0) of type: BasicImage
13/12/2015 19:24:03 (Std) 	[ImageManager] Created image: 'TaharezLook/AltProgressLight4' (0x1dd5cd0) of type: BasicImage
13/12/2015 19:24:03 (Std) 	[ImageManager] Created image: 'TaharezLook/AltProgressLight5' (0x1dd5ee0) of type: BasicImage
13/12/2015 19:24:03 (Std) 	[ImageManager] Created image: 'TaharezLook/AltProgressLight6' (0x1dd60f0) of type: BasicImage
13/12/2015 19:24:03 (Std) 	[ImageManager] Created image: 'TaharezLook/AltProgressLight7' (0x1dd6300) of type: BasicImage
13/12/2015 19:24:03 (Std) 	[ImageManager] Created image: 'TaharezLook/AltProgressLight8' (0x1dd6510) of type: BasicImage
13/12/2015 19:24:03 (Std) 	[ImageManager] Created image: 'TaharezLook/AltProgressLight9' (0x1dd6720) of type: BasicImage
13/12/2015 19:24:03 (Std) 	[ImageManager] Created image: 'TaharezLook/AltProgressLight10' (0x1dd6930) of type: BasicImage
13/12/2015 19:24:03 (Std) 	[ImageManager] Created image: 'TaharezLook/CloseButtonNormal' (0x1dd6b40) of type: BasicImage
13/12/2015 19:24:03 (Std) 	[ImageManager] Created image: 'TaharezLook/CloseButtonHover' (0x1dd6d50) of type: BasicImage
13/12/2015 19:24:03 (Std) 	[ImageManager] Created image: 'TaharezLook/CloseButtonPressed' (0x1dd6f60) of type: BasicImage
13/12/2015 19:24:03 (Std) 	[ImageManager] Created image: 'TaharezLook/NewCloseButtonNormal' (0x1dd7170) of type: BasicImage
13/12/2015 19:24:03 (Std) 	[ImageManager] Created image: 'TaharezLook/NewCloseButtonHover' (0x1dd74a0) of type: BasicImage
13/12/2015 19:24:03 (Std) 	[ImageManager] Created image: 'TaharezLook/NewCloseButtonPressed' (0x1dd76b0) of type: BasicImage
13/12/2015 19:24:03 (Std) 	[ImageManager] Created image: 'TaharezLook/MultiLineEditboxLeft' (0x1dd79e0) of type: BasicImage
13/12/2015 19:24:03 (Std) 	[ImageManager] Created image: 'TaharezLook/MultiLineEditboxRight' (0x1dd7d10) of type: BasicImage
13/12/2015 19:24:03 (Std) 	[ImageManager] Created image: 'TaharezLook/MultiLineEditboxTop' (0x1dd8040) of type: BasicImage
13/12/2015 19:24:03 (Std) 	[ImageManager] Created image: 'TaharezLook/MultiLineEditboxBottom' (0x1dd8250) of type: BasicImage
13/12/2015 19:24:03 (Std) 	[ImageManager] Created image: 'TaharezLook/MultiLineEditboxTopLeft' (0x1dd8500) of type: BasicImage
13/12/2015 19:24:03 (Std) 	[ImageManager] Created image: 'TaharezLook/MultiLineEditboxTopRight' (0x1dd8850) of type: BasicImage
13/12/2015 19:24:03 (Std) 	[ImageManager] Created image: 'TaharezLook/MultiLineEditboxBottomLeft' (0x1dd8ba0) of type: BasicImage
13/12/2015 19:24:03 (Std) 	[ImageManager] Created image: 'TaharezLook/MultiLineEditboxBottomRight' (0x1dd8f10) of type: BasicImage
13/12/2015 19:24:03 (Std) 	[ImageManager] Created image: 'TaharezLook/MultiLineEditboxBackdrop' (0x1dd9280) of type: BasicImage
13/12/2015 19:24:03 (Std) 	[ImageManager] Created image: 'TaharezLook/MultiLineEditboxSelectionBrush' (0x1dd95d0) of type: BasicImage
13/12/2015 19:24:03 (Std) 	[ImageManager] Created image: 'TaharezLook/MouseTarget' (0x1dd9fa0) of type: BasicImage
13/12/2015 19:24:03 (Std) 	[ImageManager] Created image: 'TaharezLook/MouseArrow' (0x1dd9960) of type: BasicImage
13/12/2015 19:24:03 (Std) 	[ImageManager] Created image: 'TaharezLook/MouseMoveCursor' (0x1dda4d0) of type: BasicImage
13/12/2015 19:24:03 (Std) 	[ImageManager] Created image: 'TaharezLook/MouseNoSoCursor' (0x1dda6e0) of type: BasicImage
13/12/2015 19:24:03 (Std) 	[ImageManager] Created image: 'TaharezLook/MouseEsWeCursor' (0x1dda8f0) of type: BasicImage
13/12/2015 19:24:03 (Std) 	[ImageManager] Created image: 'TaharezLook/MouseNeSwCursor' (0x1ddab00) of type: BasicImage
13/12/2015 19:24:03 (Std) 	[ImageManager] Created image: 'TaharezLook/MouseNwSeCursor' (0x1ddad10) of type: BasicImage
13/12/2015 19:24:03 (Std) 	[ImageManager] Created image: 'TaharezLook/MouseTextBar' (0x1ddaf20) of type: BasicImage
13/12/2015 19:24:03 (Std) 	[ImageManager] Created image: 'TaharezLook/TabHorizontalFiller' (0x1db1e00) of type: BasicImage
13/12/2015 19:24:03 (Std) 	[ImageManager] Created image: 'TaharezLook/TabContentPaneUpperLeft' (0x1db2010) of type: BasicImage
13/12/2015 19:24:03 (Std) 	[ImageManager] Created image: 'TaharezLook/TabContentPaneUpper' (0x1dda340) of type: BasicImage
13/12/2015 19:24:03 (Std) 	[ImageManager] Created image: 'TaharezLook/TabContentPaneUpperRight' (0x1ddb130) of type: BasicImage
13/12/2015 19:24:03 (Std) 	[ImageManager] Created image: 'TaharezLook/TabContentPaneLeft' (0x1ddb520) of type: BasicImage
13/12/2015 19:24:03 (Std) 	[ImageManager] Created image: 'TaharezLook/TabContentPaneRight' (0x1ddb730) of type: BasicImage
13/12/2015 19:24:03 (Std) 	[ImageManager] Created image: 'TaharezLook/TabContentPaneLower' (0x1ddb940) of type: BasicImage
13/12/2015 19:24:03 (Std) 	[ImageManager] Created image: 'TaharezLook/TabContentPaneLowerLeft' (0x1ddbb50) of type: BasicImage
13/12/2015 19:24:03 (Std) 	[ImageManager] Created image: 'TaharezLook/TabContentPaneLowerRight' (0x1ddbea0) of type: BasicImage
13/12/2015 19:24:03 (Std) 	[ImageManager] Created image: 'TaharezLook/TabContentPaneMiddle' (0x1ddc1f0) of type: BasicImage
13/12/2015 19:24:03 (Std) 	[ImageManager] Created image: 'TaharezLook/TabButtonScrollLeftNormal' (0x1ddc520) of type: BasicImage
13/12/2015 19:24:03 (Std) 	[ImageManager] Created image: 'TaharezLook/TabButtonScrollRightNormal' (0x1ddc870) of type: BasicImage
13/12/2015 19:24:03 (Std) 	[ImageManager] Created image: 'TaharezLook/TabButtonScrollLeftHover' (0x1ddcbe0) of type: BasicImage
13/12/2015 19:24:03 (Std) 	[ImageManager] Created image: 'TaharezLook/TabButtonScrollRightHover' (0x1ddcf30) of type: BasicImage
13/12/2015 19:24:03 (Std) 	[ImageManager] Created image: 'TaharezLook/TabButtonLeftNormal' (0x1ddd280) of type: BasicImage
13/12/2015 19:24:03 (Std) 	[ImageManager] Created image: 'TaharezLook/TabButtonRightNormal' (0x1ddd490) of type: BasicImage
13/12/2015 19:24:03 (Std) 	[ImageManager] Created image: 'TaharezLook/TabButtonUpperNormal' (0x1ddd7c0) of type: BasicImage
13/12/2015 19:24:03 (Std) 	[ImageManager] Created image: 'TaharezLook/TabButtonLowerNormal' (0x1dddaf0) of type: BasicImage
13/12/2015 19:24:03 (Std) 	[ImageManager] Created image: 'TaharezLook/TabButtonUpperLeftNormal' (0x1ddde20) of type: BasicImage
13/12/2015 19:24:03 (Std) 	[ImageManager] Created image: 'TaharezLook/TabButtonUpperLeft2Normal' (0x1dde170) of type: BasicImage
13/12/2015 19:24:03 (Std) 	[ImageManager] Created image: 'TaharezLook/TabButtonUpperRightNormal' (0x1dde4c0) of type: BasicImage
13/12/2015 19:24:03 (Std) 	[ImageManager] Created image: 'TaharezLook/TabButtonLowerLeftNormal' (0x1dde810) of type: BasicImage
13/12/2015 19:24:03 (Std) 	[ImageManager] Created image: 'TaharezLook/TabButtonLowerRightNormal' (0x1ddeb60) of type: BasicImage
13/12/2015 19:24:03 (Std) 	[ImageManager] Created image: 'TaharezLook/TabButtonLowerRight2Normal' (0x1ddeeb0) of type: BasicImage
13/12/2015 19:24:03 (Std) 	[ImageManager] Created image: 'TaharezLook/TabButtonMiddleNormal' (0x1ddf220) of type: BasicImage
13/12/2015 19:24:03 (Std) 	[ImageManager] Created image: 'TaharezLook/TabButtonLeftSelected' (0x1ddf550) of type: BasicImage
13/12/2015 19:24:03 (Std) 	[ImageManager] Created image: 'TaharezLook/TabButtonRightSelected' (0x1ddf880) of type: BasicImage
13/12/2015 19:24:03 (Std) 	[ImageManager] Created image: 'TaharezLook/TabButtonUpperSelected' (0x1ddfbd0) of type: BasicImage
13/12/2015 19:24:03 (Std) 	[ImageManager] Created image: 'TaharezLook/TabButtonLowerSelected' (0x1ddff20) of type: BasicImage
13/12/2015 19:24:03 (Std) 	[ImageManager] Created image: 'TaharezLook/TabButtonUpperLeftSelected' (0x1de0270) of type: BasicImage
13/12/2015 19:24:03 (Std) 	[ImageManager] Created image: 'TaharezLook/TabButtonUpperRightSelected' (0x1de05e0) of type: BasicImage
13/12/2015 19:24:03 (Std) 	[ImageManager] Created image: 'TaharezLook/TabButtonLowerLeftSelected' (0x1de0950) of type: BasicImage
13/12/2015 19:24:03 (Std) 	[ImageManager] Created image: 'TaharezLook/TabButtonLowerRightSelected' (0x1de0cc0) of type: BasicImage
13/12/2015 19:24:03 (Std) 	[ImageManager] Created image: 'TaharezLook/TabButtonMiddleSelected' (0x1de1030) of type: BasicImage
13/12/2015 19:24:03 (Std) 	[ImageManager] Created image: 'TaharezLook/TooltipTopLeft' (0x1de1380) of type: BasicImage
13/12/2015 19:24:03 (Std) 	[ImageManager] Created image: 'TaharezLook/TooltipTopRight' (0x1de1590) of type: BasicImage
13/12/2015 19:24:03 (Std) 	[ImageManager] Created image: 'TaharezLook/TooltipBottomLeft' (0x1de17a0) of type: BasicImage
13/12/2015 19:24:03 (Std) 	[ImageManager] Created image: 'TaharezLook/TooltipBottomRight' (0x1de19b0) of type: BasicImage
13/12/2015 19:24:03 (Std) 	[ImageManager] Created image: 'TaharezLook/TooltipLeftEdge' (0x1de1bc0) of type: BasicImage
13/12/2015 19:24:03 (Std) 	[ImageManager] Created image: 'TaharezLook/TooltipRightEdge' (0x1de1dd0) of type: BasicImage
13/12/2015 19:24:03 (Std) 	[ImageManager] Created image: 'TaharezLook/TooltipTopEdge' (0x1de1fe0) of type: BasicImage
13/12/2015 19:24:03 (Std) 	[ImageManager] Created image: 'TaharezLook/TooltipBottomEdge' (0x1de21f0) of type: BasicImage
13/12/2015 19:24:03 (Std) 	[ImageManager] Created image: 'TaharezLook/TooltipMiddle' (0x1de2400) of type: BasicImage
13/12/2015 19:24:03 (Std) 	[ImageManager] Created image: 'TaharezLook/MenuTopLeft' (0x1de2610) of type: BasicImage
13/12/2015 19:24:03 (Std) 	[ImageManager] Created image: 'TaharezLook/MenuTopRight' (0x1de2820) of type: BasicImage
13/12/2015 19:24:03 (Std) 	[ImageManager] Created image: 'TaharezLook/MenuBottomLeft' (0x1de2a30) of type: BasicImage
13/12/2015 19:24:03 (Std) 	[ImageManager] Created image: 'TaharezLook/MenuBottomRight' (0x1de2c40) of type: BasicImage
13/12/2015 19:24:03 (Std) 	[ImageManager] Created image: 'TaharezLook/MenuLeft' (0x1de2e50) of type: BasicImage
13/12/2015 19:24:03 (Std) 	[ImageManager] Created image: 'TaharezLook/MenuRight' (0x1de3060) of type: BasicImage
13/12/2015 19:24:03 (Std) 	[ImageManager] Created image: 'TaharezLook/MenuTop' (0x1de3270) of type: BasicImage
13/12/2015 19:24:03 (Std) 	[ImageManager] Created image: 'TaharezLook/MenuBottom' (0x1de3480) of type: BasicImage
13/12/2015 19:24:03 (Std) 	[ImageManager] Created image: 'TaharezLook/MenuMiddle' (0x1de3690) of type: BasicImage
13/12/2015 19:24:03 (Std) 	[ImageManager] Created image: 'TaharezLook/PopupMenuFrameTopLeft' (0x1de38a0) of type: BasicImage
13/12/2015 19:24:03 (Std) 	[ImageManager] Created image: 'TaharezLook/PopupMenuFrameTopRight' (0x1de3bd0) of type: BasicImage
13/12/2015 19:24:03 (Std) 	[ImageManager] Created image: 'TaharezLook/PopupMenuFrameBottomLeft' (0x1de3f20) of type: BasicImage
13/12/2015 19:24:03 (Std) 	[ImageManager] Created image: 'TaharezLook/PopupMenuFrameBottomRight' (0x1de4270) of type: BasicImage
13/12/2015 19:24:03 (Std) 	[ImageManager] Created image: 'TaharezLook/PopupMenuFrameLeft' (0x1de45c0) of type: BasicImage
13/12/2015 19:24:03 (Std) 	[ImageManager] Created image: 'TaharezLook/PopupMenuFrameRight' (0x1de47d0) of type: BasicImage
13/12/2015 19:24:03 (Std) 	[ImageManager] Created image: 'TaharezLook/PopupMenuFrameTop' (0x1de49e0) of type: BasicImage
13/12/2015 19:24:03 (Std) 	[ImageManager] Created image: 'TaharezLook/PopupMenuFrameBottom' (0x1de4bf0) of type: BasicImage
13/12/2015 19:24:03 (Std) 	[ImageManager] Created image: 'TaharezLook/PopupMenuMiddle' (0x1de4f20) of type: BasicImage
13/12/2015 19:24:03 (Std) 	[ImageManager] Created image: 'TaharezLook/PopupMenuArrowRight' (0x1de5130) of type: BasicImage
13/12/2015 19:24:03 (Std) 	[ImageManager] Created image: 'TaharezLook/PopupMenuArrowLeft' (0x1de5340) of type: BasicImage
13/12/2015 19:24:03 (Std) 	[ImageManager] Created image: 'TaharezLook/TreeListClosed' (0x1de5550) of type: BasicImage
13/12/2015 19:24:03 (Std) 	[ImageManager] Created image: 'TaharezLook/TreeListOpened' (0x1de5760) of type: BasicImage
13/12/2015 19:24:03 (Std) 	[ImageManager] Created image: 'TaharezLook/UpArrow' (0x1de5970) of type: BasicImage
13/12/2015 19:24:03 (Std) 	---- Returning existing instance of Font named 'DejaVuSans-12'.
13/12/2015 19:24:03 (Std) 	===== Falagard 'root' element: look and feel parsing begins =====
13/12/2015 19:24:03 (Std) 	===== Look and feel parsing completed =====
13/12/2015 19:24:03 (Std) 	No window renderer factories specified for module 'CEGUICoreWindowRendererSet' - adding all available factories...
13/12/2015 19:24:03 (Std) 	Creating falagard mapping for type 'TaharezLook/Label' using base type 'DefaultWindow', window renderer 'Core/Default' Look'N'Feel 'TaharezLook/Label' and RenderEffect ''. (0x7fff97b9f8d0)
13/12/2015 19:24:03 (Std) 	Creating falagard mapping for type 'TaharezLook/Button' using base type 'CEGUI/PushButton', window renderer 'Core/Button' Look'N'Feel 'TaharezLook/Button' and RenderEffect ''. (0x7fff97b9f8d0)
13/12/2015 19:24:03 (Std) 	Creating falagard mapping for type 'TaharezLook/Checkbox' using base type 'CEGUI/ToggleButton', window renderer 'Core/ToggleButton' Look'N'Feel 'TaharezLook/Checkbox' and RenderEffect ''. (0x7fff97b9f8d0)
13/12/2015 19:24:03 (Std) 	Creating falagard mapping for type 'TaharezLook/ImageButton' using base type 'CEGUI/PushButton', window renderer 'Core/Button' Look'N'Feel 'TaharezLook/ImageButton' and RenderEffect ''. (0x7fff97b9f8d0)
13/12/2015 19:24:03 (Std) 	Creating falagard mapping for type 'TaharezLook/RadioButton' using base type 'CEGUI/RadioButton', window renderer 'Core/ToggleButton' Look'N'Feel 'TaharezLook/RadioButton' and RenderEffect ''. (0x7fff97b9f8d0)
13/12/2015 19:24:03 (Std) 	Creating falagard mapping for type 'TaharezLook/FrameWindow' using base type 'CEGUI/FrameWindow', window renderer 'Core/FrameWindow' Look'N'Feel 'TaharezLook/FrameWindow' and RenderEffect ''. (0x7fff97b9f8d0)
13/12/2015 19:24:03 (Std) 	Creating falagard mapping for type 'TaharezLook/Titlebar' using base type 'CEGUI/Titlebar', window renderer 'Core/Titlebar' Look'N'Feel 'TaharezLook/Titlebar' and RenderEffect ''. (0x7fff97b9f8d0)
13/12/2015 19:24:03 (Std) 	Creating falagard mapping for type 'TaharezLook/Editbox' using base type 'CEGUI/Editbox', window renderer 'Core/Editbox' Look'N'Feel 'TaharezLook/Editbox' and RenderEffect ''. (0x7fff97b9f8d0)
13/12/2015 19:24:03 (Std) 	Creating falagard mapping for type 'TaharezLook/MultiLineEditbox' using base type 'CEGUI/MultiLineEditbox', window renderer 'Core/MultiLineEditbox' Look'N'Feel 'TaharezLook/MultiLineEditbox' and RenderEffect ''. (0x7fff97b9f8d0)
13/12/2015 19:24:03 (Std) 	Creating falagard mapping for type 'TaharezLook/Menubar' using base type 'CEGUI/Menubar', window renderer 'Core/Menubar' Look'N'Feel 'TaharezLook/Menubar' and RenderEffect ''. (0x7fff97b9f8d0)
13/12/2015 19:24:03 (Std) 	Creating falagard mapping for type 'TaharezLook/PopupMenu' using base type 'CEGUI/PopupMenu', window renderer 'Core/PopupMenu' Look'N'Feel 'TaharezLook/PopupMenu' and RenderEffect ''. (0x7fff97b9f8d0)
13/12/2015 19:24:03 (Std) 	Creating falagard mapping for type 'TaharezLook/MenuItem' using base type 'CEGUI/MenuItem', window renderer 'Core/MenuItem' Look'N'Feel 'TaharezLook/MenuItem' and RenderEffect ''. (0x7fff97b9f8d0)
13/12/2015 19:24:03 (Std) 	Creating falagard mapping for type 'TaharezLook/AlternateProgressBar' using base type 'CEGUI/ProgressBar', window renderer 'Core/ProgressBar' Look'N'Feel 'TaharezLook/AltProgressBar' and RenderEffect ''. (0x7fff97b9f8d0)
13/12/2015 19:24:03 (Std) 	Creating falagard mapping for type 'TaharezLook/ProgressBar' using base type 'CEGUI/ProgressBar', window renderer 'Core/ProgressBar' Look'N'Feel 'TaharezLook/ProgressBar' and RenderEffect ''. (0x7fff97b9f8d0)
13/12/2015 19:24:03 (Std) 	Creating falagard mapping for type 'TaharezLook/VUMeter' using base type 'CEGUI/ProgressBar', window renderer 'Core/ProgressBar' Look'N'Feel 'TaharezLook/VUMeter' and RenderEffect ''. (0x7fff97b9f8d0)
13/12/2015 19:24:03 (Std) 	Creating falagard mapping for type 'TaharezLook/VerticalScrollbar' using base type 'CEGUI/Scrollbar', window renderer 'Core/Scrollbar' Look'N'Feel 'TaharezLook/VerticalScrollbar' and RenderEffect ''. (0x7fff97b9f8d0)
13/12/2015 19:24:03 (Std) 	Creating falagard mapping for type 'TaharezLook/HorizontalScrollbar' using base type 'CEGUI/Scrollbar', window renderer 'Core/Scrollbar' Look'N'Feel 'TaharezLook/HorizontalScrollbar' and RenderEffect ''. (0x7fff97b9f8d0)
13/12/2015 19:24:03 (Std) 	Creating falagard mapping for type 'TaharezLook/VerticalScrollbarThumb' using base type 'CEGUI/Thumb', window renderer 'Core/Button' Look'N'Feel 'TaharezLook/VerticalScrollbarThumb' and RenderEffect ''. (0x7fff97b9f8d0)
13/12/2015 19:24:03 (Std) 	Creating falagard mapping for type 'TaharezLook/HorizontalScrollbarThumb' using base type 'CEGUI/Thumb', window renderer 'Core/Button' Look'N'Feel 'TaharezLook/HorizontalScrollbarThumb' and RenderEffect ''. (0x7fff97b9f8d0)
13/12/2015 19:24:03 (Std) 	Creating falagard mapping for type 'TaharezLook/LargeVerticalScrollbar' using base type 'CEGUI/Scrollbar', window renderer 'Core/Scrollbar' Look'N'Feel 'TaharezLook/LargeVerticalScrollbar' and RenderEffect ''. (0x7fff97b9f8d0)
13/12/2015 19:24:03 (Std) 	Creating falagard mapping for type 'TaharezLook/LargeVerticalScrollbarThumb' using base type 'CEGUI/Thumb', window renderer 'Core/Button' Look'N'Feel 'TaharezLook/LargeVerticalScrollbarThumb' and RenderEffect ''. (0x7fff97b9f8d0)
13/12/2015 19:24:03 (Std) 	Creating falagard mapping for type 'TaharezLook/TabButton' using base type 'CEGUI/TabButton', window renderer 'Core/TabButton' Look'N'Feel 'TaharezLook/TabButton' and RenderEffect ''. (0x7fff97b9f8d0)
13/12/2015 19:24:03 (Std) 	Creating falagard mapping for type 'TaharezLook/TabControl' using base type 'CEGUI/TabControl', window renderer 'Core/TabControl' Look'N'Feel 'TaharezLook/TabControl' and RenderEffect ''. (0x7fff97b9f8d0)
13/12/2015 19:24:03 (Std) 	Creating falagard mapping for type 'TaharezLook/TabContentPane' using base type 'DefaultWindow', window renderer 'Core/Default' Look'N'Feel 'TaharezLook/TabContentPane' and RenderEffect ''. (0x7fff97b9f8d0)
13/12/2015 19:24:03 (Std) 	Creating falagard mapping for type 'TaharezLook/TabButtonPane' using base type 'DefaultWindow', window renderer 'Core/Default' Look'N'Feel 'TaharezLook/TabButtonPane' and RenderEffect ''. (0x7fff97b9f8d0)
13/12/2015 19:24:03 (Std) 	Creating falagard mapping for type 'TaharezLook/ComboDropList' using base type 'CEGUI/ComboDropList', window renderer 'Core/Listbox' Look'N'Feel 'TaharezLook/ComboDropList' and RenderEffect ''. (0x7fff97b9f8d0)
13/12/2015 19:24:03 (Std) 	Creating falagard mapping for type 'TaharezLook/ComboEditbox' using base type 'CEGUI/Editbox', window renderer 'Core/Editbox' Look'N'Feel 'TaharezLook/ComboEditbox' and RenderEffect ''. (0x7fff97b9f8d0)
13/12/2015 19:24:03 (Std) 	Creating falagard mapping for type 'TaharezLook/Combobox' using base type 'CEGUI/Combobox', window renderer 'Core/Default' Look'N'Feel 'TaharezLook/Combobox' and RenderEffect ''. (0x7fff97b9f8d0)
13/12/2015 19:24:03 (Std) 	Creating falagard mapping for type 'TaharezLook/Listbox' using base type 'CEGUI/Listbox', window renderer 'Core/Listbox' Look'N'Feel 'TaharezLook/Listbox' and RenderEffect ''. (0x7fff97b9f8d0)
13/12/2015 19:24:03 (Std) 	Creating falagard mapping for type 'TaharezLook/ListHeader' using base type 'CEGUI/ListHeader', window renderer 'Core/ListHeader' Look'N'Feel 'TaharezLook/ListHeader' and RenderEffect ''. (0x7fff97b9f8d0)
13/12/2015 19:24:03 (Std) 	Creating falagard mapping for type 'TaharezLook/ListHeaderSegment' using base type 'CEGUI/ListHeaderSegment', window renderer 'Core/ListHeaderSegment' Look'N'Feel 'TaharezLook/ListHeaderSegment' and RenderEffect ''. (0x7fff97b9f8d0)
13/12/2015 19:24:03 (Std) 	Creating falagard mapping for type 'TaharezLook/MultiColumnList' using base type 'CEGUI/MultiColumnList', window renderer 'Core/MultiColumnList' Look'N'Feel 'TaharezLook/MultiColumnList' and RenderEffect ''. (0x7fff97b9f8d0)
13/12/2015 19:24:03 (Std) 	Creating falagard mapping for type 'TaharezLook/Slider' using base type 'CEGUI/Slider', window renderer 'Core/Slider' Look'N'Feel 'TaharezLook/Slider' and RenderEffect ''. (0x7fff97b9f8d0)
13/12/2015 19:24:03 (Std) 	Creating falagard mapping for type 'TaharezLook/SliderThumb' using base type 'CEGUI/Thumb', window renderer 'Core/Button' Look'N'Feel 'TaharezLook/SliderThumb' and RenderEffect ''. (0x7fff97b9f8d0)
13/12/2015 19:24:03 (Std) 	Creating falagard mapping for type 'TaharezLook/ScrollablePane' using base type 'CEGUI/ScrollablePane', window renderer 'Core/ScrollablePane' Look'N'Feel 'TaharezLook/ScrollablePane' and RenderEffect ''. (0x7fff97b9f8d0)
13/12/2015 19:24:03 (Std) 	Creating falagard mapping for type 'TaharezLook/Spinner' using base type 'CEGUI/Spinner', window renderer 'Core/Default' Look'N'Feel 'TaharezLook/Spinner' and RenderEffect ''. (0x7fff97b9f8d0)
13/12/2015 19:24:03 (Std) 	Creating falagard mapping for type 'TaharezLook/Tooltip' using base type 'CEGUI/Tooltip', window renderer 'Core/Tooltip' Look'N'Feel 'TaharezLook/Tooltip' and RenderEffect ''. (0x7fff97b9f8d0)
13/12/2015 19:24:03 (Std) 	Creating falagard mapping for type 'TaharezLook/StaticImage' using base type 'DefaultWindow', window renderer 'Core/StaticImage' Look'N'Feel 'TaharezLook/StaticImage' and RenderEffect ''. (0x7fff97b9f8d0)
13/12/2015 19:24:03 (Std) 	Creating falagard mapping for type 'TaharezLook/StaticText' using base type 'DefaultWindow', window renderer 'Core/StaticText' Look'N'Feel 'TaharezLook/StaticText' and RenderEffect ''. (0x7fff97b9f8d0)
13/12/2015 19:24:03 (Std) 	Creating falagard mapping for type 'TaharezLook/ItemListbox' using base type 'CEGUI/ItemListbox', window renderer 'Core/ItemListbox' Look'N'Feel 'TaharezLook/ItemListbox' and RenderEffect ''. (0x7fff97b9f8d0)
13/12/2015 19:24:03 (Std) 	Creating falagard mapping for type 'TaharezLook/ListboxItem' using base type 'CEGUI/ItemEntry', window renderer 'Core/ItemEntry' Look'N'Feel 'TaharezLook/ListboxItem' and RenderEffect ''. (0x7fff97b9f8d0)
13/12/2015 19:24:03 (Std) 	Creating falagard mapping for type 'TaharezLook/GroupBox' using base type 'DefaultWindow', window renderer 'Core/Default' Look'N'Feel 'TaharezLook/GroupBox' and RenderEffect ''. (0x7fff97b9f8d0)
13/12/2015 19:24:03 (Std) 	Creating falagard mapping for type 'TaharezLook/Tree' using base type 'CEGUI/Tree', window renderer 'Core/Tree' Look'N'Feel 'TaharezLook/Tree' and RenderEffect ''. (0x7fff97b9f8d0)
13/12/2015 19:24:03 (Std) 	[OgreRenderer] Created texture: DerrotaDer
13/12/2015 19:24:03 (Std) 	[ImageManager] Created image: 'DerrotaDer' (0x1e300f0) of type: BasicImage
13/12/2015 19:24:03 (Std) 	[OgreRenderer] Created texture: VictoriaVic
13/12/2015 19:24:03 (Std) 	[ImageManager] Created image: 'VictoriaVic' (0x1e31c40) of type: BasicImage
13/12/2015 19:24:03 (Std) 	[OgreRenderer] Created texture: ImagenIni
13/12/2015 19:24:03 (Std) 	[ImageManager] Created image: 'ImagenIni' (0x1e6e250) of type: BasicImage
13/12/2015 19:24:03 (Std) 	[OgreRenderer] Created texture: DejaVuSans-12_auto_glyph_images_32
13/12/2015 19:24:03 (Std) 	---- Successfully completed loading of GUI layout from 'MenuInicial.layout' ----
13/12/2015 19:24:03 (Std) 	---- Successfully completed loading of GUI layout from 'Derrota.layout' ----
13/12/2015 19:24:03 (Std) 	---- Successfully completed loading of GUI layout from 'Victoria.layout' ----
