16/11/2015 19:28:30 (Std) 	+-+-+-+-+-+-+-+-+-+-+-+-+-+-+-+-+-+-+-+-+-+-+-+-+-+-+-+-+-+-+-+-+-+-+-+-+-+-+-+
16/11/2015 19:28:30 (Std) 	+                     Crazy Eddie's GUI System - Event log                    +
16/11/2015 19:28:30 (Std) 	+                          (http://www.cegui.org.uk/)                         +
16/11/2015 19:28:30 (Std) 	+-+-+-+-+-+-+-+-+-+-+-+-+-+-+-+-+-+-+-+-+-+-+-+-+-+-+-+-+-+-+-+-+-+-+-+-+-+-+-+

16/11/2015 19:28:30 (Std) 	CEGUI::Logger singleton created. (0x1947e60)
16/11/2015 19:28:30 (Std) 	
16/11/2015 19:28:30 (Std) 	********************************************************************************
16/11/2015 19:28:30 (Std) 	* Important:                                                                   *
16/11/2015 19:28:30 (Std) 	*     To get support at the CEGUI forums, you must post _at least_ the section *
16/11/2015 19:28:30 (Std) 	*     of this log file indicated below.  Failure to do this will result in no  *
16/11/2015 19:28:30 (Std) 	*     support being given; please do not waste our time.                       *
16/11/2015 19:28:30 (Std) 	********************************************************************************
16/11/2015 19:28:30 (Std) 	********************************************************************************
16/11/2015 19:28:30 (Std) 	* -------- START OF ESSENTIAL SECTION TO BE POSTED ON THE FORUM       -------- *
16/11/2015 19:28:30 (Std) 	********************************************************************************
16/11/2015 19:28:30 (Std) 	---- Version: 0.8.4 (Build: Nov 13 2015 GNU/Linux g++ 4.9.3 64 bit) ----
16/11/2015 19:28:30 (Std) 	---- Renderer module is: CEGUI::OgreRenderer - Official OGRE based 2nd generation renderer module. ----
16/11/2015 19:28:30 (Std) 	---- XML Parser module is: CEGUI::ExpatParser - Official expat based parser module for CEGUI ----
16/11/2015 19:28:30 (Std) 	---- Image Codec module is: OgreImageCodec - Integrated ImageCodec using the Ogre engine. ----
16/11/2015 19:28:30 (Std) 	---- Scripting module is: None ----
16/11/2015 19:28:30 (Std) 	********************************************************************************
16/11/2015 19:28:30 (Std) 	* -------- END OF ESSENTIAL SECTION TO BE POSTED ON THE FORUM         -------- *
16/11/2015 19:28:30 (Std) 	********************************************************************************
16/11/2015 19:28:30 (Std) 	
16/11/2015 19:28:30 (Std) 	---- Begining CEGUI System initialisation ----
16/11/2015 19:28:30 (Std) 	[CEGUI::ImageManager] Singleton created (0x1948670)
16/11/2015 19:28:30 (Std) 	[CEGUI::ImageManager] Registered Image type: BasicImage
16/11/2015 19:28:30 (Std) 	CEGUI::FontManager singleton created. (0x1948cf0)
16/11/2015 19:28:30 (Std) 	CEGUI::WindowFactoryManager singleton created
16/11/2015 19:28:30 (Std) 	CEGUI::WindowManager singleton created (0x1949c30)
16/11/2015 19:28:30 (Std) 	CEGUI::SchemeManager singleton created. (0x1949cc0)
16/11/2015 19:28:30 (Std) 	CEGUI::GlobalEventSet singleton created. (0x1944160)
16/11/2015 19:28:30 (Std) 	CEGUI::AnimationManager singleton created (0x1949df0)
16/11/2015 19:28:30 (Std) 	CEGUI::WidgetLookManager singleton created. (0x10635d0)
16/11/2015 19:28:30 (Std) 	CEGUI::WindowRendererManager singleton created (0x104d2c0)
16/11/2015 19:28:30 (Std) 	CEGUI::RenderEffectManager singleton created (0x19482e0)
16/11/2015 19:28:30 (Std) 	Created WindowFactory for 'DefaultWindow' windows.
16/11/2015 19:28:30 (Std) 	WindowFactory for 'DefaultWindow' windows added. (0x194e540)
16/11/2015 19:28:30 (Std) 	Created WindowFactory for 'DragContainer' windows.
16/11/2015 19:28:30 (Std) 	WindowFactory for 'DragContainer' windows added. (0x194e6e0)
16/11/2015 19:28:30 (Std) 	Created WindowFactory for 'ScrolledContainer' windows.
16/11/2015 19:28:30 (Std) 	WindowFactory for 'ScrolledContainer' windows added. (0x194e880)
16/11/2015 19:28:30 (Std) 	Created WindowFactory for 'ClippedContainer' windows.
16/11/2015 19:28:30 (Std) 	WindowFactory for 'ClippedContainer' windows added. (0x194ea20)
16/11/2015 19:28:30 (Std) 	Created WindowFactory for 'CEGUI/PushButton' windows.
16/11/2015 19:28:30 (Std) 	WindowFactory for 'CEGUI/PushButton' windows added. (0x194ebc0)
16/11/2015 19:28:30 (Std) 	Created WindowFactory for 'CEGUI/RadioButton' windows.
16/11/2015 19:28:30 (Std) 	WindowFactory for 'CEGUI/RadioButton' windows added. (0x194ed60)
16/11/2015 19:28:30 (Std) 	Created WindowFactory for 'CEGUI/Combobox' windows.
16/11/2015 19:28:30 (Std) 	WindowFactory for 'CEGUI/Combobox' windows added. (0x194ef00)
16/11/2015 19:28:30 (Std) 	Created WindowFactory for 'CEGUI/ComboDropList' windows.
16/11/2015 19:28:30 (Std) 	WindowFactory for 'CEGUI/ComboDropList' windows added. (0x194f0a0)
16/11/2015 19:28:30 (Std) 	Created WindowFactory for 'CEGUI/Editbox' windows.
16/11/2015 19:28:30 (Std) 	WindowFactory for 'CEGUI/Editbox' windows added. (0x194f240)
16/11/2015 19:28:30 (Std) 	Created WindowFactory for 'CEGUI/FrameWindow' windows.
16/11/2015 19:28:30 (Std) 	WindowFactory for 'CEGUI/FrameWindow' windows added. (0x194f3e0)
16/11/2015 19:28:30 (Std) 	Created WindowFactory for 'CEGUI/ItemEntry' windows.
16/11/2015 19:28:30 (Std) 	WindowFactory for 'CEGUI/ItemEntry' windows added. (0x194f580)
16/11/2015 19:28:30 (Std) 	Created WindowFactory for 'CEGUI/Listbox' windows.
16/11/2015 19:28:30 (Std) 	WindowFactory for 'CEGUI/Listbox' windows added. (0x194f720)
16/11/2015 19:28:30 (Std) 	Created WindowFactory for 'CEGUI/ListHeader' windows.
16/11/2015 19:28:30 (Std) 	WindowFactory for 'CEGUI/ListHeader' windows added. (0x194f8c0)
16/11/2015 19:28:30 (Std) 	Created WindowFactory for 'CEGUI/ListHeaderSegment' windows.
16/11/2015 19:28:30 (Std) 	WindowFactory for 'CEGUI/ListHeaderSegment' windows added. (0x194fa60)
16/11/2015 19:28:30 (Std) 	Created WindowFactory for 'CEGUI/Menubar' windows.
16/11/2015 19:28:30 (Std) 	WindowFactory for 'CEGUI/Menubar' windows added. (0x194fc00)
16/11/2015 19:28:30 (Std) 	Created WindowFactory for 'CEGUI/PopupMenu' windows.
16/11/2015 19:28:30 (Std) 	WindowFactory for 'CEGUI/PopupMenu' windows added. (0x194fda0)
16/11/2015 19:28:30 (Std) 	Created WindowFactory for 'CEGUI/MenuItem' windows.
16/11/2015 19:28:30 (Std) 	WindowFactory for 'CEGUI/MenuItem' windows added. (0x194ff40)
16/11/2015 19:28:30 (Std) 	Created WindowFactory for 'CEGUI/MultiColumnList' windows.
16/11/2015 19:28:30 (Std) 	WindowFactory for 'CEGUI/MultiColumnList' windows added. (0x19501f0)
16/11/2015 19:28:30 (Std) 	Created WindowFactory for 'CEGUI/MultiLineEditbox' windows.
16/11/2015 19:28:30 (Std) 	WindowFactory for 'CEGUI/MultiLineEditbox' windows added. (0x1950390)
16/11/2015 19:28:30 (Std) 	Created WindowFactory for 'CEGUI/ProgressBar' windows.
16/11/2015 19:28:30 (Std) 	WindowFactory for 'CEGUI/ProgressBar' windows added. (0x1950530)
16/11/2015 19:28:30 (Std) 	Created WindowFactory for 'CEGUI/ScrollablePane' windows.
16/11/2015 19:28:30 (Std) 	WindowFactory for 'CEGUI/ScrollablePane' windows added. (0x19506d0)
16/11/2015 19:28:30 (Std) 	Created WindowFactory for 'CEGUI/Scrollbar' windows.
16/11/2015 19:28:30 (Std) 	WindowFactory for 'CEGUI/Scrollbar' windows added. (0x1950870)
16/11/2015 19:28:30 (Std) 	Created WindowFactory for 'CEGUI/Slider' windows.
16/11/2015 19:28:30 (Std) 	WindowFactory for 'CEGUI/Slider' windows added. (0x1950a10)
16/11/2015 19:28:30 (Std) 	Created WindowFactory for 'CEGUI/Spinner' windows.
16/11/2015 19:28:30 (Std) 	WindowFactory for 'CEGUI/Spinner' windows added. (0x1950bb0)
16/11/2015 19:28:30 (Std) 	Created WindowFactory for 'CEGUI/TabButton' windows.
16/11/2015 19:28:30 (Std) 	WindowFactory for 'CEGUI/TabButton' windows added. (0x1950d50)
16/11/2015 19:28:30 (Std) 	Created WindowFactory for 'CEGUI/TabControl' windows.
16/11/2015 19:28:30 (Std) 	WindowFactory for 'CEGUI/TabControl' windows added. (0x1950ef0)
16/11/2015 19:28:30 (Std) 	Created WindowFactory for 'CEGUI/Thumb' windows.
16/11/2015 19:28:30 (Std) 	WindowFactory for 'CEGUI/Thumb' windows added. (0x1951090)
16/11/2015 19:28:30 (Std) 	Created WindowFactory for 'CEGUI/Titlebar' windows.
16/11/2015 19:28:30 (Std) 	WindowFactory for 'CEGUI/Titlebar' windows added. (0x1951230)
16/11/2015 19:28:30 (Std) 	Created WindowFactory for 'CEGUI/ToggleButton' windows.
16/11/2015 19:28:30 (Std) 	WindowFactory for 'CEGUI/ToggleButton' windows added. (0x19513d0)
16/11/2015 19:28:30 (Std) 	Created WindowFactory for 'CEGUI/Tooltip' windows.
16/11/2015 19:28:30 (Std) 	WindowFactory for 'CEGUI/Tooltip' windows added. (0x1951570)
16/11/2015 19:28:30 (Std) 	Created WindowFactory for 'CEGUI/ItemListbox' windows.
16/11/2015 19:28:30 (Std) 	WindowFactory for 'CEGUI/ItemListbox' windows added. (0x1951710)
16/11/2015 19:28:30 (Std) 	Created WindowFactory for 'CEGUI/GroupBox' windows.
16/11/2015 19:28:30 (Std) 	WindowFactory for 'CEGUI/GroupBox' windows added. (0x19518b0)
16/11/2015 19:28:30 (Std) 	Created WindowFactory for 'CEGUI/Tree' windows.
16/11/2015 19:28:30 (Std) 	WindowFactory for 'CEGUI/Tree' windows added. (0x1951a50)
16/11/2015 19:28:30 (Std) 	Created WindowFactory for 'LayoutCell' windows.
16/11/2015 19:28:30 (Std) 	WindowFactory for 'LayoutCell' windows added. (0x19500e0)
16/11/2015 19:28:30 (Std) 	Created WindowFactory for 'HorizontalLayoutContainer' windows.
16/11/2015 19:28:30 (Std) 	WindowFactory for 'HorizontalLayoutContainer' windows added. (0x1951ee0)
16/11/2015 19:28:30 (Std) 	Created WindowFactory for 'VerticalLayoutContainer' windows.
16/11/2015 19:28:30 (Std) 	WindowFactory for 'VerticalLayoutContainer' windows added. (0x1952080)
16/11/2015 19:28:30 (Std) 	Created WindowFactory for 'GridLayoutContainer' windows.
16/11/2015 19:28:30 (Std) 	WindowFactory for 'GridLayoutContainer' windows added. (0x1952220)
16/11/2015 19:28:30 (Std) 	CEGUI::System singleton created. (0x1947ce0)
16/11/2015 19:28:30 (Std) 	---- CEGUI System initialisation completed ----
16/11/2015 19:28:30 (Std) 	
16/11/2015 19:28:30 (Std) 	Started creation of Scheme from XML specification:
16/11/2015 19:28:30 (Std) 	---- CEGUI GUIScheme name: TaharezLook
16/11/2015 19:28:30 (Std) 	[ImageManager] Started creation of Imageset from XML specification:
16/11/2015 19:28:30 (Std) 	[ImageManager] ---- CEGUI Imageset name: TaharezLook
16/11/2015 19:28:30 (Std) 	[ImageManager] ---- Source texture file: TaharezLook.png
16/11/2015 19:28:30 (Std) 	[ImageManager] ---- Source texture resource group: (Default)
16/11/2015 19:28:30 (Std) 	[OgreRenderer] Created texture: TaharezLook
16/11/2015 19:28:30 (Std) 	[ImageManager] Created image: 'TaharezLook/ClientBrush' (0x1965630) of type: BasicImage
16/11/2015 19:28:30 (Std) 	[ImageManager] Created image: 'TaharezLook/GenericBrush' (0x1964ff0) of type: BasicImage
16/11/2015 19:28:30 (Std) 	[ImageManager] Created image: 'TaharezLook/WindowLeftEdge' (0x19526e0) of type: BasicImage
16/11/2015 19:28:30 (Std) 	[ImageManager] Created image: 'TaharezLook/WindowRightEdge' (0x1952930) of type: BasicImage
16/11/2015 19:28:30 (Std) 	[ImageManager] Created image: 'TaharezLook/WindowTopEdge' (0x1957990) of type: BasicImage
16/11/2015 19:28:30 (Std) 	[ImageManager] Created image: 'TaharezLook/WindowBottomEdge' (0x1965c80) of type: BasicImage
16/11/2015 19:28:30 (Std) 	[ImageManager] Created image: 'TaharezLook/WindowTopLeft' (0x1965e90) of type: BasicImage
16/11/2015 19:28:30 (Std) 	[ImageManager] Created image: 'TaharezLook/WindowTopRight' (0x1952b40) of type: BasicImage
16/11/2015 19:28:30 (Std) 	[ImageManager] Created image: 'TaharezLook/WindowBottomLeft' (0x1952d50) of type: BasicImage
16/11/2015 19:28:30 (Std) 	[ImageManager] Created image: 'TaharezLook/WindowBottomRight' (0x1952f60) of type: BasicImage
16/11/2015 19:28:30 (Std) 	[ImageManager] Created image: 'TaharezLook/ButtonLeftNormal' (0x1953170) of type: BasicImage
16/11/2015 19:28:30 (Std) 	[ImageManager] Created image: 'TaharezLook/ButtonMiddleNormal' (0x1953380) of type: BasicImage
16/11/2015 19:28:30 (Std) 	[ImageManager] Created image: 'TaharezLook/ButtonRightNormal' (0x1953590) of type: BasicImage
16/11/2015 19:28:30 (Std) 	[ImageManager] Created image: 'TaharezLook/ButtonLeftPushed' (0x19537a0) of type: BasicImage
16/11/2015 19:28:30 (Std) 	[ImageManager] Created image: 'TaharezLook/ButtonMiddlePushed' (0x19539b0) of type: BasicImage
16/11/2015 19:28:30 (Std) 	[ImageManager] Created image: 'TaharezLook/ButtonRightPushed' (0x1953bc0) of type: BasicImage
16/11/2015 19:28:30 (Std) 	[ImageManager] Created image: 'TaharezLook/ButtonLeftHighlight' (0x1953dd0) of type: BasicImage
16/11/2015 19:28:30 (Std) 	[ImageManager] Created image: 'TaharezLook/ButtonMiddleHighlight' (0x1954300) of type: BasicImage
16/11/2015 19:28:30 (Std) 	[ImageManager] Created image: 'TaharezLook/ButtonRightHighlight' (0x1964cd0) of type: BasicImage
16/11/2015 19:28:30 (Std) 	[ImageManager] Created image: 'TaharezLook/CheckboxNormal' (0x19546c0) of type: BasicImage
16/11/2015 19:28:30 (Std) 	[ImageManager] Created image: 'TaharezLook/CheckboxHover' (0x19548d0) of type: BasicImage
16/11/2015 19:28:30 (Std) 	[ImageManager] Created image: 'TaharezLook/CheckboxMark' (0x1954ae0) of type: BasicImage
16/11/2015 19:28:30 (Std) 	[ImageManager] Created image: 'TaharezLook/RadioButtonNormal' (0x1954cf0) of type: BasicImage
16/11/2015 19:28:30 (Std) 	[ImageManager] Created image: 'TaharezLook/RadioButtonHover' (0x1954f00) of type: BasicImage
16/11/2015 19:28:30 (Std) 	[ImageManager] Created image: 'TaharezLook/RadioButtonMark' (0x1955110) of type: BasicImage
16/11/2015 19:28:30 (Std) 	[ImageManager] Created image: 'TaharezLook/TitlebarLeft' (0x1955320) of type: BasicImage
16/11/2015 19:28:30 (Std) 	[ImageManager] Created image: 'TaharezLook/TitlebarMiddle' (0x1955530) of type: BasicImage
16/11/2015 19:28:30 (Std) 	[ImageManager] Created image: 'TaharezLook/TitlebarRight' (0x1955740) of type: BasicImage
16/11/2015 19:28:30 (Std) 	[ImageManager] Created image: 'TaharezLook/NewTitlebarLeft' (0x1955950) of type: BasicImage
16/11/2015 19:28:30 (Std) 	[ImageManager] Created image: 'TaharezLook/NewTitlebarMiddle' (0x1954170) of type: BasicImage
16/11/2015 19:28:30 (Std) 	[ImageManager] Created image: 'TaharezLook/NewTitlebarRight' (0x19592c0) of type: BasicImage
16/11/2015 19:28:30 (Std) 	[ImageManager] Created image: 'TaharezLook/SysAreaMiddle' (0x19594d0) of type: BasicImage
16/11/2015 19:28:30 (Std) 	[ImageManager] Created image: 'TaharezLook/SysAreaRight' (0x19596e0) of type: BasicImage
16/11/2015 19:28:30 (Std) 	[ImageManager] Created image: 'TaharezLook/StaticLeft' (0x19598f0) of type: BasicImage
16/11/2015 19:28:30 (Std) 	[ImageManager] Created image: 'TaharezLook/StaticRight' (0x1959b00) of type: BasicImage
16/11/2015 19:28:30 (Std) 	[ImageManager] Created image: 'TaharezLook/StaticTop' (0x1959d10) of type: BasicImage
16/11/2015 19:28:30 (Std) 	[ImageManager] Created image: 'TaharezLook/StaticBottom' (0x1959f20) of type: BasicImage
16/11/2015 19:28:30 (Std) 	[ImageManager] Created image: 'TaharezLook/StaticTopLeft' (0x195a130) of type: BasicImage
16/11/2015 19:28:30 (Std) 	[ImageManager] Created image: 'TaharezLook/StaticTopRight' (0x195a340) of type: BasicImage
16/11/2015 19:28:30 (Std) 	[ImageManager] Created image: 'TaharezLook/StaticBottomLeft' (0x195a550) of type: BasicImage
16/11/2015 19:28:30 (Std) 	[ImageManager] Created image: 'TaharezLook/StaticBottomRight' (0x195a760) of type: BasicImage
16/11/2015 19:28:30 (Std) 	[ImageManager] Created image: 'TaharezLook/StaticBackdrop' (0x195a970) of type: BasicImage
16/11/2015 19:28:30 (Std) 	[ImageManager] Created image: 'TaharezLook/ProgressBarLeft' (0x195ab80) of type: BasicImage
16/11/2015 19:28:30 (Std) 	[ImageManager] Created image: 'TaharezLook/ProgressBarMiddle' (0x195ad90) of type: BasicImage
16/11/2015 19:28:30 (Std) 	[ImageManager] Created image: 'TaharezLook/ProgressBarRight' (0x195afa0) of type: BasicImage
16/11/2015 19:28:30 (Std) 	[ImageManager] Created image: 'TaharezLook/ProgressBarDimSegment' (0x195b1b0) of type: BasicImage
16/11/2015 19:28:30 (Std) 	[ImageManager] Created image: 'TaharezLook/ProgressBarLitSegment' (0x195b570) of type: BasicImage
16/11/2015 19:28:30 (Std) 	[ImageManager] Created image: 'TaharezLook/EditBoxLeft' (0x195b8a0) of type: BasicImage
16/11/2015 19:28:30 (Std) 	[ImageManager] Created image: 'TaharezLook/EditBoxMiddle' (0x195bab0) of type: BasicImage
16/11/2015 19:28:30 (Std) 	[ImageManager] Created image: 'TaharezLook/EditBoxRight' (0x195bcc0) of type: BasicImage
16/11/2015 19:28:30 (Std) 	[ImageManager] Created image: 'TaharezLook/EditBoxCaret' (0x195bed0) of type: BasicImage
16/11/2015 19:28:30 (Std) 	[ImageManager] Created image: 'TaharezLook/SpinnerUpNormal' (0x195c0e0) of type: BasicImage
16/11/2015 19:28:30 (Std) 	[ImageManager] Created image: 'TaharezLook/SpinnerDownNormal' (0x195c2f0) of type: BasicImage
16/11/2015 19:28:30 (Std) 	[ImageManager] Created image: 'TaharezLook/SpinnerUpHover' (0x195c500) of type: BasicImage
16/11/2015 19:28:30 (Std) 	[ImageManager] Created image: 'TaharezLook/SpinnerDownHover' (0x195c710) of type: BasicImage
16/11/2015 19:28:30 (Std) 	[ImageManager] Created image: 'TaharezLook/TextSelectionBrush' (0x195c920) of type: BasicImage
16/11/2015 19:28:30 (Std) 	[ImageManager] Created image: 'TaharezLook/VertScrollTop' (0x195cb30) of type: BasicImage
16/11/2015 19:28:30 (Std) 	[ImageManager] Created image: 'TaharezLook/VertScrollMiddle' (0x195cd40) of type: BasicImage
16/11/2015 19:28:30 (Std) 	[ImageManager] Created image: 'TaharezLook/VertScrollBottom' (0x195cf50) of type: BasicImage
16/11/2015 19:28:30 (Std) 	[ImageManager] Created image: 'TaharezLook/VertScrollBarSegment' (0x195d160) of type: BasicImage
16/11/2015 19:28:30 (Std) 	[ImageManager] Created image: 'TaharezLook/VertScrollThumbNormal' (0x195d490) of type: BasicImage
16/11/2015 19:28:30 (Std) 	[ImageManager] Created image: 'TaharezLook/VertScrollThumbHover' (0x195d7c0) of type: BasicImage
16/11/2015 19:28:30 (Std) 	[ImageManager] Created image: 'TaharezLook/VertScrollUpNormal' (0x195daf0) of type: BasicImage
16/11/2015 19:28:30 (Std) 	[ImageManager] Created image: 'TaharezLook/VertScrollDownNormal' (0x195dd00) of type: BasicImage
16/11/2015 19:28:30 (Std) 	[ImageManager] Created image: 'TaharezLook/VertScrollUpHover' (0x195e030) of type: BasicImage
16/11/2015 19:28:30 (Std) 	[ImageManager] Created image: 'TaharezLook/VertScrollDownHover' (0x195e240) of type: BasicImage
16/11/2015 19:28:30 (Std) 	[ImageManager] Created image: 'TaharezLook/MiniVertScrollBarSegment' (0x195e770) of type: BasicImage
16/11/2015 19:28:30 (Std) 	[ImageManager] Created image: 'TaharezLook/MiniVertScrollThumbNormal' (0x1965af0) of type: BasicImage
16/11/2015 19:28:30 (Std) 	[ImageManager] Created image: 'TaharezLook/MiniVertScrollThumbTopNormal' (0x195efc0) of type: BasicImage
16/11/2015 19:28:30 (Std) 	[ImageManager] Created image: 'TaharezLook/MiniVertScrollThumbMiddleNormal' (0x197bd90) of type: BasicImage
16/11/2015 19:28:30 (Std) 	[ImageManager] Created image: 'TaharezLook/MiniVertScrollThumbBottomNormal' (0x195ee30) of type: BasicImage
16/11/2015 19:28:30 (Std) 	[ImageManager] Created image: 'TaharezLook/MiniVertScrollThumbTopHover' (0x197c450) of type: BasicImage
16/11/2015 19:28:30 (Std) 	[ImageManager] Created image: 'TaharezLook/MiniVertScrollThumbMiddleHover' (0x197c870) of type: BasicImage
16/11/2015 19:28:30 (Std) 	[ImageManager] Created image: 'TaharezLook/MiniVertScrollThumbBottomHover' (0x197cc00) of type: BasicImage
16/11/2015 19:28:30 (Std) 	[ImageManager] Created image: 'TaharezLook/MiniVertScrollThumbHover' (0x197cf90) of type: BasicImage
16/11/2015 19:28:30 (Std) 	[ImageManager] Created image: 'TaharezLook/MiniVertScrollUpNormal' (0x197d2e0) of type: BasicImage
16/11/2015 19:28:30 (Std) 	[ImageManager] Created image: 'TaharezLook/MiniVertScrollDownNormal' (0x197d630) of type: BasicImage
16/11/2015 19:28:30 (Std) 	[ImageManager] Created image: 'TaharezLook/MiniVertScrollUpHover' (0x197d980) of type: BasicImage
16/11/2015 19:28:30 (Std) 	[ImageManager] Created image: 'TaharezLook/MiniVertScrollDownHover' (0x197dcb0) of type: BasicImage
16/11/2015 19:28:30 (Std) 	[ImageManager] Created image: 'TaharezLook/VertSliderBody' (0x197e000) of type: BasicImage
16/11/2015 19:28:30 (Std) 	[ImageManager] Created image: 'TaharezLook/VertSliderThumbNormal' (0x197e210) of type: BasicImage
16/11/2015 19:28:30 (Std) 	[ImageManager] Created image: 'TaharezLook/VertSliderThumbHover' (0x197e540) of type: BasicImage
16/11/2015 19:28:30 (Std) 	[ImageManager] Created image: 'TaharezLook/MiniHorzScrollBarSegment' (0x197e870) of type: BasicImage
16/11/2015 19:28:30 (Std) 	[ImageManager] Created image: 'TaharezLook/MiniHorzScrollThumbNormal' (0x197ebc0) of type: BasicImage
16/11/2015 19:28:30 (Std) 	[ImageManager] Created image: 'TaharezLook/MiniHorzScrollThumbLeftNormal' (0x197ef10) of type: BasicImage
16/11/2015 19:28:30 (Std) 	[ImageManager] Created image: 'TaharezLook/MiniHorzScrollThumbMiddleNormal' (0x197f330) of type: BasicImage
16/11/2015 19:28:30 (Std) 	[ImageManager] Created image: 'TaharezLook/MiniHorzScrollThumbRightNormal' (0x197f6c0) of type: BasicImage
16/11/2015 19:28:30 (Std) 	[ImageManager] Created image: 'TaharezLook/MiniHorzScrollThumbHover' (0x197fa50) of type: BasicImage
16/11/2015 19:28:30 (Std) 	[ImageManager] Created image: 'TaharezLook/MiniHorzScrollThumbLeftHover' (0x197fda0) of type: BasicImage
16/11/2015 19:28:30 (Std) 	[ImageManager] Created image: 'TaharezLook/MiniHorzScrollThumbMiddleHover' (0x19801c0) of type: BasicImage
16/11/2015 19:28:30 (Std) 	[ImageManager] Created image: 'TaharezLook/MiniHorzScrollThumbRightHover' (0x1980550) of type: BasicImage
16/11/2015 19:28:30 (Std) 	[ImageManager] Created image: 'TaharezLook/MiniHorzScrollLeftNormal' (0x19808c0) of type: BasicImage
16/11/2015 19:28:30 (Std) 	[ImageManager] Created image: 'TaharezLook/MiniHorzScrollRightNormal' (0x1980c10) of type: BasicImage
16/11/2015 19:28:30 (Std) 	[ImageManager] Created image: 'TaharezLook/MiniHorzScrollLeftHover' (0x1980f60) of type: BasicImage
16/11/2015 19:28:30 (Std) 	[ImageManager] Created image: 'TaharezLook/MiniHorzScrollRightHover' (0x19812b0) of type: BasicImage
16/11/2015 19:28:30 (Std) 	[ImageManager] Created image: 'TaharezLook/ListboxLeft' (0x1981600) of type: BasicImage
16/11/2015 19:28:30 (Std) 	[ImageManager] Created image: 'TaharezLook/ListboxRight' (0x1981810) of type: BasicImage
16/11/2015 19:28:30 (Std) 	[ImageManager] Created image: 'TaharezLook/ListboxTop' (0x1981a20) of type: BasicImage
16/11/2015 19:28:30 (Std) 	[ImageManager] Created image: 'TaharezLook/ListboxBottom' (0x1981c30) of type: BasicImage
16/11/2015 19:28:30 (Std) 	[ImageManager] Created image: 'TaharezLook/ListboxTopLeft' (0x1981e40) of type: BasicImage
16/11/2015 19:28:30 (Std) 	[ImageManager] Created image: 'TaharezLook/ListboxTopRight' (0x1982050) of type: BasicImage
16/11/2015 19:28:30 (Std) 	[ImageManager] Created image: 'TaharezLook/ListboxBottomLeft' (0x1982260) of type: BasicImage
16/11/2015 19:28:30 (Std) 	[ImageManager] Created image: 'TaharezLook/ListboxBottomRight' (0x1982470) of type: BasicImage
16/11/2015 19:28:30 (Std) 	[ImageManager] Created image: 'TaharezLook/ListboxBackdrop' (0x1982680) of type: BasicImage
16/11/2015 19:28:30 (Std) 	[ImageManager] Created image: 'TaharezLook/ListboxSelectionBrush' (0x1982890) of type: BasicImage
16/11/2015 19:28:30 (Std) 	[ImageManager] Created image: 'TaharezLook/ComboboxEditLeft' (0x1982bc0) of type: BasicImage
16/11/2015 19:28:30 (Std) 	[ImageManager] Created image: 'TaharezLook/ComboboxEditMiddle' (0x1982dd0) of type: BasicImage
16/11/2015 19:28:30 (Std) 	[ImageManager] Created image: 'TaharezLook/ComboboxListButtonNormal' (0x1982fe0) of type: BasicImage
16/11/2015 19:28:30 (Std) 	[ImageManager] Created image: 'TaharezLook/ComboboxListButtonHover' (0x1983330) of type: BasicImage
16/11/2015 19:28:30 (Std) 	[ImageManager] Created image: 'TaharezLook/ComboboxListLeft' (0x1983680) of type: BasicImage
16/11/2015 19:28:30 (Std) 	[ImageManager] Created image: 'TaharezLook/ComboboxListRight' (0x1983890) of type: BasicImage
16/11/2015 19:28:30 (Std) 	[ImageManager] Created image: 'TaharezLook/ComboboxListTop' (0x1983aa0) of type: BasicImage
16/11/2015 19:28:30 (Std) 	[ImageManager] Created image: 'TaharezLook/ComboboxListBottom' (0x1983cb0) of type: BasicImage
16/11/2015 19:28:30 (Std) 	[ImageManager] Created image: 'TaharezLook/ComboboxListTopLeft' (0x1983ec0) of type: BasicImage
16/11/2015 19:28:30 (Std) 	[ImageManager] Created image: 'TaharezLook/ComboboxListTopRight' (0x19840d0) of type: BasicImage
16/11/2015 19:28:30 (Std) 	[ImageManager] Created image: 'TaharezLook/ComboboxListBottomLeft' (0x1984400) of type: BasicImage
16/11/2015 19:28:30 (Std) 	[ImageManager] Created image: 'TaharezLook/ComboboxListBottomRight' (0x1984750) of type: BasicImage
16/11/2015 19:28:30 (Std) 	[ImageManager] Created image: 'TaharezLook/ComboboxListBackdrop' (0x1984aa0) of type: BasicImage
16/11/2015 19:28:30 (Std) 	[ImageManager] Created image: 'TaharezLook/ComboboxSelectionBrush' (0x1984dd0) of type: BasicImage
16/11/2015 19:28:30 (Std) 	[ImageManager] Created image: 'TaharezLook/ComboboxDividerLeft' (0x1985120) of type: BasicImage
16/11/2015 19:28:30 (Std) 	[ImageManager] Created image: 'TaharezLook/ComboboxDividerMiddle' (0x1985330) of type: BasicImage
16/11/2015 19:28:30 (Std) 	[ImageManager] Created image: 'TaharezLook/ComboboxDividerRight' (0x1985660) of type: BasicImage
16/11/2015 19:28:30 (Std) 	[ImageManager] Created image: 'TaharezLook/HeaderBarBackdropNormal' (0x1985990) of type: BasicImage
16/11/2015 19:28:30 (Std) 	[ImageManager] Created image: 'TaharezLook/HeaderBarBackdropHover' (0x1985ce0) of type: BasicImage
16/11/2015 19:28:30 (Std) 	[ImageManager] Created image: 'TaharezLook/HeaderBarSplitterNormal' (0x1986030) of type: BasicImage
16/11/2015 19:28:30 (Std) 	[ImageManager] Created image: 'TaharezLook/HeaderBarSplitterHover' (0x1986380) of type: BasicImage
16/11/2015 19:28:30 (Std) 	[ImageManager] Created image: 'TaharezLook/HeaderBarSortUp' (0x19866d0) of type: BasicImage
16/11/2015 19:28:30 (Std) 	[ImageManager] Created image: 'TaharezLook/HeaderBarSortDown' (0x19868e0) of type: BasicImage
16/11/2015 19:28:30 (Std) 	[ImageManager] Created image: 'TaharezLook/MultiListLeft' (0x1986af0) of type: BasicImage
16/11/2015 19:28:30 (Std) 	[ImageManager] Created image: 'TaharezLook/MultiListRight' (0x1986d00) of type: BasicImage
16/11/2015 19:28:30 (Std) 	[ImageManager] Created image: 'TaharezLook/MultiListTop' (0x1986f10) of type: BasicImage
16/11/2015 19:28:30 (Std) 	[ImageManager] Created image: 'TaharezLook/MultiListBottom' (0x1987120) of type: BasicImage
16/11/2015 19:28:30 (Std) 	[ImageManager] Created image: 'TaharezLook/MultiListTopLeft' (0x1987330) of type: BasicImage
16/11/2015 19:28:30 (Std) 	[ImageManager] Created image: 'TaharezLook/MultiListTopRight' (0x1987540) of type: BasicImage
16/11/2015 19:28:30 (Std) 	[ImageManager] Created image: 'TaharezLook/MultiListBottomLeft' (0x1987750) of type: BasicImage
16/11/2015 19:28:30 (Std) 	[ImageManager] Created image: 'TaharezLook/MultiListBottomRight' (0x1987960) of type: BasicImage
16/11/2015 19:28:30 (Std) 	[ImageManager] Created image: 'TaharezLook/MultiListBackdrop' (0x1987c90) of type: BasicImage
16/11/2015 19:28:30 (Std) 	[ImageManager] Created image: 'TaharezLook/MultiListSelectionBrush' (0x1987ea0) of type: BasicImage
16/11/2015 19:28:30 (Std) 	[ImageManager] Created image: 'TaharezLook/AltProgressLeft' (0x19881f0) of type: BasicImage
16/11/2015 19:28:30 (Std) 	[ImageManager] Created image: 'TaharezLook/AltProgressMiddle' (0x1988400) of type: BasicImage
16/11/2015 19:28:30 (Std) 	[ImageManager] Created image: 'TaharezLook/AltProgressRight' (0x1988610) of type: BasicImage
16/11/2015 19:28:30 (Std) 	[ImageManager] Created image: 'TaharezLook/AltProgressQuarter' (0x1988820) of type: BasicImage
16/11/2015 19:28:30 (Std) 	[ImageManager] Created image: 'TaharezLook/AltProgressHalf' (0x1988a30) of type: BasicImage
16/11/2015 19:28:30 (Std) 	[ImageManager] Created image: 'TaharezLook/AltProgressLight1' (0x1988c70) of type: BasicImage
16/11/2015 19:28:30 (Std) 	[ImageManager] Created image: 'TaharezLook/AltProgressLight2' (0x1988e80) of type: BasicImage
16/11/2015 19:28:30 (Std) 	[ImageManager] Created image: 'TaharezLook/AltProgressLight3' (0x1989090) of type: BasicImage
16/11/2015 19:28:30 (Std) 	[ImageManager] Created image: 'TaharezLook/AltProgressLight4' (0x19892a0) of type: BasicImage
16/11/2015 19:28:30 (Std) 	[ImageManager] Created image: 'TaharezLook/AltProgressLight5' (0x19c94f0) of type: BasicImage
16/11/2015 19:28:30 (Std) 	[ImageManager] Created image: 'TaharezLook/AltProgressLight6' (0x19c9700) of type: BasicImage
16/11/2015 19:28:30 (Std) 	[ImageManager] Created image: 'TaharezLook/AltProgressLight7' (0x19c9910) of type: BasicImage
16/11/2015 19:28:30 (Std) 	[ImageManager] Created image: 'TaharezLook/AltProgressLight8' (0x19c9b20) of type: BasicImage
16/11/2015 19:28:30 (Std) 	[ImageManager] Created image: 'TaharezLook/AltProgressLight9' (0x19c9d30) of type: BasicImage
16/11/2015 19:28:30 (Std) 	[ImageManager] Created image: 'TaharezLook/AltProgressLight10' (0x19c9f40) of type: BasicImage
16/11/2015 19:28:30 (Std) 	[ImageManager] Created image: 'TaharezLook/CloseButtonNormal' (0x19ca150) of type: BasicImage
16/11/2015 19:28:30 (Std) 	[ImageManager] Created image: 'TaharezLook/CloseButtonHover' (0x19ca360) of type: BasicImage
16/11/2015 19:28:30 (Std) 	[ImageManager] Created image: 'TaharezLook/CloseButtonPressed' (0x19ca570) of type: BasicImage
16/11/2015 19:28:30 (Std) 	[ImageManager] Created image: 'TaharezLook/NewCloseButtonNormal' (0x19ca780) of type: BasicImage
16/11/2015 19:28:30 (Std) 	[ImageManager] Created image: 'TaharezLook/NewCloseButtonHover' (0x19ca990) of type: BasicImage
16/11/2015 19:28:30 (Std) 	[ImageManager] Created image: 'TaharezLook/NewCloseButtonPressed' (0x19caba0) of type: BasicImage
16/11/2015 19:28:30 (Std) 	[ImageManager] Created image: 'TaharezLook/MultiLineEditboxLeft' (0x19cadb0) of type: BasicImage
16/11/2015 19:28:30 (Std) 	[ImageManager] Created image: 'TaharezLook/MultiLineEditboxRight' (0x19cafc0) of type: BasicImage
16/11/2015 19:28:30 (Std) 	[ImageManager] Created image: 'TaharezLook/MultiLineEditboxTop' (0x19cb1d0) of type: BasicImage
16/11/2015 19:28:30 (Std) 	[ImageManager] Created image: 'TaharezLook/MultiLineEditboxBottom' (0x19cb3e0) of type: BasicImage
16/11/2015 19:28:30 (Std) 	[ImageManager] Created image: 'TaharezLook/MultiLineEditboxTopLeft' (0x19cb7d0) of type: BasicImage
16/11/2015 19:28:30 (Std) 	[ImageManager] Created image: 'TaharezLook/MultiLineEditboxTopRight' (0x19cbb20) of type: BasicImage
16/11/2015 19:28:30 (Std) 	[ImageManager] Created image: 'TaharezLook/MultiLineEditboxBottomLeft' (0x1955c10) of type: BasicImage
16/11/2015 19:28:30 (Std) 	[ImageManager] Created image: 'TaharezLook/MultiLineEditboxBottomRight' (0x19cc3e0) of type: BasicImage
16/11/2015 19:28:30 (Std) 	[ImageManager] Created image: 'TaharezLook/MultiLineEditboxBackdrop' (0x19cc750) of type: BasicImage
16/11/2015 19:28:30 (Std) 	[ImageManager] Created image: 'TaharezLook/MultiLineEditboxSelectionBrush' (0x1957c60) of type: BasicImage
16/11/2015 19:28:30 (Std) 	[ImageManager] Created image: 'TaharezLook/MouseTarget' (0x19cd530) of type: BasicImage
16/11/2015 19:28:30 (Std) 	[ImageManager] Created image: 'TaharezLook/MouseArrow' (0x19ccef0) of type: BasicImage
16/11/2015 19:28:30 (Std) 	[ImageManager] Created image: 'TaharezLook/MouseMoveCursor' (0x19cda60) of type: BasicImage
16/11/2015 19:28:30 (Std) 	[ImageManager] Created image: 'TaharezLook/MouseNoSoCursor' (0x19cdb80) of type: BasicImage
16/11/2015 19:28:30 (Std) 	[ImageManager] Created image: 'TaharezLook/MouseEsWeCursor' (0x19cdd90) of type: BasicImage
16/11/2015 19:28:30 (Std) 	[ImageManager] Created image: 'TaharezLook/MouseNeSwCursor' (0x19cdfa0) of type: BasicImage
16/11/2015 19:28:30 (Std) 	[ImageManager] Created image: 'TaharezLook/MouseNwSeCursor' (0x19ce1b0) of type: BasicImage
16/11/2015 19:28:30 (Std) 	[ImageManager] Created image: 'TaharezLook/MouseTextBar' (0x19ce3c0) of type: BasicImage
16/11/2015 19:28:30 (Std) 	[ImageManager] Created image: 'TaharezLook/TabHorizontalFiller' (0x1957670) of type: BasicImage
16/11/2015 19:28:30 (Std) 	[ImageManager] Created image: 'TaharezLook/TabContentPaneUpperLeft' (0x19cc960) of type: BasicImage
16/11/2015 19:28:30 (Std) 	[ImageManager] Created image: 'TaharezLook/TabContentPaneUpper' (0x19ce5d0) of type: BasicImage
16/11/2015 19:28:30 (Std) 	[ImageManager] Created image: 'TaharezLook/TabContentPaneUpperRight' (0x19ce6f0) of type: BasicImage
16/11/2015 19:28:30 (Std) 	[ImageManager] Created image: 'TaharezLook/TabContentPaneLeft' (0x19ce900) of type: BasicImage
16/11/2015 19:28:30 (Std) 	[ImageManager] Created image: 'TaharezLook/TabContentPaneRight' (0x19ceb10) of type: BasicImage
16/11/2015 19:28:30 (Std) 	[ImageManager] Created image: 'TaharezLook/TabContentPaneLower' (0x19ced20) of type: BasicImage
16/11/2015 19:28:30 (Std) 	[ImageManager] Created image: 'TaharezLook/TabContentPaneLowerLeft' (0x19cef30) of type: BasicImage
16/11/2015 19:28:30 (Std) 	[ImageManager] Created image: 'TaharezLook/TabContentPaneLowerRight' (0x19cf280) of type: BasicImage
16/11/2015 19:28:30 (Std) 	[ImageManager] Created image: 'TaharezLook/TabContentPaneMiddle' (0x19cf5d0) of type: BasicImage
16/11/2015 19:28:30 (Std) 	[ImageManager] Created image: 'TaharezLook/TabButtonScrollLeftNormal' (0x19cf7e0) of type: BasicImage
16/11/2015 19:28:30 (Std) 	[ImageManager] Created image: 'TaharezLook/TabButtonScrollRightNormal' (0x19cfef0) of type: BasicImage
16/11/2015 19:28:30 (Std) 	[ImageManager] Created image: 'TaharezLook/TabButtonScrollLeftHover' (0x19cd8d0) of type: BasicImage
16/11/2015 19:28:30 (Std) 	[ImageManager] Created image: 'TaharezLook/TabButtonScrollRightHover' (0x19d0340) of type: BasicImage
16/11/2015 19:28:30 (Std) 	[ImageManager] Created image: 'TaharezLook/TabButtonLeftNormal' (0x19d0690) of type: BasicImage
16/11/2015 19:28:30 (Std) 	[ImageManager] Created image: 'TaharezLook/TabButtonRightNormal' (0x19d08a0) of type: BasicImage
16/11/2015 19:28:30 (Std) 	[ImageManager] Created image: 'TaharezLook/TabButtonUpperNormal' (0x19d0ab0) of type: BasicImage
16/11/2015 19:28:30 (Std) 	[ImageManager] Created image: 'TaharezLook/TabButtonLowerNormal' (0x19d0de0) of type: BasicImage
16/11/2015 19:28:30 (Std) 	[ImageManager] Created image: 'TaharezLook/TabButtonUpperLeftNormal' (0x19d1430) of type: BasicImage
16/11/2015 19:28:30 (Std) 	[ImageManager] Created image: 'TaharezLook/TabButtonUpperLeft2Normal' (0x19d16e0) of type: BasicImage
16/11/2015 19:28:30 (Std) 	[ImageManager] Created image: 'TaharezLook/TabButtonUpperRightNormal' (0x19d1a30) of type: BasicImage
16/11/2015 19:28:30 (Std) 	[ImageManager] Created image: 'TaharezLook/TabButtonLowerLeftNormal' (0x19d1d80) of type: BasicImage
16/11/2015 19:28:30 (Std) 	[ImageManager] Created image: 'TaharezLook/TabButtonLowerRightNormal' (0x19d20d0) of type: BasicImage
16/11/2015 19:28:30 (Std) 	[ImageManager] Created image: 'TaharezLook/TabButtonLowerRight2Normal' (0x19d2740) of type: BasicImage
16/11/2015 19:28:30 (Std) 	[ImageManager] Created image: 'TaharezLook/TabButtonMiddleNormal' (0x1952550) of type: BasicImage
16/11/2015 19:28:30 (Std) 	[ImageManager] Created image: 'TaharezLook/TabButtonLeftSelected' (0x19d2af0) of type: BasicImage
16/11/2015 19:28:30 (Std) 	[ImageManager] Created image: 'TaharezLook/TabButtonRightSelected' (0x19d2e90) of type: BasicImage
16/11/2015 19:28:30 (Std) 	[ImageManager] Created image: 'TaharezLook/TabButtonUpperSelected' (0x19d31e0) of type: BasicImage
16/11/2015 19:28:30 (Std) 	[ImageManager] Created image: 'TaharezLook/TabButtonLowerSelected' (0x19d3530) of type: BasicImage
16/11/2015 19:28:30 (Std) 	[ImageManager] Created image: 'TaharezLook/TabButtonUpperLeftSelected' (0x19d3ba0) of type: BasicImage
16/11/2015 19:28:30 (Std) 	[ImageManager] Created image: 'TaharezLook/TabButtonUpperRightSelected' (0x19d3e60) of type: BasicImage
16/11/2015 19:28:30 (Std) 	[ImageManager] Created image: 'TaharezLook/TabButtonLowerLeftSelected' (0x19d41d0) of type: BasicImage
16/11/2015 19:28:30 (Std) 	[ImageManager] Created image: 'TaharezLook/TabButtonLowerRightSelected' (0x19d4540) of type: BasicImage
16/11/2015 19:28:30 (Std) 	[ImageManager] Created image: 'TaharezLook/TabButtonMiddleSelected' (0x19d48b0) of type: BasicImage
16/11/2015 19:28:30 (Std) 	[ImageManager] Created image: 'TaharezLook/TooltipTopLeft' (0x19d4ac0) of type: BasicImage
16/11/2015 19:28:30 (Std) 	[ImageManager] Created image: 'TaharezLook/TooltipTopRight' (0x19d4cd0) of type: BasicImage
16/11/2015 19:28:30 (Std) 	[ImageManager] Created image: 'TaharezLook/TooltipBottomLeft' (0x19d4ee0) of type: BasicImage
16/11/2015 19:28:30 (Std) 	[ImageManager] Created image: 'TaharezLook/TooltipBottomRight' (0x19d50f0) of type: BasicImage
16/11/2015 19:28:30 (Std) 	[ImageManager] Created image: 'TaharezLook/TooltipLeftEdge' (0x19d5300) of type: BasicImage
16/11/2015 19:28:30 (Std) 	[ImageManager] Created image: 'TaharezLook/TooltipRightEdge' (0x19d5510) of type: BasicImage
16/11/2015 19:28:30 (Std) 	[ImageManager] Created image: 'TaharezLook/TooltipTopEdge' (0x19d5720) of type: BasicImage
16/11/2015 19:28:30 (Std) 	[ImageManager] Created image: 'TaharezLook/TooltipBottomEdge' (0x19d5930) of type: BasicImage
16/11/2015 19:28:30 (Std) 	[ImageManager] Created image: 'TaharezLook/TooltipMiddle' (0x19d5b40) of type: BasicImage
16/11/2015 19:28:30 (Std) 	[ImageManager] Created image: 'TaharezLook/MenuTopLeft' (0x19d5d50) of type: BasicImage
16/11/2015 19:28:30 (Std) 	[ImageManager] Created image: 'TaharezLook/MenuTopRight' (0x19d5f60) of type: BasicImage
16/11/2015 19:28:30 (Std) 	[ImageManager] Created image: 'TaharezLook/MenuBottomLeft' (0x19d6170) of type: BasicImage
16/11/2015 19:28:30 (Std) 	[ImageManager] Created image: 'TaharezLook/MenuBottomRight' (0x19d6380) of type: BasicImage
16/11/2015 19:28:30 (Std) 	[ImageManager] Created image: 'TaharezLook/MenuLeft' (0x19d6590) of type: BasicImage
16/11/2015 19:28:30 (Std) 	[ImageManager] Created image: 'TaharezLook/MenuRight' (0x19d67a0) of type: BasicImage
16/11/2015 19:28:30 (Std) 	[ImageManager] Created image: 'TaharezLook/MenuTop' (0x19d69b0) of type: BasicImage
16/11/2015 19:28:30 (Std) 	[ImageManager] Created image: 'TaharezLook/MenuBottom' (0x19d6bc0) of type: BasicImage
16/11/2015 19:28:30 (Std) 	[ImageManager] Created image: 'TaharezLook/MenuMiddle' (0x19d6dd0) of type: BasicImage
16/11/2015 19:28:30 (Std) 	[ImageManager] Created image: 'TaharezLook/PopupMenuFrameTopLeft' (0x19d6fe0) of type: BasicImage
16/11/2015 19:28:30 (Std) 	[ImageManager] Created image: 'TaharezLook/PopupMenuFrameTopRight' (0x19d71f0) of type: BasicImage
16/11/2015 19:28:30 (Std) 	[ImageManager] Created image: 'TaharezLook/PopupMenuFrameBottomLeft' (0x19d75e0) of type: BasicImage
16/11/2015 19:28:30 (Std) 	[ImageManager] Created image: 'TaharezLook/PopupMenuFrameBottomRight' (0x19d7930) of type: BasicImage
16/11/2015 19:28:30 (Std) 	[ImageManager] Created image: 'TaharezLook/PopupMenuFrameLeft' (0x19d7c80) of type: BasicImage
16/11/2015 19:28:30 (Std) 	[ImageManager] Created image: 'TaharezLook/PopupMenuFrameRight' (0x19d7e90) of type: BasicImage
16/11/2015 19:28:30 (Std) 	[ImageManager] Created image: 'TaharezLook/PopupMenuFrameTop' (0x19d80a0) of type: BasicImage
16/11/2015 19:28:30 (Std) 	[ImageManager] Created image: 'TaharezLook/PopupMenuFrameBottom' (0x19d82b0) of type: BasicImage
16/11/2015 19:28:30 (Std) 	[ImageManager] Created image: 'TaharezLook/PopupMenuMiddle' (0x19d84c0) of type: BasicImage
16/11/2015 19:28:30 (Std) 	[ImageManager] Created image: 'TaharezLook/PopupMenuArrowRight' (0x19d86d0) of type: BasicImage
16/11/2015 19:28:30 (Std) 	[ImageManager] Created image: 'TaharezLook/PopupMenuArrowLeft' (0x19d88e0) of type: BasicImage
16/11/2015 19:28:30 (Std) 	[ImageManager] Created image: 'TaharezLook/TreeListClosed' (0x19d8af0) of type: BasicImage
16/11/2015 19:28:30 (Std) 	[ImageManager] Created image: 'TaharezLook/TreeListOpened' (0x19d8d00) of type: BasicImage
16/11/2015 19:28:30 (Std) 	===== Falagard 'root' element: look and feel parsing begins =====
16/11/2015 19:28:30 (Std) 	===== Look and feel parsing completed =====
16/11/2015 19:28:30 (Std) 	No window renderer factories specified for module 'CEGUICoreWindowRendererSet' - adding all available factories...
16/11/2015 19:28:30 (Std) 	Created WindowRendererFactory for 'Core/Button' WindowRenderers.
16/11/2015 19:28:30 (Std) 	WindowRendererFactory 'Core/Button' added. (0x1b5c3c0)
16/11/2015 19:28:30 (Std) 	Created WindowRendererFactory for 'Core/Default' WindowRenderers.
16/11/2015 19:28:30 (Std) 	WindowRendererFactory 'Core/Default' added. (0x1b5c480)
16/11/2015 19:28:30 (Std) 	Created WindowRendererFactory for 'Core/Editbox' WindowRenderers.
16/11/2015 19:28:30 (Std) 	WindowRendererFactory 'Core/Editbox' added. (0x1ae2870)
16/11/2015 19:28:30 (Std) 	Created WindowRendererFactory for 'Core/FrameWindow' WindowRenderers.
16/11/2015 19:28:30 (Std) 	WindowRendererFactory 'Core/FrameWindow' added. (0x1b5ca30)
16/11/2015 19:28:30 (Std) 	Created WindowRendererFactory for 'Core/ItemEntry' WindowRenderers.
16/11/2015 19:28:30 (Std) 	WindowRendererFactory 'Core/ItemEntry' added. (0x1b7e630)
16/11/2015 19:28:30 (Std) 	Created WindowRendererFactory for 'Core/ListHeader' WindowRenderers.
16/11/2015 19:28:30 (Std) 	WindowRendererFactory 'Core/ListHeader' added. (0x1b7e7d0)
16/11/2015 19:28:30 (Std) 	Created WindowRendererFactory for 'Core/ListHeaderSegment' WindowRenderers.
16/11/2015 19:28:30 (Std) 	WindowRendererFactory 'Core/ListHeaderSegment' added. (0x1958960)
16/11/2015 19:28:30 (Std) 	Created WindowRendererFactory for 'Core/Listbox' WindowRenderers.
16/11/2015 19:28:30 (Std) 	WindowRendererFactory 'Core/Listbox' added. (0x1958b00)
16/11/2015 19:28:30 (Std) 	Created WindowRendererFactory for 'Core/Menubar' WindowRenderers.
16/11/2015 19:28:30 (Std) 	WindowRendererFactory 'Core/Menubar' added. (0x1b26fd0)
16/11/2015 19:28:30 (Std) 	Created WindowRendererFactory for 'Core/MenuItem' WindowRenderers.
16/11/2015 19:28:30 (Std) 	WindowRendererFactory 'Core/MenuItem' added. (0x1b27170)
16/11/2015 19:28:30 (Std) 	Created WindowRendererFactory for 'Core/MultiColumnList' WindowRenderers.
16/11/2015 19:28:30 (Std) 	WindowRendererFactory 'Core/MultiColumnList' added. (0x1b27310)
16/11/2015 19:28:30 (Std) 	Created WindowRendererFactory for 'Core/MultiLineEditbox' WindowRenderers.
16/11/2015 19:28:30 (Std) 	WindowRendererFactory 'Core/MultiLineEditbox' added. (0x1aa48f0)
16/11/2015 19:28:30 (Std) 	Created WindowRendererFactory for 'Core/PopupMenu' WindowRenderers.
16/11/2015 19:28:30 (Std) 	WindowRendererFactory 'Core/PopupMenu' added. (0x1aa4a90)
16/11/2015 19:28:30 (Std) 	Created WindowRendererFactory for 'Core/ProgressBar' WindowRenderers.
16/11/2015 19:28:30 (Std) 	WindowRendererFactory 'Core/ProgressBar' added. (0x1aa4b50)
16/11/2015 19:28:30 (Std) 	Created WindowRendererFactory for 'Core/ScrollablePane' WindowRenderers.
16/11/2015 19:28:30 (Std) 	WindowRendererFactory 'Core/ScrollablePane' added. (0x19f36a0)
16/11/2015 19:28:30 (Std) 	Created WindowRendererFactory for 'Core/Scrollbar' WindowRenderers.
16/11/2015 19:28:30 (Std) 	WindowRendererFactory 'Core/Scrollbar' added. (0x19f3840)
16/11/2015 19:28:30 (Std) 	Created WindowRendererFactory for 'Core/Slider' WindowRenderers.
16/11/2015 19:28:30 (Std) 	WindowRendererFactory 'Core/Slider' added. (0x1b7ce20)
16/11/2015 19:28:30 (Std) 	Created WindowRendererFactory for 'Core/Static' WindowRenderers.
16/11/2015 19:28:30 (Std) 	WindowRendererFactory 'Core/Static' added. (0x1b7d0d0)
16/11/2015 19:28:30 (Std) 	Created WindowRendererFactory for 'Core/StaticImage' WindowRenderers.
16/11/2015 19:28:30 (Std) 	WindowRendererFactory 'Core/StaticImage' added. (0x1b73b10)
16/11/2015 19:28:30 (Std) 	Created WindowRendererFactory for 'Core/StaticText' WindowRenderers.
16/11/2015 19:28:30 (Std) 	WindowRendererFactory 'Core/StaticText' added. (0x1b73cb0)
16/11/2015 19:28:30 (Std) 	Created WindowRendererFactory for 'Core/TabButton' WindowRenderers.
16/11/2015 19:28:30 (Std) 	WindowRendererFactory 'Core/TabButton' added. (0x1b73e50)
16/11/2015 19:28:30 (Std) 	Created WindowRendererFactory for 'Core/TabControl' WindowRenderers.
16/11/2015 19:28:30 (Std) 	WindowRendererFactory 'Core/TabControl' added. (0x1b73ff0)
16/11/2015 19:28:30 (Std) 	Created WindowRendererFactory for 'Core/Titlebar' WindowRenderers.
16/11/2015 19:28:30 (Std) 	WindowRendererFactory 'Core/Titlebar' added. (0x1b74190)
16/11/2015 19:28:30 (Std) 	Created WindowRendererFactory for 'Core/ToggleButton' WindowRenderers.
16/11/2015 19:28:30 (Std) 	WindowRendererFactory 'Core/ToggleButton' added. (0x1b74250)
16/11/2015 19:28:30 (Std) 	Created WindowRendererFactory for 'Core/Tooltip' WindowRenderers.
16/11/2015 19:28:30 (Std) 	WindowRendererFactory 'Core/Tooltip' added. (0x1b7d400)
16/11/2015 19:28:30 (Std) 	Created WindowRendererFactory for 'Core/ItemListbox' WindowRenderers.
16/11/2015 19:28:30 (Std) 	WindowRendererFactory 'Core/ItemListbox' added. (0x1b7d5a0)
16/11/2015 19:28:30 (Std) 	Created WindowRendererFactory for 'Core/Tree' WindowRenderers.
16/11/2015 19:28:30 (Std) 	WindowRendererFactory 'Core/Tree' added. (0x1b7d740)
16/11/2015 19:28:30 (Std) 	Creating falagard mapping for type 'TaharezLook/Label' using base type 'DefaultWindow', window renderer 'Core/Default' Look'N'Feel 'TaharezLook/Label' and RenderEffect ''. (0x7ffd35e1f890)
16/11/2015 19:28:30 (Std) 	Creating falagard mapping for type 'TaharezLook/Button' using base type 'CEGUI/PushButton', window renderer 'Core/Button' Look'N'Feel 'TaharezLook/Button' and RenderEffect ''. (0x7ffd35e1f890)
16/11/2015 19:28:30 (Std) 	Creating falagard mapping for type 'TaharezLook/Checkbox' using base type 'CEGUI/ToggleButton', window renderer 'Core/ToggleButton' Look'N'Feel 'TaharezLook/Checkbox' and RenderEffect ''. (0x7ffd35e1f890)
16/11/2015 19:28:30 (Std) 	Creating falagard mapping for type 'TaharezLook/ImageButton' using base type 'CEGUI/PushButton', window renderer 'Core/Button' Look'N'Feel 'TaharezLook/ImageButton' and RenderEffect ''. (0x7ffd35e1f890)
16/11/2015 19:28:30 (Std) 	Creating falagard mapping for type 'TaharezLook/RadioButton' using base type 'CEGUI/RadioButton', window renderer 'Core/ToggleButton' Look'N'Feel 'TaharezLook/RadioButton' and RenderEffect ''. (0x7ffd35e1f890)
16/11/2015 19:28:30 (Std) 	Creating falagard mapping for type 'TaharezLook/FrameWindow' using base type 'CEGUI/FrameWindow', window renderer 'Core/FrameWindow' Look'N'Feel 'TaharezLook/FrameWindow' and RenderEffect ''. (0x7ffd35e1f890)
16/11/2015 19:28:30 (Std) 	Creating falagard mapping for type 'TaharezLook/Titlebar' using base type 'CEGUI/Titlebar', window renderer 'Core/Titlebar' Look'N'Feel 'TaharezLook/Titlebar' and RenderEffect ''. (0x7ffd35e1f890)
16/11/2015 19:28:30 (Std) 	Creating falagard mapping for type 'TaharezLook/Editbox' using base type 'CEGUI/Editbox', window renderer 'Core/Editbox' Look'N'Feel 'TaharezLook/Editbox' and RenderEffect ''. (0x7ffd35e1f890)
16/11/2015 19:28:30 (Std) 	Creating falagard mapping for type 'TaharezLook/MultiLineEditbox' using base type 'CEGUI/MultiLineEditbox', window renderer 'Core/MultiLineEditbox' Look'N'Feel 'TaharezLook/MultiLineEditbox' and RenderEffect ''. (0x7ffd35e1f890)
16/11/2015 19:28:30 (Std) 	Creating falagard mapping for type 'TaharezLook/Menubar' using base type 'CEGUI/Menubar', window renderer 'Core/Menubar' Look'N'Feel 'TaharezLook/Menubar' and RenderEffect ''. (0x7ffd35e1f890)
16/11/2015 19:28:30 (Std) 	Creating falagard mapping for type 'TaharezLook/PopupMenu' using base type 'CEGUI/PopupMenu', window renderer 'Core/PopupMenu' Look'N'Feel 'TaharezLook/PopupMenu' and RenderEffect ''. (0x7ffd35e1f890)
16/11/2015 19:28:30 (Std) 	Creating falagard mapping for type 'TaharezLook/MenuItem' using base type 'CEGUI/MenuItem', window renderer 'Core/MenuItem' Look'N'Feel 'TaharezLook/MenuItem' and RenderEffect ''. (0x7ffd35e1f890)
16/11/2015 19:28:30 (Std) 	Creating falagard mapping for type 'TaharezLook/AlternateProgressBar' using base type 'CEGUI/ProgressBar', window renderer 'Core/ProgressBar' Look'N'Feel 'TaharezLook/AltProgressBar' and RenderEffect ''. (0x7ffd35e1f890)
16/11/2015 19:28:30 (Std) 	Creating falagard mapping for type 'TaharezLook/ProgressBar' using base type 'CEGUI/ProgressBar', window renderer 'Core/ProgressBar' Look'N'Feel 'TaharezLook/ProgressBar' and RenderEffect ''. (0x7ffd35e1f890)
16/11/2015 19:28:30 (Std) 	Creating falagard mapping for type 'TaharezLook/VUMeter' using base type 'CEGUI/ProgressBar', window renderer 'Core/ProgressBar' Look'N'Feel 'TaharezLook/VUMeter' and RenderEffect ''. (0x7ffd35e1f890)
16/11/2015 19:28:30 (Std) 	Creating falagard mapping for type 'TaharezLook/VerticalScrollbar' using base type 'CEGUI/Scrollbar', window renderer 'Core/Scrollbar' Look'N'Feel 'TaharezLook/VerticalScrollbar' and RenderEffect ''. (0x7ffd35e1f890)
16/11/2015 19:28:30 (Std) 	Creating falagard mapping for type 'TaharezLook/HorizontalScrollbar' using base type 'CEGUI/Scrollbar', window renderer 'Core/Scrollbar' Look'N'Feel 'TaharezLook/HorizontalScrollbar' and RenderEffect ''. (0x7ffd35e1f890)
16/11/2015 19:28:30 (Std) 	Creating falagard mapping for type 'TaharezLook/VerticalScrollbarThumb' using base type 'CEGUI/Thumb', window renderer 'Core/Button' Look'N'Feel 'TaharezLook/VerticalScrollbarThumb' and RenderEffect ''. (0x7ffd35e1f890)
16/11/2015 19:28:30 (Std) 	Creating falagard mapping for type 'TaharezLook/HorizontalScrollbarThumb' using base type 'CEGUI/Thumb', window renderer 'Core/Button' Look'N'Feel 'TaharezLook/HorizontalScrollbarThumb' and RenderEffect ''. (0x7ffd35e1f890)
16/11/2015 19:28:30 (Std) 	Creating falagard mapping for type 'TaharezLook/LargeVerticalScrollbar' using base type 'CEGUI/Scrollbar', window renderer 'Core/Scrollbar' Look'N'Feel 'TaharezLook/LargeVerticalScrollbar' and RenderEffect ''. (0x7ffd35e1f890)
16/11/2015 19:28:30 (Std) 	Creating falagard mapping for type 'TaharezLook/LargeVerticalScrollbarThumb' using base type 'CEGUI/Thumb', window renderer 'Core/Button' Look'N'Feel 'TaharezLook/LargeVerticalScrollbarThumb' and RenderEffect ''. (0x7ffd35e1f890)
16/11/2015 19:28:30 (Std) 	Creating falagard mapping for type 'TaharezLook/TabButton' using base type 'CEGUI/TabButton', window renderer 'Core/TabButton' Look'N'Feel 'TaharezLook/TabButton' and RenderEffect ''. (0x7ffd35e1f890)
16/11/2015 19:28:30 (Std) 	Creating falagard mapping for type 'TaharezLook/TabControl' using base type 'CEGUI/TabControl', window renderer 'Core/TabControl' Look'N'Feel 'TaharezLook/TabControl' and RenderEffect ''. (0x7ffd35e1f890)
16/11/2015 19:28:30 (Std) 	Creating falagard mapping for type 'TaharezLook/TabContentPane' using base type 'DefaultWindow', window renderer 'Core/Default' Look'N'Feel 'TaharezLook/TabContentPane' and RenderEffect ''. (0x7ffd35e1f890)
16/11/2015 19:28:30 (Std) 	Creating falagard mapping for type 'TaharezLook/TabButtonPane' using base type 'DefaultWindow', window renderer 'Core/Default' Look'N'Feel 'TaharezLook/TabButtonPane' and RenderEffect ''. (0x7ffd35e1f890)
16/11/2015 19:28:30 (Std) 	Creating falagard mapping for type 'TaharezLook/ComboDropList' using base type 'CEGUI/ComboDropList', window renderer 'Core/Listbox' Look'N'Feel 'TaharezLook/ComboDropList' and RenderEffect ''. (0x7ffd35e1f890)
16/11/2015 19:28:30 (Std) 	Creating falagard mapping for type 'TaharezLook/ComboEditbox' using base type 'CEGUI/Editbox', window renderer 'Core/Editbox' Look'N'Feel 'TaharezLook/ComboEditbox' and RenderEffect ''. (0x7ffd35e1f890)
16/11/2015 19:28:30 (Std) 	Creating falagard mapping for type 'TaharezLook/Combobox' using base type 'CEGUI/Combobox', window renderer 'Core/Default' Look'N'Feel 'TaharezLook/Combobox' and RenderEffect ''. (0x7ffd35e1f890)
16/11/2015 19:28:30 (Std) 	Creating falagard mapping for type 'TaharezLook/Listbox' using base type 'CEGUI/Listbox', window renderer 'Core/Listbox' Look'N'Feel 'TaharezLook/Listbox' and RenderEffect ''. (0x7ffd35e1f890)
16/11/2015 19:28:30 (Std) 	Creating falagard mapping for type 'TaharezLook/ListHeader' using base type 'CEGUI/ListHeader', window renderer 'Core/ListHeader' Look'N'Feel 'TaharezLook/ListHeader' and RenderEffect ''. (0x7ffd35e1f890)
16/11/2015 19:28:30 (Std) 	Creating falagard mapping for type 'TaharezLook/ListHeaderSegment' using base type 'CEGUI/ListHeaderSegment', window renderer 'Core/ListHeaderSegment' Look'N'Feel 'TaharezLook/ListHeaderSegment' and RenderEffect ''. (0x7ffd35e1f890)
16/11/2015 19:28:30 (Std) 	Creating falagard mapping for type 'TaharezLook/MultiColumnList' using base type 'CEGUI/MultiColumnList', window renderer 'Core/MultiColumnList' Look'N'Feel 'TaharezLook/MultiColumnList' and RenderEffect ''. (0x7ffd35e1f890)
16/11/2015 19:28:30 (Std) 	Creating falagard mapping for type 'TaharezLook/Slider' using base type 'CEGUI/Slider', window renderer 'Core/Slider' Look'N'Feel 'TaharezLook/Slider' and RenderEffect ''. (0x7ffd35e1f890)
16/11/2015 19:28:30 (Std) 	Creating falagard mapping for type 'TaharezLook/SliderThumb' using base type 'CEGUI/Thumb', window renderer 'Core/Button' Look'N'Feel 'TaharezLook/SliderThumb' and RenderEffect ''. (0x7ffd35e1f890)
16/11/2015 19:28:30 (Std) 	Creating falagard mapping for type 'TaharezLook/ScrollablePane' using base type 'CEGUI/ScrollablePane', window renderer 'Core/ScrollablePane' Look'N'Feel 'TaharezLook/ScrollablePane' and RenderEffect ''. (0x7ffd35e1f890)
16/11/2015 19:28:30 (Std) 	Creating falagard mapping for type 'TaharezLook/Spinner' using base type 'CEGUI/Spinner', window renderer 'Core/Default' Look'N'Feel 'TaharezLook/Spinner' and RenderEffect ''. (0x7ffd35e1f890)
16/11/2015 19:28:30 (Std) 	Creating falagard mapping for type 'TaharezLook/Tooltip' using base type 'CEGUI/Tooltip', window renderer 'Core/Tooltip' Look'N'Feel 'TaharezLook/Tooltip' and RenderEffect ''. (0x7ffd35e1f890)
16/11/2015 19:28:30 (Std) 	Creating falagard mapping for type 'TaharezLook/StaticImage' using base type 'DefaultWindow', window renderer 'Core/StaticImage' Look'N'Feel 'TaharezLook/StaticImage' and RenderEffect ''. (0x7ffd35e1f890)
16/11/2015 19:28:30 (Std) 	Creating falagard mapping for type 'TaharezLook/StaticText' using base type 'DefaultWindow', window renderer 'Core/StaticText' Look'N'Feel 'TaharezLook/StaticText' and RenderEffect ''. (0x7ffd35e1f890)
16/11/2015 19:28:30 (Std) 	Creating falagard mapping for type 'TaharezLook/ItemListbox' using base type 'CEGUI/ItemListbox', window renderer 'Core/ItemListbox' Look'N'Feel 'TaharezLook/ItemListbox' and RenderEffect ''. (0x7ffd35e1f890)
16/11/2015 19:28:30 (Std) 	Creating falagard mapping for type 'TaharezLook/ListboxItem' using base type 'CEGUI/ItemEntry', window renderer 'Core/ItemEntry' Look'N'Feel 'TaharezLook/ListboxItem' and RenderEffect ''. (0x7ffd35e1f890)
16/11/2015 19:28:30 (Std) 	Creating falagard mapping for type 'TaharezLook/GroupBox' using base type 'DefaultWindow', window renderer 'Core/Default' Look'N'Feel 'TaharezLook/GroupBox' and RenderEffect ''. (0x7ffd35e1f890)
16/11/2015 19:28:30 (Std) 	Creating falagard mapping for type 'TaharezLook/Tree' using base type 'CEGUI/Tree', window renderer 'Core/Tree' Look'N'Feel 'TaharezLook/Tree' and RenderEffect ''. (0x7ffd35e1f890)
16/11/2015 19:28:30 (Std) 	[OgreRenderer] Created texture: DejaVuSans-12_auto_glyph_images_32
